    1  1.0000000E+00
    2  5.0732734E-03
    3  8.8852403E-05
    4  6.9108074E-05
    5  5.4177874E-05
    6  5.7636048E-04
    7  9.7871498E-05
    8  7.3407041E-05
    9  3.0880095E-04
   10  1.4123512E-04
   11  4.8105436E-05
   12  4.7305238E-05
   13  6.3451283E-05
   14  6.8448565E-05
   15  6.2165606E-05
   16  5.3646791E-05
   17  2.7262657E-04
   18  4.4877666E-05
   19  2.4437080E-04
   20  2.5727381E-04
   21  2.9697990E-05
   22  1.7052800E-05
   23  1.1763194E-05
   24  1.3830134E-05
   25  1.0024486E-05
   26  5.8386590E-06
   27  6.0665629E-06
