    1  1.0000000E+00
    2  2.4089017E-03
    3  4.6467500E-04
    4  4.4133944E-04
    5  3.8269775E-04
    6  3.8850073E-04
    7  3.6981944E-04
    8  3.5044971E-04
    9  3.3309593E-04
   10  3.1613299E-04
   11  3.0006955E-04
   12  2.8460453E-04
   13  2.6991553E-04
   14  2.5586910E-04
   15  2.4267141E-04
   16  2.0131026E-04
   17  2.1516804E-04
   18  1.7423028E-04
   19  1.8781626E-04
   20  1.7799909E-04
   21  1.6834197E-04
   22  1.6197104E-04
   23  1.5434844E-04
   24  1.4493844E-04
   25  1.3967266E-04
   26  1.3311885E-04
   27  1.2418703E-04
   28  1.2034060E-04
   29  1.1069249E-04
   30  1.0856123E-04
   31  1.0349892E-04
   32  9.3552671E-05
   33  9.3078762E-05
   34  8.8751889E-05
   35  7.7672515E-05
   36  7.9498270E-05
   37  6.3585485E-05
   38  5.3255600E-05
   39  6.1014851E-05
   40  5.8192484E-05
   41  5.5499705E-05
   42  5.2931028E-05
   43  5.0483169E-05
   44  4.8438489E-05
   45  4.6178897E-05
   46  4.4048087E-05
   47  4.2028653E-05
   48  4.0110417E-05
   49  3.8286675E-05
   50  3.6550419E-05
   51  3.4896690E-05
   52  3.3320562E-05
   53  3.1817956E-05
   54  3.0384953E-05
   55  2.9016915E-05
   56  2.7709613E-05
   57  2.6458161E-05
   58  2.5257204E-05
   59  2.4102599E-05
   60  2.2991183E-05
   61  2.1922333E-05
   62  2.0896979E-05
   63  1.9915940E-05
   64  1.8979418E-05
   65  1.8086061E-05
   66  1.7234280E-05
   67  1.6422253E-05
   68  1.5645028E-05
   69  1.4909112E-05
   70  1.4204321E-05
   71  1.3529246E-05
   72  1.2889879E-05
   73  1.2274759E-05
   74  1.1691745E-05
   75  1.1133032E-05
   76  1.0596426E-05
   77  1.0096001E-05
   78  9.6008046E-06
   79  9.1346948E-06
