---------------MPI----------------
rank:     0 of      1 alive
----------------------------------

 warning scalar in parse_cmd array:   ULOC
 expecting a comma separated list of:            5
 wrong dimensions parsing variable:   ULOC
 expecting a comma separated list of:            5
SCIFOR VERSION (GIT): f51d8963e73e1a7f5e05ca328195b114bbdf41ec
Timestamp: +21 May 2019  10:54:43.854
 
CODE VERSION: 30030ed680c7b62ac87f0fc221aa358a61913d81
Timestamp: +21 May 2019  10:54:43.855
 
store size =10240Kb
 Using Neel symmetry to refold BZ
 Using Nineq sites=           1
 Symmetries used are:
 (site=2,l,s)=(site=1,l,-s)
 Using Nk_total=361
Using Reciprocal Lattice vectors:
bk_x = [  3.1416 -3.1416  0.0000]
bk_y = [  0.0000  6.2832  0.0000]
bk_z = [  0.0000  0.0000  6.2832]
Get local Realaxis Green's function (no print)
Direct Inversion algorithm:
 
  +ETA --> fort.6
  10% |ETA: 0:00:00.945 @21 May 2019  10:54:43
  20% |ETA: 0:00:00.832
  30% |ETA: 0:00:00.725
  40% |ETA: 0:00:00.613
  50% |ETA: 0:00:00.508 @21 May 2019  10:54:44
  60% |ETA: 0:00:00.808
  70% |ETA: 0:00:00.605
  80% |ETA: 0:00:00.805
  90% |ETA: 0:00:00.803
 100% |ETA: 0:00:00.000
Total time [h:m:s.ms]:   0:00:01.004
dos_Hk real: write spin-orbital diagonal elements.
 Solving model along the path:
Point1: [ 0.0000 0.0000 0.0000]
Point2: [ 3.1416 0.0000 0.0000]
Point3: [ 3.1416 3.1416 0.0000]
Point4: [ 0.0000 0.0000 0.0000]
INIT SOLVER FOR _ineq0001
Summary:
--------------------------------------------
# of levels/spin      =               7
Total size            =              14
# of impurities       =               1
# of bath/impurity    =               6
# of Bath levels/spin =               6
Number of sectors     =              64
Ns_Orb                =               7
Ns_Ud                 =               1
Largest Sector(s)     =       35        35                1225
--------------------------------------------
Required Lanc_nstates_total=1 => set T=0 calculation
Lanczos ZERO temperature calculation:
Updated impHloc:
Reading bath from filehamiltonian_ineq0001.restart
there are        6 lines in +hamiltonian_ineq0001.restart

-----DMFT-loop    1 (max:  100)-----
 0 SOLVES INEQ SITE: 0001
Updated impHloc:
            #Ek_l1_s1              Vk_l1_s1             #Ek_l1_s2              Vk_l1_s2
      -1.349470260381        0.378186408945       -3.977310301872        0.000030211568
      -0.142798427526        0.178211367699       -1.740146626596       -0.000000442257
      -0.020288318520        0.184010536668       -0.417034915942        0.106160058569
       0.398086105494        0.099836643291       -1.298586457337        0.000498030423
       1.464647152456       -0.093497975098        0.040124847351        0.231981385422
       3.929572160751       -0.000000063457        0.940441417307        0.356098351417
Diagonalize impurity H:
 
  +ETA --> fort.6
  10% |ETA: 0:00:00.521 @21 May 2019  10:54:46
  20% |ETA: 0:00:00.596
  31% |ETA: 0:00:00.739
  40% |ETA: 0:00:00.608
  50% |ETA: 0:00:00.756 @21 May 2019  10:54:47
  60% |ETA: 0:00:00.610
  70% |ETA: 0:00:00.939
  81% |ETA: 0:00:00.550
  90% |ETA: 0:00:00.599
 100% |ETA: 0:00:00.000
Total time [h:m:s.ms]:   0:00:00.364
#     i               E_i       exp(-(E-E0)/T)       Sect       Dim    Indices:
     1   -9.982161198196   1.000000000000E+00         30       735   3   5
Egs =     -9.982161198196   3   5
Z   =      1.000000000000
Get impurity Greens functions:
Get G_l1_s1
Total time [h:m:s.ms]:   0:00:00.020
Get G_l1_s2
Total time [h:m:s.ms]:   0:00:00.020
dens_ineq0001=    1.000086941969    1.000086941969
docc_ineq0001=    0.042026098157
mag _ineq0001=   -0.715254230761
Total time [h:m:s.ms]:   0:00:00.485
Get local Matsubara Green's function (no print)
Direct Inversion algorithm:
 
  +ETA --> fort.6
  10% |ETA: 0:00:00.796 @21 May 2019  10:54:47
  20% |ETA: 0:00:00.710
  30% |ETA: 0:00:00.621
  40% |ETA: 0:00:00.531
  50% |ETA: 0:00:00.885 @21 May 2019  10:54:47
  60% |ETA: 0:00:00.708
  70% |ETA: 0:00:00.529
  80% |ETA: 0:00:00.705
  90% |ETA: 0:00:00.708
 100% |ETA: 0:00:00.***
Total time [h:m:s.ms]:   0:00:00.901
Gloc matsubara: write spin-orbital diagonal elements. Split.
Store Gloc_l11_s1_iw_indx*.dat in Gloc_l11_s1_iw.tgz
Store Gloc_l11_s2_iw_indx*.dat in Gloc_l11_s2_iw.tgz
Updated impHloc:
chi^2|iter_ineq0001=    5.165520908E-07 |   203  <--  Orb1 Spin1
            #Ek_l1_s1              Vk_l1_s1             #Ek_l1_s2              Vk_l1_s2
      -1.438468856382        0.352811633449       -3.977310301872        0.000030211568
      -0.184474909583        0.210051380716       -1.740146626596       -0.000000442257
      -0.101731388207        0.138147501253       -0.417034915942        0.106160058569
       0.215204115142        0.124818399002       -1.298586457337        0.000498030423
       1.458996405666       -0.123657288903        0.040124847351        0.231981385422
       3.929572160751       -0.000000063457        0.940441417307        0.356098351417
Updated impHloc:
chi^2|iter_ineq0001=    1.320565474E-05 |    37  <--  Orb1 Spin2
            #Ek_l1_s1              Vk_l1_s1             #Ek_l1_s2              Vk_l1_s2
      -1.438468856382        0.352811633449       -3.977310301923        0.000024800853
      -0.184474909583        0.210051380716       -1.740146626596       -0.000000442257
      -0.101731388207        0.138147501253       -0.224845603877        0.130705115409
       0.215204115142        0.124818399002       -1.298586532666        0.000075431524
       1.458996405666       -0.123657288903        0.135675889733        0.233565157578
       3.929572160751       -0.000000063457        0.966044968430        0.314245023477
[1;91mmax error=[0m  1.0000000E+00
[1;91m    error=[0m  1.0000000E+00
[1;91mmin error=[0m  1.0000000E+00
=====================================
Total time [h:m:s.ms]:   0:00:02.051



-----DMFT-loop    2 (max:  100)-----
 0 SOLVES INEQ SITE: 0001
Updated impHloc:
            #Ek_l1_s1              Vk_l1_s1             #Ek_l1_s2              Vk_l1_s2
      -1.438468856382        0.352811633449       -3.977310301923        0.000024800853
      -0.184474909583        0.210051380716       -1.740146626596       -0.000000442257
      -0.101731388207        0.138147501253       -0.224845603877        0.130705115409
       0.215204115142        0.124818399002       -1.298586532666        0.000075431524
       1.458996405666       -0.123657288903        0.135675889733        0.233565157578
       3.929572160751       -0.000000063457        0.966044968430        0.314245023477
Diagonalize impurity H:
 
  +ETA --> fort.6
  10% |ETA: 0:00:00.521 @21 May 2019  10:54:48
  20% |ETA: 0:00:00.659
  31% |ETA: 0:00:00.765
  40% |ETA: 0:00:00.619
  50% |ETA: 0:00:00.748 @21 May 2019  10:54:49
  60% |ETA: 0:00:00.612
  70% |ETA: 0:00:00.939
  81% |ETA: 0:00:00.552
  90% |ETA: 0:00:00.597
 100% |ETA: 0:00:00.000
Total time [h:m:s.ms]:   0:00:00.363
#     i               E_i       exp(-(E-E0)/T)       Sect       Dim    Indices:
     1   -9.969821546700   1.000000000000E+00         30       735   3   5
Egs =     -9.969821546700   3   5
Z   =      1.000000000000
Get impurity Greens functions:
Get G_l1_s1
Total time [h:m:s.ms]:   0:00:00.018
Get G_l1_s2
Total time [h:m:s.ms]:   0:00:00.020
dens_ineq0001=    1.000605776150    1.000605776150
docc_ineq0001=    0.034737824169
mag _ineq0001=   -0.858521185075
Total time [h:m:s.ms]:   0:00:00.447
Get local Matsubara Green's function (no print)
Direct Inversion algorithm:
 
  +ETA --> fort.6
  10% |ETA: 0:00:00.770 @21 May 2019  10:54:49
  20% |ETA: 0:00:00.682
  30% |ETA: 0:00:00.589
  40% |ETA: 0:00:00.503
  50% |ETA: 0:00:00.841 @21 May 2019  10:54:49
  60% |ETA: 0:00:00.671
  70% |ETA: 0:00:00.502
  80% |ETA: 0:00:00.669
  90% |ETA: 0:00:00.669
 100% |ETA: 0:00:00.***
Total time [h:m:s.ms]:   0:00:00.840
Gloc matsubara: write spin-orbital diagonal elements. Split.
Store Gloc_l11_s1_iw_indx*.dat in Gloc_l11_s1_iw.tgz
Store Gloc_l11_s2_iw_indx*.dat in Gloc_l11_s2_iw.tgz
Updated impHloc:
chi^2|iter_ineq0001=    4.947115012E-07 |   168  <--  Orb1 Spin1
            #Ek_l1_s1              Vk_l1_s1             #Ek_l1_s2              Vk_l1_s2
      -1.471065371152        0.373902196984       -3.977310301923        0.000024800853
      -0.202191324240        0.187089394250       -1.740146626596       -0.000000442257
      -0.111541381300        0.167442133579       -0.224845603877        0.130705115409
       0.271308770014        0.102531507441       -1.298586532666        0.000075431524
       1.458299794669       -0.079620669624        0.135675889733        0.233565157578
       3.929572160751       -0.000000063457        0.966044968430        0.314245023477
Updated impHloc:
chi^2|iter_ineq0001=    9.810458466E-06 |    96  <--  Orb1 Spin2
            #Ek_l1_s1              Vk_l1_s1             #Ek_l1_s2              Vk_l1_s2
      -1.471065371152        0.373902196984       -3.977310302085       -0.000043114724
      -0.202191324240        0.187089394250       -1.740146626596       -0.000000442257
      -0.111541381300        0.167442133579       -0.282190135612        0.106231107067
       0.271308770014        0.102531507441       -1.298586531705       -0.000074064814
       1.458299794669       -0.079620669624        0.136693302808        0.235029364273
       3.929572160751       -0.000000063457        1.139438022131        0.354781380906
[1;91mmax error=[0m  1.9847123E-02
[1;91m    error=[0m  1.9847123E-02
[1;91mmin error=[0m  1.9847123E-02
=====================================
Total time [h:m:s.ms]:   0:00:02.008



-----DMFT-loop    3 (max:  100)-----
 0 SOLVES INEQ SITE: 0001
Updated impHloc:
            #Ek_l1_s1              Vk_l1_s1             #Ek_l1_s2              Vk_l1_s2
      -1.454767113767        0.363356915217       -3.977310302004       -0.000009156936
      -0.193333116911        0.198570387483       -1.740146626596       -0.000000442257
      -0.106636384753        0.152794817416       -0.253517869745        0.118468111238
       0.243256442578        0.113674953221       -1.298586532185        0.000000683355
       1.458648100168       -0.101638979264        0.136184596270        0.234297260926
       3.929572160751       -0.000000063457        1.052741495281        0.334513202192
Diagonalize impurity H:
 
  +ETA --> fort.6
  10% |ETA: 0:00:00.521 @21 May 2019  10:54:50
  20% |ETA: 0:00:00.612
  31% |ETA: 0:00:00.748
  40% |ETA: 0:00:00.613
  50% |ETA: 0:00:00.764 @21 May 2019  10:54:51
  60% |ETA: 0:00:00.625
  70% |ETA: 0:00:00.969
  81% |ETA: 0:00:00.570
  90% |ETA: 0:00:00.624
 100% |ETA: 0:00:00.000
Total time [h:m:s.ms]:   0:00:00.379
#     i               E_i       exp(-(E-E0)/T)       Sect       Dim    Indices:
     1  -10.033151212144   1.000000000000E+00         30       735   3   5
Egs =    -10.033151212144   3   5
Z   =      1.000000000000
Get impurity Greens functions:
Get G_l1_s1
Total time [h:m:s.ms]:   0:00:00.020
Get G_l1_s2
Total time [h:m:s.ms]:   0:00:00.025
dens_ineq0001=    1.000232067771    1.000232067771
docc_ineq0001=    0.034628770212
mag _ineq0001=   -0.863299933269
Total time [h:m:s.ms]:   0:00:00.495
Get local Matsubara Green's function (no print)
Direct Inversion algorithm:
 
  +ETA --> fort.6
  10% |ETA: 0:00:00.805 @21 May 2019  10:54:51
  20% |ETA: 0:00:00.694
  30% |ETA: 0:00:00.601
  40% |ETA: 0:00:00.515
  50% |ETA: 0:00:00.861 @21 May 2019  10:54:51
  60% |ETA: 0:00:00.690
  70% |ETA: 0:00:00.515
  80% |ETA: 0:00:00.685
  90% |ETA: 0:00:00.683
 100% |ETA: 0:00:00.000
Total time [h:m:s.ms]:   0:00:00.855
Gloc matsubara: write spin-orbital diagonal elements. Split.
Store Gloc_l11_s1_iw_indx*.dat in Gloc_l11_s1_iw.tgz
Store Gloc_l11_s2_iw_indx*.dat in Gloc_l11_s2_iw.tgz
Updated impHloc:
chi^2|iter_ineq0001=    4.145982138E-07 |   149  <--  Orb1 Spin1
            #Ek_l1_s1              Vk_l1_s1             #Ek_l1_s2              Vk_l1_s2
      -1.486109674375        0.374712633656       -3.977310302004       -0.000009156936
      -0.217079061355        0.176717869723       -1.740146626596       -0.000000442257
      -0.114738197828        0.179985626494       -0.253517869745        0.118468111238
       0.287047039443        0.102549005821       -1.298586532185        0.000000683355
       1.457757044361       -0.069688581873        0.136184596270        0.234297260926
       3.929572160751       -0.000000063457        1.052741495281        0.334513202192
Updated impHloc:
chi^2|iter_ineq0001=    9.682893912E-06 |    85  <--  Orb1 Spin2
            #Ek_l1_s1              Vk_l1_s1             #Ek_l1_s2              Vk_l1_s2
      -1.486109674375        0.374712633656       -3.977310301984       -0.000040989696
      -0.217079061355        0.176717869723       -1.740146626623       -0.000030963296
      -0.114738197828        0.179985626494       -0.289081770277        0.103501296402
       0.287047039443        0.102549005821       -1.298586532317       -0.000072913543
       1.457757044361       -0.069688581873        0.135655232511        0.234418949853
       3.929572160751       -0.000000063457        1.128621501325        0.355511953040
[1;91mmax error=[0m  1.3261427E-03
[1;91m    error=[0m  1.3261427E-03
[1;91mmin error=[0m  1.3261427E-03
=====================================
Total time [h:m:s.ms]:   0:00:02.020



-----DMFT-loop    4 (max:  100)-----
 0 SOLVES INEQ SITE: 0001
Updated impHloc:
            #Ek_l1_s1              Vk_l1_s1             #Ek_l1_s2              Vk_l1_s2
      -1.470438394071        0.369034774436       -3.977310301994       -0.000025073316
      -0.205206089133        0.187644128603       -1.740146626609       -0.000015702776
      -0.110687291291        0.166390221955       -0.271299820011        0.110984703820
       0.265151741011        0.108111979521       -1.298586532251       -0.000036115094
       1.458202572264       -0.085663780568        0.135919914391        0.234358105389
       3.929572160751       -0.000000063457        1.090681498303        0.345012577616
Diagonalize impurity H:
 
  +ETA --> fort.6
  10% |ETA: 0:00:00.521 @21 May 2019  10:54:52
  20% |ETA: 0:00:00.612
  31% |ETA: 0:00:00.721
  40% |ETA: 0:00:00.590
  50% |ETA: 0:00:00.740 @21 May 2019  10:54:53
  60% |ETA: 0:00:00.610
  70% |ETA: 0:00:00.959
  81% |ETA: 0:00:00.564
  90% |ETA: 0:00:00.619
 100% |ETA: 0:00:00.000
Total time [h:m:s.ms]:   0:00:00.377
#     i               E_i       exp(-(E-E0)/T)       Sect       Dim    Indices:
     1  -10.085125897089   1.000000000000E+00         30       735   3   5
Egs =    -10.085125897089   3   5
Z   =      1.000000000000
Get impurity Greens functions:
Get G_l1_s1
Total time [h:m:s.ms]:   0:00:00.019
Get G_l1_s2
Total time [h:m:s.ms]:   0:00:00.022
dens_ineq0001=    1.000032692349    1.000032692349
docc_ineq0001=    0.034609667433
mag _ineq0001=   -0.865443203711
Total time [h:m:s.ms]:   0:00:00.472
Get local Matsubara Green's function (no print)
Direct Inversion algorithm:
 
  +ETA --> fort.6
  10% |ETA: 0:00:00.989 @21 May 2019  10:54:53
  20% |ETA: 0:00:00.867
  30% |ETA: 0:00:00.769
  40% |ETA: 0:00:00.648
  50% |ETA: 0:00:00.519 @21 May 2019  10:54:53
  60% |ETA: 0:00:00.810
  70% |ETA: 0:00:00.596
  80% |ETA: 0:00:00.788
  90% |ETA: 0:00:00.778
 100% |ETA: 0:00:00.***
Total time [h:m:s.ms]:   0:00:00.965
Gloc matsubara: write spin-orbital diagonal elements. Split.
Store Gloc_l11_s1_iw_indx*.dat in Gloc_l11_s1_iw.tgz
Store Gloc_l11_s2_iw_indx*.dat in Gloc_l11_s2_iw.tgz
Updated impHloc:
chi^2|iter_ineq0001=    2.216019410E-07 |   214  <--  Orb1 Spin1
            #Ek_l1_s1              Vk_l1_s1             #Ek_l1_s2              Vk_l1_s2
      -1.528660493146        0.378679402044       -3.977310301994       -0.000025073316
      -0.235284914976        0.168865142815       -1.740146626609       -0.000015702776
      -0.117469674517        0.189855195674       -0.271299820011        0.110984703820
       0.284521310358        0.099461531583       -1.298586532251       -0.000036115094
       1.456359480397       -0.082316518617        0.135919914391        0.234358105389
       3.929572160751       -0.000000063457        1.090681498303        0.345012577616
Updated impHloc:
chi^2|iter_ineq0001=    9.820167568E-06 |    16  <--  Orb1 Spin2
            #Ek_l1_s1              Vk_l1_s1             #Ek_l1_s2              Vk_l1_s2
      -1.528660493146        0.378679402044       -3.977310302011       -0.000031386076
      -0.235284914976        0.168865142815       -1.740146626680       -0.000030107116
      -0.117469674517        0.189855195674       -0.289800292242        0.101184146861
       0.284521310358        0.099461531583       -1.298586532262       -0.000054703644
       1.456359480397       -0.082316518617        0.134581005775        0.233336602987
       3.929572160751       -0.000000063457        1.092232041241        0.352489402310
[1;91mmax error=[0m  6.3706048E-04
[1;91m    error=[0m  6.3706048E-04
[1;91mmin error=[0m  6.3706048E-04
=====================================
Total time [h:m:s.ms]:   0:00:02.146



-----DMFT-loop    5 (max:  100)-----
 0 SOLVES INEQ SITE: 0001
Updated impHloc:
            #Ek_l1_s1              Vk_l1_s1             #Ek_l1_s2              Vk_l1_s2
      -1.499549443608        0.373857088240       -3.977310302003       -0.000028229696
      -0.220245502054        0.178254635709       -1.740146626645       -0.000022904946
      -0.114078482904        0.178122708814       -0.280550056126        0.106084425340
       0.274836525684        0.103786755552       -1.298586532257       -0.000045409369
       1.457281026331       -0.083990149593        0.135250460083        0.233847354188
       3.929572160751       -0.000000063457        1.091456769772        0.348750989963
Diagonalize impurity H:
 
  +ETA --> fort.6
  10% |ETA: 0:00:00.521 @21 May 2019  10:54:55
  20% |ETA: 0:00:00.580
  31% |ETA: 0:00:00.712
  40% |ETA: 0:00:00.584
  50% |ETA: 0:00:00.728 @21 May 2019  10:54:55
  60% |ETA: 0:00:00.600
  70% |ETA: 0:00:00.925
  81% |ETA: 0:00:00.542
  90% |ETA: 0:00:00.589
 100% |ETA: 0:00:00.000
Total time [h:m:s.ms]:   0:00:00.358
#     i               E_i       exp(-(E-E0)/T)       Sect       Dim    Indices:
     1  -10.143461422150   1.000000000000E+00         30       735   3   5
Egs =    -10.143461422150   3   5
Z   =      1.000000000000
Get impurity Greens functions:
Get G_l1_s1
Total time [h:m:s.ms]:   0:00:00.018
Get G_l1_s2
Total time [h:m:s.ms]:   0:00:00.020
dens_ineq0001=    0.999989847370    0.999989847370
docc_ineq0001=    0.034674125341
mag _ineq0001=   -0.866272440831
Total time [h:m:s.ms]:   0:00:00.444
Get local Matsubara Green's function (no print)
Direct Inversion algorithm:
 
  +ETA --> fort.6
  10% |ETA: 0:00:00.770 @21 May 2019  10:54:55
  20% |ETA: 0:00:00.682
  30% |ETA: 0:00:00.598
  40% |ETA: 0:00:00.515
  50% |ETA: 0:00:00.857 @21 May 2019  10:54:56
  60% |ETA: 0:00:00.683
  70% |ETA: 0:00:00.510
  80% |ETA: 0:00:00.679
  90% |ETA: 0:00:00.678
 100% |ETA: 0:00:00.000
Total time [h:m:s.ms]:   0:00:00.849
Gloc matsubara: write spin-orbital diagonal elements. Split.
Store Gloc_l11_s1_iw_indx*.dat in Gloc_l11_s1_iw.tgz
Store Gloc_l11_s2_iw_indx*.dat in Gloc_l11_s2_iw.tgz
Updated impHloc:
chi^2|iter_ineq0001=    6.057360226E-08 |   500  <--  Orb1 Spin1
            #Ek_l1_s1              Vk_l1_s1             #Ek_l1_s2              Vk_l1_s2
      -1.674055596150        0.387617536929       -3.977310302003       -0.000028229696
      -0.274308787449        0.166537513871       -1.740146626645       -0.000022904946
      -0.120274950436        0.199990519252       -0.280550056126        0.106084425340
       0.276179879211        0.095603660632       -1.298586532257       -0.000045409369
       1.451699967681       -0.102514784555        0.135250460083        0.233847354188
       3.929572160751       -0.000000063457        1.091456769772        0.348750989963
Updated impHloc:
chi^2|iter_ineq0001=    9.741487009E-06 |    22  <--  Orb1 Spin2
            #Ek_l1_s1              Vk_l1_s1             #Ek_l1_s2              Vk_l1_s2
      -1.674055596150        0.387617536929       -3.977310302000       -0.000025037158
      -0.274308787449        0.166537513871       -1.740146626638       -0.000036089434
      -0.120274950436        0.199990519252       -0.294244618551        0.101127079010
       0.276179879211        0.095603660632       -1.298586532091       -0.000064462987
       1.451699967681       -0.102514784555        0.134365363880        0.233263662440
       3.929572160751       -0.000000063457        1.094900178527        0.353571146696
[1;91mmax error=[0m  2.9473654E-04
[1;91m    error=[0m  2.9473654E-04
[1;91mmin error=[0m  2.9473654E-04
=====================================
Total time [h:m:s.ms]:   0:00:02.696



-----DMFT-loop    6 (max:  100)-----
 0 SOLVES INEQ SITE: 0001
Updated impHloc:
            #Ek_l1_s1              Vk_l1_s1             #Ek_l1_s2              Vk_l1_s2
      -1.586802519879        0.380737312585       -3.977310302001       -0.000026633427
      -0.247277144752        0.172396074790       -1.740146626641       -0.000029497190
      -0.117176716670        0.189056614033       -0.287397337339        0.103605752175
       0.275508202448        0.099695208092       -1.298586532174       -0.000054936178
       1.454490497006       -0.093252467074        0.134807911982        0.233555508314
       3.929572160751       -0.000000063457        1.093178474150        0.351161068329
Diagonalize impurity H:
 
  +ETA --> fort.6
  10% |ETA: 0:00:00.521 @21 May 2019  10:54:57
  20% |ETA: 0:00:00.580
  31% |ETA: 0:00:00.712
  40% |ETA: 0:00:00.590
  50% |ETA: 0:00:00.724 @21 May 2019  10:54:58
  60% |ETA: 0:00:00.594
  70% |ETA: 0:00:00.911
  81% |ETA: 0:00:00.537
  90% |ETA: 0:00:00.582
 100% |ETA: 0:00:00.000
Total time [h:m:s.ms]:   0:00:00.354
#     i               E_i       exp(-(E-E0)/T)       Sect       Dim    Indices:
     1  -10.269348098282   1.000000000000E+00         30       735   3   5
Egs =    -10.269348098282   3   5
Z   =      1.000000000000
Get impurity Greens functions:
Get G_l1_s1
Total time [h:m:s.ms]:   0:00:00.018
Get G_l1_s2
Total time [h:m:s.ms]:   0:00:00.020
dens_ineq0001=    0.999983827305    0.999983827305
docc_ineq0001=    0.034740945070
mag _ineq0001=   -0.866837781962
Total time [h:m:s.ms]:   0:00:00.438
Get local Matsubara Green's function (no print)
Direct Inversion algorithm:
 
  +ETA --> fort.6
  10% |ETA: 0:00:00.753 @21 May 2019  10:54:58
  20% |ETA: 0:00:00.670
  30% |ETA: 0:00:00.589
  40% |ETA: 0:00:00.506
  50% |ETA: 0:00:00.857 @21 May 2019  10:54:58
  60% |ETA: 0:00:00.690
  70% |ETA: 0:00:00.519
  80% |ETA: 0:00:00.693
  90% |ETA: 0:00:00.692
 100% |ETA: 0:00:00.000
Total time [h:m:s.ms]:   0:00:00.868
Gloc matsubara: write spin-orbital diagonal elements. Split.
Store Gloc_l11_s1_iw_indx*.dat in Gloc_l11_s1_iw.tgz
Store Gloc_l11_s2_iw_indx*.dat in Gloc_l11_s2_iw.tgz
Updated impHloc:
chi^2|iter_ineq0001=    1.012511771E-07 |    22  <--  Orb1 Spin1
            #Ek_l1_s1              Vk_l1_s1             #Ek_l1_s2              Vk_l1_s2
      -1.587095204977        0.385106454536       -3.977310302001       -0.000026633427
      -0.245400244508        0.167690001950       -1.740146626641       -0.000029497190
      -0.118176974565        0.192942054166       -0.287397337339        0.103605752175
       0.281621578087        0.096642738574       -1.298586532174       -0.000054936178
       1.454335623810       -0.095568289745        0.134807911982        0.233555508314
       3.929572160751       -0.000000063457        1.093178474150        0.351161068329
Updated impHloc:
chi^2|iter_ineq0001=    9.683162153E-06 |    12  <--  Orb1 Spin2
            #Ek_l1_s1              Vk_l1_s1             #Ek_l1_s2              Vk_l1_s2
      -1.587095204977        0.385106454536       -3.977310302035       -0.000027083070
      -0.245400244508        0.167690001950       -1.740146627057       -0.000030779820
      -0.118176974565        0.192942054166       -0.296287620779        0.100845565839
       0.281621578087        0.096642738574       -1.298586532607       -0.000057377491
       1.454335623810       -0.095568289745        0.134281312565        0.233335588103
       3.929572160751       -0.000000063457        1.097908493870        0.354184549409
[1;91mmax error=[0m  1.9355715E-04
[1;91m    error=[0m  1.9355715E-04
[1;91mmin error=[0m  1.9355715E-04
=====================================
Total time [h:m:s.ms]:   0:00:01.483



-----DMFT-loop    7 (max:  100)-----
 0 SOLVES INEQ SITE: 0001
Updated impHloc:
            #Ek_l1_s1              Vk_l1_s1             #Ek_l1_s2              Vk_l1_s2
      -1.586948862428        0.382921883561       -3.977310302018       -0.000026858248
      -0.246338694630        0.170043038370       -1.740146626849       -0.000030138505
      -0.117676845617        0.190999334100       -0.291842479059        0.102225659007
       0.278564890268        0.098168973333       -1.298586532390       -0.000056156834
       1.454413060408       -0.094410378409        0.134544612273        0.233445548208
       3.929572160751       -0.000000063457        1.095543484010        0.352672808869
Diagonalize impurity H:
 
  +ETA --> fort.6
  10% |ETA: 0:00:00.521 @21 May 2019  10:54:59
  20% |ETA: 0:00:00.580
  31% |ETA: 0:00:00.721
  40% |ETA: 0:00:00.602
  50% |ETA: 0:00:00.740 @21 May 2019  10:54:59
  60% |ETA: 0:00:00.610
  70% |ETA: 0:00:00.949
  81% |ETA: 0:00:00.557
  90% |ETA: 0:00:00.604
 100% |ETA: 0:00:00.000
Total time [h:m:s.ms]:   0:00:00.366
#     i               E_i       exp(-(E-E0)/T)       Sect       Dim    Indices:
     1  -10.274300900304   1.000000000000E+00         30       735   3   5
Egs =    -10.274300900304   3   5
Z   =      1.000000000000
Get impurity Greens functions:
Get G_l1_s1
Total time [h:m:s.ms]:   0:00:00.018
Get G_l1_s2
Total time [h:m:s.ms]:   0:00:00.021
dens_ineq0001=    1.000042505705    1.000042505705
docc_ineq0001=    0.034868678885
mag _ineq0001=   -0.866580865423
Total time [h:m:s.ms]:   0:00:00.454
Get local Matsubara Green's function (no print)
Direct Inversion algorithm:
 
  +ETA --> fort.6
  10% |ETA: 0:00:00.753 @21 May 2019  10:54:59
  20% |ETA: 0:00:00.662
  30% |ETA: 0:00:00.580
  40% |ETA: 0:00:00.500
  50% |ETA: 0:00:00.833 @21 May 2019  10:55:00
  60% |ETA: 0:00:00.668
  70% |ETA: 0:00:00.502
  80% |ETA: 0:00:00.670
  90% |ETA: 0:00:00.671
 100% |ETA: 0:00:00.000
Total time [h:m:s.ms]:   0:00:00.843
Gloc matsubara: write spin-orbital diagonal elements. Split.
Store Gloc_l11_s1_iw_indx*.dat in Gloc_l11_s1_iw.tgz
Store Gloc_l11_s2_iw_indx*.dat in Gloc_l11_s2_iw.tgz
Updated impHloc:
chi^2|iter_ineq0001=    9.891798099E-08 |    18  <--  Orb1 Spin1
            #Ek_l1_s1              Vk_l1_s1             #Ek_l1_s2              Vk_l1_s2
      -1.587374482343        0.385068581248       -3.977310302018       -0.000026858248
      -0.245785154835        0.167732328042       -1.740146626849       -0.000030138505
      -0.118193207591        0.193105625577       -0.291842479059        0.102225659007
       0.282355698352        0.096535478696       -1.298586532390       -0.000056156834
       1.454305511889       -0.095760534519        0.134544612273        0.233445548208
       3.929572160751       -0.000000063457        1.095543484010        0.352672808869
Updated impHloc:
chi^2|iter_ineq0001=    9.674415215E-06 |     6  <--  Orb1 Spin2
            #Ek_l1_s1              Vk_l1_s1             #Ek_l1_s2              Vk_l1_s2
      -1.587374482343        0.385068581248       -3.977310302020       -0.000026846036
      -0.245785154835        0.167732328042       -1.740146626852       -0.000029870671
      -0.118193207591        0.193105625577       -0.292214674527        0.100104099508
       0.282355698352        0.096535478696       -1.298586532394       -0.000055731396
       1.454305511889       -0.095760534519        0.134353339967        0.233246316365
       3.929572160751       -0.000000063457        1.095597812682        0.353726249977
[1;91mmax error=[0m  1.1158460E-04
[1;91m    error=[0m  1.1158460E-04
[1;91mmin error=[0m  1.1158460E-04
=====================================
Total time [h:m:s.ms]:   0:00:01.449



-----DMFT-loop    8 (max:  100)-----
 0 SOLVES INEQ SITE: 0001
Updated impHloc:
            #Ek_l1_s1              Vk_l1_s1             #Ek_l1_s2              Vk_l1_s2
      -1.587161672386        0.383995232404       -3.977310302019       -0.000026852142
      -0.246061924732        0.168887683206       -1.740146626851       -0.000030004588
      -0.117935026604        0.192052479838       -0.292028576793        0.101164879258
       0.280460294310        0.097352226015       -1.298586532392       -0.000055944115
       1.454359286149       -0.095085456464        0.134448976120        0.233345932287
       3.929572160751       -0.000000063457        1.095570648346        0.353199529423
Diagonalize impurity H:
 
  +ETA --> fort.6
  10% |ETA: 0:00:00.521 @21 May 2019  10:55:00
  20% |ETA: 0:00:00.580
  31% |ETA: 0:00:00.748
  40% |ETA: 0:00:00.619
  50% |ETA: 0:00:00.744 @21 May 2019  10:55:00
  60% |ETA: 0:00:00.607
  70% |ETA: 0:00:00.939
  81% |ETA: 0:00:00.550
  90% |ETA: 0:00:00.595
 100% |ETA: 0:00:00.000
Total time [h:m:s.ms]:   0:00:00.362
#     i               E_i       exp(-(E-E0)/T)       Sect       Dim    Indices:
     1  -10.275047193486   1.000000000000E+00         30       735   3   5
Egs =    -10.275047193486   3   5
Z   =      1.000000000000
Get impurity Greens functions:
Get G_l1_s1
Total time [h:m:s.ms]:   0:00:00.018
Get G_l1_s2
Total time [h:m:s.ms]:   0:00:00.020
dens_ineq0001=    1.000090441888    1.000090441888
docc_ineq0001=    0.034939256169
mag _ineq0001=   -0.866460913587
Total time [h:m:s.ms]:   0:00:00.447
Get local Matsubara Green's function (no print)
Direct Inversion algorithm:
 
  +ETA --> fort.6
  10% |ETA: 0:00:00.770 @21 May 2019  10:55:01
  20% |ETA: 0:00:00.682
  30% |ETA: 0:00:00.591
  40% |ETA: 0:00:00.504
  50% |ETA: 0:00:00.839 @21 May 2019  10:55:01
  60% |ETA: 0:00:00.671
  70% |ETA: 0:00:00.505
  80% |ETA: 0:00:00.675
  90% |ETA: 0:00:00.677
 100% |ETA: 0:00:00.000
Total time [h:m:s.ms]:   0:00:00.852
Gloc matsubara: write spin-orbital diagonal elements. Split.
Store Gloc_l11_s1_iw_indx*.dat in Gloc_l11_s1_iw.tgz
Store Gloc_l11_s2_iw_indx*.dat in Gloc_l11_s2_iw.tgz
Updated impHloc:
chi^2|iter_ineq0001=    1.009231881E-07 |    12  <--  Orb1 Spin1
            #Ek_l1_s1              Vk_l1_s1             #Ek_l1_s2              Vk_l1_s2
      -1.587425371226        0.384890932086       -3.977310302019       -0.000026852142
      -0.245692063796        0.167803583480       -1.740146626851       -0.000030004588
      -0.118182634311        0.193126743065       -0.292028576793        0.101164879258
       0.281748353183        0.096354702931       -1.298586532392       -0.000055944115
       1.454326237602       -0.095255983278        0.134448976120        0.233345932287
       3.929572160751       -0.000000063457        1.095570648346        0.353199529423
Updated impHloc:
chi^2|iter_ineq0001=    9.660274761E-06 |     4  <--  Orb1 Spin2
            #Ek_l1_s1              Vk_l1_s1             #Ek_l1_s2              Vk_l1_s2
      -1.587425371226        0.384890932086       -3.977310302019       -0.000026864850
      -0.245692063796        0.167803583480       -1.740146626851       -0.000030017052
      -0.118182634311        0.193126743065       -0.292202334805        0.100061800088
       0.281748353183        0.096354702931       -1.298586532397       -0.000055838381
       1.454326237602       -0.095255983278        0.134441520523        0.233245704571
       3.929572160751       -0.000000063457        1.095563167795        0.353638016886
[1;91mmax error=[0m  7.1155757E-05
[1;91m    error=[0m  7.1155757E-05
[1;91mmin error=[0m  7.1155757E-05
=====================================
Total time [h:m:s.ms]:   0:00:01.435



-----DMFT-loop    9 (max:  100)-----
 0 SOLVES INEQ SITE: 0001
Updated impHloc:
            #Ek_l1_s1              Vk_l1_s1             #Ek_l1_s2              Vk_l1_s2
      -1.587293521806        0.384443082245       -3.977310302019       -0.000026858496
      -0.245876994264        0.168345633343       -1.740146626851       -0.000030010820
      -0.118058830457        0.192589611452       -0.292115455799        0.100613339673
       0.281104323747        0.096853464473       -1.298586532395       -0.000055891248
       1.454342761875       -0.095170719871        0.134445248322        0.233295818429
       3.929572160751       -0.000000063457        1.095566908070        0.353418773155
Diagonalize impurity H:
 
  +ETA --> fort.6
  10% |ETA: 0:00:00.521 @21 May 2019  10:55:02
  20% |ETA: 0:00:00.580
  31% |ETA: 0:00:00.748
  40% |ETA: 0:00:00.613
  50% |ETA: 0:00:00.752 @21 May 2019  10:55:02
  60% |ETA: 0:00:00.612
  70% |ETA: 0:00:00.939
  81% |ETA: 0:00:00.550
  90% |ETA: 0:00:00.594
 100% |ETA: 0:00:00.000
Total time [h:m:s.ms]:   0:00:00.361
#     i               E_i       exp(-(E-E0)/T)       Sect       Dim    Indices:
     1  -10.275363715519   1.000000000000E+00         30       735   3   5
Egs =    -10.275363715519   3   5
Z   =      1.000000000000
Get impurity Greens functions:
Get G_l1_s1
Total time [h:m:s.ms]:   0:00:00.018
Get G_l1_s2
Total time [h:m:s.ms]:   0:00:00.021
dens_ineq0001=    1.000116999572    1.000116999572
docc_ineq0001=    0.034972748597
mag _ineq0001=   -0.866410166553
Total time [h:m:s.ms]:   0:00:00.448
Get local Matsubara Green's function (no print)
Direct Inversion algorithm:
 
  +ETA --> fort.6
  10% |ETA: 0:00:00.788 @21 May 2019  10:55:02
  20% |ETA: 0:00:00.690
  30% |ETA: 0:00:00.619
  40% |ETA: 0:00:00.536
  50% |ETA: 0:00:00.908 @21 May 2019  10:55:03
  60% |ETA: 0:00:00.723
  70% |ETA: 0:00:00.540
  80% |ETA: 0:00:00.714
  90% |ETA: 0:00:00.710
 100% |ETA: 0:00:00.500
Total time [h:m:s.ms]:   0:00:00.887
Gloc matsubara: write spin-orbital diagonal elements. Split.
Store Gloc_l11_s1_iw_indx*.dat in Gloc_l11_s1_iw.tgz
Store Gloc_l11_s2_iw_indx*.dat in Gloc_l11_s2_iw.tgz
Updated impHloc:
chi^2|iter_ineq0001=    9.722420372E-08 |    10  <--  Orb1 Spin1
            #Ek_l1_s1              Vk_l1_s1             #Ek_l1_s2              Vk_l1_s2
      -1.587675983495        0.384952255524       -3.977310302019       -0.000026858496
      -0.246276662105        0.167909151370       -1.740146626851       -0.000030010820
      -0.118147560900        0.193207016561       -0.292115455799        0.100613339673
       0.283040557050        0.096432106109       -1.298586532395       -0.000055891248
       1.454277553505       -0.095887610977        0.134445248322        0.233295818429
       3.929572160751       -0.000000063457        1.095566908070        0.353418773155
Updated impHloc:
chi^2|iter_ineq0001=    9.591710914E-06 |    16  <--  Orb1 Spin2
            #Ek_l1_s1              Vk_l1_s1             #Ek_l1_s2              Vk_l1_s2
      -1.587675983495        0.384952255524       -3.977310302078       -0.000031952275
      -0.246276662105        0.167909151370       -1.740146627197       -0.000033676154
      -0.118147560900        0.193207016561       -0.299764408614        0.101557629346
       0.283040557050        0.096432106109       -1.298586532538       -0.000044350273
       1.454277553505       -0.095887610977        0.134529066433        0.233338572608
       3.929572160751       -0.000000063457        1.105014077613        0.355348377488
[1;91mmax error=[0m  4.2902948E-05
[1;91m    error=[0m  4.2902948E-05
[1;91mmin error=[0m  4.2902948E-05
=====================================
Total time [h:m:s.ms]:   0:00:01.491



-----DMFT-loop   10 (max:  100)-----
 0 SOLVES INEQ SITE: 0001
Updated impHloc:
            #Ek_l1_s1              Vk_l1_s1             #Ek_l1_s2              Vk_l1_s2
      -1.587484752650        0.384697668884       -3.977310302049       -0.000029405386
      -0.246076828184        0.168127392357       -1.740146627024       -0.000031843487
      -0.118103195679        0.192898314006       -0.295939932207        0.101085484509
       0.282072440398        0.096642785291       -1.298586532466       -0.000050120760
       1.454310157690       -0.095529165424        0.134487157377        0.233317195519
       3.929572160751       -0.000000063457        1.100290492842        0.354383575321
Diagonalize impurity H:
 
  +ETA --> fort.6
  10% |ETA: 0:00:00.521 @21 May 2019  10:55:03
  20% |ETA: 0:00:00.596
  31% |ETA: 0:00:00.730
  40% |ETA: 0:00:00.596
  50% |ETA: 0:00:00.728 @21 May 2019  10:55:03
  60% |ETA: 0:00:00.594
  70% |ETA: 0:00:00.918
  81% |ETA: 0:00:00.539
  90% |ETA: 0:00:00.582
 100% |ETA: 0:00:00.000
Total time [h:m:s.ms]:   0:00:00.354
#     i               E_i       exp(-(E-E0)/T)       Sect       Dim    Indices:
     1  -10.279874258930   1.000000000000E+00         30       735   3   5
Egs =    -10.279874258930   3   5
Z   =      1.000000000000
Get impurity Greens functions:
Get G_l1_s1
Total time [h:m:s.ms]:   0:00:00.019
Get G_l1_s2
Total time [h:m:s.ms]:   0:00:00.021
dens_ineq0001=    1.000116929315    1.000116929315
docc_ineq0001=    0.034998372651
mag _ineq0001=   -0.866379887298
Total time [h:m:s.ms]:   0:00:00.441
Get local Matsubara Green's function (no print)
Direct Inversion algorithm:
 
  +ETA --> fort.6
  10% |ETA: 0:00:00.770 @21 May 2019  10:55:04
  20% |ETA: 0:00:00.682
  30% |ETA: 0:00:00.596
  40% |ETA: 0:00:00.507
  50% |ETA: 0:00:00.843 @21 May 2019  10:55:04
  60% |ETA: 0:00:00.671
  70% |ETA: 0:00:00.502
  80% |ETA: 0:00:00.671
  90% |ETA: 0:00:00.684
 100% |ETA: 0:00:00.000
Total time [h:m:s.ms]:   0:00:00.863
Gloc matsubara: write spin-orbital diagonal elements. Split.
Store Gloc_l11_s1_iw_indx*.dat in Gloc_l11_s1_iw.tgz
Store Gloc_l11_s2_iw_indx*.dat in Gloc_l11_s2_iw.tgz
Updated impHloc:
chi^2|iter_ineq0001=    9.575707036E-08 |    12  <--  Orb1 Spin1
            #Ek_l1_s1              Vk_l1_s1             #Ek_l1_s2              Vk_l1_s2
      -1.588102625691        0.384961257299       -3.977310302049       -0.000029405386
      -0.246735467656        0.167782916397       -1.740146627024       -0.000031843487
      -0.118197088940        0.193407076008       -0.295939932207        0.101085484509
       0.283589543887        0.096476871338       -1.298586532466       -0.000050120760
       1.454251054669       -0.095765882405        0.134487157377        0.233317195519
       3.929572160751       -0.000000063457        1.100290492842        0.354383575321
Updated impHloc:
chi^2|iter_ineq0001=    9.596585201E-06 |     4  <--  Orb1 Spin2
            #Ek_l1_s1              Vk_l1_s1             #Ek_l1_s2              Vk_l1_s2
      -1.588102625691        0.384961257299       -3.977310302049       -0.000029436759
      -0.246735467656        0.167782916397       -1.740146627023       -0.000031774580
      -0.118197088940        0.193407076008       -0.295974645133        0.100813876684
       0.283589543887        0.096476871338       -1.298586532465       -0.000049990494
       1.454251054669       -0.095765882405        0.134531490445        0.233268104733
       3.929572160751       -0.000000063457        1.100299249541        0.354515771910
[1;91mmax error=[0m  3.5686611E-05
[1;91m    error=[0m  3.5686611E-05
[1;91mmin error=[0m  3.5686611E-05
=====================================
Total time [h:m:s.ms]:   0:00:01.448



-----DMFT-loop   11 (max:  100)-----
 0 SOLVES INEQ SITE: 0001
Updated impHloc:
            #Ek_l1_s1              Vk_l1_s1             #Ek_l1_s2              Vk_l1_s2
      -1.587793689171        0.384829463091       -3.977310302049       -0.000029421073
      -0.246406147920        0.167955154377       -1.740146627024       -0.000031809034
      -0.118150142310        0.193152695007       -0.295957288670        0.100949680597
       0.282830992143        0.096559828315       -1.298586532466       -0.000050055627
       1.454280606179       -0.095647523915        0.134509323911        0.233292650126
       3.929572160751       -0.000000063457        1.100294871192        0.354449673616
Diagonalize impurity H:
 
  +ETA --> fort.6
  10% |ETA: 0:00:00.521 @21 May 2019  10:55:05
  20% |ETA: 0:00:00.627
  31% |ETA: 0:00:00.774
  40% |ETA: 0:00:00.643
  50% |ETA: 0:00:00.788 @21 May 2019  10:55:05
  60% |ETA: 0:00:00.674
  70% |ETA: 0:00:00.526
  81% |ETA: 0:00:00.618
  90% |ETA: 0:00:00.670
 100% |ETA: 0:00:00.000
Total time [h:m:s.ms]:   0:00:00.408
#     i               E_i       exp(-(E-E0)/T)       Sect       Dim    Indices:
     1  -10.280633788996   1.000000000000E+00         30       735   3   5
Egs =    -10.280633788996   3   5
Z   =      1.000000000000
Get impurity Greens functions:
Get G_l1_s1
Total time [h:m:s.ms]:   0:00:00.020
Get G_l1_s2
Total time [h:m:s.ms]:   0:00:00.021
dens_ineq0001=    1.000130074563    1.000130074563
docc_ineq0001=    0.035012653908
mag _ineq0001=   -0.866363643424
Total time [h:m:s.ms]:   0:00:00.505
Get local Matsubara Green's function (no print)
Direct Inversion algorithm:
 
  +ETA --> fort.6
  10% |ETA: 0:00:00.814 @21 May 2019  10:55:05
  20% |ETA: 0:00:00.714
  30% |ETA: 0:00:00.619
  40% |ETA: 0:00:00.530
  50% |ETA: 0:00:00.881 @21 May 2019  10:55:06
  60% |ETA: 0:00:00.700
  70% |ETA: 0:00:00.522
  80% |ETA: 0:00:00.693
  90% |ETA: 0:00:00.691
 100% |ETA: 0:00:00.000
Total time [h:m:s.ms]:   0:00:00.865
Gloc matsubara: write spin-orbital diagonal elements. Split.
Store Gloc_l11_s1_iw_indx*.dat in Gloc_l11_s1_iw.tgz
Store Gloc_l11_s2_iw_indx*.dat in Gloc_l11_s2_iw.tgz
Updated impHloc:
chi^2|iter_ineq0001=    9.699273455E-08 |     4  <--  Orb1 Spin1
            #Ek_l1_s1              Vk_l1_s1             #Ek_l1_s2              Vk_l1_s2
      -1.587791951265        0.384893686874       -3.977310302049       -0.000029421073
      -0.246408836192        0.167994285819       -1.740146627024       -0.000031809034
      -0.118104968281        0.193218502951       -0.295957288670        0.100949680597
       0.282864660123        0.096354871072       -1.298586532466       -0.000050055627
       1.454281752788       -0.095612699719        0.134509323911        0.233292650126
       3.929572160751       -0.000000063457        1.100294871192        0.354449673616
Updated impHloc:
chi^2|iter_ineq0001=    9.592580109E-06 |     4  <--  Orb1 Spin2
            #Ek_l1_s1              Vk_l1_s1             #Ek_l1_s2              Vk_l1_s2
      -1.587791951265        0.384893686874       -3.977310302048       -0.000029431761
      -0.246408836192        0.167994285819       -1.740146627023       -0.000031838978
      -0.118104968281        0.193218502951       -0.295971510383        0.100819751509
       0.282864660123        0.096354871072       -1.298586532467       -0.000050049312
       1.454281752788       -0.095612699719        0.134543335874        0.233255606786
       3.929572160751       -0.000000063457        1.100308250568        0.354527409311
[1;91mmax error=[0m  1.8902257E-05
[1;91m    error=[0m  1.8902257E-05
[1;91mmin error=[0m  1.8902257E-05
=====================================
Total time [h:m:s.ms]:   0:00:01.486



-----DMFT-loop   12 (max:  100)-----
 0 SOLVES INEQ SITE: 0001
Updated impHloc:
            #Ek_l1_s1              Vk_l1_s1             #Ek_l1_s2              Vk_l1_s2
      -1.587792820218        0.384861574983       -3.977310302049       -0.000029426417
      -0.246407492056        0.167974720098       -1.740146627023       -0.000031824006
      -0.118127555295        0.193185598979       -0.295964399526        0.100884716053
       0.282847826133        0.096457349693       -1.298586532466       -0.000050052470
       1.454281179484       -0.095630111817        0.134526329893        0.233274128456
       3.929572160751       -0.000000063457        1.100301560880        0.354488541464
Diagonalize impurity H:
 
  +ETA --> fort.6
  10% |ETA: 0:00:00.521 @21 May 2019  10:55:06
  20% |ETA: 0:00:00.627
  31% |ETA: 0:00:00.739
  40% |ETA: 0:00:00.613
  50% |ETA: 0:00:00.748 @21 May 2019  10:55:06
  60% |ETA: 0:00:00.610
  70% |ETA: 0:00:00.945
  81% |ETA: 0:00:00.563
  90% |ETA: 0:00:00.620
 100% |ETA: 0:00:00.000
Total time [h:m:s.ms]:   0:00:00.377
#     i               E_i       exp(-(E-E0)/T)       Sect       Dim    Indices:
     1  -10.280640480705   1.000000000000E+00         30       735   3   5
Egs =    -10.280640480705   3   5
Z   =      1.000000000000
Get impurity Greens functions:
Get G_l1_s1
Total time [h:m:s.ms]:   0:00:00.020
Get G_l1_s2
Total time [h:m:s.ms]:   0:00:00.021
dens_ineq0001=    1.000136295818    1.000136295818
docc_ineq0001=    0.035018682269
mag _ineq0001=   -0.866359967173
Total time [h:m:s.ms]:   0:00:00.466
Get local Matsubara Green's function (no print)
Direct Inversion algorithm:
 
  +ETA --> fort.6
  10% |ETA: 0:00:00.788 @21 May 2019  10:55:07
  20% |ETA: 0:00:00.690
  30% |ETA: 0:00:00.608
  40% |ETA: 0:00:00.540
  50% |ETA: 0:00:00.908 @21 May 2019  10:55:07
  60% |ETA: 0:00:00.724
  70% |ETA: 0:00:00.541
  80% |ETA: 0:00:00.723
  90% |ETA: 0:00:00.723
 100% |ETA: 0:00:00.000
Total time [h:m:s.ms]:   0:00:00.902
Gloc matsubara: write spin-orbital diagonal elements. Split.
Store Gloc_l11_s1_iw_indx*.dat in Gloc_l11_s1_iw.tgz
Store Gloc_l11_s2_iw_indx*.dat in Gloc_l11_s2_iw.tgz
Updated impHloc:
chi^2|iter_ineq0001=    9.055894397E-08 |    18  <--  Orb1 Spin1
            #Ek_l1_s1              Vk_l1_s1             #Ek_l1_s2              Vk_l1_s2
      -1.590978219328        0.384856631254       -3.977310302049       -0.000029426417
      -0.249575934699        0.166875749929       -1.740146627023       -0.000031824006
      -0.118571397025        0.194569631526       -0.295964399526        0.100884716053
       0.286173923881        0.097020999864       -1.298586532466       -0.000050052470
       1.454102568659       -0.094436057278        0.134526329893        0.233274128456
       3.929572160751       -0.000000063457        1.100301560880        0.354488541464
Updated impHloc:
chi^2|iter_ineq0001=    9.589934266E-06 |     4  <--  Orb1 Spin2
            #Ek_l1_s1              Vk_l1_s1             #Ek_l1_s2              Vk_l1_s2
      -1.590978219328        0.384856631254       -3.977310302049       -0.000029295778
      -0.249575934699        0.166875749929       -1.740146627025       -0.000031678280
      -0.118571397025        0.194569631526       -0.295967382278        0.100823843759
       0.286173923881        0.097020999864       -1.298586532466       -0.000049981673
       1.454102568659       -0.094436057278        0.134545781203        0.233244832714
       3.929572160751       -0.000000063457        1.100323614002        0.354545016310
[1;91mmax error=[0m  1.1368748E-05
[1;91m    error=[0m  1.1368748E-05
[1;91mmin error=[0m  1.1368748E-05
=====================================
Total time [h:m:s.ms]:   0:00:01.525



-----DMFT-loop   13 (max:  100)-----
 0 SOLVES INEQ SITE: 0001
Updated impHloc:
            #Ek_l1_s1              Vk_l1_s1             #Ek_l1_s2              Vk_l1_s2
      -1.589385519773        0.384859103118       -3.977310302049       -0.000029361097
      -0.247991713377        0.167425235014       -1.740146627024       -0.000031751143
      -0.118349476160        0.193877615253       -0.295965890902        0.100854279906
       0.284510875007        0.096739174779       -1.298586532466       -0.000050017071
       1.454191874071       -0.095033084547        0.134536055548        0.233259480585
       3.929572160751       -0.000000063457        1.100312587441        0.354516778887
Diagonalize impurity H:
 
  +ETA --> fort.6
  10% |ETA: 0:00:00.521 @21 May 2019  10:55:08
  20% |ETA: 0:00:00.596
  31% |ETA: 0:00:00.721
  40% |ETA: 0:00:00.584
  50% |ETA: 0:00:00.716 @21 May 2019  10:55:08
  60% |ETA: 0:00:00.587
  70% |ETA: 0:00:00.918
  81% |ETA: 0:00:00.539
  90% |ETA: 0:00:00.584
 100% |ETA: 0:00:00.000
Total time [h:m:s.ms]:   0:00:00.354
#     i               E_i       exp(-(E-E0)/T)       Sect       Dim    Indices:
     1  -10.284058519212   1.000000000000E+00         30       735   3   5
Egs =    -10.284058519212   3   5
Z   =      1.000000000000
Get impurity Greens functions:
Get G_l1_s1
Total time [h:m:s.ms]:   0:00:00.019
Get G_l1_s2
Total time [h:m:s.ms]:   0:00:00.021
dens_ineq0001=    1.000139488320    1.000139488320
docc_ineq0001=    0.035021528362
mag _ineq0001=   -0.866362732474
Total time [h:m:s.ms]:   0:00:00.442
Get local Matsubara Green's function (no print)
Direct Inversion algorithm:
 
  +ETA --> fort.6
  10% |ETA: 0:00:00.753 @21 May 2019  10:55:08
  20% |ETA: 0:00:00.674
  30% |ETA: 0:00:00.601
  40% |ETA: 0:00:00.539
  50% |ETA: 0:00:00.897 @21 May 2019  10:55:09
  60% |ETA: 0:00:00.721
  70% |ETA: 0:00:00.540
  80% |ETA: 0:00:00.721
  90% |ETA: 0:00:00.716
 100% |ETA: 0:00:00.500
Total time [h:m:s.ms]:   0:00:00.892
Gloc matsubara: write spin-orbital diagonal elements. Split.
Store Gloc_l11_s1_iw_indx*.dat in Gloc_l11_s1_iw.tgz
Store Gloc_l11_s2_iw_indx*.dat in Gloc_l11_s2_iw.tgz
Updated impHloc:
chi^2|iter_ineq0001=    8.978363045E-08 |    10  <--  Orb1 Spin1
            #Ek_l1_s1              Vk_l1_s1             #Ek_l1_s2              Vk_l1_s2
      -1.589995999887        0.384670768073       -3.977310302049       -0.000029361097
      -0.248349455417        0.167279860146       -1.740146627024       -0.000031751143
      -0.118417046302        0.194101674294       -0.295965890902        0.100854279906
       0.284019181139        0.096641944145       -1.298586532466       -0.000050017071
       1.454190416440       -0.094260568433        0.134536055548        0.233259480585
       3.929572160751       -0.000000063457        1.100312587441        0.354516778887
Updated impHloc:
chi^2|iter_ineq0001=    9.587731878E-06 |     4  <--  Orb1 Spin2
            #Ek_l1_s1              Vk_l1_s1             #Ek_l1_s2              Vk_l1_s2
      -1.589995999887        0.384670768073       -3.977310302049       -0.000029284786
      -0.248349455417        0.167279860146       -1.740146627021       -0.000031380872
      -0.118417046302        0.194101674294       -0.295958519075        0.100829702910
       0.284019181139        0.096641944145       -1.298586532466       -0.000049952010
       1.454190416440       -0.094260568433        0.134539066426        0.233231108019
       3.929572160751       -0.000000063457        1.100363917981        0.354583569548
[1;93mmax error=[0m  7.6977302E-06
[1;93m    error=[0m  7.6977302E-06
[1;93mmin error=[0m  7.6977302E-06
=====================================
Total time [h:m:s.ms]:   0:00:01.467



-----DMFT-loop   14 (max:  100)-----
 0 SOLVES INEQ SITE: 0001
Updated impHloc:
            #Ek_l1_s1              Vk_l1_s1             #Ek_l1_s2              Vk_l1_s2
      -1.589690759830        0.384764935596       -3.977310302049       -0.000029322942
      -0.248170584397        0.167352547580       -1.740146627022       -0.000031566007
      -0.118383261231        0.193989644774       -0.295962204988        0.100841991408
       0.284265028073        0.096690559462       -1.298586532466       -0.000049984541
       1.454191145256       -0.094646826490        0.134537560987        0.233245294302
       3.929572160751       -0.000000063457        1.100338252711        0.354550174217
Diagonalize impurity H:
 
  +ETA --> fort.6
  10% |ETA: 0:00:00.521 @21 May 2019  10:55:09
  20% |ETA: 0:00:00.580
  31% |ETA: 0:00:00.730
  40% |ETA: 0:00:00.608
  50% |ETA: 0:00:00.732 @21 May 2019  10:55:09
  60% |ETA: 0:00:00.594
  70% |ETA: 0:00:00.915
  81% |ETA: 0:00:00.535
  90% |ETA: 0:00:00.580
 100% |ETA: 0:00:00.000
Total time [h:m:s.ms]:   0:00:00.353
#     i               E_i       exp(-(E-E0)/T)       Sect       Dim    Indices:
     1  -10.284558726921   1.000000000000E+00         30       735   3   5
Egs =    -10.284558726921   3   5
Z   =      1.000000000000
Get impurity Greens functions:
Get G_l1_s1
Total time [h:m:s.ms]:   0:00:00.018
Get G_l1_s2
Total time [h:m:s.ms]:   0:00:00.020
dens_ineq0001=    1.000135755206    1.000135755206
docc_ineq0001=    0.035017274567
mag _ineq0001=   -0.866370675716
Total time [h:m:s.ms]:   0:00:00.438
Get local Matsubara Green's function (no print)
Direct Inversion algorithm:
 
  +ETA --> fort.6
  10% |ETA: 0:00:00.744 @21 May 2019  10:55:10
  20% |ETA: 0:00:00.666
  30% |ETA: 0:00:00.584
  40% |ETA: 0:00:00.500
  50% |ETA: 0:00:00.835 @21 May 2019  10:55:10
  60% |ETA: 0:00:00.668
  70% |ETA: 0:00:00.506
  80% |ETA: 0:00:00.674
  90% |ETA: 0:00:00.677
 100% |ETA: 0:00:00.000
Total time [h:m:s.ms]:   0:00:00.857
Gloc matsubara: write spin-orbital diagonal elements. Split.
Store Gloc_l11_s1_iw_indx*.dat in Gloc_l11_s1_iw.tgz
Store Gloc_l11_s2_iw_indx*.dat in Gloc_l11_s2_iw.tgz
Updated impHloc:
chi^2|iter_ineq0001=    8.885585580E-08 |    10  <--  Orb1 Spin1
            #Ek_l1_s1              Vk_l1_s1             #Ek_l1_s2              Vk_l1_s2
      -1.590548495927        0.384398946384       -3.977310302049       -0.000029322942
      -0.249105098018        0.167604212110       -1.740146627022       -0.000031566007
      -0.118342380519        0.194074861725       -0.295962204988        0.100841991408
       0.284312082631        0.096642601578       -1.298586532466       -0.000049984541
       1.454159107843       -0.094278358783        0.134537560987        0.233245294302
       3.929572160751       -0.000000063457        1.100338252711        0.354550174217
Updated impHloc:
chi^2|iter_ineq0001=    9.498308102E-06 |    18  <--  Orb1 Spin2
            #Ek_l1_s1              Vk_l1_s1             #Ek_l1_s2              Vk_l1_s2
      -1.590548495927        0.384398946384       -3.977310302020        0.000004869258
      -0.249105098018        0.167604212110       -1.740146626580       -0.000009835492
      -0.118342380519        0.194074861725       -0.299155598851        0.101778283972
       0.284312082631        0.096642601578       -1.298586531597        0.000012483314
       1.454159107843       -0.094278358783        0.134982090702        0.233871790305
       3.929572160751       -0.000000063457        1.125558122252        0.357382174636
[1;92mmax error=[0m  4.3593496E-06
[1;92m    error=[0m  4.3593496E-06
[1;92mmin error=[0m  4.3593496E-06
=====================================
Total time [h:m:s.ms]:   0:00:01.470


Get local Realaxis Green's function (no print)
Direct Inversion algorithm:
 
  +ETA --> fort.6
  10% |ETA: 0:00:00.770 @21 May 2019  10:55:11
  20% |ETA: 0:00:00.686
  30% |ETA: 0:00:00.605
  40% |ETA: 0:00:00.524
  50% |ETA: 0:00:00.887 @21 May 2019  10:55:11
  60% |ETA: 0:00:00.708
  70% |ETA: 0:00:00.532
  80% |ETA: 0:00:00.725
  90% |ETA: 0:00:00.731
 100% |ETA: 0:00:00.000
Total time [h:m:s.ms]:   0:00:00.459
Gloc real: write spin-orbital diagonal elements. Split.
Store Gloc_l11_s1_realw_indx*.dat in Gloc_l11_s1_realw.tgz
Store Gloc_l11_s2_realw_indx*.dat in Gloc_l11_s2_realw.tgz
