    1  1.0000000E+00
    2  2.3218492E-03
    3  9.2824947E-05
    4  9.2476572E-05
    5  1.2907846E-04
    6  1.3711034E-04
    7  1.7444188E-04
    8  1.4252930E-04
    9  1.3629615E-04
   10  1.2890483E-04
   11  1.0019521E-04
   12  7.8493725E-05
   13  7.2481133E-05
   14  5.9440009E-05
   15  4.9305648E-05
   16  1.6328283E-02
   17  3.9047971E-03
   18  2.4230912E-03
   19  2.4223544E-03
   20  3.7781905E-03
   21  2.4412917E-03
   22  1.3905606E-03
   23  7.6413063E-04
   24  4.1451405E-04
   25  4.3668477E-02
   26  4.3406654E-02
   27  2.2446274E-03
   28  4.0806689E-04
   29  1.7816875E-04
   30  2.6542944E-04
   31  4.9610966E-02
   32  4.9422254E-02
   33  2.1170053E-04
   34  1.5882489E-04
   35  5.0543764E-02
   36  5.0969668E-02
   37  4.7185537E-02
   38  4.7129452E-02
   39  4.4011082E-02
   40  3.8480103E-03
   41  3.7746399E-03
   42  3.3783709E-03
   43  2.8108313E-03
   44  2.1657539E-03
   45  1.7396615E-03
   46  1.3509019E-03
   47  1.0587358E-03
   48  7.4886993E-04
   49  4.8887299E-04
   50  3.2968065E-04
   51  2.2156878E-04
   52  1.5162442E-04
   53  1.0750503E-04
   54  7.2887888E-05
   55  7.0589005E-05
   56  6.6881723E-05
   57  6.8189533E-05
   58  7.0271587E-05
   59  7.0300617E-05
   60  7.0987204E-05
   61  6.5555083E-05
   62  6.9330504E-05
   63  6.6347215E-05
   64  4.9856024E-05
   65  4.3310661E-05
   66  4.2823221E-05
   67  3.4816678E-05
   68  3.2790653E-05
   69  3.0213518E-05
   70  2.7792362E-05
   71  2.2991348E-05
   72  2.8775398E-05
   73  2.5281520E-05
   74  2.0000723E-05
   75  1.9298446E-05
   76  1.5850705E-05
   77  1.1828138E-05
   78  1.1414597E-05
   79  6.9219226E-06
   80  1.4394662E-06
