 wrong dimensions parsing variable:   ULOC
 expecting a comma separated list of:            5
SCIFOR VERSION (GIT): f51d8963e73e1a7f5e05ca328195b114bbdf41ec
Timestamp: +21 May 2019  10:20:02.323
 
CODE VERSION: 30030ed680c7b62ac87f0fc221aa358a61913d81
Timestamp: +21 May 2019  10:20:02.324
 
 Build H(k)    :         441
 # of SO-bands :           2
Using Reciprocal Lattice vectors:
bk_x = [  6.2832  0.0000  0.0000]
bk_y = [  0.0000  6.2832  0.0000]
bk_z = [  0.0000  0.0000  6.2832]
Get local Realaxis Green's function (no print)
Direct Inversion algorithm:
 
  +ETA --> fort.6
  10% |ETA: 0:00:00.642 @21 May 2019  10:20:02
  20% |ETA: 0:00:00.569
  30% |ETA: 0:00:00.981
  40% |ETA: 0:00:00.841
  50% |ETA: 0:00:00.706 @21 May 2019  10:20:02
  60% |ETA: 0:00:00.565
  70% |ETA: 0:00:00.844
  80% |ETA: 0:00:00.562
  90% |ETA: 0:00:00.561
 100% |ETA: 0:00:00.000
Total time [h:m:s.ms]:   0:00:00.703
dos_Hk real: write spin-orbital diagonal elements.
Using Reciprocal Lattice vectors:
bk_x = [  6.2832  0.0000  0.0000]
bk_y = [  0.0000  6.2832  0.0000]
bk_z = [  0.0000  0.0000  6.2832]
 Solving model along the path:
Point1: [ 0.0000 0.0000]
Point2: [ 3.1416 0.0000]
Point3: [ 3.1416 3.1416]
Point4: [ 0.0000 0.0000]
INIT SOLVER FOR 
Summary:
--------------------------------------------
# of levels/spin      =               8
Total size            =              16
# of impurities       =               2
# of bath/impurity    =               3
# of Bath levels/spin =               6
Number of sectors     =              81
Ns_Orb                =               8
Ns_Ud                 =               1
Largest Sector(s)     =       70        70                4900
--------------------------------------------
Required Lanc_nstates_total=1 => set T=0 calculation
Lanczos ZERO temperature calculation:
Updated impHloc:
  1.000    0.000
  0.000   -1.000
 
Reading bath from filehamiltonian.restart
there are        3 lines in +hamiltonian.restart
Looking into     45 sectors out of        81

-----DMFT-loop    1 (max:  100)-----
Updated impHloc:
  1.000    0.000
  0.000   -1.000
 
            #Ek_l1_s1              Vk_l1_s1             #Ek_l2_s1              Vk_l2_s1
      -1.228766418163        0.316858308289       -2.792343161920        0.322911117189
      -0.550918191321       -0.133936318672        0.468570008893       -0.100135466553
       2.921120719592        0.333327648870        1.139795488752       -0.323912825607
Diagonalize impurity H:
         1-Solving sector:        1, nup:  0, ndw:  0, dims=     1     1                   1
Total time [h:m:s.ms]:   0:00:00.000
         2-Solving sector:       10, nup:  1, ndw:  0, dims=     8     1                   8
Total time [h:m:s.ms]:   0:00:00.001
         3-Solving sector:       11, nup:  1, ndw:  1, dims=     8     8                  64
Total time [h:m:s.ms]:   0:00:00.001
         4-Solving sector:       19, nup:  2, ndw:  0, dims=    28     1                  28
Total time [h:m:s.ms]:   0:00:00.000
         5-Solving sector:       20, nup:  2, ndw:  1, dims=    28     8                 224
Total time [h:m:s.ms]:   0:00:00.021
         6-Solving sector:       21, nup:  2, ndw:  2, dims=    28    28                 784, Lanc Info:     1   512    10
Total time [h:m:s.ms]:   0:00:00.005
         7-Solving sector:       28, nup:  3, ndw:  0, dims=    56     1                  56
Total time [h:m:s.ms]:   0:00:00.001
         8-Solving sector:       29, nup:  3, ndw:  1, dims=    56     8                 448, Lanc Info:     1   448    10
Total time [h:m:s.ms]:   0:00:00.002
         9-Solving sector:       30, nup:  3, ndw:  2, dims=    56    28                1568, Lanc Info:     1   512    10
Total time [h:m:s.ms]:   0:00:00.008
        10-Solving sector:       31, nup:  3, ndw:  3, dims=    56    56                3136, Lanc Info:     1   512    10
Total time [h:m:s.ms]:   0:00:00.018
        11-Solving sector:       37, nup:  4, ndw:  0, dims=    70     1                  70
Total time [h:m:s.ms]:   0:00:00.002
        12-Solving sector:       38, nup:  4, ndw:  1, dims=    70     8                 560, Lanc Info:     1   512    10
Total time [h:m:s.ms]:   0:00:00.002
        13-Solving sector:       39, nup:  4, ndw:  2, dims=    70    28                1960, Lanc Info:     1   512    10
Total time [h:m:s.ms]:   0:00:00.009
        14-Solving sector:       40, nup:  4, ndw:  3, dims=    70    56                3920, Lanc Info:     1   512    10
Total time [h:m:s.ms]:   0:00:00.020
        15-Solving sector:       41, nup:  4, ndw:  4, dims=    70    70                4900, Lanc Info:     1   512    10
Total time [h:m:s.ms]:   0:00:00.032
        16-Solving sector:       46, nup:  5, ndw:  0, dims=    56     1                  56
Total time [h:m:s.ms]:   0:00:00.001
        17-Solving sector:       47, nup:  5, ndw:  1, dims=    56     8                 448, Lanc Info:     1   448    10
Total time [h:m:s.ms]:   0:00:00.002
        18-Solving sector:       48, nup:  5, ndw:  2, dims=    56    28                1568, Lanc Info:     1   512    10
Total time [h:m:s.ms]:   0:00:00.007
        19-Solving sector:       49, nup:  5, ndw:  3, dims=    56    56                3136, Lanc Info:     1   512    10
Total time [h:m:s.ms]:   0:00:00.013
        20-Solving sector:       50, nup:  5, ndw:  4, dims=    56    70                3920, Lanc Info:     1   512    10
Total time [h:m:s.ms]:   0:00:00.021
        21-Solving sector:       51, nup:  5, ndw:  5, dims=    56    56                3136, Lanc Info:     1   512    10
Total time [h:m:s.ms]:   0:00:00.018
        22-Solving sector:       55, nup:  6, ndw:  0, dims=    28     1                  28
Total time [h:m:s.ms]:   0:00:00.001
        23-Solving sector:       56, nup:  6, ndw:  1, dims=    28     8                 224
Total time [h:m:s.ms]:   0:00:00.020
        24-Solving sector:       57, nup:  6, ndw:  2, dims=    28    28                 784, Lanc Info:     1   512    10
Total time [h:m:s.ms]:   0:00:00.003
        25-Solving sector:       58, nup:  6, ndw:  3, dims=    28    56                1568, Lanc Info:     1   512    10
Total time [h:m:s.ms]:   0:00:00.006
        26-Solving sector:       59, nup:  6, ndw:  4, dims=    28    70                1960, Lanc Info:     1   512    10
Total time [h:m:s.ms]:   0:00:00.009
        27-Solving sector:       60, nup:  6, ndw:  5, dims=    28    56                1568, Lanc Info:     1   512    10
Total time [h:m:s.ms]:   0:00:00.008
        28-Solving sector:       61, nup:  6, ndw:  6, dims=    28    28                 784, Lanc Info:     1   512    10
Total time [h:m:s.ms]:   0:00:00.003
        29-Solving sector:       64, nup:  7, ndw:  0, dims=     8     1                   8
Total time [h:m:s.ms]:   0:00:00.000
        30-Solving sector:       65, nup:  7, ndw:  1, dims=     8     8                  64
Total time [h:m:s.ms]:   0:00:00.000
        31-Solving sector:       66, nup:  7, ndw:  2, dims=     8    28                 224
Total time [h:m:s.ms]:   0:00:00.019
        32-Solving sector:       67, nup:  7, ndw:  3, dims=     8    56                 448, Lanc Info:     1   448    10
Total time [h:m:s.ms]:   0:00:00.003
        33-Solving sector:       68, nup:  7, ndw:  4, dims=     8    70                 560, Lanc Info:     1   512    10
Total time [h:m:s.ms]:   0:00:00.002
        34-Solving sector:       69, nup:  7, ndw:  5, dims=     8    56                 448, Lanc Info:     1   448    10
Total time [h:m:s.ms]:   0:00:00.002
        35-Solving sector:       70, nup:  7, ndw:  6, dims=     8    28                 224
Total time [h:m:s.ms]:   0:00:00.019
        36-Solving sector:       71, nup:  7, ndw:  7, dims=     8     8                  64
Total time [h:m:s.ms]:   0:00:00.001
        37-Solving sector:       73, nup:  8, ndw:  0, dims=     1     1                   1
Total time [h:m:s.ms]:   0:00:00.000
        38-Solving sector:       74, nup:  8, ndw:  1, dims=     1     8                   8
Total time [h:m:s.ms]:   0:00:00.000
        39-Solving sector:       75, nup:  8, ndw:  2, dims=     1    28                  28
Total time [h:m:s.ms]:   0:00:00.000
        40-Solving sector:       76, nup:  8, ndw:  3, dims=     1    56                  56
Total time [h:m:s.ms]:   0:00:00.001
        41-Solving sector:       77, nup:  8, ndw:  4, dims=     1    70                  70
Total time [h:m:s.ms]:   0:00:00.001
        42-Solving sector:       78, nup:  8, ndw:  5, dims=     1    56                  56
Total time [h:m:s.ms]:   0:00:00.001
        43-Solving sector:       79, nup:  8, ndw:  6, dims=     1    28                  28
Total time [h:m:s.ms]:   0:00:00.000
        44-Solving sector:       80, nup:  8, ndw:  7, dims=     1     8                   8
Total time [h:m:s.ms]:   0:00:00.000
        45-Solving sector:       81, nup:  8, ndw:  8, dims=     1     1                   1
Total time [h:m:s.ms]:   0:00:00.000
Total time [h:m:s.ms]:   0:00:00.292
#     i               E_i       exp(-(E-E0)/T)       Sect       Dim    Indices:
     1  -12.335312199883   1.000000000000E+00         49      3136   5   3
     2  -12.335312199883   1.000000000000E+00         33      3136   3   5
Egs =    -12.335312199883   5   3
Egs =    -12.335312199883   3   5
Z   =      2.000000000000
Get impurity Greens functions:
Get G_l1_s1
 add particle:    58
 del particle:    40
 add particle:    42
 del particle:    24
Total time [h:m:s.ms]:   0:00:00.098
Get G_l2_s1
 add particle:    58
 del particle:    40
 add particle:    42
 del particle:    24
Total time [h:m:s.ms]:   0:00:00.093
dens=    0.999869080109    1.000196739693    2.000065819803
docc=    0.005912134296    0.006034817551
<Hint>  =   -3.030862994321
<V>     =    1.006855856524
<E0>    =   -0.000327659584
<Ehf>   =   -4.037718850845
Dust    =    0.012052570800
Dund    =    0.987955321038
Get local Matsubara Green's function (no print)
 
  +ETA --> fort.6
  10% |ETA: 0:00:01.594 @21 May 2019  10:20:06
  20% |ETA: 0:00:01.531
  30% |ETA: 0:00:00.937
  40% |ETA: 0:00:00.811
  50% |ETA: 0:00:00.673 @21 May 2019  10:20:07
  60% |ETA: 0:00:00.537
  70% |ETA: 0:00:00.801
  80% |ETA: 0:00:00.533
  90% |ETA: 0:00:00.531
 100% |ETA: 0:00:00.000
Total time [h:m:s.ms]:   0:00:01.328
Gloc matsubara: write spin-orbital diagonal elements.
\Chi2 fit with CG-nr and CG-weight: 1 on: weiss
chi^2|iter=    2.373547818E-08 |    29  <--  Orb1 Spin1
chi^2|iter=    8.848684431E-09 |    88  <--  Orb2 Spin1
            #Ek_l1_s1              Vk_l1_s1             #Ek_l2_s1              Vk_l2_s1
      -1.262940802125        0.324244720392       -3.143462036454        0.339700035697
      -0.549457497230       -0.100168416755        0.533819331250       -0.098835526815
       2.940073794983        0.325363184516        1.283143431542       -0.328435725939
[1;91merror=[0m  1.0000000E+00
=====================================
Total time [h:m:s.ms]:   0:00:02.069



-----DMFT-loop    2 (max:  100)-----
Updated impHloc:
  1.000    0.000
  0.000   -1.000
 
            #Ek_l1_s1              Vk_l1_s1             #Ek_l2_s1              Vk_l2_s1
      -1.262940802125        0.324244720392       -3.143462036454        0.339700035697
      -0.549457497230       -0.100168416755        0.533819331250       -0.098835526815
       2.940073794983        0.325363184516        1.283143431542       -0.328435725939
Diagonalize impurity H:
         1-Solving sector:        1, nup:  0, ndw:  0, dims=     1     1                   1
Total time [h:m:s.ms]:   0:00:00.000
         2-Solving sector:       10, nup:  1, ndw:  0, dims=     8     1                   8
Total time [h:m:s.ms]:   0:00:00.000
         3-Solving sector:       11, nup:  1, ndw:  1, dims=     8     8                  64
Total time [h:m:s.ms]:   0:00:00.001
         4-Solving sector:       19, nup:  2, ndw:  0, dims=    28     1                  28
Total time [h:m:s.ms]:   0:00:00.000
         5-Solving sector:       20, nup:  2, ndw:  1, dims=    28     8                 224
Total time [h:m:s.ms]:   0:00:00.022
         6-Solving sector:       21, nup:  2, ndw:  2, dims=    28    28                 784, Lanc Info:     1   512    10
Total time [h:m:s.ms]:   0:00:00.004
         7-Solving sector:       28, nup:  3, ndw:  0, dims=    56     1                  56
Total time [h:m:s.ms]:   0:00:00.001
         8-Solving sector:       29, nup:  3, ndw:  1, dims=    56     8                 448, Lanc Info:     1   448    10
Total time [h:m:s.ms]:   0:00:00.002
         9-Solving sector:       30, nup:  3, ndw:  2, dims=    56    28                1568, Lanc Info:     1   512    10
Total time [h:m:s.ms]:   0:00:00.008
        10-Solving sector:       31, nup:  3, ndw:  3, dims=    56    56                3136, Lanc Info:     1   512    10
Total time [h:m:s.ms]:   0:00:00.020
        11-Solving sector:       37, nup:  4, ndw:  0, dims=    70     1                  70
Total time [h:m:s.ms]:   0:00:00.002
        12-Solving sector:       38, nup:  4, ndw:  1, dims=    70     8                 560, Lanc Info:     1   512    10
Total time [h:m:s.ms]:   0:00:00.003
        13-Solving sector:       39, nup:  4, ndw:  2, dims=    70    28                1960, Lanc Info:     1   512    10
Total time [h:m:s.ms]:   0:00:00.009
        14-Solving sector:       40, nup:  4, ndw:  3, dims=    70    56                3920, Lanc Info:     1   512    10
Total time [h:m:s.ms]:   0:00:00.022
        15-Solving sector:       41, nup:  4, ndw:  4, dims=    70    70                4900, Lanc Info:     1   512    10
Total time [h:m:s.ms]:   0:00:00.035
        16-Solving sector:       46, nup:  5, ndw:  0, dims=    56     1                  56
Total time [h:m:s.ms]:   0:00:00.001
        17-Solving sector:       47, nup:  5, ndw:  1, dims=    56     8                 448, Lanc Info:     1   448    10
Total time [h:m:s.ms]:   0:00:00.002
        18-Solving sector:       48, nup:  5, ndw:  2, dims=    56    28                1568, Lanc Info:     1   512    10
Total time [h:m:s.ms]:   0:00:00.006
        19-Solving sector:       49, nup:  5, ndw:  3, dims=    56    56                3136, Lanc Info:     1   512    10
Total time [h:m:s.ms]:   0:00:00.013
        20-Solving sector:       50, nup:  5, ndw:  4, dims=    56    70                3920, Lanc Info:     1   512    10
Total time [h:m:s.ms]:   0:00:00.023
        21-Solving sector:       51, nup:  5, ndw:  5, dims=    56    56                3136, Lanc Info:     1   512    10
Total time [h:m:s.ms]:   0:00:00.020
        22-Solving sector:       55, nup:  6, ndw:  0, dims=    28     1                  28
Total time [h:m:s.ms]:   0:00:00.000
        23-Solving sector:       56, nup:  6, ndw:  1, dims=    28     8                 224
Total time [h:m:s.ms]:   0:00:00.022
        24-Solving sector:       57, nup:  6, ndw:  2, dims=    28    28                 784, Lanc Info:     1   512    10
Total time [h:m:s.ms]:   0:00:00.004
        25-Solving sector:       58, nup:  6, ndw:  3, dims=    28    56                1568, Lanc Info:     1   512    10
Total time [h:m:s.ms]:   0:00:00.007
        26-Solving sector:       59, nup:  6, ndw:  4, dims=    28    70                1960, Lanc Info:     1   512    10
Total time [h:m:s.ms]:   0:00:00.010
        27-Solving sector:       60, nup:  6, ndw:  5, dims=    28    56                1568, Lanc Info:     1   512    10
Total time [h:m:s.ms]:   0:00:00.008
        28-Solving sector:       61, nup:  6, ndw:  6, dims=    28    28                 784, Lanc Info:     1   512    10
Total time [h:m:s.ms]:   0:00:00.004
        29-Solving sector:       64, nup:  7, ndw:  0, dims=     8     1                   8
Total time [h:m:s.ms]:   0:00:00.000
        30-Solving sector:       65, nup:  7, ndw:  1, dims=     8     8                  64
Total time [h:m:s.ms]:   0:00:00.001
        31-Solving sector:       66, nup:  7, ndw:  2, dims=     8    28                 224
Total time [h:m:s.ms]:   0:00:00.019
        32-Solving sector:       67, nup:  7, ndw:  3, dims=     8    56                 448, Lanc Info:     1   448    10
Total time [h:m:s.ms]:   0:00:00.003
        33-Solving sector:       68, nup:  7, ndw:  4, dims=     8    70                 560, Lanc Info:     1   512    10
Total time [h:m:s.ms]:   0:00:00.002
        34-Solving sector:       69, nup:  7, ndw:  5, dims=     8    56                 448, Lanc Info:     1   448    10
Total time [h:m:s.ms]:   0:00:00.002
        35-Solving sector:       70, nup:  7, ndw:  6, dims=     8    28                 224
Total time [h:m:s.ms]:   0:00:00.023
        36-Solving sector:       71, nup:  7, ndw:  7, dims=     8     8                  64
Total time [h:m:s.ms]:   0:00:00.001
        37-Solving sector:       73, nup:  8, ndw:  0, dims=     1     1                   1
Total time [h:m:s.ms]:   0:00:00.000
        38-Solving sector:       74, nup:  8, ndw:  1, dims=     1     8                   8
Total time [h:m:s.ms]:   0:00:00.001
        39-Solving sector:       75, nup:  8, ndw:  2, dims=     1    28                  28
Total time [h:m:s.ms]:   0:00:00.000
        40-Solving sector:       76, nup:  8, ndw:  3, dims=     1    56                  56
Total time [h:m:s.ms]:   0:00:00.001
        41-Solving sector:       77, nup:  8, ndw:  4, dims=     1    70                  70
Total time [h:m:s.ms]:   0:00:00.002
        42-Solving sector:       78, nup:  8, ndw:  5, dims=     1    56                  56
Total time [h:m:s.ms]:   0:00:00.001
        43-Solving sector:       79, nup:  8, ndw:  6, dims=     1    28                  28
Total time [h:m:s.ms]:   0:00:00.000
        44-Solving sector:       80, nup:  8, ndw:  7, dims=     1     8                   8
Total time [h:m:s.ms]:   0:00:00.000
        45-Solving sector:       81, nup:  8, ndw:  8, dims=     1     1                   1
Total time [h:m:s.ms]:   0:00:00.000
Total time [h:m:s.ms]:   0:00:00.313
#     i               E_i       exp(-(E-E0)/T)       Sect       Dim    Indices:
     1  -13.100719830760   1.000000000000E+00         49      3136   5   3
     2  -13.100719830760   1.000000000000E+00         33      3136   3   5
Egs =    -13.100719830760   5   3
Egs =    -13.100719830760   3   5
Z   =      2.000000000000
Get impurity Greens functions:
Get G_l1_s1
 add particle:    58
 del particle:    40
 add particle:    42
 del particle:    24
Total time [h:m:s.ms]:   0:00:00.097
Get G_l2_s1
 add particle:    58
 del particle:    40
 add particle:    42
 del particle:    24
Total time [h:m:s.ms]:   0:00:00.093
dens=    0.999840931560    1.000044632701    1.999885564260
docc=    0.005545439314    0.005661813260
<Hint>  =   -3.033958354374
<V>     =    1.003161146792
<E0>    =   -0.000203701141
<Ehf>   =   -4.037119501166
Dust    =    0.011294089711
Dund    =    0.988541912167
Get local Matsubara Green's function (no print)
 
  +ETA --> fort.6
  10% |ETA: 0:00:01.554 @21 May 2019  10:20:08
  20% |ETA: 0:00:00.988
  30% |ETA: 0:00:00.868
  40% |ETA: 0:00:00.739
  50% |ETA: 0:00:00.616 @21 May 2019  10:20:09
  60% |ETA: 0:00:00.989
  70% |ETA: 0:00:00.746
  80% |ETA: 0:00:00.997
  90% |ETA: 0:00:00.500
 100% |ETA: 0:00:00.000
Total time [h:m:s.ms]:   0:00:01.267
Gloc matsubara: write spin-orbital diagonal elements.
\Chi2 fit with CG-nr and CG-weight: 1 on: weiss
chi^2|iter=    2.541773849E-08 |     7  <--  Orb1 Spin1
chi^2|iter=    9.475481045E-09 |     7  <--  Orb2 Spin1
            #Ek_l1_s1              Vk_l1_s1             #Ek_l2_s1              Vk_l2_s1
      -1.264292097116        0.327504460521       -3.143426231979        0.339630489827
      -0.551398103957       -0.091927723007        0.535616239869       -0.091412087922
       2.940288186996        0.325506225775        1.284226048234       -0.331423041671
[1;91merror=[0m  2.1381735E-04
=====================================
Total time [h:m:s.ms]:   0:00:01.937



-----DMFT-loop    3 (max:  100)-----
Updated impHloc:
  1.000    0.000
  0.000   -1.000
 
            #Ek_l1_s1              Vk_l1_s1             #Ek_l2_s1              Vk_l2_s1
      -1.263278625873        0.325059655424       -3.143453085335        0.339682649230
      -0.549942648912       -0.098108243318        0.534268558405       -0.096979667091
       2.940127392987        0.325398944830        1.283414085715       -0.329182554872
Diagonalize impurity H:
         1-Solving sector:        1, nup:  0, ndw:  0, dims=     1     1                   1
Total time [h:m:s.ms]:   0:00:00.000
         2-Solving sector:       10, nup:  1, ndw:  0, dims=     8     1                   8
Total time [h:m:s.ms]:   0:00:00.000
         3-Solving sector:       11, nup:  1, ndw:  1, dims=     8     8                  64
Total time [h:m:s.ms]:   0:00:00.001
         4-Solving sector:       19, nup:  2, ndw:  0, dims=    28     1                  28
Total time [h:m:s.ms]:   0:00:00.000
         5-Solving sector:       20, nup:  2, ndw:  1, dims=    28     8                 224
Total time [h:m:s.ms]:   0:00:00.021
         6-Solving sector:       21, nup:  2, ndw:  2, dims=    28    28                 784, Lanc Info:     1   512    10
Total time [h:m:s.ms]:   0:00:00.004
         7-Solving sector:       28, nup:  3, ndw:  0, dims=    56     1                  56
Total time [h:m:s.ms]:   0:00:00.001
         8-Solving sector:       29, nup:  3, ndw:  1, dims=    56     8                 448, Lanc Info:     1   448    10
Total time [h:m:s.ms]:   0:00:00.002
         9-Solving sector:       30, nup:  3, ndw:  2, dims=    56    28                1568, Lanc Info:     1   512    10
Total time [h:m:s.ms]:   0:00:00.007
        10-Solving sector:       31, nup:  3, ndw:  3, dims=    56    56                3136, Lanc Info:     1   512    10
Total time [h:m:s.ms]:   0:00:00.018
        11-Solving sector:       37, nup:  4, ndw:  0, dims=    70     1                  70
Total time [h:m:s.ms]:   0:00:00.001
        12-Solving sector:       38, nup:  4, ndw:  1, dims=    70     8                 560, Lanc Info:     1   512    10
Total time [h:m:s.ms]:   0:00:00.003
        13-Solving sector:       39, nup:  4, ndw:  2, dims=    70    28                1960, Lanc Info:     1   512    10
Total time [h:m:s.ms]:   0:00:00.010
        14-Solving sector:       40, nup:  4, ndw:  3, dims=    70    56                3920, Lanc Info:     1   512    10
Total time [h:m:s.ms]:   0:00:00.023
        15-Solving sector:       41, nup:  4, ndw:  4, dims=    70    70                4900, Lanc Info:     1   512    10
Total time [h:m:s.ms]:   0:00:00.032
        16-Solving sector:       46, nup:  5, ndw:  0, dims=    56     1                  56
Total time [h:m:s.ms]:   0:00:00.001
        17-Solving sector:       47, nup:  5, ndw:  1, dims=    56     8                 448, Lanc Info:     1   448    10
Total time [h:m:s.ms]:   0:00:00.002
        18-Solving sector:       48, nup:  5, ndw:  2, dims=    56    28                1568, Lanc Info:     1   512    10
Total time [h:m:s.ms]:   0:00:00.007
        19-Solving sector:       49, nup:  5, ndw:  3, dims=    56    56                3136, Lanc Info:     1   512    10
Total time [h:m:s.ms]:   0:00:00.013
        20-Solving sector:       50, nup:  5, ndw:  4, dims=    56    70                3920, Lanc Info:     1   512    10
Total time [h:m:s.ms]:   0:00:00.023
        21-Solving sector:       51, nup:  5, ndw:  5, dims=    56    56                3136, Lanc Info:     1   512    10
Total time [h:m:s.ms]:   0:00:00.019
        22-Solving sector:       55, nup:  6, ndw:  0, dims=    28     1                  28
Total time [h:m:s.ms]:   0:00:00.000
        23-Solving sector:       56, nup:  6, ndw:  1, dims=    28     8                 224
Total time [h:m:s.ms]:   0:00:00.021
        24-Solving sector:       57, nup:  6, ndw:  2, dims=    28    28                 784, Lanc Info:     1   512    10
Total time [h:m:s.ms]:   0:00:00.003
        25-Solving sector:       58, nup:  6, ndw:  3, dims=    28    56                1568, Lanc Info:     1   512    10
Total time [h:m:s.ms]:   0:00:00.006
        26-Solving sector:       59, nup:  6, ndw:  4, dims=    28    70                1960, Lanc Info:     1   512    10
Total time [h:m:s.ms]:   0:00:00.009
        27-Solving sector:       60, nup:  6, ndw:  5, dims=    28    56                1568, Lanc Info:     1   512    10
Total time [h:m:s.ms]:   0:00:00.008
        28-Solving sector:       61, nup:  6, ndw:  6, dims=    28    28                 784, Lanc Info:     1   512    10
Total time [h:m:s.ms]:   0:00:00.004
        29-Solving sector:       64, nup:  7, ndw:  0, dims=     8     1                   8
Total time [h:m:s.ms]:   0:00:00.000
        30-Solving sector:       65, nup:  7, ndw:  1, dims=     8     8                  64
Total time [h:m:s.ms]:   0:00:00.001
        31-Solving sector:       66, nup:  7, ndw:  2, dims=     8    28                 224
Total time [h:m:s.ms]:   0:00:00.019
        32-Solving sector:       67, nup:  7, ndw:  3, dims=     8    56                 448, Lanc Info:     1   448    10
Total time [h:m:s.ms]:   0:00:00.002
        33-Solving sector:       68, nup:  7, ndw:  4, dims=     8    70                 560, Lanc Info:     1   512    10
Total time [h:m:s.ms]:   0:00:00.003
        34-Solving sector:       69, nup:  7, ndw:  5, dims=     8    56                 448, Lanc Info:     1   448    10
Total time [h:m:s.ms]:   0:00:00.003
        35-Solving sector:       70, nup:  7, ndw:  6, dims=     8    28                 224
Total time [h:m:s.ms]:   0:00:00.020
        36-Solving sector:       71, nup:  7, ndw:  7, dims=     8     8                  64
Total time [h:m:s.ms]:   0:00:00.001
        37-Solving sector:       73, nup:  8, ndw:  0, dims=     1     1                   1
Total time [h:m:s.ms]:   0:00:00.000
        38-Solving sector:       74, nup:  8, ndw:  1, dims=     1     8                   8
Total time [h:m:s.ms]:   0:00:00.000
        39-Solving sector:       75, nup:  8, ndw:  2, dims=     1    28                  28
Total time [h:m:s.ms]:   0:00:00.001
        40-Solving sector:       76, nup:  8, ndw:  3, dims=     1    56                  56
Total time [h:m:s.ms]:   0:00:00.000
        41-Solving sector:       77, nup:  8, ndw:  4, dims=     1    70                  70
Total time [h:m:s.ms]:   0:00:00.002
        42-Solving sector:       78, nup:  8, ndw:  5, dims=     1    56                  56
Total time [h:m:s.ms]:   0:00:00.001
        43-Solving sector:       79, nup:  8, ndw:  6, dims=     1    28                  28
Total time [h:m:s.ms]:   0:00:00.000
        44-Solving sector:       80, nup:  8, ndw:  7, dims=     1     8                   8
Total time [h:m:s.ms]:   0:00:00.000
        45-Solving sector:       81, nup:  8, ndw:  8, dims=     1     1                   1
Total time [h:m:s.ms]:   0:00:00.000
Total time [h:m:s.ms]:   0:00:00.367
#     i               E_i       exp(-(E-E0)/T)       Sect       Dim    Indices:
     1  -13.102368632791   1.000000000000E+00         49      3136   5   3
     2  -13.102368632791   1.000000000000E+00         33      3136   3   5
Egs =    -13.102368632791   5   3
Egs =    -13.102368632791   3   5
Z   =      2.000000000000
Get impurity Greens functions:
Get G_l1_s1
 add particle:    58
 del particle:    40
 add particle:    42
 del particle:    24
Total time [h:m:s.ms]:   0:00:00.104
Get G_l2_s1
 add particle:    58
 del particle:    40
 add particle:    42
 del particle:    24
Total time [h:m:s.ms]:   0:00:00.100
dens=    0.999836842494    1.000046219749    1.999883062243
docc=    0.005542453498    0.005661305597
<Hint>  =   -3.033969095824
<V>     =    1.003142086133
<E0>    =   -0.000209377255
<Ehf>   =   -4.037111181957
Dust    =    0.011290456660
Dund    =    0.988543088335
Get local Matsubara Green's function (no print)
 
  +ETA --> fort.6
  10% |ETA: 0:00:01.567 @21 May 2019  10:20:10
  20% |ETA: 0:00:01.508
  30% |ETA: 0:00:00.877
  40% |ETA: 0:00:00.754
  50% |ETA: 0:00:00.631 @21 May 2019  10:20:11
  60% |ETA: 0:00:00.503
  70% |ETA: 0:00:00.753
  80% |ETA: 0:00:00.501
  90% |ETA: 0:00:00.500
 100% |ETA: 0:00:00.000
Total time [h:m:s.ms]:   0:00:01.254
Gloc matsubara: write spin-orbital diagonal elements.
\Chi2 fit with CG-nr and CG-weight: 1 on: weiss
chi^2|iter=    2.549083836E-08 |     7  <--  Orb1 Spin1
chi^2|iter=    9.570835786E-09 |     7  <--  Orb2 Spin1
            #Ek_l1_s1              Vk_l1_s1             #Ek_l2_s1              Vk_l2_s1
      -1.264304987090        0.327599102390       -3.143437791070        0.339636146451
      -0.551464197649       -0.091705566979        0.535686686460       -0.091243904518
       2.940374601686        0.325531989491        1.284228203870       -0.331489981383
[1;93merror=[0m  4.9581068E-06
=====================================
Total time [h:m:s.ms]:   0:00:01.992



-----DMFT-loop    4 (max:  100)-----
Updated impHloc:
  1.000    0.000
  0.000   -1.000
 
            #Ek_l1_s1              Vk_l1_s1             #Ek_l2_s1              Vk_l2_s1
      -1.263535216177        0.325694517165       -3.143449261769        0.339671023535
      -0.550323036096       -0.096507574233        0.534623090418       -0.095545726448
       2.940189195161        0.325432205996        1.283617615254       -0.329759411499
Diagonalize impurity H:
         1-Solving sector:        1, nup:  0, ndw:  0, dims=     1     1                   1
Total time [h:m:s.ms]:   0:00:00.000
         2-Solving sector:       10, nup:  1, ndw:  0, dims=     8     1                   8
Total time [h:m:s.ms]:   0:00:00.000
         3-Solving sector:       11, nup:  1, ndw:  1, dims=     8     8                  64
Total time [h:m:s.ms]:   0:00:00.001
         4-Solving sector:       19, nup:  2, ndw:  0, dims=    28     1                  28
Total time [h:m:s.ms]:   0:00:00.000
         5-Solving sector:       20, nup:  2, ndw:  1, dims=    28     8                 224
Total time [h:m:s.ms]:   0:00:00.020
         6-Solving sector:       21, nup:  2, ndw:  2, dims=    28    28                 784, Lanc Info:     1   512    10
Total time [h:m:s.ms]:   0:00:00.004
         7-Solving sector:       28, nup:  3, ndw:  0, dims=    56     1                  56
Total time [h:m:s.ms]:   0:00:00.001
         8-Solving sector:       29, nup:  3, ndw:  1, dims=    56     8                 448, Lanc Info:     1   448    10
Total time [h:m:s.ms]:   0:00:00.002
         9-Solving sector:       30, nup:  3, ndw:  2, dims=    56    28                1568, Lanc Info:     1   512    10
Total time [h:m:s.ms]:   0:00:00.008
        10-Solving sector:       31, nup:  3, ndw:  3, dims=    56    56                3136, Lanc Info:     1   512    10
Total time [h:m:s.ms]:   0:00:00.018
        11-Solving sector:       37, nup:  4, ndw:  0, dims=    70     1                  70
Total time [h:m:s.ms]:   0:00:00.002
        12-Solving sector:       38, nup:  4, ndw:  1, dims=    70     8                 560, Lanc Info:     1   512    10
Total time [h:m:s.ms]:   0:00:00.002
        13-Solving sector:       39, nup:  4, ndw:  2, dims=    70    28                1960, Lanc Info:     1   512    10
Total time [h:m:s.ms]:   0:00:00.009
        14-Solving sector:       40, nup:  4, ndw:  3, dims=    70    56                3920, Lanc Info:     1   512    10
Total time [h:m:s.ms]:   0:00:00.021
        15-Solving sector:       41, nup:  4, ndw:  4, dims=    70    70                4900, Lanc Info:     1   512    10
Total time [h:m:s.ms]:   0:00:00.032
        16-Solving sector:       46, nup:  5, ndw:  0, dims=    56     1                  56
Total time [h:m:s.ms]:   0:00:00.001
        17-Solving sector:       47, nup:  5, ndw:  1, dims=    56     8                 448, Lanc Info:     1   448    10
Total time [h:m:s.ms]:   0:00:00.002
        18-Solving sector:       48, nup:  5, ndw:  2, dims=    56    28                1568, Lanc Info:     1   512    10
Total time [h:m:s.ms]:   0:00:00.007
        19-Solving sector:       49, nup:  5, ndw:  3, dims=    56    56                3136, Lanc Info:     1   512    10
Total time [h:m:s.ms]:   0:00:00.013
        20-Solving sector:       50, nup:  5, ndw:  4, dims=    56    70                3920, Lanc Info:     1   512    10
Total time [h:m:s.ms]:   0:00:00.023
        21-Solving sector:       51, nup:  5, ndw:  5, dims=    56    56                3136, Lanc Info:     1   512    10
Total time [h:m:s.ms]:   0:00:00.018
        22-Solving sector:       55, nup:  6, ndw:  0, dims=    28     1                  28
Total time [h:m:s.ms]:   0:00:00.000
        23-Solving sector:       56, nup:  6, ndw:  1, dims=    28     8                 224
Total time [h:m:s.ms]:   0:00:00.020
        24-Solving sector:       57, nup:  6, ndw:  2, dims=    28    28                 784, Lanc Info:     1   512    10
Total time [h:m:s.ms]:   0:00:00.003
        25-Solving sector:       58, nup:  6, ndw:  3, dims=    28    56                1568, Lanc Info:     1   512    10
Total time [h:m:s.ms]:   0:00:00.006
        26-Solving sector:       59, nup:  6, ndw:  4, dims=    28    70                1960, Lanc Info:     1   512    10
Total time [h:m:s.ms]:   0:00:00.010
        27-Solving sector:       60, nup:  6, ndw:  5, dims=    28    56                1568, Lanc Info:     1   512    10
Total time [h:m:s.ms]:   0:00:00.008
        28-Solving sector:       61, nup:  6, ndw:  6, dims=    28    28                 784, Lanc Info:     1   512    10
Total time [h:m:s.ms]:   0:00:00.004
        29-Solving sector:       64, nup:  7, ndw:  0, dims=     8     1                   8
Total time [h:m:s.ms]:   0:00:00.000
        30-Solving sector:       65, nup:  7, ndw:  1, dims=     8     8                  64
Total time [h:m:s.ms]:   0:00:00.001
        31-Solving sector:       66, nup:  7, ndw:  2, dims=     8    28                 224
Total time [h:m:s.ms]:   0:00:00.019
        32-Solving sector:       67, nup:  7, ndw:  3, dims=     8    56                 448, Lanc Info:     1   448    10
Total time [h:m:s.ms]:   0:00:00.003
        33-Solving sector:       68, nup:  7, ndw:  4, dims=     8    70                 560, Lanc Info:     1   512    10
Total time [h:m:s.ms]:   0:00:00.002
        34-Solving sector:       69, nup:  7, ndw:  5, dims=     8    56                 448, Lanc Info:     1   448    10
Total time [h:m:s.ms]:   0:00:00.002
        35-Solving sector:       70, nup:  7, ndw:  6, dims=     8    28                 224
Total time [h:m:s.ms]:   0:00:00.020
        36-Solving sector:       71, nup:  7, ndw:  7, dims=     8     8                  64
Total time [h:m:s.ms]:   0:00:00.001
        37-Solving sector:       73, nup:  8, ndw:  0, dims=     1     1                   1
Total time [h:m:s.ms]:   0:00:00.000
        38-Solving sector:       74, nup:  8, ndw:  1, dims=     1     8                   8
Total time [h:m:s.ms]:   0:00:00.000
        39-Solving sector:       75, nup:  8, ndw:  2, dims=     1    28                  28
Total time [h:m:s.ms]:   0:00:00.001
        40-Solving sector:       76, nup:  8, ndw:  3, dims=     1    56                  56
Total time [h:m:s.ms]:   0:00:00.001
        41-Solving sector:       77, nup:  8, ndw:  4, dims=     1    70                  70
Total time [h:m:s.ms]:   0:00:00.001
        42-Solving sector:       78, nup:  8, ndw:  5, dims=     1    56                  56
Total time [h:m:s.ms]:   0:00:00.001
        43-Solving sector:       79, nup:  8, ndw:  6, dims=     1    28                  28
Total time [h:m:s.ms]:   0:00:00.000
        44-Solving sector:       80, nup:  8, ndw:  7, dims=     1     8                   8
Total time [h:m:s.ms]:   0:00:00.000
        45-Solving sector:       81, nup:  8, ndw:  8, dims=     1     1                   1
Total time [h:m:s.ms]:   0:00:00.000
Total time [h:m:s.ms]:   0:00:00.293
#     i               E_i       exp(-(E-E0)/T)       Sect       Dim    Indices:
     1  -13.103655387467   1.000000000000E+00         49      3136   5   3
     2  -13.103655387467   1.000000000000E+00         33      3136   3   5
Egs =    -13.103655387467   5   3
Egs =    -13.103655387467   3   5
Z   =      2.000000000000
Get impurity Greens functions:
Get G_l1_s1
 add particle:    58
 del particle:    40
 add particle:    42
 del particle:    24
Total time [h:m:s.ms]:   0:00:00.095
Get G_l2_s1
 add particle:    58
 del particle:    40
 add particle:    42
 del particle:    24
Total time [h:m:s.ms]:   0:00:00.096
dens=    0.999834012995    1.000047149186    1.999881162181
docc=    0.005540623146    0.005660969128
<Hint>  =   -3.033974940902
<V>     =    1.003129923349
<E0>    =   -0.000213136192
<Ehf>   =   -4.037104864251
Dust    =    0.011288190814
Dund    =    0.988543484381
Get local Matsubara Green's function (no print)
 
  +ETA --> fort.6
  10% |ETA: 0:00:01.567 @21 May 2019  10:20:12
  20% |ETA: 0:00:01.502
  30% |ETA: 0:00:00.870
  40% |ETA: 0:00:00.744
  50% |ETA: 0:00:00.621 @21 May 2019  10:20:13
  60% |ETA: 0:00:00.990
  70% |ETA: 0:00:00.743
  80% |ETA: 0:00:00.993
  90% |ETA: 0:00:00.993
 100% |ETA: 0:00:00.000
Total time [h:m:s.ms]:   0:00:01.247
Gloc matsubara: write spin-orbital diagonal elements.
\Chi2 fit with CG-nr and CG-weight: 1 on: weiss
chi^2|iter=    2.554518139E-08 |     7  <--  Orb1 Spin1
chi^2|iter=    9.644504104E-09 |     7  <--  Orb2 Spin1
            #Ek_l1_s1              Vk_l1_s1             #Ek_l2_s1              Vk_l2_s1
      -1.264297359143        0.327674510752       -3.143450450390        0.339641668720
      -0.551529533877       -0.091530970371        0.535753687697       -0.091125233111
       2.940464210090        0.325556368701        1.284213843494       -0.331535738727
[1;92merror=[0m  3.6632858E-06
=====================================
Total time [h:m:s.ms]:   0:00:01.895


Get local Realaxis Green's function (no print)
 
  +ETA --> fort.6
  10% |ETA: 0:00:00.536 @21 May 2019  10:20:14
  20% |ETA: 0:00:00.949
  30% |ETA: 0:00:00.824
  40% |ETA: 0:00:00.704
  50% |ETA: 0:00:00.587 @21 May 2019  10:20:14
  60% |ETA: 0:00:00.948
  70% |ETA: 0:00:00.719
  80% |ETA: 0:00:00.963
  90% |ETA: 0:00:00.964
 100% |ETA: 0:00:00.000
Total time [h:m:s.ms]:   0:00:00.604
Gloc real: write spin-orbital diagonal elements.
