---------------MPI----------------
rank:     0 of      1 alive
----------------------------------

 warning scalar in parse_cmd array:   ULOC
 expecting a comma separated list of:            5
 wrong dimensions parsing variable:   ULOC
 expecting a comma separated list of:            5
SCIFOR VERSION (GIT): f51d8963e73e1a7f5e05ca328195b114bbdf41ec
Timestamp: +21 May 2019  10:51:33.532
 
CODE VERSION: 30030ed680c7b62ac87f0fc221aa358a61913d81
Timestamp: +21 May 2019  10:51:33.533
 
store size =10240Kb
 Using Neel symmetry to refold BZ
 Using Nineq sites=           1
 Symmetries used are:
 (site=2,l,s)=(site=1,l,-s)
 Using Nk_total=361
Using Reciprocal Lattice vectors:
bk_x = [  3.1416 -3.1416  0.0000]
bk_y = [  0.0000  6.2832  0.0000]
bk_z = [  0.0000  0.0000  6.2832]
Get local Realaxis Green's function (no print)
Direct Inversion algorithm:
 
  +ETA --> fort.6
  10% |ETA: 0:00:00.901 @21 May 2019  10:51:33
  20% |ETA: 0:00:00.789
  30% |ETA: 0:00:00.695
  40% |ETA: 0:00:00.592
  50% |ETA: 0:00:00.982 @21 May 2019  10:51:34
  60% |ETA: 0:00:00.787
  70% |ETA: 0:00:00.593
  80% |ETA: 0:00:00.795
  90% |ETA: 0:00:00.794
 100% |ETA: 0:00:00.000
Total time [h:m:s.ms]:   0:00:00.995
dos_Hk real: write spin-orbital diagonal elements.
 Solving model along the path:
Point1: [ 0.0000 0.0000 0.0000]
Point2: [ 3.1416 0.0000 0.0000]
Point3: [ 3.1416 3.1416 0.0000]
Point4: [ 0.0000 0.0000 0.0000]
INIT SOLVER FOR _ineq0001
Summary:
--------------------------------------------
# of levels/spin      =               7
Total size            =              14
# of impurities       =               1
# of bath/impurity    =               6
# of Bath levels/spin =               6
Number of sectors     =              64
Ns_Orb                =               7
Ns_Ud                 =               1
Largest Sector(s)     =       35        35                1225
--------------------------------------------
Required Lanc_nstates_total=1 => set T=0 calculation
Lanczos ZERO temperature calculation:
Updated impHloc:
Reading bath from filehamiltonian_ineq0001.restart
there are        6 lines in +hamiltonian_ineq0001.restart

-----DMFT-loop    1 (max:  100)-----
 0 SOLVES INEQ SITE: 0001
Updated impHloc:
            #Ek_l1_s1              Vk_l1_s1             #Ek_l1_s2              Vk_l1_s2
      -0.929822851985        0.325006421823       -3.277310301247       -0.000035040296
      -0.227018589671        0.258588886782       -1.041818107026       -0.063138563329
      -0.045520800561        0.152952456263       -0.407370960481        0.093289523493
       0.442550112036        0.121162517333       -0.676792930601        0.149666563173
       0.902947228335       -0.159880058045        0.080512512406        0.221547819554
       3.229572160751       -0.000000063457        0.573908637786        0.360267926234
Diagonalize impurity H:
 
  +ETA --> fort.6
  10% |ETA: 0:00:00.521 @21 May 2019  10:51:36
  20% |ETA: 0:00:00.580
  31% |ETA: 0:00:00.712
  40% |ETA: 0:00:00.584
  50% |ETA: 0:00:00.708 @21 May 2019  10:51:36
  60% |ETA: 0:00:00.584
  70% |ETA: 0:00:00.911
  81% |ETA: 0:00:00.535
  90% |ETA: 0:00:00.582
 100% |ETA: 0:00:00.000
Total time [h:m:s.ms]:   0:00:00.354
#     i               E_i       exp(-(E-E0)/T)       Sect       Dim    Indices:
     1   -7.397323523998   1.000000000000E+00         30       735   3   5
Egs =     -7.397323523998   3   5
Z   =      1.000000000000
Get impurity Greens functions:
Get G_l1_s1
Total time [h:m:s.ms]:   0:00:00.018
Get G_l1_s2
Total time [h:m:s.ms]:   0:00:00.019
dens_ineq0001=    0.999780967629    0.999780967629
docc_ineq0001=    0.089809748277
mag _ineq0001=   -0.609993739159
Total time [h:m:s.ms]:   0:00:00.440
Get local Matsubara Green's function (no print)
Direct Inversion algorithm:
 
  +ETA --> fort.6
  10% |ETA: 0:00:00.805 @21 May 2019  10:51:37
  20% |ETA: 0:00:00.698
  30% |ETA: 0:00:00.608
  40% |ETA: 0:00:00.530
  50% |ETA: 0:00:00.879 @21 May 2019  10:51:37
  60% |ETA: 0:00:00.700
  70% |ETA: 0:00:00.521
  80% |ETA: 0:00:00.695
  90% |ETA: 0:00:00.693
 100% |ETA: 0:00:00.000
Total time [h:m:s.ms]:   0:00:00.869
Gloc matsubara: write spin-orbital diagonal elements. Split.
Store Gloc_l11_s1_iw_indx*.dat in Gloc_l11_s1_iw.tgz
Store Gloc_l11_s2_iw_indx*.dat in Gloc_l11_s2_iw.tgz
Updated impHloc:
chi^2|iter_ineq0001=    4.143001269E-07 |   500  <--  Orb1 Spin1
            #Ek_l1_s1              Vk_l1_s1             #Ek_l1_s2              Vk_l1_s2
      -1.021888131614        0.322487547612       -3.277310301247       -0.000035040296
      -0.272350424288        0.240782983176       -1.041818107026       -0.063138563329
      -0.134689554621        0.151751627901       -0.407370960481        0.093289523493
       0.292605073479        0.145954674591       -0.676792930601        0.149666563173
       0.879452757772       -0.159101532448        0.080512512406        0.221547819554
       3.229572160751       -0.000000063457        0.573908637786        0.360267926234
Updated impHloc:
chi^2|iter_ineq0001=    6.756594087E-06 |   305  <--  Orb1 Spin2
            #Ek_l1_s1              Vk_l1_s1             #Ek_l1_s2              Vk_l1_s2
      -1.021888131614        0.322487547612       -3.277310302016        0.000011069150
      -0.272350424288        0.240782983176       -1.040424725383       -0.028212383190
      -0.134689554621        0.151751627901       -0.287391132769        0.138654245444
       0.292605073479        0.145954674591       -0.648166672866        0.137768165896
       0.879452757772       -0.159101532448        0.168768496884        0.230377082828
       3.229572160751       -0.000000063457        0.670395269682        0.334548641103
[1;91mmax error=[0m  1.0000000E+00
[1;91m    error=[0m  1.0000000E+00
[1;91mmin error=[0m  1.0000000E+00
=====================================
Total time [h:m:s.ms]:   0:00:03.403



-----DMFT-loop    2 (max:  100)-----
 0 SOLVES INEQ SITE: 0001
Updated impHloc:
            #Ek_l1_s1              Vk_l1_s1             #Ek_l1_s2              Vk_l1_s2
      -1.021888131614        0.322487547612       -3.277310302016        0.000011069150
      -0.272350424288        0.240782983176       -1.040424725383       -0.028212383190
      -0.134689554621        0.151751627901       -0.287391132769        0.138654245444
       0.292605073479        0.145954674591       -0.648166672866        0.137768165896
       0.879452757772       -0.159101532448        0.168768496884        0.230377082828
       3.229572160751       -0.000000063457        0.670395269682        0.334548641103
Diagonalize impurity H:
 
  +ETA --> fort.6
  10% |ETA: 0:00:00.521 @21 May 2019  10:51:39
  20% |ETA: 0:00:00.612
  31% |ETA: 0:00:00.756
  40% |ETA: 0:00:00.619
  50% |ETA: 0:00:00.752 @21 May 2019  10:51:40
  60% |ETA: 0:00:00.615
  70% |ETA: 0:00:00.949
  81% |ETA: 0:00:00.557
  90% |ETA: 0:00:00.604
 100% |ETA: 0:00:00.000
Total time [h:m:s.ms]:   0:00:00.367
#     i               E_i       exp(-(E-E0)/T)       Sect       Dim    Indices:
     1   -7.434454657046   1.000000000000E+00         30       735   3   5
Egs =     -7.434454657046   3   5
Z   =      1.000000000000
Get impurity Greens functions:
Get G_l1_s1
Total time [h:m:s.ms]:   0:00:00.019
Get G_l1_s2
Total time [h:m:s.ms]:   0:00:00.020
dens_ineq0001=    0.999977654413    0.999977654413
docc_ineq0001=    0.077506474001
mag _ineq0001=   -0.722132787506
Total time [h:m:s.ms]:   0:00:00.458
Get local Matsubara Green's function (no print)
Direct Inversion algorithm:
 
  +ETA --> fort.6
  10% |ETA: 0:00:00.796 @21 May 2019  10:51:40
  20% |ETA: 0:00:00.718
  30% |ETA: 0:00:00.626
  40% |ETA: 0:00:00.533
  50% |ETA: 0:00:00.885 @21 May 2019  10:51:40
  60% |ETA: 0:00:00.704
  70% |ETA: 0:00:00.525
  80% |ETA: 0:00:00.698
  90% |ETA: 0:00:00.693
 100% |ETA: 0:00:00.500
Total time [h:m:s.ms]:   0:00:00.866
Gloc matsubara: write spin-orbital diagonal elements. Split.
Store Gloc_l11_s1_iw_indx*.dat in Gloc_l11_s1_iw.tgz
Store Gloc_l11_s2_iw_indx*.dat in Gloc_l11_s2_iw.tgz
Updated impHloc:
chi^2|iter_ineq0001=    1.661544531E-07 |    54  <--  Orb1 Spin1
            #Ek_l1_s1              Vk_l1_s1             #Ek_l1_s2              Vk_l1_s2
      -1.028159232455        0.338706783019       -3.277310302016        0.000011069150
      -0.284170361381        0.243743495265       -1.040424725383       -0.028212383190
      -0.136175467116        0.142817400922       -0.287391132769        0.138654245444
       0.328913000482        0.127999460020       -0.648166672866        0.137768165896
       0.875386395877       -0.145020800067        0.168768496884        0.230377082828
       3.229572160751       -0.000000063457        0.670395269682        0.334548641103
Updated impHloc:
chi^2|iter_ineq0001=    6.270140078E-06 |    84  <--  Orb1 Spin2
            #Ek_l1_s1              Vk_l1_s1             #Ek_l1_s2              Vk_l1_s2
      -1.028159232455        0.338706783019       -3.277310302026        0.000005396087
      -0.284170361381        0.243743495265       -1.040302372390       -0.021404792560
      -0.136175467116        0.142817400922       -0.317347146342        0.116341523454
       0.328913000482        0.127999460020       -0.641813397636        0.132041540595
       0.875386395877       -0.145020800067        0.176760429768        0.227473633837
       3.229572160751       -0.000000063457        0.720877481071        0.354491954591
[1;91mmax error=[0m  1.6428046E-02
[1;91m    error=[0m  1.6428046E-02
[1;91mmin error=[0m  1.6428046E-02
=====================================
Total time [h:m:s.ms]:   0:00:01.753



-----DMFT-loop    3 (max:  100)-----
 0 SOLVES INEQ SITE: 0001
Updated impHloc:
            #Ek_l1_s1              Vk_l1_s1             #Ek_l1_s2              Vk_l1_s2
      -1.025023682035        0.330597165316       -3.277310302021        0.000008232619
      -0.278260392834        0.242263239220       -1.040363548886       -0.024808587875
      -0.135432510869        0.147284514412       -0.302369139555        0.127497884449
       0.310759036981        0.136977067306       -0.644990035251        0.134904853246
       0.877419576824       -0.152061166258        0.172764463326        0.228925358332
       3.229572160751       -0.000000063457        0.695636375376        0.344520297847
Diagonalize impurity H:
 
  +ETA --> fort.6
  10% |ETA: 0:00:00.521 @21 May 2019  10:51:41
  20% |ETA: 0:00:00.580
  31% |ETA: 0:00:00.712
  40% |ETA: 0:00:00.590
  50% |ETA: 0:00:00.720 @21 May 2019  10:51:41
  60% |ETA: 0:00:00.589
  70% |ETA: 0:00:00.911
  81% |ETA: 0:00:00.537
  90% |ETA: 0:00:00.580
 100% |ETA: 0:00:00.000
Total time [h:m:s.ms]:   0:00:00.353
#     i               E_i       exp(-(E-E0)/T)       Sect       Dim    Indices:
     1   -7.457395240607   1.000000000000E+00         30       735   3   5
Egs =     -7.457395240607   3   5
Z   =      1.000000000000
Get impurity Greens functions:
Get G_l1_s1
Total time [h:m:s.ms]:   0:00:00.018
Get G_l1_s2
Total time [h:m:s.ms]:   0:00:00.019
dens_ineq0001=    0.999914452918    0.999914452918
docc_ineq0001=    0.076438731179
mag _ineq0001=   -0.733380363459
Total time [h:m:s.ms]:   0:00:00.440
Get local Matsubara Green's function (no print)
Direct Inversion algorithm:
 
  +ETA --> fort.6
  10% |ETA: 0:00:00.761 @21 May 2019  10:51:42
  20% |ETA: 0:00:00.682
  30% |ETA: 0:00:00.596
  40% |ETA: 0:00:00.510
  50% |ETA: 0:00:00.859 @21 May 2019  10:51:42
  60% |ETA: 0:00:00.686
  70% |ETA: 0:00:00.513
  80% |ETA: 0:00:00.684
  90% |ETA: 0:00:00.684
 100% |ETA: 0:00:00.000
Total time [h:m:s.ms]:   0:00:00.855
Gloc matsubara: write spin-orbital diagonal elements. Split.
Store Gloc_l11_s1_iw_indx*.dat in Gloc_l11_s1_iw.tgz
Store Gloc_l11_s2_iw_indx*.dat in Gloc_l11_s2_iw.tgz
Updated impHloc:
chi^2|iter_ineq0001=    1.591987597E-07 |    96  <--  Orb1 Spin1
            #Ek_l1_s1              Vk_l1_s1             #Ek_l1_s2              Vk_l1_s2
      -1.030702077039        0.339947208476       -3.277310302021        0.000008232619
      -0.290340837832        0.243909880345       -1.040363548886       -0.024808587875
      -0.136938032331        0.144154945348       -0.302369139555        0.127497884449
       0.338574224136        0.125359858251       -0.644990035251        0.134904853246
       0.873971839067       -0.143543264299        0.172764463326        0.228925358332
       3.229572160751       -0.000000063457        0.695636375376        0.344520297847
Updated impHloc:
chi^2|iter_ineq0001=    6.135421837E-06 |    83  <--  Orb1 Spin2
            #Ek_l1_s1              Vk_l1_s1             #Ek_l1_s2              Vk_l1_s2
      -1.030702077039        0.339947208476       -3.277310302033        0.000004694409
      -0.290340837832        0.243909880345       -1.040284714073       -0.021006826551
      -0.136938032331        0.144154945348       -0.321761289485        0.110791100119
       0.338574224136        0.125359858251       -0.640957226067        0.134072810836
       0.873971839067       -0.143543264299        0.176715364724        0.225546178068
       3.229572160751       -0.000000063457        0.720402281819        0.357682685167
[1;91mmax error=[0m  2.2350412E-03
[1;91m    error=[0m  2.2350412E-03
[1;91mmin error=[0m  2.2350412E-03
=====================================
Total time [h:m:s.ms]:   0:00:01.820



-----DMFT-loop    4 (max:  100)-----
 0 SOLVES INEQ SITE: 0001
Updated impHloc:
            #Ek_l1_s1              Vk_l1_s1             #Ek_l1_s2              Vk_l1_s2
      -1.027862879537        0.335272186896       -3.277310302027        0.000006463514
      -0.284300615333        0.243086559783       -1.040324131480       -0.022907707213
      -0.136185271600        0.145719729880       -0.312065214520        0.119144492284
       0.324666630559        0.131168462778       -0.642973630659        0.134488832041
       0.875695707946       -0.147802215279        0.174739914025        0.227235768200
       3.229572160751       -0.000000063457        0.708019328598        0.351101491507
Diagonalize impurity H:
 
  +ETA --> fort.6
  10% |ETA: 0:00:00.521 @21 May 2019  10:51:43
  20% |ETA: 0:00:00.580
  31% |ETA: 0:00:00.703
  40% |ETA: 0:00:00.584
  50% |ETA: 0:00:00.712 @21 May 2019  10:51:43
  60% |ETA: 0:00:00.582
  70% |ETA: 0:00:00.901
  81% |ETA: 0:00:00.529
  90% |ETA: 0:00:00.574
 100% |ETA: 0:00:00.000
Total time [h:m:s.ms]:   0:00:00.348
#     i               E_i       exp(-(E-E0)/T)       Sect       Dim    Indices:
     1   -7.475762987915   1.000000000000E+00         30       735   3   5
Egs =     -7.475762987915   3   5
Z   =      1.000000000000
Get impurity Greens functions:
Get G_l1_s1
Total time [h:m:s.ms]:   0:00:00.018
Get G_l1_s2
Total time [h:m:s.ms]:   0:00:00.019
dens_ineq0001=    0.999878327454    0.999878327454
docc_ineq0001=    0.075853446999
mag _ineq0001=   -0.739719474505
Total time [h:m:s.ms]:   0:00:00.433
Get local Matsubara Green's function (no print)
Direct Inversion algorithm:
 
  +ETA --> fort.6
  10% |ETA: 0:00:00.770 @21 May 2019  10:51:44
  20% |ETA: 0:00:00.682
  30% |ETA: 0:00:00.601
  40% |ETA: 0:00:00.515
  50% |ETA: 0:00:00.861 @21 May 2019  10:51:44
  60% |ETA: 0:00:00.691
  70% |ETA: 0:00:00.516
  80% |ETA: 0:00:00.687
  90% |ETA: 0:00:00.686
 100% |ETA: 0:00:00.000
Total time [h:m:s.ms]:   0:00:00.859
Gloc matsubara: write spin-orbital diagonal elements. Split.
Store Gloc_l11_s1_iw_indx*.dat in Gloc_l11_s1_iw.tgz
Store Gloc_l11_s2_iw_indx*.dat in Gloc_l11_s2_iw.tgz
Updated impHloc:
chi^2|iter_ineq0001=    1.471015406E-07 |    95  <--  Orb1 Spin1
            #Ek_l1_s1              Vk_l1_s1             #Ek_l1_s2              Vk_l1_s2
      -1.033746958866        0.340125424554       -3.277310302027        0.000006463514
      -0.297848251962        0.242977601404       -1.040324131480       -0.022907707213
      -0.138849564385        0.147992167050       -0.312065214520        0.119144492284
       0.345831127297        0.124174153172       -0.642973630659        0.134488832041
       0.872841460747       -0.142311112302        0.174739914025        0.227235768200
       3.229572160751       -0.000000063457        0.708019328598        0.351101491507
Updated impHloc:
chi^2|iter_ineq0001=    6.108594584E-06 |    25  <--  Orb1 Spin2
            #Ek_l1_s1              Vk_l1_s1             #Ek_l1_s2              Vk_l1_s2
      -1.033746958866        0.340125424554       -3.277310302027        0.000006969740
      -0.297848251962        0.242977601404       -1.040318754888       -0.023083759257
      -0.138849564385        0.147992167050       -0.319118878554        0.106065174585
       0.345831127297        0.124174153172       -0.643449887144        0.135572154779
       0.872841460747       -0.142311112302        0.175370221646        0.222557133127
       3.229572160751       -0.000000063457        0.708574844737        0.359123355935
[1;91mmax error=[0m  1.2917922E-03
[1;91m    error=[0m  1.2917922E-03
[1;91mmin error=[0m  1.2917922E-03
=====================================
Total time [h:m:s.ms]:   0:00:01.678



-----DMFT-loop    5 (max:  100)-----
 0 SOLVES INEQ SITE: 0001
Updated impHloc:
            #Ek_l1_s1              Vk_l1_s1             #Ek_l1_s2              Vk_l1_s2
      -1.030804919201        0.337698805725       -3.277310302027        0.000006716627
      -0.291074433647        0.243032080593       -1.040321443184       -0.022995733235
      -0.137517417992        0.146855948465       -0.315592046537        0.112604833435
       0.335248878928        0.127671307975       -0.643211758902        0.135030493410
       0.874268584346       -0.145056663790        0.175055067836        0.224896450664
       3.229572160751       -0.000000063457        0.708297086667        0.355112423721
Diagonalize impurity H:
 
  +ETA --> fort.6
  10% |ETA: 0:00:00.521 @21 May 2019  10:51:45
  20% |ETA: 0:00:00.580
  31% |ETA: 0:00:00.703
  40% |ETA: 0:00:00.578
  50% |ETA: 0:00:00.716 @21 May 2019  10:51:45
  60% |ETA: 0:00:00.587
  70% |ETA: 0:00:00.911
  81% |ETA: 0:00:00.537
  90% |ETA: 0:00:00.582
 100% |ETA: 0:00:00.000
Total time [h:m:s.ms]:   0:00:00.354
#     i               E_i       exp(-(E-E0)/T)       Sect       Dim    Indices:
     1   -7.491180236162   1.000000000000E+00         30       735   3   5
Egs =     -7.491180236162   3   5
Z   =      1.000000000000
Get impurity Greens functions:
Get G_l1_s1
Total time [h:m:s.ms]:   0:00:00.018
Get G_l1_s2
Total time [h:m:s.ms]:   0:00:00.020
dens_ineq0001=    0.999854097901    0.999854097901
docc_ineq0001=    0.075518697835
mag _ineq0001=   -0.743353859277
Total time [h:m:s.ms]:   0:00:00.440
Get local Matsubara Green's function (no print)
Direct Inversion algorithm:
 
  +ETA --> fort.6
  10% |ETA: 0:00:00.761 @21 May 2019  10:51:45
  20% |ETA: 0:00:00.682
  30% |ETA: 0:00:00.596
  40% |ETA: 0:00:00.509
  50% |ETA: 0:00:00.849 @21 May 2019  10:51:46
  60% |ETA: 0:00:00.674
  70% |ETA: 0:00:00.504
  80% |ETA: 0:00:00.673
  90% |ETA: 0:00:00.672
 100% |ETA: 0:00:00.000
Total time [h:m:s.ms]:   0:00:00.843
Gloc matsubara: write spin-orbital diagonal elements. Split.
Store Gloc_l11_s1_iw_indx*.dat in Gloc_l11_s1_iw.tgz
Store Gloc_l11_s2_iw_indx*.dat in Gloc_l11_s2_iw.tgz
Updated impHloc:
chi^2|iter_ineq0001=    1.669250502E-07 |    39  <--  Orb1 Spin1
            #Ek_l1_s1              Vk_l1_s1             #Ek_l1_s2              Vk_l1_s2
      -1.030795663531        0.342707229455       -3.277310302027        0.000006716627
      -0.295043777059        0.242845027498       -1.040321443184       -0.022995733235
      -0.137791399959        0.145565532614       -0.315592046537        0.112604833435
       0.340856918320        0.119851054464       -0.643211758902        0.135030493410
       0.874142644213       -0.147002595893        0.175055067836        0.224896450664
       3.229572160751       -0.000000063457        0.708297086667        0.355112423721
Updated impHloc:
chi^2|iter_ineq0001=    5.980615764E-06 |    36  <--  Orb1 Spin2
            #Ek_l1_s1              Vk_l1_s1             #Ek_l1_s2              Vk_l1_s2
      -1.030795663531        0.342707229455       -3.277310302025        0.000022164791
      -0.295043777059        0.242845027498       -1.040256721163       -0.020108481823
      -0.137791399959        0.145565532614       -0.327566374096        0.105491153364
       0.340856918320        0.119851054464       -0.639583009856        0.136122847622
       0.874142644213       -0.147002595893        0.176204902828        0.223385555257
       3.229572160751       -0.000000063457        0.720461948471        0.361174562703
[1;91mmax error=[0m  7.4879954E-04
[1;91m    error=[0m  7.4879954E-04
[1;91mmin error=[0m  7.4879954E-04
=====================================
Total time [h:m:s.ms]:   0:00:01.557



-----DMFT-loop    6 (max:  100)-----
 0 SOLVES INEQ SITE: 0001
Updated impHloc:
            #Ek_l1_s1              Vk_l1_s1             #Ek_l1_s2              Vk_l1_s2
      -1.030800291366        0.340203017590       -3.277310302026        0.000014440709
      -0.293059105353        0.242938554045       -1.040289082174       -0.021552107529
      -0.137654408975        0.146210740540       -0.321579210317        0.109047993399
       0.338052898624        0.123761181220       -0.641397384379        0.135576670516
       0.874205614280       -0.146029629841        0.175629985332        0.224141002960
       3.229572160751       -0.000000063457        0.714379517569        0.358143493212
Diagonalize impurity H:
 
  +ETA --> fort.6
  10% |ETA: 0:00:00.521 @21 May 2019  10:51:46
  20% |ETA: 0:00:00.580
  31% |ETA: 0:00:00.721
  40% |ETA: 0:00:00.596
  50% |ETA: 0:00:00.716 @21 May 2019  10:51:46
  60% |ETA: 0:00:00.587
  70% |ETA: 0:00:00.905
  81% |ETA: 0:00:00.531
  90% |ETA: 0:00:00.577
 100% |ETA: 0:00:00.000
Total time [h:m:s.ms]:   0:00:00.350
#     i               E_i       exp(-(E-E0)/T)       Sect       Dim    Indices:
     1   -7.498157233774   1.000000000000E+00         30       735   3   5
Egs =     -7.498157233774   3   5
Z   =      1.000000000000
Get impurity Greens functions:
Get G_l1_s1
Total time [h:m:s.ms]:   0:00:00.017
Get G_l1_s2
Total time [h:m:s.ms]:   0:00:00.021
dens_ineq0001=    0.999848887461    0.999848887461
docc_ineq0001=    0.075349539347
mag _ineq0001=   -0.745504637177
Total time [h:m:s.ms]:   0:00:00.436
Get local Matsubara Green's function (no print)
Direct Inversion algorithm:
 
  +ETA --> fort.6
  10% |ETA: 0:00:00.761 @21 May 2019  10:51:47
  20% |ETA: 0:00:00.674
  30% |ETA: 0:00:00.598
  40% |ETA: 0:00:00.510
  50% |ETA: 0:00:00.855 @21 May 2019  10:51:47
  60% |ETA: 0:00:00.682
  70% |ETA: 0:00:00.508
  80% |ETA: 0:00:00.674
  90% |ETA: 0:00:00.670
 100% |ETA: 0:00:00.***
Total time [h:m:s.ms]:   0:00:00.840
Gloc matsubara: write spin-orbital diagonal elements. Split.
Store Gloc_l11_s1_iw_indx*.dat in Gloc_l11_s1_iw.tgz
Store Gloc_l11_s2_iw_indx*.dat in Gloc_l11_s2_iw.tgz
Updated impHloc:
chi^2|iter_ineq0001=    1.699692077E-07 |    24  <--  Orb1 Spin1
            #Ek_l1_s1              Vk_l1_s1             #Ek_l1_s2              Vk_l1_s2
      -1.030954369184        0.343387209611       -3.277310302026        0.000014440709
      -0.296037826724        0.242649660511       -1.040289082174       -0.021552107529
      -0.137825473838        0.145744149772       -0.321579210317        0.109047993399
       0.342083441435        0.118866687971       -0.641397384379        0.135576670516
       0.874044454869       -0.147325941085        0.175629985332        0.224141002960
       3.229572160751       -0.000000063457        0.714379517569        0.358143493212
Updated impHloc:
chi^2|iter_ineq0001=    5.938470235E-06 |    16  <--  Orb1 Spin2
            #Ek_l1_s1              Vk_l1_s1             #Ek_l1_s2              Vk_l1_s2
      -1.030954369184        0.343387209611       -3.277310302030        0.000013740355
      -0.296037826724        0.242649660511       -1.040285309585       -0.021573561365
      -0.137825473838        0.145744149772       -0.324589885762        0.103668765315
       0.342083441435        0.118866687971       -0.641561446400        0.136173059269
       0.874044454869       -0.147325941085        0.175627938107        0.222155127300
       3.229572160751       -0.000000063457        0.714482778168        0.361359865476
[1;91mmax error=[0m  4.6127137E-04
[1;91m    error=[0m  4.6127137E-04
[1;91mmin error=[0m  4.6127137E-04
=====================================
Total time [h:m:s.ms]:   0:00:01.464



-----DMFT-loop    7 (max:  100)-----
 0 SOLVES INEQ SITE: 0001
Updated impHloc:
            #Ek_l1_s1              Vk_l1_s1             #Ek_l1_s2              Vk_l1_s2
      -1.030877330275        0.341795113600       -3.277310302028        0.000014090532
      -0.294548466038        0.242794107278       -1.040287195879       -0.021562834447
      -0.137739941407        0.145977445156       -0.323084548039        0.106358379357
       0.340068170030        0.121313934595       -0.641479415389        0.135874864893
       0.874125034574       -0.146677785463        0.175628961719        0.223148065130
       3.229572160751       -0.000000063457        0.714431147869        0.359751679344
Diagonalize impurity H:
 
  +ETA --> fort.6
  10% |ETA: 0:00:00.521 @21 May 2019  10:51:48
  20% |ETA: 0:00:00.580
  31% |ETA: 0:00:00.712
  40% |ETA: 0:00:00.602
  50% |ETA: 0:00:00.724 @21 May 2019  10:51:48
  60% |ETA: 0:00:00.592
  70% |ETA: 0:00:00.915
  81% |ETA: 0:00:00.539
  90% |ETA: 0:00:00.582
 100% |ETA: 0:00:00.000
Total time [h:m:s.ms]:   0:00:00.354
#     i               E_i       exp(-(E-E0)/T)       Sect       Dim    Indices:
     1   -7.501740392731   1.000000000000E+00         30       735   3   5
Egs =     -7.501740392731   3   5
Z   =      1.000000000000
Get impurity Greens functions:
Get G_l1_s1
Total time [h:m:s.ms]:   0:00:00.018
Get G_l1_s2
Total time [h:m:s.ms]:   0:00:00.019
dens_ineq0001=    0.999854369903    0.999854369903
docc_ineq0001=    0.075249509388
mag _ineq0001=   -0.746773514728
Total time [h:m:s.ms]:   0:00:00.438
Get local Matsubara Green's function (no print)
Direct Inversion algorithm:
 
  +ETA --> fort.6
  10% |ETA: 0:00:00.735 @21 May 2019  10:51:48
  20% |ETA: 0:00:00.654
  30% |ETA: 0:00:00.573
  40% |ETA: 0:00:00.998
  50% |ETA: 0:00:00.835 @21 May 2019  10:51:49
  60% |ETA: 0:00:00.668
  70% |ETA: 0:00:00.505
  80% |ETA: 0:00:00.671
  90% |ETA: 0:00:00.669
 100% |ETA: 0:00:00.000
Total time [h:m:s.ms]:   0:00:00.838
Gloc matsubara: write spin-orbital diagonal elements. Split.
Store Gloc_l11_s1_iw_indx*.dat in Gloc_l11_s1_iw.tgz
Store Gloc_l11_s2_iw_indx*.dat in Gloc_l11_s2_iw.tgz
Updated impHloc:
chi^2|iter_ineq0001=    1.754080996E-07 |    14  <--  Orb1 Spin1
            #Ek_l1_s1              Vk_l1_s1             #Ek_l1_s2              Vk_l1_s2
      -1.030634937977        0.343243360568       -3.277310302028        0.000014090532
      -0.296424886067        0.243281687489       -1.040287195879       -0.021562834447
      -0.137360271981        0.145075937652       -0.323084548039        0.106358379357
       0.342124231013        0.118069718354       -0.641479415389        0.135874864893
       0.874124527736       -0.147585604983        0.175628961719        0.223148065130
       3.229572160751       -0.000000063457        0.714431147869        0.359751679344
Updated impHloc:
chi^2|iter_ineq0001=    5.909039427E-06 |    15  <--  Orb1 Spin2
            #Ek_l1_s1              Vk_l1_s1             #Ek_l1_s2              Vk_l1_s2
      -1.030634937977        0.343243360568       -3.277310302034        0.000012512647
      -0.296424886067        0.243281687489       -1.040283894582       -0.021514447291
      -0.137360271981        0.145075937652       -0.325028892384        0.102994836099
       0.342124231013        0.118069718354       -0.641523686956        0.136162870836
       0.874124527736       -0.147585604983        0.175613814597        0.221957720850
       3.229572160751       -0.000000063457        0.714581134856        0.361656230892
[1;91mmax error=[0m  2.7025058E-04
[1;91m    error=[0m  2.7025058E-04
[1;91mmin error=[0m  2.7025058E-04
=====================================
Total time [h:m:s.ms]:   0:00:01.434



-----DMFT-loop    8 (max:  100)-----
 0 SOLVES INEQ SITE: 0001
Updated impHloc:
            #Ek_l1_s1              Vk_l1_s1             #Ek_l1_s2              Vk_l1_s2
      -1.030756134126        0.342519237084       -3.277310302031        0.000013301589
      -0.295486676053        0.243037897384       -1.040285545231       -0.021538640869
      -0.137550106694        0.145526691404       -0.324056720211        0.104676607728
       0.341096200521        0.119691826475       -0.641501551173        0.136018867864
       0.874124781155       -0.147131695223        0.175621388158        0.222552892990
       3.229572160751       -0.000000063457        0.714506141362        0.360703955118
Diagonalize impurity H:
 
  +ETA --> fort.6
  10% |ETA: 0:00:00.521 @21 May 2019  10:51:49
  20% |ETA: 0:00:00.580
  31% |ETA: 0:00:00.703
  40% |ETA: 0:00:00.578
  50% |ETA: 0:00:00.704 @21 May 2019  10:51:49
  60% |ETA: 0:00:00.582
  70% |ETA: 0:00:00.905
  81% |ETA: 0:00:00.533
  90% |ETA: 0:00:00.582
 100% |ETA: 0:00:00.000
Total time [h:m:s.ms]:   0:00:00.354
#     i               E_i       exp(-(E-E0)/T)       Sect       Dim    Indices:
     1   -7.503539550707   1.000000000000E+00         30       735   3   5
Egs =     -7.503539550707   3   5
Z   =      1.000000000000
Get impurity Greens functions:
Get G_l1_s1
Total time [h:m:s.ms]:   0:00:00.018
Get G_l1_s2
Total time [h:m:s.ms]:   0:00:00.021
dens_ineq0001=    0.999860042875    0.999860042875
docc_ineq0001=    0.075188940942
mag _ineq0001=   -0.747527796011
Total time [h:m:s.ms]:   0:00:00.445
Get local Matsubara Green's function (no print)
Direct Inversion algorithm:
 
  +ETA --> fort.6
  10% |ETA: 0:00:00.753 @21 May 2019  10:51:50
  20% |ETA: 0:00:00.678
  30% |ETA: 0:00:00.594
  40% |ETA: 0:00:00.509
  50% |ETA: 0:00:00.855 @21 May 2019  10:51:50
  60% |ETA: 0:00:00.679
  70% |ETA: 0:00:00.525
  80% |ETA: 0:00:00.712
  90% |ETA: 0:00:00.724
 100% |ETA: 0:00:00.000
Total time [h:m:s.ms]:   0:00:00.907
Gloc matsubara: write spin-orbital diagonal elements. Split.
Store Gloc_l11_s1_iw_indx*.dat in Gloc_l11_s1_iw.tgz
Store Gloc_l11_s2_iw_indx*.dat in Gloc_l11_s2_iw.tgz
Updated impHloc:
chi^2|iter_ineq0001=    1.358214960E-07 |    88  <--  Orb1 Spin1
            #Ek_l1_s1              Vk_l1_s1             #Ek_l1_s2              Vk_l1_s2
      -1.040802545249        0.337728928811       -3.277310302031        0.000013301589
      -0.317171623275        0.241198886046       -1.040285545231       -0.021538640869
      -0.143587631558        0.157833949170       -0.324056720211        0.104676607728
       0.356860309512        0.123356683647       -0.641501551173        0.136018867864
       0.870837610056       -0.139073908525        0.175621388158        0.222552892990
       3.229572160751       -0.000000063457        0.714506141362        0.360703955118
Updated impHloc:
chi^2|iter_ineq0001=    5.889992777E-06 |    12  <--  Orb1 Spin2
            #Ek_l1_s1              Vk_l1_s1             #Ek_l1_s2              Vk_l1_s2
      -1.040802545249        0.337728928811       -3.277310302031        0.000012433126
      -0.317171623275        0.241198886046       -1.040281911092       -0.021471342627
      -0.143587631558        0.157833949170       -0.325538284960        0.102532621696
       0.356860309512        0.123356683647       -0.641448552291        0.136433086129
       0.870837610056       -0.139073908525        0.175543526731        0.221759829177
       3.229572160751       -0.000000063457        0.714677236256        0.361998972429
[1;91mmax error=[0m  1.6006836E-04
[1;91m    error=[0m  1.6006836E-04
[1;91mmin error=[0m  1.6006836E-04
=====================================
Total time [h:m:s.ms]:   0:00:01.711



-----DMFT-loop    9 (max:  100)-----
 0 SOLVES INEQ SITE: 0001
Updated impHloc:
            #Ek_l1_s1              Vk_l1_s1             #Ek_l1_s2              Vk_l1_s2
      -1.035779339687        0.340124082948       -3.277310302031        0.000012867358
      -0.306329149664        0.242118391715       -1.040283728162       -0.021504991748
      -0.140568869126        0.151680320287       -0.324797502586        0.103604614712
       0.348978255017        0.121524255061       -0.641475051732        0.136225976997
       0.872481195606       -0.143102801874        0.175582457444        0.222156361084
       3.229572160751       -0.000000063457        0.714591688809        0.361351463774
Diagonalize impurity H:
 
  +ETA --> fort.6
  10% |ETA: 0:00:00.521 @21 May 2019  10:51:51
  20% |ETA: 0:00:00.612
  31% |ETA: 0:00:00.765
  40% |ETA: 0:00:00.654
  50% |ETA: 0:00:00.808 @21 May 2019  10:51:51
  60% |ETA: 0:00:00.694
  70% |ETA: 0:00:00.538
  81% |ETA: 0:00:00.633
  90% |ETA: 0:00:00.667
 100% |ETA: 0:00:00.000
Total time [h:m:s.ms]:   0:00:00.404
#     i               E_i       exp(-(E-E0)/T)       Sect       Dim    Indices:
     1   -7.523018985160   1.000000000000E+00         30       735   3   5
Egs =     -7.523018985160   3   5
Z   =      1.000000000000
Get impurity Greens functions:
Get G_l1_s1
Total time [h:m:s.ms]:   0:00:00.018
Get G_l1_s2
Total time [h:m:s.ms]:   0:00:00.019
dens_ineq0001=    0.999801788996    0.999801788996
docc_ineq0001=    0.075085684015
mag _ineq0001=   -0.748131948143
Total time [h:m:s.ms]:   0:00:00.490
Get local Matsubara Green's function (no print)
Direct Inversion algorithm:
 
  +ETA --> fort.6
  10% |ETA: 0:00:00.744 @21 May 2019  10:51:51
  20% |ETA: 0:00:00.670
  30% |ETA: 0:00:00.594
  40% |ETA: 0:00:00.512
  50% |ETA: 0:00:00.855 @21 May 2019  10:51:52
  60% |ETA: 0:00:00.684
  70% |ETA: 0:00:00.513
  80% |ETA: 0:00:00.686
  90% |ETA: 0:00:00.688
 100% |ETA: 0:00:00.000
Total time [h:m:s.ms]:   0:00:00.860
Gloc matsubara: write spin-orbital diagonal elements. Split.
Store Gloc_l11_s1_iw_indx*.dat in Gloc_l11_s1_iw.tgz
Store Gloc_l11_s2_iw_indx*.dat in Gloc_l11_s2_iw.tgz
Updated impHloc:
chi^2|iter_ineq0001=    1.332624917E-07 |    16  <--  Orb1 Spin1
            #Ek_l1_s1              Vk_l1_s1             #Ek_l1_s2              Vk_l1_s2
      -1.036565129686        0.341198496972       -3.277310302031        0.000012867358
      -0.306955867675        0.241688122505       -1.040283728162       -0.021504991748
      -0.140871684131        0.152041594329       -0.324797502586        0.103604614712
       0.350068089559        0.120229061042       -0.641475051732        0.136225976997
       0.872428086485       -0.143857004765        0.175582457444        0.222156361084
       3.229572160751       -0.000000063457        0.714591688809        0.361351463774
Updated impHloc:
chi^2|iter_ineq0001=    5.886571798E-06 |     7  <--  Orb1 Spin2
            #Ek_l1_s1              Vk_l1_s1             #Ek_l1_s2              Vk_l1_s2
      -1.036565129686        0.341198496972       -3.277310302030        0.000013293465
      -0.306955867675        0.241688122505       -1.040283424118       -0.021428872052
      -0.140871684131        0.152041594329       -0.325148532766        0.102553568461
       0.350068089559        0.120229061042       -0.641501247913        0.135766849553
       0.872428086485       -0.143857004765        0.175471326308        0.221660214839
       3.229572160751       -0.000000063457        0.714704947760        0.362087847606
[1;91mmax error=[0m  1.0970642E-04
[1;91m    error=[0m  1.0970642E-04
[1;91mmin error=[0m  1.0970642E-04
=====================================
Total time [h:m:s.ms]:   0:00:01.501



-----DMFT-loop   10 (max:  100)-----
 0 SOLVES INEQ SITE: 0001
Updated impHloc:
            #Ek_l1_s1              Vk_l1_s1             #Ek_l1_s2              Vk_l1_s2
      -1.036172234687        0.340661289960       -3.277310302031        0.000013080411
      -0.306642508670        0.241903257110       -1.040283576140       -0.021466931900
      -0.140720276629        0.151860957308       -0.324973017676        0.103079091586
       0.349523172288        0.120876658051       -0.641488149823        0.135996413275
       0.872454641045       -0.143479903320        0.175526891876        0.221908287961
       3.229572160751       -0.000000063457        0.714648318285        0.361719655690
Diagonalize impurity H:
 
  +ETA --> fort.6
  10% |ETA: 0:00:00.521 @21 May 2019  10:51:52
  20% |ETA: 0:00:00.580
  31% |ETA: 0:00:00.712
  40% |ETA: 0:00:00.584
  50% |ETA: 0:00:00.724 @21 May 2019  10:51:53
  60% |ETA: 0:00:00.592
  70% |ETA: 0:00:00.915
  81% |ETA: 0:00:00.539
  90% |ETA: 0:00:00.584
 100% |ETA: 0:00:00.000
Total time [h:m:s.ms]:   0:00:00.355
#     i               E_i       exp(-(E-E0)/T)       Sect       Dim    Indices:
     1   -7.524178530329   1.000000000000E+00         30       735   3   5
Egs =     -7.524178530329   3   5
Z   =      1.000000000000
Get impurity Greens functions:
Get G_l1_s1
Total time [h:m:s.ms]:   0:00:00.018
Get G_l1_s2
Total time [h:m:s.ms]:   0:00:00.021
dens_ineq0001=    0.999820379025    0.999820379025
docc_ineq0001=    0.075076638550
mag _ineq0001=   -0.748386846425
Total time [h:m:s.ms]:   0:00:00.440
Get local Matsubara Green's function (no print)
Direct Inversion algorithm:
 
  +ETA --> fort.6
  10% |ETA: 0:00:00.770 @21 May 2019  10:51:53
  20% |ETA: 0:00:00.670
  30% |ETA: 0:00:00.589
  40% |ETA: 0:00:00.507
  50% |ETA: 0:00:00.843 @21 May 2019  10:51:53
  60% |ETA: 0:00:00.680
  70% |ETA: 0:00:00.520
  80% |ETA: 0:00:00.695
  90% |ETA: 0:00:00.694
 100% |ETA: 0:00:00.000
Total time [h:m:s.ms]:   0:00:00.872
Gloc matsubara: write spin-orbital diagonal elements. Split.
Store Gloc_l11_s1_iw_indx*.dat in Gloc_l11_s1_iw.tgz
Store Gloc_l11_s2_iw_indx*.dat in Gloc_l11_s2_iw.tgz
Updated impHloc:
chi^2|iter_ineq0001=    1.068306421E-07 |    48  <--  Orb1 Spin1
            #Ek_l1_s1              Vk_l1_s1             #Ek_l1_s2              Vk_l1_s2
      -1.050054483995        0.339269080344       -3.277310302031        0.000013080411
      -0.315403764198        0.242493616187       -1.040283576140       -0.021466931900
      -0.142639585025        0.156002379832       -0.324973017676        0.103079091586
       0.350758510339        0.120265399065       -0.641488149823        0.135996413275
       0.871886014205       -0.143643161827        0.175526891876        0.221908287961
       3.229572160751       -0.000000063457        0.714648318285        0.361719655690
Updated impHloc:
chi^2|iter_ineq0001=    5.882565840E-06 |     4  <--  Orb1 Spin2
            #Ek_l1_s1              Vk_l1_s1             #Ek_l1_s2              Vk_l1_s2
      -1.050054483995        0.339269080344       -3.277310302031        0.000013077338
      -0.315403764198        0.242493616187       -1.040283929084       -0.021429587933
      -0.142639585025        0.156002379832       -0.325097167519        0.102419625354
       0.350758510339        0.120265399065       -0.641534339155        0.135608659568
       0.871886014205       -0.143643161827        0.175612795136        0.221754821103
       3.229572160751       -0.000000063457        0.714676232570        0.361914462270
[1;91mmax error=[0m  6.0292299E-05
[1;91m    error=[0m  6.0292299E-05
[1;91mmin error=[0m  6.0292299E-05
=====================================
Total time [h:m:s.ms]:   0:00:01.544



-----DMFT-loop   11 (max:  100)-----
 0 SOLVES INEQ SITE: 0001
Updated impHloc:
            #Ek_l1_s1              Vk_l1_s1             #Ek_l1_s2              Vk_l1_s2
      -1.043113359341        0.339965185152       -3.277310302031        0.000013078875
      -0.311023136434        0.242198436649       -1.040283752612       -0.021448259917
      -0.141679930827        0.153931668570       -0.325035092597        0.102749358470
       0.350140841314        0.120571028558       -0.641511244489        0.135802536421
       0.872170327625       -0.143561532573        0.175569843506        0.221831554532
       3.229572160751       -0.000000063457        0.714662275428        0.361817058980
Diagonalize impurity H:
 
  +ETA --> fort.6
  10% |ETA: 0:00:00.521 @21 May 2019  10:51:54
  20% |ETA: 0:00:00.596
  31% |ETA: 0:00:00.730
  40% |ETA: 0:00:00.608
  50% |ETA: 0:00:00.728 @21 May 2019  10:51:54
  60% |ETA: 0:00:00.597
  70% |ETA: 0:00:00.918
  81% |ETA: 0:00:00.540
  90% |ETA: 0:00:00.585
 100% |ETA: 0:00:00.000
Total time [h:m:s.ms]:   0:00:00.355
#     i               E_i       exp(-(E-E0)/T)       Sect       Dim    Indices:
     1   -7.536581542243   1.000000000000E+00         30       735   3   5
Egs =     -7.536581542243   3   5
Z   =      1.000000000000
Get impurity Greens functions:
Get G_l1_s1
Total time [h:m:s.ms]:   0:00:00.017
Get G_l1_s2
Total time [h:m:s.ms]:   0:00:00.020
dens_ineq0001=    0.999826773398    0.999826773398
docc_ineq0001=    0.075059227258
mag _ineq0001=   -0.748568526317
Total time [h:m:s.ms]:   0:00:00.443
Get local Matsubara Green's function (no print)
Direct Inversion algorithm:
 
  +ETA --> fort.6
  10% |ETA: 0:00:00.753 @21 May 2019  10:51:54
  20% |ETA: 0:00:00.674
  30% |ETA: 0:00:00.587
  40% |ETA: 0:00:00.500
  50% |ETA: 0:00:00.841 @21 May 2019  10:51:55
  60% |ETA: 0:00:00.675
  70% |ETA: 0:00:00.504
  80% |ETA: 0:00:00.672
  90% |ETA: 0:00:00.670
 100% |ETA: 0:00:00.000
Total time [h:m:s.ms]:   0:00:00.839
Gloc matsubara: write spin-orbital diagonal elements. Split.
Store Gloc_l11_s1_iw_indx*.dat in Gloc_l11_s1_iw.tgz
Store Gloc_l11_s2_iw_indx*.dat in Gloc_l11_s2_iw.tgz
Updated impHloc:
chi^2|iter_ineq0001=    1.207271221E-07 |     4  <--  Orb1 Spin1
            #Ek_l1_s1              Vk_l1_s1             #Ek_l1_s2              Vk_l1_s2
      -1.043111925444        0.340092009549       -3.277310302031        0.000013078875
      -0.311086120025        0.242214621536       -1.040283752612       -0.021448259917
      -0.141684388521        0.153881302625       -0.325035092597        0.102749358470
       0.350218743280        0.120148743544       -0.641511244489        0.135802536421
       0.872187602142       -0.143389181803        0.175569843506        0.221831554532
       3.229572160751       -0.000000063457        0.714662275428        0.361817058980
Updated impHloc:
chi^2|iter_ineq0001=    5.880966063E-06 |     4  <--  Orb1 Spin2
            #Ek_l1_s1              Vk_l1_s1             #Ek_l1_s2              Vk_l1_s2
      -1.043111925444        0.340092009549       -3.277310302031        0.000013041375
      -0.311086120025        0.242214621536       -1.040283918766       -0.021425210256
      -0.141684388521        0.153881302625       -0.325122189660        0.102342544602
       0.350218743280        0.120148743544       -0.641537350015        0.135578047663
       0.872187602142       -0.143389181803        0.175609590348        0.221724997285
       3.229572160751       -0.000000063457        0.714682811252        0.361946190236
[1;91mmax error=[0m  3.6268962E-05
[1;91m    error=[0m  3.6268962E-05
[1;91mmin error=[0m  3.6268962E-05
=====================================
Total time [h:m:s.ms]:   0:00:01.398



-----DMFT-loop   12 (max:  100)-----
 0 SOLVES INEQ SITE: 0001
Updated impHloc:
            #Ek_l1_s1              Vk_l1_s1             #Ek_l1_s2              Vk_l1_s2
      -1.043112642392        0.340028597350       -3.277310302031        0.000013060125
      -0.311054628229        0.242206529092       -1.040283835689       -0.021436735086
      -0.141682159674        0.153906485597       -0.325078641129        0.102545951536
       0.350179792297        0.120359886051       -0.641524297252        0.135690292042
       0.872178964883       -0.143475357188        0.175589716927        0.221778275908
       3.229572160751       -0.000000063457        0.714672543340        0.361881624608
Diagonalize impurity H:
 
  +ETA --> fort.6
  10% |ETA: 0:00:00.521 @21 May 2019  10:51:55
  20% |ETA: 0:00:00.580
  31% |ETA: 0:00:00.703
  40% |ETA: 0:00:00.584
  50% |ETA: 0:00:00.712 @21 May 2019  10:51:56
  60% |ETA: 0:00:00.584
  70% |ETA: 0:00:00.905
  81% |ETA: 0:00:00.533
  90% |ETA: 0:00:00.577
 100% |ETA: 0:00:00.000
Total time [h:m:s.ms]:   0:00:00.351
#     i               E_i       exp(-(E-E0)/T)       Sect       Dim    Indices:
     1   -7.536667697413   1.000000000000E+00         30       735   3   5
Egs =     -7.536667697413   3   5
Z   =      1.000000000000
Get impurity Greens functions:
Get G_l1_s1
Total time [h:m:s.ms]:   0:00:00.018
Get G_l1_s2
Total time [h:m:s.ms]:   0:00:00.019
dens_ineq0001=    0.999832166825    0.999832166825
docc_ineq0001=    0.075049735928
mag _ineq0001=   -0.748667681623
Total time [h:m:s.ms]:   0:00:00.435
Get local Matsubara Green's function (no print)
Direct Inversion algorithm:
 
  +ETA --> fort.6
  10% |ETA: 0:00:00.753 @21 May 2019  10:51:56
  20% |ETA: 0:00:00.666
  30% |ETA: 0:00:00.587
  40% |ETA: 0:00:00.507
  50% |ETA: 0:00:00.845 @21 May 2019  10:51:56
  60% |ETA: 0:00:00.675
  70% |ETA: 0:00:00.506
  80% |ETA: 0:00:00.674
  90% |ETA: 0:00:00.674
 100% |ETA: 0:00:00.***
Total time [h:m:s.ms]:   0:00:00.846
Gloc matsubara: write spin-orbital diagonal elements. Split.
Store Gloc_l11_s1_iw_indx*.dat in Gloc_l11_s1_iw.tgz
Store Gloc_l11_s2_iw_indx*.dat in Gloc_l11_s2_iw.tgz
Updated impHloc:
chi^2|iter_ineq0001=    1.210457846E-07 |     4  <--  Orb1 Spin1
            #Ek_l1_s1              Vk_l1_s1             #Ek_l1_s2              Vk_l1_s2
      -1.043113037152        0.340106578065       -3.277310302031        0.000013060125
      -0.311096705596        0.242214566917       -1.040283835689       -0.021436735086
      -0.141677768127        0.153875481223       -0.325078641129        0.102545951536
       0.350230762894        0.120102287805       -0.641524297252        0.135690292042
       0.872189206108       -0.143376604420        0.175589716927        0.221778275908
       3.229572160751       -0.000000063457        0.714672543340        0.361881624608
Updated impHloc:
chi^2|iter_ineq0001=    5.872401786E-06 |     7  <--  Orb1 Spin2
            #Ek_l1_s1              Vk_l1_s1             #Ek_l1_s2              Vk_l1_s2
      -1.043113037152        0.340106578065       -3.277310302032        0.000012868066
      -0.311096705596        0.242214566917       -1.040282185877       -0.021413421567
      -0.141677768127        0.153875481223       -0.325506260410        0.102216337748
       0.350230762894        0.120102287805       -0.641460653378        0.135995263944
       0.872189206108       -0.143376604420        0.175381690805        0.221453728914
       3.229572160751       -0.000000063457        0.714758014836        0.362391523023
[1;91mmax error=[0m  2.0757194E-05
[1;91m    error=[0m  2.0757194E-05
[1;91mmin error=[0m  2.0757194E-05
=====================================
Total time [h:m:s.ms]:   0:00:01.407



-----DMFT-loop   13 (max:  100)-----
 0 SOLVES INEQ SITE: 0001
Updated impHloc:
            #Ek_l1_s1              Vk_l1_s1             #Ek_l1_s2              Vk_l1_s2
      -1.043112839772        0.340067587708       -3.277310302031        0.000012964095
      -0.311075666913        0.242210548004       -1.040283010783       -0.021425078326
      -0.141679963900        0.153890983410       -0.325292450769        0.102381144642
       0.350205277595        0.120231086928       -0.641492475315        0.135842777993
       0.872184085496       -0.143425980804        0.175485703866        0.221616002411
       3.229572160751       -0.000000063457        0.714715279088        0.362136573816
Diagonalize impurity H:
 
  +ETA --> fort.6
  10% |ETA: 0:00:00.521 @21 May 2019  10:51:57
  20% |ETA: 0:00:00.564
  31% |ETA: 0:00:00.721
  40% |ETA: 0:00:00.596
  50% |ETA: 0:00:00.724 @21 May 2019  10:51:57
  60% |ETA: 0:00:00.594
  70% |ETA: 0:00:00.918
  81% |ETA: 0:00:00.540
  90% |ETA: 0:00:00.589
 100% |ETA: 0:00:00.000
Total time [h:m:s.ms]:   0:00:00.358
#     i               E_i       exp(-(E-E0)/T)       Sect       Dim    Indices:
     1   -7.536909094214   1.000000000000E+00         30       735   3   5
Egs =     -7.536909094214   3   5
Z   =      1.000000000000
Get impurity Greens functions:
Get G_l1_s1
Total time [h:m:s.ms]:   0:00:00.018
Get G_l1_s2
Total time [h:m:s.ms]:   0:00:00.020
dens_ineq0001=    0.999827752333    0.999827752333
docc_ineq0001=    0.075045368907
mag _ineq0001=   -0.748725952083
Total time [h:m:s.ms]:   0:00:00.444
Get local Matsubara Green's function (no print)
Direct Inversion algorithm:
 
  +ETA --> fort.6
  10% |ETA: 0:00:00.770 @21 May 2019  10:51:57
  20% |ETA: 0:00:00.682
  30% |ETA: 0:00:00.598
  40% |ETA: 0:00:00.512
  50% |ETA: 0:00:00.851 @21 May 2019  10:51:58
  60% |ETA: 0:00:00.676
  70% |ETA: 0:00:00.506
  80% |ETA: 0:00:00.675
  90% |ETA: 0:00:00.677
 100% |ETA: 0:00:00.000
Total time [h:m:s.ms]:   0:00:00.848
Gloc matsubara: write spin-orbital diagonal elements. Split.
Store Gloc_l11_s1_iw_indx*.dat in Gloc_l11_s1_iw.tgz
Store Gloc_l11_s2_iw_indx*.dat in Gloc_l11_s2_iw.tgz
Updated impHloc:
chi^2|iter_ineq0001=    1.192218062E-07 |     9  <--  Orb1 Spin1
            #Ek_l1_s1              Vk_l1_s1             #Ek_l1_s2              Vk_l1_s2
      -1.043224845367        0.340170239237       -3.277310302031        0.000012964095
      -0.311301473807        0.242321268902       -1.040283010783       -0.021425078326
      -0.141599049220        0.153835671473       -0.325292450769        0.102381144642
       0.350518768796        0.119962942628       -0.641492475315        0.135842777993
       0.872172190713       -0.143818472181        0.175485703866        0.221616002411
       3.229572160751       -0.000000063457        0.714715279088        0.362136573816
Updated impHloc:
chi^2|iter_ineq0001=    5.861913208E-06 |     7  <--  Orb1 Spin2
            #Ek_l1_s1              Vk_l1_s1             #Ek_l1_s2              Vk_l1_s2
      -1.043224845367        0.340170239237       -3.277310302065        0.000001240497
      -0.311301473807        0.242321268902       -1.040279306636       -0.021386424359
      -0.141599049220        0.153835671473       -0.326167076940        0.101887205265
       0.350518768796        0.119962942628       -0.641340537799        0.136627900999
       0.872172190713       -0.143818472181        0.175428206707        0.221478934533
       3.229572160751       -0.000000063457        0.714823670838        0.362449950236
[1;91mmax error=[0m  1.5857008E-05
[1;91m    error=[0m  1.5857008E-05
[1;91mmin error=[0m  1.5857008E-05
=====================================
Total time [h:m:s.ms]:   0:00:01.427



-----DMFT-loop   14 (max:  100)-----
 0 SOLVES INEQ SITE: 0001
Updated impHloc:
            #Ek_l1_s1              Vk_l1_s1             #Ek_l1_s2              Vk_l1_s2
      -1.043168842570        0.340118913472       -3.277310302048        0.000007102296
      -0.311188570360        0.242265908453       -1.040281158709       -0.021405751343
      -0.141639506560        0.153863327442       -0.325729763855        0.102134174954
       0.350362023195        0.120097014778       -0.641416506557        0.136235339496
       0.872178138104       -0.143622226493        0.175456955286        0.221547468472
       3.229572160751       -0.000000063457        0.714769474963        0.362293262026
Diagonalize impurity H:
 
  +ETA --> fort.6
  10% |ETA: 0:00:00.521 @21 May 2019  10:51:58
  20% |ETA: 0:00:00.596
  31% |ETA: 0:00:00.712
  40% |ETA: 0:00:00.596
  50% |ETA: 0:00:00.776 @21 May 2019  10:51:58
  60% |ETA: 0:00:00.628
  70% |ETA: 0:00:00.969
  81% |ETA: 0:00:00.574
  90% |ETA: 0:00:00.627
 100% |ETA: 0:00:00.000
Total time [h:m:s.ms]:   0:00:00.381
#     i               E_i       exp(-(E-E0)/T)       Sect       Dim    Indices:
     1   -7.537456948172   1.000000000000E+00         30       735   3   5
Egs =     -7.537456948172   3   5
Z   =      1.000000000000
Get impurity Greens functions:
Get G_l1_s1
Total time [h:m:s.ms]:   0:00:00.019
Get G_l1_s2
Total time [h:m:s.ms]:   0:00:00.022
dens_ineq0001=    0.999825327243    0.999825327243
docc_ineq0001=    0.075050893197
mag _ineq0001=   -0.748731357961
Total time [h:m:s.ms]:   0:00:00.488
Get local Matsubara Green's function (no print)
Direct Inversion algorithm:
 
  +ETA --> fort.6
  10% |ETA: 0:00:00.840 @21 May 2019  10:51:59
  20% |ETA: 0:00:00.733
  30% |ETA: 0:00:00.642
  40% |ETA: 0:00:00.549
  50% |ETA: 0:00:00.912 @21 May 2019  10:51:59
  60% |ETA: 0:00:00.729
  70% |ETA: 0:00:00.542
  80% |ETA: 0:00:00.719
  90% |ETA: 0:00:00.715
 100% |ETA: 0:00:00.500
Total time [h:m:s.ms]:   0:00:00.891
Gloc matsubara: write spin-orbital diagonal elements. Split.
Store Gloc_l11_s1_iw_indx*.dat in Gloc_l11_s1_iw.tgz
Store Gloc_l11_s2_iw_indx*.dat in Gloc_l11_s2_iw.tgz
Updated impHloc:
chi^2|iter_ineq0001=    1.189806487E-07 |     9  <--  Orb1 Spin1
            #Ek_l1_s1              Vk_l1_s1             #Ek_l1_s2              Vk_l1_s2
      -1.043343905720        0.340196195992       -3.277310302048        0.000007102296
      -0.311359411165        0.242319531025       -1.040281158709       -0.021405751343
      -0.141611582837        0.153862268009       -0.325729763855        0.102134174954
       0.350566790849        0.119933897332       -0.641416506557        0.136235339496
       0.872166596964       -0.143885173275        0.175456955286        0.221547468472
       3.229572160751       -0.000000063457        0.714769474963        0.362293262026
Updated impHloc:
chi^2|iter_ineq0001=    5.858338047E-06 |     7  <--  Orb1 Spin2
            #Ek_l1_s1              Vk_l1_s1             #Ek_l1_s2              Vk_l1_s2
      -1.043343905720        0.340196195992       -3.277310302047        0.000008483491
      -0.311359411165        0.242319531025       -1.040276751665       -0.021265627485
      -0.141611582837        0.153862268009       -0.326471927605        0.101900468443
       0.350566790849        0.119933897332       -0.641175470588        0.136688622148
       0.872166596964       -0.143885173275        0.175411239486        0.221458108475
       3.229572160751       -0.000000063457        0.715001903406        0.362535317539
[1;93mmax error=[0m  6.5566632E-06
[1;93m    error=[0m  6.5566632E-06
[1;93mmin error=[0m  6.5566632E-06
=====================================
Total time [h:m:s.ms]:   0:00:01.516



-----DMFT-loop   15 (max:  100)-----
 0 SOLVES INEQ SITE: 0001
Updated impHloc:
            #Ek_l1_s1              Vk_l1_s1             #Ek_l1_s2              Vk_l1_s2
      -1.043256374145        0.340157554732       -3.277310302048        0.000007792894
      -0.311273990762        0.242292719739       -1.040278955187       -0.021335689414
      -0.141625544699        0.153862797725       -0.326100845730        0.102017321698
       0.350464407022        0.120015456055       -0.641295988572        0.136461980822
       0.872172367534       -0.143753699884        0.175434097386        0.221502788473
       3.229572160751       -0.000000063457        0.714885689185        0.362414289782
Diagonalize impurity H:
 
  +ETA --> fort.6
  10% |ETA: 0:00:00.521 @21 May 2019  10:52:00
  20% |ETA: 0:00:00.580
  31% |ETA: 0:00:00.712
  40% |ETA: 0:00:00.590
  50% |ETA: 0:00:00.716 @21 May 2019  10:52:00
  60% |ETA: 0:00:00.587
  70% |ETA: 0:00:00.908
  81% |ETA: 0:00:00.533
  90% |ETA: 0:00:00.579
 100% |ETA: 0:00:00.000
Total time [h:m:s.ms]:   0:00:00.352
#     i               E_i       exp(-(E-E0)/T)       Sect       Dim    Indices:
     1   -7.537908413025   1.000000000000E+00         30       735   3   5
Egs =     -7.537908413025   3   5
Z   =      1.000000000000
Get impurity Greens functions:
Get G_l1_s1
Total time [h:m:s.ms]:   0:00:00.019
Get G_l1_s2
Total time [h:m:s.ms]:   0:00:00.020
dens_ineq0001=    0.999823793706    0.999823793706
docc_ineq0001=    0.075054661612
mag _ineq0001=   -0.748736411879
Total time [h:m:s.ms]:   0:00:00.437
Get local Matsubara Green's function (no print)
Direct Inversion algorithm:
 
  +ETA --> fort.6
  10% |ETA: 0:00:00.761 @21 May 2019  10:52:00
  20% |ETA: 0:00:00.670
  30% |ETA: 0:00:00.584
  40% |ETA: 0:00:00.504
  50% |ETA: 0:00:00.841 @21 May 2019  10:52:01
  60% |ETA: 0:00:00.674
  70% |ETA: 0:00:00.505
  80% |ETA: 0:00:00.671
  90% |ETA: 0:00:00.669
 100% |ETA: 0:00:00.000
Total time [h:m:s.ms]:   0:00:00.839
Gloc matsubara: write spin-orbital diagonal elements. Split.
Store Gloc_l11_s1_iw_indx*.dat in Gloc_l11_s1_iw.tgz
Store Gloc_l11_s2_iw_indx*.dat in Gloc_l11_s2_iw.tgz
Updated impHloc:
chi^2|iter_ineq0001=    1.148858765E-07 |    15  <--  Orb1 Spin1
            #Ek_l1_s1              Vk_l1_s1             #Ek_l1_s2              Vk_l1_s2
      -1.046901299195        0.340430663338       -3.277310302048        0.000007792894
      -0.312458004069        0.241960676243       -1.040278955187       -0.021335689414
      -0.142207744095        0.154853418741       -0.326100845730        0.102017321698
       0.350601040384        0.119961051425       -0.641295988572        0.136461980822
       0.872060711342       -0.143957806165        0.175434097386        0.221502788473
       3.229572160751       -0.000000063457        0.714885689185        0.362414289782
Updated impHloc:
chi^2|iter_ineq0001=    5.857564447E-06 |     2  <--  Orb1 Spin2
            #Ek_l1_s1              Vk_l1_s1             #Ek_l1_s2              Vk_l1_s2
      -1.046901299195        0.340430663338       -3.277310302048        0.000007792894
      -0.312458004069        0.241960676243       -1.040278959277       -0.021332989823
      -0.142207744095        0.154853418741       -0.326106886878        0.101988230911
       0.350601040384        0.119961051425       -0.641297127594        0.136442080219
       0.872060711342       -0.143957806165        0.175461021940        0.221497168139
       3.229572160751       -0.000000063457        0.714884912441        0.362436841859
[1;92mmax error=[0m  4.8720987E-06
[1;92m    error=[0m  4.8720987E-06
[1;92mmin error=[0m  4.8720987E-06
=====================================
Total time [h:m:s.ms]:   0:00:01.414


Get local Realaxis Green's function (no print)
Direct Inversion algorithm:
 
  +ETA --> fort.6
  10% |ETA: 0:00:00.753 @21 May 2019  10:52:01
  20% |ETA: 0:00:00.654
  30% |ETA: 0:00:00.573
  40% |ETA: 0:00:00.977
  50% |ETA: 0:00:00.811 @21 May 2019  10:52:01
  60% |ETA: 0:00:00.647
  70% |ETA: 0:00:00.973
  80% |ETA: 0:00:00.649
  90% |ETA: 0:00:00.650
 100% |ETA: 0:00:00.500
Total time [h:m:s.ms]:   0:00:00.408
Gloc real: write spin-orbital diagonal elements. Split.
Store Gloc_l11_s1_realw_indx*.dat in Gloc_l11_s1_realw.tgz
Store Gloc_l11_s2_realw_indx*.dat in Gloc_l11_s2_realw.tgz
