---------------MPI----------------
rank:     0 of      1 alive
----------------------------------

 warning scalar in parse_cmd array:   ULOC
 expecting a comma separated list of:            5
 wrong dimensions parsing variable:   ULOC
 expecting a comma separated list of:            5
SCIFOR VERSION (GIT): f51d8963e73e1a7f5e05ca328195b114bbdf41ec
Timestamp: +21 May 2019  10:53:25.425
 
CODE VERSION: 30030ed680c7b62ac87f0fc221aa358a61913d81
Timestamp: +21 May 2019  10:53:25.425
 
store size =10240Kb
 Using Neel symmetry to refold BZ
 Using Nineq sites=           1
 Symmetries used are:
 (site=2,l,s)=(site=1,l,-s)
 Using Nk_total=361
Using Reciprocal Lattice vectors:
bk_x = [  3.1416 -3.1416  0.0000]
bk_y = [  0.0000  6.2832  0.0000]
bk_z = [  0.0000  0.0000  6.2832]
Get local Realaxis Green's function (no print)
Direct Inversion algorithm:
 
  +ETA --> fort.6
  10% |ETA: 0:00:00.910 @21 May 2019  10:53:25
  20% |ETA: 0:00:00.796
  30% |ETA: 0:00:00.698
  40% |ETA: 0:00:00.591
  50% |ETA: 0:00:00.980 @21 May 2019  10:53:25
  60% |ETA: 0:00:00.785
  70% |ETA: 0:00:00.588
  80% |ETA: 0:00:00.784
  90% |ETA: 0:00:00.783
 100% |ETA: 0:00:00.000
Total time [h:m:s.ms]:   0:00:00.980
dos_Hk real: write spin-orbital diagonal elements.
 Solving model along the path:
Point1: [ 0.0000 0.0000 0.0000]
Point2: [ 3.1416 0.0000 0.0000]
Point3: [ 3.1416 3.1416 0.0000]
Point4: [ 0.0000 0.0000 0.0000]
INIT SOLVER FOR _ineq0001
Summary:
--------------------------------------------
# of levels/spin      =               7
Total size            =              14
# of impurities       =               1
# of bath/impurity    =               6
# of Bath levels/spin =               6
Number of sectors     =              64
Ns_Orb                =               7
Ns_Ud                 =               1
Largest Sector(s)     =       35        35                1225
--------------------------------------------
Required Lanc_nstates_total=1 => set T=0 calculation
Lanczos ZERO temperature calculation:
Updated impHloc:
Reading bath from filehamiltonian_ineq0001.restart
there are        6 lines in +hamiltonian_ineq0001.restart

-----DMFT-loop    1 (max:  100)-----
 0 SOLVES INEQ SITE: 0001
Updated impHloc:
            #Ek_l1_s1              Vk_l1_s1             #Ek_l1_s2              Vk_l1_s2
      -1.162514672836        0.364056293607       -3.677310301904       -0.000035130127
      -0.204401317590        0.202981871426       -1.440146421869        0.000789214514
      -0.036043866834        0.180749532788       -0.437694457968        0.110771421169
       0.434768865406        0.109494686537       -1.000553277335       -0.082344864252
       1.204729156505       -0.113138930908        0.058195016162        0.227369810069
       3.629572160751       -0.000000063457        0.777952319391        0.362790842220
Diagonalize impurity H:
 
  +ETA --> fort.6
  10% |ETA: 0:00:00.521 @21 May 2019  10:53:28
  20% |ETA: 0:00:00.612
  31% |ETA: 0:00:00.721
  40% |ETA: 0:00:00.596
  50% |ETA: 0:00:00.720 @21 May 2019  10:53:28
  60% |ETA: 0:00:00.584
  70% |ETA: 0:00:00.905
  81% |ETA: 0:00:00.531
  90% |ETA: 0:00:00.577
 100% |ETA: 0:00:00.000
Total time [h:m:s.ms]:   0:00:00.350
#     i               E_i       exp(-(E-E0)/T)       Sect       Dim    Indices:
     1   -8.880710208867   1.000000000000E+00         30       735   3   5
Egs =     -8.880710208867   3   5
Z   =      1.000000000000
Get impurity Greens functions:
Get G_l1_s1
Total time [h:m:s.ms]:   0:00:00.018
Get G_l1_s2
Total time [h:m:s.ms]:   0:00:00.019
dens_ineq0001=    0.999917504352    0.999917504352
docc_ineq0001=    0.056848115284
mag _ineq0001=   -0.705519081743
Total time [h:m:s.ms]:   0:00:00.437
Get local Matsubara Green's function (no print)
Direct Inversion algorithm:
 
  +ETA --> fort.6
  10% |ETA: 0:00:00.761 @21 May 2019  10:53:28
  20% |ETA: 0:00:00.666
  30% |ETA: 0:00:00.577
  40% |ETA: 0:00:00.998
  50% |ETA: 0:00:00.829 @21 May 2019  10:53:29
  60% |ETA: 0:00:00.660
  70% |ETA: 0:00:00.993
  80% |ETA: 0:00:00.664
  90% |ETA: 0:00:00.667
 100% |ETA: 0:00:00.000
Total time [h:m:s.ms]:   0:00:00.838
Gloc matsubara: write spin-orbital diagonal elements. Split.
Store Gloc_l11_s1_iw_indx*.dat in Gloc_l11_s1_iw.tgz
Store Gloc_l11_s2_iw_indx*.dat in Gloc_l11_s2_iw.tgz
Updated impHloc:
chi^2|iter_ineq0001=    2.069459010E-07 |   394  <--  Orb1 Spin1
            #Ek_l1_s1              Vk_l1_s1             #Ek_l1_s2              Vk_l1_s2
      -1.298961045512        0.350698028491       -3.677310301904       -0.000035130127
      -0.238044446925        0.214856493326       -1.440146421869        0.000789214514
      -0.121037752744        0.156767828505       -0.437694457968        0.110771421169
       0.251845771482        0.128123630780       -1.000553277335       -0.082344864252
       1.191824102631       -0.134513800491        0.058195016162        0.227369810069
       3.629572160751       -0.000000063457        0.777952319391        0.362790842220
Updated impHloc:
chi^2|iter_ineq0001=    9.931127881E-06 |   124  <--  Orb1 Spin2
            #Ek_l1_s1              Vk_l1_s1             #Ek_l1_s2              Vk_l1_s2
      -1.298961045512        0.350698028491       -3.677310301866       -0.000028979552
      -0.238044446925        0.214856493326       -1.440146627266       -0.000124006883
      -0.121037752744        0.156767828505       -0.255580138224        0.130331049022
       0.251845771482        0.128123630780       -1.001376043684        0.096936632696
       1.191824102631       -0.134513800491        0.153323426137        0.234355255517
       3.629572160751       -0.000000063457        0.878353338623        0.335451625481
[1;91mmax error=[0m  1.0000000E+00
[1;91m    error=[0m  1.0000000E+00
[1;91mmin error=[0m  1.0000000E+00
=====================================
Total time [h:m:s.ms]:   0:00:02.594



-----DMFT-loop    2 (max:  100)-----
 0 SOLVES INEQ SITE: 0001
Updated impHloc:
            #Ek_l1_s1              Vk_l1_s1             #Ek_l1_s2              Vk_l1_s2
      -1.298961045512        0.350698028491       -3.677310301866       -0.000028979552
      -0.238044446925        0.214856493326       -1.440146627266       -0.000124006883
      -0.121037752744        0.156767828505       -0.255580138224        0.130331049022
       0.251845771482        0.128123630780       -1.001376043684        0.096936632696
       1.191824102631       -0.134513800491        0.153323426137        0.234355255517
       3.629572160751       -0.000000063457        0.878353338623        0.335451625481
Diagonalize impurity H:
 
  +ETA --> fort.6
  10% |ETA: 0:00:00.521 @21 May 2019  10:53:31
  20% |ETA: 0:00:00.596
  31% |ETA: 0:00:00.730
  40% |ETA: 0:00:00.596
  50% |ETA: 0:00:00.732 @21 May 2019  10:53:31
  60% |ETA: 0:00:00.633
  70% |ETA: 0:00:00.969
  81% |ETA: 0:00:00.568
  90% |ETA: 0:00:00.612
 100% |ETA: 0:00:00.000
Total time [h:m:s.ms]:   0:00:00.372
#     i               E_i       exp(-(E-E0)/T)       Sect       Dim    Indices:
     1   -8.923748779924   1.000000000000E+00         30       735   3   5
Egs =     -8.923748779924   3   5
Z   =      1.000000000000
Get impurity Greens functions:
Get G_l1_s1
Total time [h:m:s.ms]:   0:00:00.019
Get G_l1_s2
Total time [h:m:s.ms]:   0:00:00.020
dens_ineq0001=    1.000122148938    1.000122148938
docc_ineq0001=    0.048119595393
mag _ineq0001=   -0.820105693516
Total time [h:m:s.ms]:   0:00:00.458
Get local Matsubara Green's function (no print)
Direct Inversion algorithm:
 
  +ETA --> fort.6
  10% |ETA: 0:00:00.753 @21 May 2019  10:53:31
  20% |ETA: 0:00:00.670
  30% |ETA: 0:00:00.582
  40% |ETA: 0:00:00.500
  50% |ETA: 0:00:00.837 @21 May 2019  10:53:31
  60% |ETA: 0:00:00.671
  70% |ETA: 0:00:00.504
  80% |ETA: 0:00:00.671
  90% |ETA: 0:00:00.669
 100% |ETA: 0:00:00.000
Total time [h:m:s.ms]:   0:00:00.839
Gloc matsubara: write spin-orbital diagonal elements. Split.
Store Gloc_l11_s1_iw_indx*.dat in Gloc_l11_s1_iw.tgz
Store Gloc_l11_s2_iw_indx*.dat in Gloc_l11_s2_iw.tgz
Updated impHloc:
chi^2|iter_ineq0001=    1.902019041E-07 |   174  <--  Orb1 Spin1
            #Ek_l1_s1              Vk_l1_s1             #Ek_l1_s2              Vk_l1_s2
      -1.314072187765        0.367141263369       -3.677310301866       -0.000028979552
      -0.266279196280        0.198525029606       -1.440146627266       -0.000124006883
      -0.129072457569        0.174940833940       -0.255580138224        0.130331049022
       0.307347875388        0.110509114777       -1.001376043684        0.096936632696
       1.189093146419       -0.107014915848        0.153323426137        0.234355255517
       3.629572160751       -0.000000063457        0.878353338623        0.335451625481
Updated impHloc:
chi^2|iter_ineq0001=    9.196857707E-06 |    63  <--  Orb1 Spin2
            #Ek_l1_s1              Vk_l1_s1             #Ek_l1_s2              Vk_l1_s2
      -1.314072187765        0.367141263369       -3.677310301935       -0.000043455868
      -0.266279196280        0.198525029606       -1.440146626727       -0.000062153910
      -0.129072457569        0.174940833940       -0.327120318230        0.117087057154
       0.307347875388        0.110509114777       -0.997577307838        0.060194046317
       1.189093146419       -0.107014915848        0.154010559648        0.231188365610
       3.629572160751       -0.000000063457        0.934593857591        0.357171864567
[1;91mmax error=[0m  1.6606589E-02
[1;91m    error=[0m  1.6606589E-02
[1;91mmin error=[0m  1.6606589E-02
=====================================
Total time [h:m:s.ms]:   0:00:01.951



-----DMFT-loop    3 (max:  100)-----
 0 SOLVES INEQ SITE: 0001
Updated impHloc:
            #Ek_l1_s1              Vk_l1_s1             #Ek_l1_s2              Vk_l1_s2
      -1.306516616638        0.358919645930       -3.677310301900       -0.000036217710
      -0.252161821602        0.206690761466       -1.440146626997       -0.000093080397
      -0.125055105157        0.165854331222       -0.291350228227        0.123709053088
       0.279596823435        0.119316372778       -0.999476675761        0.078565339506
       1.190458624525       -0.120764358169        0.153666992892        0.232771810564
       3.629572160751       -0.000000063457        0.906473598107        0.346311745024
Diagonalize impurity H:
 
  +ETA --> fort.6
  10% |ETA: 0:00:00.521 @21 May 2019  10:53:33
  20% |ETA: 0:00:00.564
  31% |ETA: 0:00:00.686
  40% |ETA: 0:00:00.567
  50% |ETA: 0:00:00.704 @21 May 2019  10:53:33
  60% |ETA: 0:00:00.579
  70% |ETA: 0:00:00.898
  81% |ETA: 0:00:00.528
  90% |ETA: 0:00:00.580
 100% |ETA: 0:00:00.000
Total time [h:m:s.ms]:   0:00:00.352
#     i               E_i       exp(-(E-E0)/T)       Sect       Dim    Indices:
     1   -8.985563973537   1.000000000000E+00         30       735   3   5
Egs =     -8.985563973537   3   5
Z   =      1.000000000000
Get impurity Greens functions:
Get G_l1_s1
Total time [h:m:s.ms]:   0:00:00.020
Get G_l1_s2
Total time [h:m:s.ms]:   0:00:00.021
dens_ineq0001=    0.999983608471    0.999983608471
docc_ineq0001=    0.047693681020
mag _ineq0001=   -0.826397283463
Total time [h:m:s.ms]:   0:00:00.441
Get local Matsubara Green's function (no print)
Direct Inversion algorithm:
 
  +ETA --> fort.6
  10% |ETA: 0:00:00.753 @21 May 2019  10:53:33
  20% |ETA: 0:00:00.666
  30% |ETA: 0:00:00.580
  40% |ETA: 0:00:00.989
  50% |ETA: 0:00:00.823 @21 May 2019  10:53:33
  60% |ETA: 0:00:00.660
  70% |ETA: 0:00:00.992
  80% |ETA: 0:00:00.659
  90% |ETA: 0:00:00.664
 100% |ETA: 0:00:00.***
Total time [h:m:s.ms]:   0:00:00.835
Gloc matsubara: write spin-orbital diagonal elements. Split.
Store Gloc_l11_s1_iw_indx*.dat in Gloc_l11_s1_iw.tgz
Store Gloc_l11_s2_iw_indx*.dat in Gloc_l11_s2_iw.tgz
Updated impHloc:
chi^2|iter_ineq0001=    1.306183155E-07 |   167  <--  Orb1 Spin1
            #Ek_l1_s1              Vk_l1_s1             #Ek_l1_s2              Vk_l1_s2
      -1.336500086915        0.368315638048       -3.677310301900       -0.000036217710
      -0.283584179085        0.194744568320       -1.440146626997       -0.000093080397
      -0.131298815956        0.182187182646       -0.291350228227        0.123709053088
       0.315019053383        0.108562661553       -0.999476675761        0.078565339506
       1.187612906552       -0.105848877052        0.153666992892        0.232771810564
       3.629572160751       -0.000000063457        0.906473598107        0.346311745024
Updated impHloc:
chi^2|iter_ineq0001=    8.959607768E-06 |    66  <--  Orb1 Spin2
            #Ek_l1_s1              Vk_l1_s1             #Ek_l1_s2              Vk_l1_s2
      -1.336500086915        0.368315638048       -3.677310302016       -0.000033561679
      -0.283584179085        0.194744568320       -1.440146626999       -0.000063223620
      -0.131298815956        0.182187182646       -0.325038343843        0.112177863820
       0.315019053383        0.108562661553       -0.997810421347        0.064812919177
       1.187612906552       -0.105848877052        0.153072216003        0.230298312714
       3.629572160751       -0.000000063457        0.933054374143        0.358688974628
[1;91mmax error=[0m  1.3899574E-03
[1;91m    error=[0m  1.3899574E-03
[1;91mmin error=[0m  1.3899574E-03
=====================================
Total time [h:m:s.ms]:   0:00:01.940



-----DMFT-loop    4 (max:  100)-----
 0 SOLVES INEQ SITE: 0001
Updated impHloc:
            #Ek_l1_s1              Vk_l1_s1             #Ek_l1_s2              Vk_l1_s2
      -1.321508351777        0.363617641989       -3.677310301958       -0.000034889695
      -0.267873000344        0.200717664893       -1.440146626998       -0.000078152008
      -0.128176960556        0.174020756934       -0.308194286035        0.117943458454
       0.297307938409        0.113939517166       -0.998643548554        0.071689129341
       1.189035765538       -0.113306617610        0.153369604447        0.231535061639
       3.629572160751       -0.000000063457        0.919763986125        0.352500359826
Diagonalize impurity H:
 
  +ETA --> fort.6
  10% |ETA: 0:00:00.521 @21 May 2019  10:53:34
  20% |ETA: 0:00:00.596
  31% |ETA: 0:00:00.721
  40% |ETA: 0:00:00.596
  50% |ETA: 0:00:00.712 @21 May 2019  10:53:35
  60% |ETA: 0:00:00.587
  70% |ETA: 0:00:00.908
  81% |ETA: 0:00:00.533
  90% |ETA: 0:00:00.579
 100% |ETA: 0:00:00.000
Total time [h:m:s.ms]:   0:00:00.352
#     i               E_i       exp(-(E-E0)/T)       Sect       Dim    Indices:
     1   -9.036909847337   1.000000000000E+00         30       735   3   5
Egs =     -9.036909847337   3   5
Z   =      1.000000000000
Get impurity Greens functions:
Get G_l1_s1
Total time [h:m:s.ms]:   0:00:00.018
Get G_l1_s2
Total time [h:m:s.ms]:   0:00:00.020
dens_ineq0001=    0.999921383657    0.999921383657
docc_ineq0001=    0.047514562307
mag _ineq0001=   -0.829478238358
Total time [h:m:s.ms]:   0:00:00.439
Get local Matsubara Green's function (no print)
Direct Inversion algorithm:
 
  +ETA --> fort.6
  10% |ETA: 0:00:00.770 @21 May 2019  10:53:35
  20% |ETA: 0:00:00.682
  30% |ETA: 0:00:00.591
  40% |ETA: 0:00:00.504
  50% |ETA: 0:00:00.843 @21 May 2019  10:53:35
  60% |ETA: 0:00:00.674
  70% |ETA: 0:00:00.504
  80% |ETA: 0:00:00.671
  90% |ETA: 0:00:00.670
 100% |ETA: 0:00:00.500
Total time [h:m:s.ms]:   0:00:00.842
Gloc matsubara: write spin-orbital diagonal elements. Split.
Store Gloc_l11_s1_iw_indx*.dat in Gloc_l11_s1_iw.tgz
Store Gloc_l11_s2_iw_indx*.dat in Gloc_l11_s2_iw.tgz
Updated impHloc:
chi^2|iter_ineq0001=    1.464374164E-07 |    45  <--  Orb1 Spin1
            #Ek_l1_s1              Vk_l1_s1             #Ek_l1_s2              Vk_l1_s2
      -1.327302617030        0.371492044557       -3.677310301958       -0.000034889695
      -0.272362579819        0.196195035714       -1.440146626998       -0.000078152008
      -0.129158729908        0.177288737209       -0.308194286035        0.117943458454
       0.318406456100        0.106985100488       -0.998643548554        0.071689129341
       1.188066504456       -0.108172604129        0.153369604447        0.231535061639
       3.629572160751       -0.000000063457        0.919763986125        0.352500359826
Updated impHloc:
chi^2|iter_ineq0001=    8.833190505E-06 |    29  <--  Orb1 Spin2
            #Ek_l1_s1              Vk_l1_s1             #Ek_l1_s2              Vk_l1_s2
      -1.327302617030        0.371492044557       -3.677310302025       -0.000020703760
      -0.272362579819        0.196195035714       -1.440146625374       -0.000055808771
      -0.129158729908        0.177288737209       -0.330526041342        0.112278003782
       0.318406456100        0.106985100488       -0.997256469557        0.058147113415
       1.188066504456       -0.108172604129        0.152924589412        0.230342368429
       3.629572160751       -0.000000063457        0.940185911003        0.359894368355
[1;91mmax error=[0m  7.1169651E-04
[1;91m    error=[0m  7.1169651E-04
[1;91mmin error=[0m  7.1169651E-04
=====================================
Total time [h:m:s.ms]:   0:00:01.550



-----DMFT-loop    5 (max:  100)-----
 0 SOLVES INEQ SITE: 0001
Updated impHloc:
            #Ek_l1_s1              Vk_l1_s1             #Ek_l1_s2              Vk_l1_s2
      -1.324405484403        0.367554843273       -3.677310301991       -0.000027796727
      -0.270117790081        0.198456350303       -1.440146626186       -0.000066980390
      -0.128667845232        0.175654747071       -0.319360163688        0.115110731118
       0.307857197255        0.110462308827       -0.997950009056        0.064918121378
       1.188551134997       -0.110739610870        0.153147096930        0.230938715034
       3.629572160751       -0.000000063457        0.929974948564        0.356197364091
Diagonalize impurity H:
 
  +ETA --> fort.6
  10% |ETA: 0:00:00.521 @21 May 2019  10:53:36
  20% |ETA: 0:00:00.580
  31% |ETA: 0:00:00.703
  40% |ETA: 0:00:00.584
  50% |ETA: 0:00:00.712 @21 May 2019  10:53:36
  60% |ETA: 0:00:00.584
  70% |ETA: 0:00:00.901
  81% |ETA: 0:00:00.529
  90% |ETA: 0:00:00.574
 100% |ETA: 0:00:00.000
Total time [h:m:s.ms]:   0:00:00.349
#     i               E_i       exp(-(E-E0)/T)       Sect       Dim    Indices:
     1   -9.054137606615   1.000000000000E+00         30       735   3   5
Egs =     -9.054137606615   3   5
Z   =      1.000000000000
Get impurity Greens functions:
Get G_l1_s1
Total time [h:m:s.ms]:   0:00:00.020
Get G_l1_s2
Total time [h:m:s.ms]:   0:00:00.019
dens_ineq0001=    0.999966338586    0.999966338586
docc_ineq0001=    0.047503391705
mag _ineq0001=   -0.830877162835
Total time [h:m:s.ms]:   0:00:00.435
Get local Matsubara Green's function (no print)
Direct Inversion algorithm:
 
  +ETA --> fort.6
  10% |ETA: 0:00:00.761 @21 May 2019  10:53:37
  20% |ETA: 0:00:00.670
  30% |ETA: 0:00:00.580
  40% |ETA: 0:00:00.995
  50% |ETA: 0:00:00.831 @21 May 2019  10:53:37
  60% |ETA: 0:00:00.666
  70% |ETA: 0:00:00.998
  80% |ETA: 0:00:00.663
  90% |ETA: 0:00:00.661
 100% |ETA: 0:00:00.000
Total time [h:m:s.ms]:   0:00:00.833
Gloc matsubara: write spin-orbital diagonal elements. Split.
Store Gloc_l11_s1_iw_indx*.dat in Gloc_l11_s1_iw.tgz
Store Gloc_l11_s2_iw_indx*.dat in Gloc_l11_s2_iw.tgz
Updated impHloc:
chi^2|iter_ineq0001=    1.293268775E-07 |    47  <--  Orb1 Spin1
            #Ek_l1_s1              Vk_l1_s1             #Ek_l1_s2              Vk_l1_s2
      -1.333448031851        0.370896065715       -3.677310301991       -0.000027796727
      -0.280478459228        0.194430794155       -1.440146626186       -0.000066980390
      -0.130304960317        0.180812739957       -0.319360163688        0.115110731118
       0.324276096804        0.107590870134       -0.997950009056        0.064918121378
       1.187509055837       -0.104702095192        0.153147096930        0.230938715034
       3.629572160751       -0.000000063457        0.929974948564        0.356197364091
Updated impHloc:
chi^2|iter_ineq0001=    8.773986257E-06 |    15  <--  Orb1 Spin2
            #Ek_l1_s1              Vk_l1_s1             #Ek_l1_s2              Vk_l1_s2
      -1.333448031851        0.370896065715       -3.677310302002       -0.000024834794
      -0.280478459228        0.194430794155       -1.440146625992       -0.000062116658
      -0.130304960317        0.180812739957       -0.327038551754        0.109242379803
       0.324276096804        0.107590870134       -0.997779564650        0.067403684547
       1.187509055837       -0.104702095192        0.152181719717        0.229335405117
       3.629572160751       -0.000000063457        0.929688353945        0.360057992032
[1;91mmax error=[0m  3.8603807E-04
[1;91m    error=[0m  3.8603807E-04
[1;91mmin error=[0m  3.8603807E-04
=====================================
Total time [h:m:s.ms]:   0:00:01.522



-----DMFT-loop    6 (max:  100)-----
 0 SOLVES INEQ SITE: 0001
Updated impHloc:
            #Ek_l1_s1              Vk_l1_s1             #Ek_l1_s2              Vk_l1_s2
      -1.328926758127        0.369225454494       -3.677310301997       -0.000026315761
      -0.275298124655        0.196443572229       -1.440146626089       -0.000064548524
      -0.129486402775        0.178233743514       -0.323199357721        0.112176555460
       0.316066647029        0.109026589481       -0.997864786853        0.066160902962
       1.188030095417       -0.107720853031        0.152664408323        0.230137060075
       3.629572160751       -0.000000063457        0.929831651254        0.358127678061
Diagonalize impurity H:
 
  +ETA --> fort.6
  10% |ETA: 0:00:00.521 @21 May 2019  10:53:38
  20% |ETA: 0:00:00.580
  31% |ETA: 0:00:00.695
  40% |ETA: 0:00:00.578
  50% |ETA: 0:00:00.704 @21 May 2019  10:53:38
  60% |ETA: 0:00:00.574
  70% |ETA: 0:00:00.888
  81% |ETA: 0:00:00.524
  90% |ETA: 0:00:00.569
 100% |ETA: 0:00:00.000
Total time [h:m:s.ms]:   0:00:00.346
#     i               E_i       exp(-(E-E0)/T)       Sect       Dim    Indices:
     1   -9.068987700842   1.000000000000E+00         30       735   3   5
Egs =     -9.068987700842   3   5
Z   =      1.000000000000
Get impurity Greens functions:
Get G_l1_s1
Total time [h:m:s.ms]:   0:00:00.019
Get G_l1_s2
Total time [h:m:s.ms]:   0:00:00.019
dens_ineq0001=    0.999958237313    0.999958237313
docc_ineq0001=    0.047491421206
mag _ineq0001=   -0.831572826901
Total time [h:m:s.ms]:   0:00:00.432
Get local Matsubara Green's function (no print)
Direct Inversion algorithm:
 
  +ETA --> fort.6
  10% |ETA: 0:00:00.753 @21 May 2019  10:53:38
  20% |ETA: 0:00:00.666
  30% |ETA: 0:00:00.587
  40% |ETA: 0:00:00.504
  50% |ETA: 0:00:00.843 @21 May 2019  10:53:38
  60% |ETA: 0:00:00.672
  70% |ETA: 0:00:00.502
  80% |ETA: 0:00:00.668
  90% |ETA: 0:00:00.670
 100% |ETA: 0:00:00.000
Total time [h:m:s.ms]:   0:00:00.844
Gloc matsubara: write spin-orbital diagonal elements. Split.
Store Gloc_l11_s1_iw_indx*.dat in Gloc_l11_s1_iw.tgz
Store Gloc_l11_s2_iw_indx*.dat in Gloc_l11_s2_iw.tgz
Updated impHloc:
chi^2|iter_ineq0001=    1.348664219E-07 |    18  <--  Orb1 Spin1
            #Ek_l1_s1              Vk_l1_s1             #Ek_l1_s2              Vk_l1_s2
      -1.329376070217        0.372169726773       -3.677310301997       -0.000026315761
      -0.276067472153        0.194860419007       -1.440146626089       -0.000064548524
      -0.129559404947        0.179061711679       -0.323199357721        0.112176555460
       0.319193232214        0.105364289592       -0.997864786853        0.066160902962
       1.187902474613       -0.109266451761        0.152664408323        0.230137060075
       3.629572160751       -0.000000063457        0.929831651254        0.358127678061
Updated impHloc:
chi^2|iter_ineq0001=    8.716130190E-06 |    12  <--  Orb1 Spin2
            #Ek_l1_s1              Vk_l1_s1             #Ek_l1_s2              Vk_l1_s2
      -1.329376070217        0.372169726773       -3.677310302026       -0.000017107890
      -0.276067472153        0.194860419007       -1.440146625767       -0.000057884850
      -0.129559404947        0.179061711679       -0.328362883229        0.108973936666
       0.319193232214        0.105364289592       -0.997707493200        0.067387905372
       1.187902474613       -0.109266451761        0.152133686035        0.229272862706
       3.629572160751       -0.000000063457        0.930102071762        0.360298380980
[1;91mmax error=[0m  1.9523352E-04
[1;91m    error=[0m  1.9523352E-04
[1;91mmin error=[0m  1.9523352E-04
=====================================
Total time [h:m:s.ms]:   0:00:01.477



-----DMFT-loop    7 (max:  100)-----
 0 SOLVES INEQ SITE: 0001
Updated impHloc:
            #Ek_l1_s1              Vk_l1_s1             #Ek_l1_s2              Vk_l1_s2
      -1.329151414172        0.370697590633       -3.677310302011       -0.000021711825
      -0.275682798404        0.195651995618       -1.440146625928       -0.000061216687
      -0.129522903861        0.178647727596       -0.325781120475        0.110575246063
       0.317629939622        0.107195439536       -0.997786140026        0.066774404167
       1.187966285015       -0.108493652396        0.152399047179        0.229704961391
       3.629572160751       -0.000000063457        0.929966861508        0.359213029521
Diagonalize impurity H:
 
  +ETA --> fort.6
  10% |ETA: 0:00:00.521 @21 May 2019  10:53:39
  20% |ETA: 0:00:00.564
  31% |ETA: 0:00:00.695
  40% |ETA: 0:00:00.578
  50% |ETA: 0:00:00.704 @21 May 2019  10:53:39
  60% |ETA: 0:00:00.579
  70% |ETA: 0:00:00.895
  81% |ETA: 0:00:00.526
  90% |ETA: 0:00:00.572
 100% |ETA: 0:00:00.000
Total time [h:m:s.ms]:   0:00:00.348
#     i               E_i       exp(-(E-E0)/T)       Sect       Dim    Indices:
     1   -9.072543029286   1.000000000000E+00         30       735   3   5
Egs =     -9.072543029286   3   5
Z   =      1.000000000000
Get impurity Greens functions:
Get G_l1_s1
Total time [h:m:s.ms]:   0:00:00.018
Get G_l1_s2
Total time [h:m:s.ms]:   0:00:00.020
dens_ineq0001=    0.999973994623    0.999973994623
docc_ineq0001=    0.047509567478
mag _ineq0001=   -0.831895810866
Total time [h:m:s.ms]:   0:00:00.433
Get local Matsubara Green's function (no print)
Direct Inversion algorithm:
 
  +ETA --> fort.6
  10% |ETA: 0:00:00.753 @21 May 2019  10:53:40
  20% |ETA: 0:00:00.678
  30% |ETA: 0:00:00.591
  40% |ETA: 0:00:00.502
  50% |ETA: 0:00:00.833 @21 May 2019  10:53:40
  60% |ETA: 0:00:00.664
  70% |ETA: 0:00:00.995
  80% |ETA: 0:00:00.663
  90% |ETA: 0:00:00.661
 100% |ETA: 0:00:00.***
Total time [h:m:s.ms]:   0:00:00.830
Gloc matsubara: write spin-orbital diagonal elements. Split.
Store Gloc_l11_s1_iw_indx*.dat in Gloc_l11_s1_iw.tgz
Store Gloc_l11_s2_iw_indx*.dat in Gloc_l11_s2_iw.tgz
Updated impHloc:
chi^2|iter_ineq0001=    1.332593989E-07 |    13  <--  Orb1 Spin1
            #Ek_l1_s1              Vk_l1_s1             #Ek_l1_s2              Vk_l1_s2
      -1.329692959216        0.372386064393       -3.677310302011       -0.000021711825
      -0.276514446822        0.194653734555       -1.440146625928       -0.000061216687
      -0.129607474303        0.179293069329       -0.325781120475        0.110575246063
       0.319663678114        0.105140614571       -0.997786140026        0.066774404167
       1.187861178842       -0.109518937413        0.152399047179        0.229704961391
       3.629572160751       -0.000000063457        0.929966861508        0.359213029521
Updated impHloc:
chi^2|iter_ineq0001=    8.699588895E-06 |     7  <--  Orb1 Spin2
            #Ek_l1_s1              Vk_l1_s1             #Ek_l1_s2              Vk_l1_s2
      -1.329692959216        0.372386064393       -3.677310302011       -0.000021981032
      -0.276514446822        0.194653734555       -1.440146625946       -0.000061280380
      -0.129607474303        0.179293069329       -0.326230109330        0.108536079175
       0.319663678114        0.105140614571       -0.997792910771        0.066380001482
       1.187861178842       -0.109518937413        0.152050941792        0.229164235833
       3.629572160751       -0.000000063457        0.929982927178        0.360308213295
[1;91mmax error=[0m  1.0574060E-04
[1;91m    error=[0m  1.0574060E-04
[1;91mmin error=[0m  1.0574060E-04
=====================================
Total time [h:m:s.ms]:   0:00:01.407



-----DMFT-loop    8 (max:  100)-----
 0 SOLVES INEQ SITE: 0001
Updated impHloc:
            #Ek_l1_s1              Vk_l1_s1             #Ek_l1_s2              Vk_l1_s2
      -1.329422186694        0.371541827513       -3.677310302011       -0.000021846429
      -0.276098622613        0.195152865087       -1.440146625937       -0.000061248533
      -0.129565189082        0.178970398463       -0.326005614903        0.109555662619
       0.318646808868        0.106168027054       -0.997789525398        0.066577202824
       1.187913731929       -0.109006294905        0.152224994485        0.229434598612
       3.629572160751       -0.000000063457        0.929974894343        0.359760621408
Diagonalize impurity H:
 
  +ETA --> fort.6
  10% |ETA: 0:00:00.521 @21 May 2019  10:53:40
  20% |ETA: 0:00:00.564
  31% |ETA: 0:00:00.695
  40% |ETA: 0:00:00.572
  50% |ETA: 0:00:00.696 @21 May 2019  10:53:41
  60% |ETA: 0:00:00.571
  70% |ETA: 0:00:00.884
  81% |ETA: 0:00:00.520
  90% |ETA: 0:00:00.564
 100% |ETA: 0:00:00.000
Total time [h:m:s.ms]:   0:00:00.343
#     i               E_i       exp(-(E-E0)/T)       Sect       Dim    Indices:
     1   -9.073708321210   1.000000000000E+00         30       735   3   5
Egs =     -9.073708321210   3   5
Z   =      1.000000000000
Get impurity Greens functions:
Get G_l1_s1
Total time [h:m:s.ms]:   0:00:00.018
Get G_l1_s2
Total time [h:m:s.ms]:   0:00:00.020
dens_ineq0001=    0.999994339413    0.999994339413
docc_ineq0001=    0.047520697402
mag _ineq0001=   -0.832096675497
Total time [h:m:s.ms]:   0:00:00.428
Get local Matsubara Green's function (no print)
Direct Inversion algorithm:
 
  +ETA --> fort.6
  10% |ETA: 0:00:00.761 @21 May 2019  10:53:41
  20% |ETA: 0:00:00.682
  30% |ETA: 0:00:00.596
  40% |ETA: 0:00:00.506
  50% |ETA: 0:00:00.841 @21 May 2019  10:53:41
  60% |ETA: 0:00:00.670
  70% |ETA: 0:00:00.501
  80% |ETA: 0:00:00.669
  90% |ETA: 0:00:00.669
 100% |ETA: 0:00:00.***
Total time [h:m:s.ms]:   0:00:00.840
Gloc matsubara: write spin-orbital diagonal elements. Split.
Store Gloc_l11_s1_iw_indx*.dat in Gloc_l11_s1_iw.tgz
Store Gloc_l11_s2_iw_indx*.dat in Gloc_l11_s2_iw.tgz
Updated impHloc:
chi^2|iter_ineq0001=    1.334936106E-07 |    10  <--  Orb1 Spin1
            #Ek_l1_s1              Vk_l1_s1             #Ek_l1_s2              Vk_l1_s2
      -1.329649092801        0.372198401572       -3.677310302011       -0.000021846429
      -0.276772975547        0.195048987809       -1.440146625937       -0.000061248533
      -0.129409890196        0.179074184884       -0.326005614903        0.109555662619
       0.319717022065        0.104930709986       -0.997789525398        0.066577202824
       1.187862446021       -0.109582596226        0.152224994485        0.229434598612
       3.629572160751       -0.000000063457        0.929974894343        0.359760621408
Updated impHloc:
chi^2|iter_ineq0001=    8.681475980E-06 |     7  <--  Orb1 Spin2
            #Ek_l1_s1              Vk_l1_s1             #Ek_l1_s2              Vk_l1_s2
      -1.329649092801        0.372198401572       -3.677310302013       -0.000021885042
      -0.276772975547        0.195048987809       -1.440146625918       -0.000060743340
      -0.129409890196        0.179074184884       -0.326364181511        0.108429946624
       0.319717022065        0.104930709986       -0.997787990889        0.066379373482
       1.187862446021       -0.109582596226        0.152002826572        0.229095479215
       3.629572160751       -0.000000063457        0.930001271313        0.360428997706
[1;91mmax error=[0m  6.3676861E-05
[1;91m    error=[0m  6.3676861E-05
[1;91mmin error=[0m  6.3676861E-05
=====================================
Total time [h:m:s.ms]:   0:00:01.405



-----DMFT-loop    9 (max:  100)-----
 0 SOLVES INEQ SITE: 0001
Updated impHloc:
            #Ek_l1_s1              Vk_l1_s1             #Ek_l1_s2              Vk_l1_s2
      -1.329535639748        0.371870114543       -3.677310302012       -0.000021865735
      -0.276435799080        0.195100926448       -1.440146625927       -0.000060995937
      -0.129487539639        0.179022291674       -0.326184898207        0.108992804621
       0.319181915466        0.105549368520       -0.997788758144        0.066478288153
       1.187888088975       -0.109294445565        0.152113910529        0.229265038913
       3.629572160751       -0.000000063457        0.929988082828        0.360094809557
Diagonalize impurity H:
 
  +ETA --> fort.6
  10% |ETA: 0:00:00.521 @21 May 2019  10:53:42
  20% |ETA: 0:00:00.580
  31% |ETA: 0:00:00.712
  40% |ETA: 0:00:00.590
  50% |ETA: 0:00:00.712 @21 May 2019  10:53:42
  60% |ETA: 0:00:00.582
  70% |ETA: 0:00:00.901
  81% |ETA: 0:00:00.529
  90% |ETA: 0:00:00.576
 100% |ETA: 0:00:00.000
Total time [h:m:s.ms]:   0:00:00.350
#     i               E_i       exp(-(E-E0)/T)       Sect       Dim    Indices:
     1   -9.074365749256   1.000000000000E+00         30       735   3   5
Egs =     -9.074365749256   3   5
Z   =      1.000000000000
Get impurity Greens functions:
Get G_l1_s1
Total time [h:m:s.ms]:   0:00:00.019
Get G_l1_s2
Total time [h:m:s.ms]:   0:00:00.020
dens_ineq0001=    1.000005028254    1.000005028254
docc_ineq0001=    0.047526508192
mag _ineq0001=   -0.832204515741
Total time [h:m:s.ms]:   0:00:00.436
Get local Matsubara Green's function (no print)
Direct Inversion algorithm:
 
  +ETA --> fort.6
  10% |ETA: 0:00:00.779 @21 May 2019  10:53:42
  20% |ETA: 0:00:00.690
  30% |ETA: 0:00:00.603
  40% |ETA: 0:00:00.513
  50% |ETA: 0:00:00.849 @21 May 2019  10:53:43
  60% |ETA: 0:00:00.676
  70% |ETA: 0:00:00.505
  80% |ETA: 0:00:00.675
  90% |ETA: 0:00:00.675
 100% |ETA: 0:00:00.000
Total time [h:m:s.ms]:   0:00:00.845
Gloc matsubara: write spin-orbital diagonal elements. Split.
Store Gloc_l11_s1_iw_indx*.dat in Gloc_l11_s1_iw.tgz
Store Gloc_l11_s2_iw_indx*.dat in Gloc_l11_s2_iw.tgz
Updated impHloc:
chi^2|iter_ineq0001=    1.316460360E-07 |    11  <--  Orb1 Spin1
            #Ek_l1_s1              Vk_l1_s1             #Ek_l1_s2              Vk_l1_s2
      -1.330003540987        0.372444264789       -3.677310302012       -0.000021865735
      -0.277086990144        0.194658699827       -1.440146625927       -0.000060995937
      -0.129560509734        0.179417119764       -0.326184898207        0.108992804621
       0.320064479221        0.104903477652       -0.997788758144        0.066478288153
       1.187823821883       -0.109719576185        0.152113910529        0.229265038913
       3.629572160751       -0.000000063457        0.929988082828        0.360094809557
Updated impHloc:
chi^2|iter_ineq0001=    8.671982205E-06 |     4  <--  Orb1 Spin2
            #Ek_l1_s1              Vk_l1_s1             #Ek_l1_s2              Vk_l1_s2
      -1.330003540987        0.372444264789       -3.677310302012       -0.000021860964
      -0.277086990144        0.194658699827       -1.440146625927       -0.000060941954
      -0.129560509734        0.179417119764       -0.326324858137        0.108292473173
       0.320064479221        0.104903477652       -0.997792289480        0.066358234024
       1.187823821883       -0.109719576185        0.152048075113        0.229132451460
       3.629572160751       -0.000000063457        0.929996908083        0.360313728134
[1;91mmax error=[0m  3.5761603E-05
[1;91m    error=[0m  3.5761603E-05
[1;91mmin error=[0m  3.5761603E-05
=====================================
Total time [h:m:s.ms]:   0:00:01.416



-----DMFT-loop   10 (max:  100)-----
 0 SOLVES INEQ SITE: 0001
Updated impHloc:
            #Ek_l1_s1              Vk_l1_s1             #Ek_l1_s2              Vk_l1_s2
      -1.329769590367        0.372157189666       -3.677310302012       -0.000021863350
      -0.276761394612        0.194879813137       -1.440146625927       -0.000060968946
      -0.129524024686        0.179219705719       -0.326254878172        0.108642638897
       0.319623197344        0.105226423086       -0.997790523812        0.066418261089
       1.187855955429       -0.109507010875        0.152080992821        0.229198745187
       3.629572160751       -0.000000063457        0.929992495455        0.360204268845
Diagonalize impurity H:
 
  +ETA --> fort.6
  10% |ETA: 0:00:00.521 @21 May 2019  10:53:43
  20% |ETA: 0:00:00.564
  31% |ETA: 0:00:00.695
  40% |ETA: 0:00:00.572
  50% |ETA: 0:00:00.700 @21 May 2019  10:53:43
  60% |ETA: 0:00:00.574
  70% |ETA: 0:00:00.884
  81% |ETA: 0:00:00.522
  90% |ETA: 0:00:00.571
 100% |ETA: 0:00:00.000
Total time [h:m:s.ms]:   0:00:00.347
#     i               E_i       exp(-(E-E0)/T)       Sect       Dim    Indices:
     1   -9.075093033740   1.000000000000E+00         30       735   3   5
Egs =     -9.075093033740   3   5
Z   =      1.000000000000
Get impurity Greens functions:
Get G_l1_s1
Total time [h:m:s.ms]:   0:00:00.018
Get G_l1_s2
Total time [h:m:s.ms]:   0:00:00.020
dens_ineq0001=    1.000016605697    1.000016605697
docc_ineq0001=    0.047531605660
mag _ineq0001=   -0.832267038922
Total time [h:m:s.ms]:   0:00:00.431
Get local Matsubara Green's function (no print)
Direct Inversion algorithm:
 
  +ETA --> fort.6
  10% |ETA: 0:00:00.761 @21 May 2019  10:53:44
  20% |ETA: 0:00:00.674
  30% |ETA: 0:00:00.596
  40% |ETA: 0:00:00.512
  50% |ETA: 0:00:00.855 @21 May 2019  10:53:44
  60% |ETA: 0:00:00.684
  70% |ETA: 0:00:00.515
  80% |ETA: 0:00:00.686
  90% |ETA: 0:00:00.686
 100% |ETA: 0:00:00.***
Total time [h:m:s.ms]:   0:00:00.861
Gloc matsubara: write spin-orbital diagonal elements. Split.
Store Gloc_l11_s1_iw_indx*.dat in Gloc_l11_s1_iw.tgz
Store Gloc_l11_s2_iw_indx*.dat in Gloc_l11_s2_iw.tgz
Updated impHloc:
chi^2|iter_ineq0001=    1.327564897E-07 |     4  <--  Orb1 Spin1
            #Ek_l1_s1              Vk_l1_s1             #Ek_l1_s2              Vk_l1_s2
      -1.329765953508        0.372289910715       -3.677310302012       -0.000021863350
      -0.276803322515        0.194874643791       -1.440146625927       -0.000060968946
      -0.129452091194        0.179202551697       -0.326254878172        0.108642638897
       0.319687146834        0.104821515171       -0.997790523812        0.066418261089
       1.187861069176       -0.109407279720        0.152080992821        0.229198745187
       3.629572160751       -0.000000063457        0.929992495455        0.360204268845
Updated impHloc:
chi^2|iter_ineq0001=    8.667215948E-06 |     4  <--  Orb1 Spin2
            #Ek_l1_s1              Vk_l1_s1             #Ek_l1_s2              Vk_l1_s2
      -1.329765953508        0.372289910715       -3.677310302012       -0.000021916722
      -0.276803322515        0.194874643791       -1.440146625931       -0.000060985688
      -0.129452091194        0.179202551697       -0.326348193724        0.108257782932
       0.319687146834        0.104821515171       -0.997791659178        0.066354421661
       1.187861069176       -0.109407279720        0.152037116503        0.229112447285
       3.629572160751       -0.000000063457        0.930000077145        0.360340041010
[1;91mmax error=[0m  1.9976207E-05
[1;91m    error=[0m  1.9976207E-05
[1;91mmin error=[0m  1.9976207E-05
=====================================
Total time [h:m:s.ms]:   0:00:01.410



-----DMFT-loop   11 (max:  100)-----
 0 SOLVES INEQ SITE: 0001
Updated impHloc:
            #Ek_l1_s1              Vk_l1_s1             #Ek_l1_s2              Vk_l1_s2
      -1.329767771938        0.372223550190       -3.677310302012       -0.000021890036
      -0.276782358563        0.194877228464       -1.440146625929       -0.000060977317
      -0.129488057940        0.179211128708       -0.326301535948        0.108450210915
       0.319655172089        0.105023969129       -0.997791091495        0.066386341375
       1.187858512303       -0.109457145297        0.152059054662        0.229155596236
       3.629572160751       -0.000000063457        0.929996286300        0.360272154927
Diagonalize impurity H:
 
  +ETA --> fort.6
  10% |ETA: 0:00:00.521 @21 May 2019  10:53:45
  20% |ETA: 0:00:00.596
  31% |ETA: 0:00:00.739
  40% |ETA: 0:00:00.602
  50% |ETA: 0:00:00.740 @21 May 2019  10:53:45
  60% |ETA: 0:00:00.605
  70% |ETA: 0:00:00.932
  81% |ETA: 0:00:00.546
  90% |ETA: 0:00:00.592
 100% |ETA: 0:00:00.000
Total time [h:m:s.ms]:   0:00:00.359
#     i               E_i       exp(-(E-E0)/T)       Sect       Dim    Indices:
     1   -9.075136686389   1.000000000000E+00         30       735   3   5
Egs =     -9.075136686389   3   5
Z   =      1.000000000000
Get impurity Greens functions:
Get G_l1_s1
Total time [h:m:s.ms]:   0:00:00.019
Get G_l1_s2
Total time [h:m:s.ms]:   0:00:00.019
dens_ineq0001=    1.000019601530    1.000019601530
docc_ineq0001=    0.047530249023
mag _ineq0001=   -0.832306157966
Total time [h:m:s.ms]:   0:00:00.446
Get local Matsubara Green's function (no print)
Direct Inversion algorithm:
 
  +ETA --> fort.6
  10% |ETA: 0:00:00.761 @21 May 2019  10:53:45
  20% |ETA: 0:00:00.682
  30% |ETA: 0:00:00.594
  40% |ETA: 0:00:00.504
  50% |ETA: 0:00:00.841 @21 May 2019  10:53:46
  60% |ETA: 0:00:00.674
  70% |ETA: 0:00:00.506
  80% |ETA: 0:00:00.675
  90% |ETA: 0:00:00.676
 100% |ETA: 0:00:00.000
Total time [h:m:s.ms]:   0:00:00.847
Gloc matsubara: write spin-orbital diagonal elements. Split.
Store Gloc_l11_s1_iw_indx*.dat in Gloc_l11_s1_iw.tgz
Store Gloc_l11_s2_iw_indx*.dat in Gloc_l11_s2_iw.tgz
Updated impHloc:
chi^2|iter_ineq0001=    1.328381484E-07 |     4  <--  Orb1 Spin1
            #Ek_l1_s1              Vk_l1_s1             #Ek_l1_s2              Vk_l1_s2
      -1.329767393430        0.372298646421       -3.677310302012       -0.000021890036
      -0.276807678950        0.194872262891       -1.440146625929       -0.000060977317
      -0.129443445009        0.179204027914       -0.326301535948        0.108450210915
       0.319692832801        0.104795221017       -0.997791091495        0.066386341375
       1.187861225303       -0.109401565345        0.152059054662        0.229155596236
       3.629572160751       -0.000000063457        0.929996286300        0.360272154927
Updated impHloc:
chi^2|iter_ineq0001=    8.636247024E-06 |    14  <--  Orb1 Spin2
            #Ek_l1_s1              Vk_l1_s1             #Ek_l1_s2              Vk_l1_s2
      -1.329767393430        0.372298646421       -3.677310301952       -0.000024364055
      -0.276807678950        0.194872262891       -1.440146626093       -0.000052582475
      -0.129443445009        0.179204027914       -0.331145631778        0.109012493789
       0.319692832801        0.104795221017       -0.997549316924        0.067387620947
       1.187861225303       -0.109401565345        0.151951400274        0.229009617222
       3.629572160751       -0.000000063457        0.930932999595        0.361009841977
[1;91mmax error=[0m  1.0943531E-05
[1;91m    error=[0m  1.0943531E-05
[1;91mmin error=[0m  1.0943531E-05
=====================================
Total time [h:m:s.ms]:   0:00:01.435



-----DMFT-loop   12 (max:  100)-----
 0 SOLVES INEQ SITE: 0001
Updated impHloc:
            #Ek_l1_s1              Vk_l1_s1             #Ek_l1_s2              Vk_l1_s2
      -1.329767582684        0.372261098306       -3.677310301982       -0.000023127045
      -0.276795018757        0.194874745678       -1.440146626011       -0.000056779896
      -0.129465751475        0.179207578311       -0.328723583863        0.108731352352
       0.319674002445        0.104909595073       -0.997670204209        0.066886981161
       1.187859868803       -0.109429355321        0.152005227468        0.229082606729
       3.629572160751       -0.000000063457        0.930464642948        0.360640998452
Diagonalize impurity H:
 
  +ETA --> fort.6
  10% |ETA: 0:00:00.521 @21 May 2019  10:53:46
  20% |ETA: 0:00:00.580
  31% |ETA: 0:00:00.695
  40% |ETA: 0:00:00.572
  50% |ETA: 0:00:00.700 @21 May 2019  10:53:46
  60% |ETA: 0:00:00.576
  70% |ETA: 0:00:00.898
  81% |ETA: 0:00:00.528
  90% |ETA: 0:00:00.577
 100% |ETA: 0:00:00.000
Total time [h:m:s.ms]:   0:00:00.350
#     i               E_i       exp(-(E-E0)/T)       Sect       Dim    Indices:
     1   -9.077517208642   1.000000000000E+00         30       735   3   5
Egs =     -9.077517208642   3   5
Z   =      1.000000000000
Get impurity Greens functions:
Get G_l1_s1
Total time [h:m:s.ms]:   0:00:00.018
Get G_l1_s2
Total time [h:m:s.ms]:   0:00:00.020
dens_ineq0001=    1.000002496919    1.000002496919
docc_ineq0001=    0.047532395866
mag _ineq0001=   -0.832300929362
Total time [h:m:s.ms]:   0:00:00.436
Get local Matsubara Green's function (no print)
Direct Inversion algorithm:
 
  +ETA --> fort.6
  10% |ETA: 0:00:00.753 @21 May 2019  10:53:47
  20% |ETA: 0:00:00.666
  30% |ETA: 0:00:00.587
  40% |ETA: 0:00:00.504
  50% |ETA: 0:00:00.845 @21 May 2019  10:53:47
  60% |ETA: 0:00:00.674
  70% |ETA: 0:00:00.509
  80% |ETA: 0:00:00.679
  90% |ETA: 0:00:00.679
 100% |ETA: 0:00:00.000
Total time [h:m:s.ms]:   0:00:00.850
Gloc matsubara: write spin-orbital diagonal elements. Split.
Store Gloc_l11_s1_iw_indx*.dat in Gloc_l11_s1_iw.tgz
Store Gloc_l11_s2_iw_indx*.dat in Gloc_l11_s2_iw.tgz
Updated impHloc:
chi^2|iter_ineq0001=    1.328674526E-07 |     4  <--  Orb1 Spin1
            #Ek_l1_s1              Vk_l1_s1             #Ek_l1_s2              Vk_l1_s2
      -1.329769277201        0.372305264143       -3.677310301982       -0.000023127045
      -0.276812458758        0.194870808040       -1.440146626011       -0.000056779896
      -0.129443491582        0.179202978282       -0.328723583863        0.108731352352
       0.319697510478        0.104778730378       -0.997670204209        0.066886981161
       1.187861194983       -0.109398546249        0.152005227468        0.229082606729
       3.629572160751       -0.000000063457        0.930464642948        0.360640998452
Updated impHloc:
chi^2|iter_ineq0001=    8.601596288E-06 |    11  <--  Orb1 Spin2
            #Ek_l1_s1              Vk_l1_s1             #Ek_l1_s2              Vk_l1_s2
      -1.329769277201        0.372305264143       -3.677310301870        0.000011268811
      -0.276812458758        0.194870808040       -1.440146624477       -0.000038278634
      -0.129443491582        0.179202978282       -0.336634545572        0.110602999505
       0.319697510478        0.104778730378       -0.997039849195        0.063645262513
       1.187861194983       -0.109398546249        0.152086760673        0.229211807311
       3.629572160751       -0.000000063457        0.935033209850        0.361436218183
[1;93mmax error=[0m  6.1900430E-06
[1;93m    error=[0m  6.1900430E-06
[1;93mmin error=[0m  6.1900430E-06
=====================================
Total time [h:m:s.ms]:   0:00:01.434



-----DMFT-loop   13 (max:  100)-----
 0 SOLVES INEQ SITE: 0001
Updated impHloc:
            #Ek_l1_s1              Vk_l1_s1             #Ek_l1_s2              Vk_l1_s2
      -1.329768429942        0.372283181225       -3.677310301926       -0.000005929117
      -0.276803738757        0.194872776859       -1.440146625244       -0.000047529265
      -0.129454621529        0.179205278296       -0.332679064717        0.109667175928
       0.319685756461        0.104844162725       -0.997355026702        0.065266121837
       1.187860531893       -0.109413950785        0.152045994070        0.229147207020
       3.629572160751       -0.000000063457        0.932748926399        0.361038608318
Diagonalize impurity H:
 
  +ETA --> fort.6
  10% |ETA: 0:00:00.521 @21 May 2019  10:53:48
  20% |ETA: 0:00:00.580
  31% |ETA: 0:00:00.712
  40% |ETA: 0:00:00.584
  50% |ETA: 0:00:00.712 @21 May 2019  10:53:48
  60% |ETA: 0:00:00.587
  70% |ETA: 0:00:00.908
  81% |ETA: 0:00:00.535
  90% |ETA: 0:00:00.580
 100% |ETA: 0:00:00.000
Total time [h:m:s.ms]:   0:00:00.353
#     i               E_i       exp(-(E-E0)/T)       Sect       Dim    Indices:
     1   -9.081239270164   1.000000000000E+00         30       735   3   5
Egs =     -9.081239270164   3   5
Z   =      1.000000000000
Get impurity Greens functions:
Get G_l1_s1
Total time [h:m:s.ms]:   0:00:00.018
Get G_l1_s2
Total time [h:m:s.ms]:   0:00:00.020
dens_ineq0001=    0.999993897757    0.999993897757
docc_ineq0001=    0.047532248537
mag _ineq0001=   -0.832324486295
Total time [h:m:s.ms]:   0:00:00.437
Get local Matsubara Green's function (no print)
Direct Inversion algorithm:
 
  +ETA --> fort.6
  10% |ETA: 0:00:00.796 @21 May 2019  10:53:48
  20% |ETA: 0:00:00.694
  30% |ETA: 0:00:00.603
  40% |ETA: 0:00:00.513
  50% |ETA: 0:00:00.851 @21 May 2019  10:53:48
  60% |ETA: 0:00:00.680
  70% |ETA: 0:00:00.510
  80% |ETA: 0:00:00.689
  90% |ETA: 0:00:00.693
 100% |ETA: 0:00:00.500
Total time [h:m:s.ms]:   0:00:00.871
Gloc matsubara: write spin-orbital diagonal elements. Split.
Store Gloc_l11_s1_iw_indx*.dat in Gloc_l11_s1_iw.tgz
Store Gloc_l11_s2_iw_indx*.dat in Gloc_l11_s2_iw.tgz
Updated impHloc:
chi^2|iter_ineq0001=    1.329518693E-07 |     4  <--  Orb1 Spin1
            #Ek_l1_s1              Vk_l1_s1             #Ek_l1_s2              Vk_l1_s2
      -1.329771906399        0.372314243503       -3.677310301926       -0.000005929117
      -0.276818438405        0.194868640160       -1.440146625244       -0.000047529265
      -0.129437192647        0.179205209147       -0.332679064717        0.109667175928
       0.319704599856        0.104753834397       -0.997355026702        0.065266121837
       1.187861168953       -0.109394223157        0.152045994070        0.229147207020
       3.629572160751       -0.000000063457        0.932748926399        0.361038608318
Updated impHloc:
chi^2|iter_ineq0001=    8.605476269E-06 |     5  <--  Orb1 Spin2
            #Ek_l1_s1              Vk_l1_s1             #Ek_l1_s2              Vk_l1_s2
      -1.329771906399        0.372314243503       -3.677310301927       -0.000005854227
      -0.276818438405        0.194868640160       -1.440146625253       -0.000048415009
      -0.129437192647        0.179205209147       -0.332692772339        0.109657374434
       0.319704599856        0.104753834397       -0.997346659110        0.065101445378
       1.187861168953       -0.109394223157        0.152003099292        0.229089483367
       3.629572160751       -0.000000063457        0.932821604673        0.361163633357
[1;91mmax error=[0m  1.0706316E-05
[1;91m    error=[0m  1.0706316E-05
[1;91mmin error=[0m  1.0706316E-05
=====================================
Total time [h:m:s.ms]:   0:00:01.429



-----DMFT-loop   14 (max:  100)-----
 0 SOLVES INEQ SITE: 0001
Updated impHloc:
            #Ek_l1_s1              Vk_l1_s1             #Ek_l1_s2              Vk_l1_s2
      -1.329770168171        0.372298712364       -3.677310301927       -0.000005891672
      -0.276811088581        0.194870708509       -1.440146625248       -0.000047972137
      -0.129445907088        0.179205243722       -0.332685918528        0.109662275181
       0.319695178159        0.104798998561       -0.997350842906        0.065183783607
       1.187860850423       -0.109404086971        0.152024546681        0.229118345194
       3.629572160751       -0.000000063457        0.932785265536        0.361101120837
Diagonalize impurity H:
 
  +ETA --> fort.6
  10% |ETA: 0:00:00.781 @21 May 2019  10:53:49
  20% |ETA: 0:00:00.596
  31% |ETA: 0:00:00.721
  40% |ETA: 0:00:00.590
  50% |ETA: 0:00:00.724 @21 May 2019  10:53:49
  60% |ETA: 0:00:00.594
  70% |ETA: 0:00:00.922
  81% |ETA: 0:00:00.542
  90% |ETA: 0:00:00.589
 100% |ETA: 0:00:00.000
Total time [h:m:s.ms]:   0:00:00.358
#     i               E_i       exp(-(E-E0)/T)       Sect       Dim    Indices:
     1   -9.081253495787   1.000000000000E+00         30       735   3   5
Egs =     -9.081253495787   3   5
Z   =      1.000000000000
Get impurity Greens functions:
Get G_l1_s1
Total time [h:m:s.ms]:   0:00:00.018
Get G_l1_s2
Total time [h:m:s.ms]:   0:00:00.020
dens_ineq0001=    0.999993347233    0.999993347233
docc_ineq0001=    0.047532102144
mag _ineq0001=   -0.832334879778
Total time [h:m:s.ms]:   0:00:00.444
Get local Matsubara Green's function (no print)
Direct Inversion algorithm:
 
  +ETA --> fort.6
  10% |ETA: 0:00:00.761 @21 May 2019  10:53:49
  20% |ETA: 0:00:00.686
  30% |ETA: 0:00:00.601
  40% |ETA: 0:00:00.513
  50% |ETA: 0:00:00.849 @21 May 2019  10:53:50
  60% |ETA: 0:00:00.676
  70% |ETA: 0:00:00.505
  80% |ETA: 0:00:00.673
  90% |ETA: 0:00:00.675
 100% |ETA: 0:00:00.000
Total time [h:m:s.ms]:   0:00:00.845
Gloc matsubara: write spin-orbital diagonal elements. Split.
Store Gloc_l11_s1_iw_indx*.dat in Gloc_l11_s1_iw.tgz
Store Gloc_l11_s2_iw_indx*.dat in Gloc_l11_s2_iw.tgz
Updated impHloc:
chi^2|iter_ineq0001=    1.245079550E-07 |    30  <--  Orb1 Spin1
            #Ek_l1_s1              Vk_l1_s1             #Ek_l1_s2              Vk_l1_s2
      -1.331885397944        0.372194220653       -3.677310301927       -0.000005891672
      -0.279133846232        0.194239520248       -1.440146625248       -0.000047972137
      -0.129885144352        0.180321535454       -0.332685918528        0.109662275181
       0.320418120896        0.104930678086       -0.997350842906        0.065183783607
       1.187702794265       -0.109083613676        0.152024546681        0.229118345194
       3.629572160751       -0.000000063457        0.932785265536        0.361101120837
Updated impHloc:
chi^2|iter_ineq0001=    8.593343029E-06 |     6  <--  Orb1 Spin2
            #Ek_l1_s1              Vk_l1_s1             #Ek_l1_s2              Vk_l1_s2
      -1.331885397944        0.372194220653       -3.677310301926       -0.000006473792
      -0.279133846232        0.194239520248       -1.440146626039       -0.000077951215
      -0.129885144352        0.180321535454       -0.333262769454        0.110199254778
       0.320418120896        0.104930678086       -0.997148159329        0.062016658003
       1.187702794265       -0.109083613676        0.152116929870        0.229248772445
       3.629572160751       -0.000000063457        0.934548725918        0.361012960713
[1;93mmax error=[0m  3.7872561E-06
[1;93m    error=[0m  3.7872561E-06
[1;93mmin error=[0m  3.7872561E-06
=====================================
Total time [h:m:s.ms]:   0:00:01.470



-----DMFT-loop   15 (max:  100)-----
 0 SOLVES INEQ SITE: 0001
Updated impHloc:
            #Ek_l1_s1              Vk_l1_s1             #Ek_l1_s2              Vk_l1_s2
      -1.330827783057        0.372246466509       -3.677310301926       -0.000006182732
      -0.277972467406        0.194555114379       -1.440146625643       -0.000062961676
      -0.129665525720        0.179763389588       -0.332974343991        0.109930764979
       0.320056649527        0.104864838323       -0.997249501117        0.063600220805
       1.187781822344       -0.109243850323        0.152070738275        0.229183558820
       3.629572160751       -0.000000063457        0.933666995727        0.361057040775
Diagonalize impurity H:
 
  +ETA --> fort.6
  10% |ETA: 0:00:00.521 @21 May 2019  10:53:50
  20% |ETA: 0:00:00.564
  31% |ETA: 0:00:00.703
  40% |ETA: 0:00:00.578
  50% |ETA: 0:00:00.700 @21 May 2019  10:53:51
  60% |ETA: 0:00:00.574
  70% |ETA: 0:00:00.884
  81% |ETA: 0:00:00.520
  90% |ETA: 0:00:00.566
 100% |ETA: 0:00:00.000
Total time [h:m:s.ms]:   0:00:00.344
#     i               E_i       exp(-(E-E0)/T)       Sect       Dim    Indices:
     1   -9.083859174439   1.000000000000E+00         30       735   3   5
Egs =     -9.083859174439   3   5
Z   =      1.000000000000
Get impurity Greens functions:
Get G_l1_s1
Total time [h:m:s.ms]:   0:00:00.018
Get G_l1_s2
Total time [h:m:s.ms]:   0:00:00.021
dens_ineq0001=    1.000003830284    1.000003830284
docc_ineq0001=    0.047528579876
mag _ineq0001=   -0.832375081364
Total time [h:m:s.ms]:   0:00:00.429
Get local Matsubara Green's function (no print)
Direct Inversion algorithm:
 
  +ETA --> fort.6
  10% |ETA: 0:00:00.753 @21 May 2019  10:53:51
  20% |ETA: 0:00:00.670
  30% |ETA: 0:00:00.587
  40% |ETA: 0:00:00.507
  50% |ETA: 0:00:00.847 @21 May 2019  10:53:51
  60% |ETA: 0:00:00.679
  70% |ETA: 0:00:00.511
  80% |ETA: 0:00:00.679
  90% |ETA: 0:00:00.679
 100% |ETA: 0:00:00.000
Total time [h:m:s.ms]:   0:00:00.852
Gloc matsubara: write spin-orbital diagonal elements. Split.
Store Gloc_l11_s1_iw_indx*.dat in Gloc_l11_s1_iw.tgz
Store Gloc_l11_s2_iw_indx*.dat in Gloc_l11_s2_iw.tgz
Updated impHloc:
chi^2|iter_ineq0001=    1.179840388E-07 |    32  <--  Orb1 Spin1
            #Ek_l1_s1              Vk_l1_s1             #Ek_l1_s2              Vk_l1_s2
      -1.334168074780        0.372159365087       -3.677310301926       -0.000006182732
      -0.281235941785        0.193669925788       -1.440146625643       -0.000062961676
      -0.130290698211        0.181322882980       -0.332974343991        0.109930764979
       0.321006062291        0.105072554052       -0.997249501117        0.063600220805
       1.187541171884       -0.108872801423        0.152070738275        0.229183558820
       3.629572160751       -0.000000063457        0.933666995727        0.361057040775
Updated impHloc:
chi^2|iter_ineq0001=    8.597185344E-06 |     1  <--  Orb1 Spin2
            #Ek_l1_s1              Vk_l1_s1             #Ek_l1_s2              Vk_l1_s2
      -1.334168074780        0.372159365087       -3.677310301926       -0.000006182732
      -0.281235941785        0.193669925788       -1.440146625643       -0.000062955460
      -0.130290698211        0.181322882980       -0.332975393234        0.109927314656
       0.321006062291        0.105072554052       -0.997249477638        0.063599358769
       1.187541171884       -0.108872801423        0.152074446105        0.229180549707
       3.629572160751       -0.000000063457        0.933667189177        0.361058072214
[1;92mmax error=[0m  7.7036562E-06
[1;92m    error=[0m  7.7036562E-06
[1;92mmin error=[0m  7.7036562E-06
=====================================
Total time [h:m:s.ms]:   0:00:01.465


Get local Realaxis Green's function (no print)
Direct Inversion algorithm:
 
  +ETA --> fort.6
  10% |ETA: 0:00:00.805 @21 May 2019  10:53:52
  20% |ETA: 0:00:00.733
  30% |ETA: 0:00:00.702
  40% |ETA: 0:00:00.698
  50% |ETA: 0:00:00.579 @21 May 2019  10:53:52
  60% |ETA: 0:00:00.832
  70% |ETA: 0:00:00.582
  80% |ETA: 0:00:00.805
  90% |ETA: 0:00:00.764
 100% |ETA: 0:00:00.000
Total time [h:m:s.ms]:   0:00:00.915
Gloc real: write spin-orbital diagonal elements. Split.
Store Gloc_l11_s1_realw_indx*.dat in Gloc_l11_s1_realw.tgz
Store Gloc_l11_s2_realw_indx*.dat in Gloc_l11_s2_realw.tgz
