    1  1.0000000E+00
    2  1.6216193E-03
    3  2.4697650E-04
    4  2.2570581E-04
    5  2.0640065E-04
    6  1.8670129E-04
    7  1.6986073E-04
    8  1.5401572E-04
    9  1.3962082E-04
   10  1.2672833E-04
   11  1.1519424E-04
   12  1.0470999E-04
   13  9.6264248E-05
   14  8.6955321E-05
   15  7.9141098E-05
   16  7.1676687E-05
   17  6.2456874E-05
   18  5.6976541E-05
   19  5.2200716E-05
   20  4.7300090E-05
   21  4.3195649E-05
   22  3.9433885E-05
   23  3.5869552E-05
   24  3.2773612E-05
   25  2.9954811E-05
   26  2.7509204E-05
   27  2.5113288E-05
   28  2.2525497E-05
   29  2.0598560E-05
   30  1.8976345E-05
   31  1.7172806E-05
   32  1.5830651E-05
   33  1.4459720E-05
   34  1.3261452E-05
   35  1.2009597E-05
   36  1.1192377E-05
   37  1.0140054E-05
   38  9.6023947E-06
   39  8.5759200E-06
