    1  1.0000000E+00
    2  1.9580053E-03
    3  3.3689289E-04
    4  3.1200388E-04
    5  2.6163850E-04
    6  2.5720453E-04
    7  2.9412710E-04
    8  2.2119294E-04
    9  2.0601751E-04
   10  1.6068071E-04
   11  1.6133724E-04
   12  1.4992508E-04
   13  1.3950471E-04
   14  1.2932848E-04
   15  1.2027683E-04
   16  1.1241895E-04
   17  7.6418223E-05
   18  8.5820804E-05
   19  7.9503917E-05
   20  7.3773984E-05
   21  7.0666555E-05
   22  6.5547688E-05
   23  6.0724960E-05
   24  5.5796571E-05
   25  5.1816393E-05
   26  4.8122365E-05
   27  4.4389841E-05
   28  4.1222056E-05
   29  3.8346472E-05
   30  3.5668863E-05
   31  3.3213551E-05
   32  3.0893148E-05
   33  2.8730020E-05
   34  2.6721534E-05
   35  2.4863567E-05
   36  2.3166278E-05
   37  2.1769448E-05
   38  2.0149843E-05
   39  1.8564068E-05
   40  1.7408233E-05
   41  1.6081342E-05
   42  1.5085579E-05
   43  1.3907489E-05
   44  1.3311944E-05
   45  1.2135095E-05
   46  1.1041114E-05
   47  9.5420600E-06
   48  9.3582545E-06
