---------------MPI----------------
rank:     0 of      1 alive
----------------------------------

 warning scalar in parse_cmd array:   ULOC
 expecting a comma separated list of:            5
 wrong dimensions parsing variable:   ULOC
 expecting a comma separated list of:            5
SCIFOR VERSION (GIT): f51d8963e73e1a7f5e05ca328195b114bbdf41ec
Timestamp: +21 May 2019  10:52:02.204
 
CODE VERSION: 30030ed680c7b62ac87f0fc221aa358a61913d81
Timestamp: +21 May 2019  10:52:02.205
 
store size =10240Kb
 Using Neel symmetry to refold BZ
 Using Nineq sites=           1
 Symmetries used are:
 (site=2,l,s)=(site=1,l,-s)
 Using Nk_total=361
Using Reciprocal Lattice vectors:
bk_x = [  3.1416 -3.1416  0.0000]
bk_y = [  0.0000  6.2832  0.0000]
bk_z = [  0.0000  0.0000  6.2832]
Get local Realaxis Green's function (no print)
Direct Inversion algorithm:
 
  +ETA --> fort.6
  10% |ETA: 0:00:00.893 @21 May 2019  10:52:02
  20% |ETA: 0:00:00.785
  30% |ETA: 0:00:00.684
  40% |ETA: 0:00:00.586
  50% |ETA: 0:00:00.976 @21 May 2019  10:52:02
  60% |ETA: 0:00:00.777
  70% |ETA: 0:00:00.583
  80% |ETA: 0:00:00.777
  90% |ETA: 0:00:00.778
 100% |ETA: 0:00:00.000
Total time [h:m:s.ms]:   0:00:00.973
dos_Hk real: write spin-orbital diagonal elements.
 Solving model along the path:
Point1: [ 0.0000 0.0000 0.0000]
Point2: [ 3.1416 0.0000 0.0000]
Point3: [ 3.1416 3.1416 0.0000]
Point4: [ 0.0000 0.0000 0.0000]
INIT SOLVER FOR _ineq0001
Summary:
--------------------------------------------
# of levels/spin      =               7
Total size            =              14
# of impurities       =               1
# of bath/impurity    =               6
# of Bath levels/spin =               6
Number of sectors     =              64
Ns_Orb                =               7
Ns_Ud                 =               1
Largest Sector(s)     =       35        35                1225
--------------------------------------------
Required Lanc_nstates_total=1 => set T=0 calculation
Lanczos ZERO temperature calculation:
Updated impHloc:
Reading bath from filehamiltonian_ineq0001.restart
there are        6 lines in +hamiltonian_ineq0001.restart

-----DMFT-loop    1 (max:  100)-----
 0 SOLVES INEQ SITE: 0001
Updated impHloc:
            #Ek_l1_s1              Vk_l1_s1             #Ek_l1_s2              Vk_l1_s2
      -0.946901299195        0.340430663338       -3.377310302048        0.000007792894
      -0.212458004069        0.241960676243       -1.140278959277       -0.021332989823
      -0.042207744095        0.154853418741       -0.426106886878        0.101988230911
       0.450601040384        0.119961051425       -0.741297127594        0.136442080219
       0.972060711342       -0.143957806165        0.075461021940        0.221497168139
       3.329572160751       -0.000000063457        0.614884912441        0.362436841859
Diagonalize impurity H:
 
  +ETA --> fort.6
  10% |ETA: 0:00:00.521 @21 May 2019  10:52:05
  20% |ETA: 0:00:00.564
  31% |ETA: 0:00:00.695
  40% |ETA: 0:00:00.578
  50% |ETA: 0:00:00.700 @21 May 2019  10:52:05
  60% |ETA: 0:00:00.574
  70% |ETA: 0:00:00.891
  81% |ETA: 0:00:00.524
  90% |ETA: 0:00:00.572
 100% |ETA: 0:00:00.000
Total time [h:m:s.ms]:   0:00:00.348
#     i               E_i       exp(-(E-E0)/T)       Sect       Dim    Indices:
     1   -7.707370062171   1.000000000000E+00         30       735   3   5
Egs =     -7.707370062171   3   5
Z   =      1.000000000000
Get impurity Greens functions:
Get G_l1_s1
Total time [h:m:s.ms]:   0:00:00.018
Get G_l1_s2
Total time [h:m:s.ms]:   0:00:00.019
dens_ineq0001=    0.999835676792    0.999835676792
docc_ineq0001=    0.079694650755
mag _ineq0001=   -0.645600947376
Total time [h:m:s.ms]:   0:00:00.435
Get local Matsubara Green's function (no print)
Direct Inversion algorithm:
 
  +ETA --> fort.6
  10% |ETA: 0:00:00.770 @21 May 2019  10:52:05
  20% |ETA: 0:00:00.678
  30% |ETA: 0:00:00.594
  40% |ETA: 0:00:00.504
  50% |ETA: 0:00:00.845 @21 May 2019  10:52:06
  60% |ETA: 0:00:00.676
  70% |ETA: 0:00:00.504
  80% |ETA: 0:00:00.671
  90% |ETA: 0:00:00.669
 100% |ETA: 0:00:00.500
Total time [h:m:s.ms]:   0:00:00.837
Gloc matsubara: write spin-orbital diagonal elements. Split.
Store Gloc_l11_s1_iw_indx*.dat in Gloc_l11_s1_iw.tgz
Store Gloc_l11_s2_iw_indx*.dat in Gloc_l11_s2_iw.tgz
Updated impHloc:
chi^2|iter_ineq0001=    2.059315209E-07 |   395  <--  Orb1 Spin1
            #Ek_l1_s1              Vk_l1_s1             #Ek_l1_s2              Vk_l1_s2
      -1.083954051421        0.330148896581       -3.377310302048        0.000007792894
      -0.266687100348        0.238385428903       -1.140278959277       -0.021332989823
      -0.130178641848        0.148583040926       -0.426106886878        0.101988230911
       0.282666406259        0.138369134766       -0.741297127594        0.136442080219
       0.954052752799       -0.153314223521        0.075461021940        0.221497168139
       3.329572160751       -0.000000063457        0.614884912441        0.362436841859
Updated impHloc:
chi^2|iter_ineq0001=    7.872156455E-06 |   132  <--  Orb1 Spin2
            #Ek_l1_s1              Vk_l1_s1             #Ek_l1_s2              Vk_l1_s2
      -1.083954051421        0.330148896581       -3.377310302056        0.000004266131
      -0.266687100348        0.238385428903       -1.140270849454       -0.022875780604
      -0.130178641848        0.148583040926       -0.264065918679        0.126010141170
       0.282666406259        0.138369134766       -0.737756598498        0.147676069319
       0.954052752799       -0.153314223521        0.169763033838        0.236013512463
       3.329572160751       -0.000000063457        0.768883163027        0.342426180876
[1;91mmax error=[0m  1.0000000E+00
[1;91m    error=[0m  1.0000000E+00
[1;91mmin error=[0m  1.0000000E+00
=====================================
Total time [h:m:s.ms]:   0:00:02.680



-----DMFT-loop    2 (max:  100)-----
 0 SOLVES INEQ SITE: 0001
Updated impHloc:
            #Ek_l1_s1              Vk_l1_s1             #Ek_l1_s2              Vk_l1_s2
      -1.083954051421        0.330148896581       -3.377310302056        0.000004266131
      -0.266687100348        0.238385428903       -1.140270849454       -0.022875780604
      -0.130178641848        0.148583040926       -0.264065918679        0.126010141170
       0.282666406259        0.138369134766       -0.737756598498        0.147676069319
       0.954052752799       -0.153314223521        0.169763033838        0.236013512463
       3.329572160751       -0.000000063457        0.768883163027        0.342426180876
Diagonalize impurity H:
 
  +ETA --> fort.6
  10% |ETA: 0:00:00.521 @21 May 2019  10:52:07
  20% |ETA: 0:00:00.612
  31% |ETA: 0:00:00.739
  40% |ETA: 0:00:00.602
  50% |ETA: 0:00:00.728 @21 May 2019  10:52:08
  60% |ETA: 0:00:00.594
  70% |ETA: 0:00:00.911
  81% |ETA: 0:00:00.535
  90% |ETA: 0:00:00.580
 100% |ETA: 0:00:00.000
Total time [h:m:s.ms]:   0:00:00.352
#     i               E_i       exp(-(E-E0)/T)       Sect       Dim    Indices:
     1   -7.786957366627   1.000000000000E+00         30       735   3   5
Egs =     -7.786957366627   3   5
Z   =      1.000000000000
Get impurity Greens functions:
Get G_l1_s1
Total time [h:m:s.ms]:   0:00:00.019
Get G_l1_s2
Total time [h:m:s.ms]:   0:00:00.019
dens_ineq0001=    0.999791877567    0.999791877567
docc_ineq0001=    0.068512464922
mag _ineq0001=   -0.754079984137
Total time [h:m:s.ms]:   0:00:00.441
Get local Matsubara Green's function (no print)
Direct Inversion algorithm:
 
  +ETA --> fort.6
  10% |ETA: 0:00:00.761 @21 May 2019  10:52:08
  20% |ETA: 0:00:00.666
  30% |ETA: 0:00:00.577
  40% |ETA: 0:00:00.980
  50% |ETA: 0:00:00.823 @21 May 2019  10:52:08
  60% |ETA: 0:00:00.660
  70% |ETA: 0:00:00.992
  80% |ETA: 0:00:00.663
  90% |ETA: 0:00:00.664
 100% |ETA: 0:00:00.000
Total time [h:m:s.ms]:   0:00:00.834
Gloc matsubara: write spin-orbital diagonal elements. Split.
Store Gloc_l11_s1_iw_indx*.dat in Gloc_l11_s1_iw.tgz
Store Gloc_l11_s2_iw_indx*.dat in Gloc_l11_s2_iw.tgz
Updated impHloc:
chi^2|iter_ineq0001=    1.590911694E-07 |   159  <--  Orb1 Spin1
            #Ek_l1_s1              Vk_l1_s1             #Ek_l1_s2              Vk_l1_s2
      -1.101870696979        0.346138381609       -3.377310302056        0.000004266131
      -0.290808876741        0.232144607460       -1.140270849454       -0.022875780604
      -0.137727259364        0.156026879596       -0.264065918679        0.126010141170
       0.331265168661        0.123788159531       -0.737756598498        0.147676069319
       0.948562256979       -0.132440658927        0.169763033838        0.236013512463
       3.329572160751       -0.000000063457        0.768883163027        0.342426180876
Updated impHloc:
chi^2|iter_ineq0001=    7.205318370E-06 |    72  <--  Orb1 Spin2
            #Ek_l1_s1              Vk_l1_s1             #Ek_l1_s2              Vk_l1_s2
      -1.101870696979        0.346138381609       -3.377310302035        0.000020558370
      -0.290808876741        0.232144607460       -1.140192741943       -0.011922564912
      -0.137727259364        0.156026879596       -0.321535829651        0.115934022371
       0.331265168661        0.123788159531       -0.724000005063        0.120351242760
       0.948562256979       -0.132440658927        0.173410795747        0.229820808220
       3.329572160751       -0.000000063457        0.790357819340        0.358982560496
[1;91mmax error=[0m  1.5912692E-02
[1;91m    error=[0m  1.5912692E-02
[1;91mmin error=[0m  1.5912692E-02
=====================================
Total time [h:m:s.ms]:   0:00:01.912



-----DMFT-loop    3 (max:  100)-----
 0 SOLVES INEQ SITE: 0001
Updated impHloc:
            #Ek_l1_s1              Vk_l1_s1             #Ek_l1_s2              Vk_l1_s2
      -1.092912374200        0.338143639095       -3.377310302045        0.000012412251
      -0.278747988545        0.235265018182       -1.140231795699       -0.017399172758
      -0.133952950606        0.152304960261       -0.292800874165        0.120972081770
       0.306965787460        0.131078647148       -0.730878301781        0.134013656040
       0.951307504889       -0.142877441224        0.171586914793        0.232917160341
       3.329572160751       -0.000000063457        0.779620491183        0.350704370686
Diagonalize impurity H:
 
  +ETA --> fort.6
  10% |ETA: 0:00:00.521 @21 May 2019  10:52:09
  20% |ETA: 0:00:00.564
  31% |ETA: 0:00:00.703
  40% |ETA: 0:00:00.578
  50% |ETA: 0:00:00.704 @21 May 2019  10:52:09
  60% |ETA: 0:00:00.576
  70% |ETA: 0:00:00.888
  81% |ETA: 0:00:00.524
  90% |ETA: 0:00:00.569
 100% |ETA: 0:00:00.000
Total time [h:m:s.ms]:   0:00:00.345
#     i               E_i       exp(-(E-E0)/T)       Sect       Dim    Indices:
     1   -7.834540542323   1.000000000000E+00         30       735   3   5
Egs =     -7.834540542323   3   5
Z   =      1.000000000000
Get impurity Greens functions:
Get G_l1_s1
Total time [h:m:s.ms]:   0:00:00.017
Get G_l1_s2
Total time [h:m:s.ms]:   0:00:00.021
dens_ineq0001=    0.999796940473    0.999796940473
docc_ineq0001=    0.067615795541
mag _ineq0001=   -0.763692573962
Total time [h:m:s.ms]:   0:00:00.431
Get local Matsubara Green's function (no print)
Direct Inversion algorithm:
 
  +ETA --> fort.6
  10% |ETA: 0:00:00.761 @21 May 2019  10:52:10
  20% |ETA: 0:00:00.670
  30% |ETA: 0:00:00.587
  40% |ETA: 0:00:00.503
  50% |ETA: 0:00:00.835 @21 May 2019  10:52:10
  60% |ETA: 0:00:00.666
  70% |ETA: 0:00:00.997
  80% |ETA: 0:00:00.665
  90% |ETA: 0:00:00.667
 100% |ETA: 0:00:00.000
Total time [h:m:s.ms]:   0:00:00.838
Gloc matsubara: write spin-orbital diagonal elements. Split.
Store Gloc_l11_s1_iw_indx*.dat in Gloc_l11_s1_iw.tgz
Store Gloc_l11_s2_iw_indx*.dat in Gloc_l11_s2_iw.tgz
Updated impHloc:
chi^2|iter_ineq0001=    1.688461632E-07 |    90  <--  Orb1 Spin1
            #Ek_l1_s1              Vk_l1_s1             #Ek_l1_s2              Vk_l1_s2
      -1.099609770309        0.349536224716       -3.377310302045        0.000012412251
      -0.288401200718        0.232845708932       -1.140231795699       -0.017399172758
      -0.135894913482        0.152381185468       -0.292800874165        0.120972081770
       0.339356599923        0.121101127742       -0.730878301781        0.134013656040
       0.947996711401       -0.131906264511        0.171586914793        0.232917160341
       3.329572160751       -0.000000063457        0.779620491183        0.350704370686
Updated impHloc:
chi^2|iter_ineq0001=    7.274828960E-06 |    39  <--  Orb1 Spin2
            #Ek_l1_s1              Vk_l1_s1             #Ek_l1_s2              Vk_l1_s2
      -1.099609770309        0.349536224716       -3.377310302040        0.000013096360
      -0.288401200718        0.232845708932       -1.140230300674       -0.017091974107
      -0.135894913482        0.152381185468       -0.301425777610        0.102651114616
       0.339356599923        0.121101127742       -0.730970729613        0.132090146782
       0.947996711401       -0.131906264511        0.171886212333        0.226771523543
       3.329572160751       -0.000000063457        0.779079489416        0.361689250436
[1;91mmax error=[0m  1.9013911E-03
[1;91m    error=[0m  1.9013911E-03
[1;91mmin error=[0m  1.9013911E-03
=====================================
Total time [h:m:s.ms]:   0:00:01.660



-----DMFT-loop    4 (max:  100)-----
 0 SOLVES INEQ SITE: 0001
Updated impHloc:
            #Ek_l1_s1              Vk_l1_s1             #Ek_l1_s2              Vk_l1_s2
      -1.096261072254        0.343839931905       -3.377310302043        0.000012754305
      -0.283574594631        0.234055363557       -1.140231048186       -0.017245573433
      -0.134923932044        0.152343072865       -0.297113325888        0.111811598193
       0.323161193691        0.126089887445       -0.730924515697        0.133051901411
       0.949652108145       -0.137391852868        0.171736563563        0.229844341942
       3.329572160751       -0.000000063457        0.779349990299        0.356196810561
Diagonalize impurity H:
 
  +ETA --> fort.6
  10% |ETA: 0:00:00.521 @21 May 2019  10:52:11
  20% |ETA: 0:00:00.580
  31% |ETA: 0:00:00.703
  40% |ETA: 0:00:00.590
  50% |ETA: 0:00:00.712 @21 May 2019  10:52:11
  60% |ETA: 0:00:00.584
  70% |ETA: 0:00:00.905
  81% |ETA: 0:00:00.533
  90% |ETA: 0:00:00.577
 100% |ETA: 0:00:00.000
Total time [h:m:s.ms]:   0:00:00.351
#     i               E_i       exp(-(E-E0)/T)       Sect       Dim    Indices:
     1   -7.848946152701   1.000000000000E+00         30       735   3   5
Egs =     -7.848946152701   3   5
Z   =      1.000000000000
Get impurity Greens functions:
Get G_l1_s1
Total time [h:m:s.ms]:   0:00:00.018
Get G_l1_s2
Total time [h:m:s.ms]:   0:00:00.020
dens_ineq0001=    0.999780260338    0.999780260338
docc_ineq0001=    0.067172225860
mag _ineq0001=   -0.768728960499
Total time [h:m:s.ms]:   0:00:00.437
Get local Matsubara Green's function (no print)
Direct Inversion algorithm:
 
  +ETA --> fort.6
  10% |ETA: 0:00:00.770 @21 May 2019  10:52:12
  20% |ETA: 0:00:00.690
  30% |ETA: 0:00:00.605
  40% |ETA: 0:00:00.515
  50% |ETA: 0:00:00.861 @21 May 2019  10:52:12
  60% |ETA: 0:00:00.688
  70% |ETA: 0:00:00.515
  80% |ETA: 0:00:00.684
  90% |ETA: 0:00:00.682
 100% |ETA: 0:00:00.000
Total time [h:m:s.ms]:   0:00:00.852
Gloc matsubara: write spin-orbital diagonal elements. Split.
Store Gloc_l11_s1_iw_indx*.dat in Gloc_l11_s1_iw.tgz
Store Gloc_l11_s2_iw_indx*.dat in Gloc_l11_s2_iw.tgz
Updated impHloc:
chi^2|iter_ineq0001=    1.495311596E-07 |   117  <--  Orb1 Spin1
            #Ek_l1_s1              Vk_l1_s1             #Ek_l1_s2              Vk_l1_s2
      -1.104803354457        0.348692642740       -3.377310302043        0.000012754305
      -0.299180290329        0.231149150025       -1.140231048186       -0.017245573433
      -0.138343500584        0.158092701887       -0.297113325888        0.111811598193
       0.348177997460        0.121114318419       -0.730924515697        0.133051901411
       0.946679142280       -0.128644397263        0.171736563563        0.229844341942
       3.329572160751       -0.000000063457        0.779349990299        0.356196810561
Updated impHloc:
chi^2|iter_ineq0001=    7.168075552E-06 |    21  <--  Orb1 Spin2
            #Ek_l1_s1              Vk_l1_s1             #Ek_l1_s2              Vk_l1_s2
      -1.104803354457        0.348692642740       -3.377310302040        0.000013362224
      -0.299180290329        0.231149150025       -1.140229125703       -0.017032082128
      -0.138343500584        0.158092701887       -0.303062485756        0.100281452443
       0.348177997460        0.121114318419       -0.730869879382        0.132231664867
       0.946679142280       -0.128644397263        0.171459822872        0.225754131402
       3.329572160751       -0.000000063457        0.778860883086        0.363286092935
[1;91mmax error=[0m  1.0379179E-03
[1;91m    error=[0m  1.0379179E-03
[1;91mmin error=[0m  1.0379179E-03
=====================================
Total time [h:m:s.ms]:   0:00:01.707



-----DMFT-loop    5 (max:  100)-----
 0 SOLVES INEQ SITE: 0001
Updated impHloc:
            #Ek_l1_s1              Vk_l1_s1             #Ek_l1_s2              Vk_l1_s2
      -1.100532213356        0.346266287322       -3.377310302041        0.000013058265
      -0.291377442480        0.232602256791       -1.140230086945       -0.017138827780
      -0.136633716314        0.155217887376       -0.300087905822        0.106046525318
       0.335669595576        0.123602102932       -0.730897197540        0.132641783139
       0.948165625213       -0.133018125066        0.171598193218        0.227799236672
       3.329572160751       -0.000000063457        0.779105436693        0.359741451748
Diagonalize impurity H:
 
  +ETA --> fort.6
  10% |ETA: 0:00:00.521 @21 May 2019  10:52:13
  20% |ETA: 0:00:00.580
  31% |ETA: 0:00:00.703
  40% |ETA: 0:00:00.584
  50% |ETA: 0:00:00.712 @21 May 2019  10:52:13
  60% |ETA: 0:00:00.584
  70% |ETA: 0:00:00.905
  81% |ETA: 0:00:00.531
  90% |ETA: 0:00:00.576
 100% |ETA: 0:00:00.000
Total time [h:m:s.ms]:   0:00:00.350
#     i               E_i       exp(-(E-E0)/T)       Sect       Dim    Indices:
     1   -7.866251170237   1.000000000000E+00         30       735   3   5
Egs =     -7.866251170237   3   5
Z   =      1.000000000000
Get impurity Greens functions:
Get G_l1_s1
Total time [h:m:s.ms]:   0:00:00.018
Get G_l1_s2
Total time [h:m:s.ms]:   0:00:00.020
dens_ineq0001=    0.999745243246    0.999745243246
docc_ineq0001=    0.066908640533
mag _ineq0001=   -0.771619097823
Total time [h:m:s.ms]:   0:00:00.435
Get local Matsubara Green's function (no print)
Direct Inversion algorithm:
 
  +ETA --> fort.6
  10% |ETA: 0:00:00.753 @21 May 2019  10:52:13
  20% |ETA: 0:00:00.666
  30% |ETA: 0:00:00.577
  40% |ETA: 0:00:00.995
  50% |ETA: 0:00:00.833 @21 May 2019  10:52:14
  60% |ETA: 0:00:00.664
  70% |ETA: 0:00:00.995
  80% |ETA: 0:00:00.663
  90% |ETA: 0:00:00.665
 100% |ETA: 0:00:00.500
Total time [h:m:s.ms]:   0:00:00.837
Gloc matsubara: write spin-orbital diagonal elements. Split.
Store Gloc_l11_s1_iw_indx*.dat in Gloc_l11_s1_iw.tgz
Store Gloc_l11_s2_iw_indx*.dat in Gloc_l11_s2_iw.tgz
Updated impHloc:
chi^2|iter_ineq0001=    1.671518729E-07 |    29  <--  Orb1 Spin1
            #Ek_l1_s1              Vk_l1_s1             #Ek_l1_s2              Vk_l1_s2
      -1.100698088115        0.351759787859       -3.377310302041        0.000013058265
      -0.293907657805        0.231009161598       -1.140230086945       -0.017138827780
      -0.136927418016        0.154971388781       -0.300087905822        0.106046525318
       0.341009176964        0.116379673511       -0.730897197540        0.132641783139
       0.947996038340       -0.135201479197        0.171598193218        0.227799236672
       3.329572160751       -0.000000063457        0.779105436693        0.359741451748
Updated impHloc:
chi^2|iter_ineq0001=    6.742953969E-06 |    46  <--  Orb1 Spin2
            #Ek_l1_s1              Vk_l1_s1             #Ek_l1_s2              Vk_l1_s2
      -1.100698088115        0.351759787859       -3.377310302012        0.000101304536
      -0.293907657805        0.231009161598       -1.140140656415       -0.005224480999
      -0.136927418016        0.154971388781       -0.352928101539        0.117282523698
       0.341009176964        0.116379673511       -0.712511526588        0.107533331311
       0.947996038340       -0.135201479197        0.171236011698        0.225202670237
       3.329572160751       -0.000000063457        0.775669167051        0.362626758608
[1;91mmax error=[0m  6.0024646E-04
[1;91m    error=[0m  6.0024646E-04
[1;91mmin error=[0m  6.0024646E-04
=====================================
Total time [h:m:s.ms]:   0:00:01.561



-----DMFT-loop    6 (max:  100)-----
 0 SOLVES INEQ SITE: 0001
Updated impHloc:
            #Ek_l1_s1              Vk_l1_s1             #Ek_l1_s2              Vk_l1_s2
      -1.100615150735        0.349013037591       -3.377310302027        0.000057181401
      -0.292642550143        0.231805709195       -1.140185371680       -0.011181654389
      -0.136780567165        0.155094638079       -0.326508003680        0.111664524508
       0.338339386270        0.119990888222       -0.721704362064        0.120087557225
       0.948080831776       -0.134109802131        0.171417102458        0.226500953455
       3.329572160751       -0.000000063457        0.777387301872        0.361184105178
Diagonalize impurity H:
 
  +ETA --> fort.6
  10% |ETA: 0:00:00.521 @21 May 2019  10:52:14
  20% |ETA: 0:00:00.580
  31% |ETA: 0:00:00.712
  40% |ETA: 0:00:00.584
  50% |ETA: 0:00:00.712 @21 May 2019  10:52:14
  60% |ETA: 0:00:00.582
  70% |ETA: 0:00:00.901
  81% |ETA: 0:00:00.529
  90% |ETA: 0:00:00.576
 100% |ETA: 0:00:00.000
Total time [h:m:s.ms]:   0:00:00.350
#     i               E_i       exp(-(E-E0)/T)       Sect       Dim    Indices:
     1   -7.885182904429   1.000000000000E+00         30       735   3   5
Egs =     -7.885182904429   3   5
Z   =      1.000000000000
Get impurity Greens functions:
Get G_l1_s1
Total time [h:m:s.ms]:   0:00:00.018
Get G_l1_s2
Total time [h:m:s.ms]:   0:00:00.020
dens_ineq0001=    0.999835051584    0.999835051584
docc_ineq0001=    0.066783949302
mag _ineq0001=   -0.773402646410
Total time [h:m:s.ms]:   0:00:00.435
Get local Matsubara Green's function (no print)
Direct Inversion algorithm:
 
  +ETA --> fort.6
  10% |ETA: 0:00:00.779 @21 May 2019  10:52:15
  20% |ETA: 0:00:00.686
  30% |ETA: 0:00:00.601
  40% |ETA: 0:00:00.515
  50% |ETA: 0:00:00.855 @21 May 2019  10:52:15
  60% |ETA: 0:00:00.680
  70% |ETA: 0:00:00.507
  80% |ETA: 0:00:00.674
  90% |ETA: 0:00:00.674
 100% |ETA: 0:00:00.000
Total time [h:m:s.ms]:   0:00:00.848
Gloc matsubara: write spin-orbital diagonal elements. Split.
Store Gloc_l11_s1_iw_indx*.dat in Gloc_l11_s1_iw.tgz
Store Gloc_l11_s2_iw_indx*.dat in Gloc_l11_s2_iw.tgz
Updated impHloc:
chi^2|iter_ineq0001=    1.370882710E-07 |    46  <--  Orb1 Spin1
            #Ek_l1_s1              Vk_l1_s1             #Ek_l1_s2              Vk_l1_s2
      -1.106454796098        0.350329467115       -3.377310302027        0.000057181401
      -0.304063535271        0.229066253889       -1.140185371680       -0.011181654389
      -0.139728520849        0.161029806877       -0.326508003680        0.111664524508
       0.347876523556        0.117774215531       -0.721704362064        0.120087557225
       0.946807667716       -0.131621971311        0.171417102458        0.226500953455
       3.329572160751       -0.000000063457        0.777387301872        0.361184105178
Updated impHloc:
chi^2|iter_ineq0001=    6.765552001E-06 |    14  <--  Orb1 Spin2
            #Ek_l1_s1              Vk_l1_s1             #Ek_l1_s2              Vk_l1_s2
      -1.106454796098        0.350329467115       -3.377310302031        0.000056525608
      -0.304063535271        0.229066253889       -1.140184160813       -0.011197369076
      -0.139728520849        0.161029806877       -0.329836937178        0.106913614994
       0.347876523556        0.117774215531       -0.721630001716        0.121270789022
       0.946807667716       -0.131621971311        0.171003400139        0.224725123047
       3.329572160751       -0.000000063457        0.776411195421        0.363892192086
[1;91mmax error=[0m  3.7600953E-04
[1;91m    error=[0m  3.7600953E-04
[1;91mmin error=[0m  3.7600953E-04
=====================================
Total time [h:m:s.ms]:   0:00:01.521



-----DMFT-loop    7 (max:  100)-----
 0 SOLVES INEQ SITE: 0001
Updated impHloc:
            #Ek_l1_s1              Vk_l1_s1             #Ek_l1_s2              Vk_l1_s2
      -1.103534973417        0.349671252353       -3.377310302029        0.000056853504
      -0.298353042707        0.230435981542       -1.140184766247       -0.011189511733
      -0.138254544007        0.158062222478       -0.328172470429        0.109289069751
       0.343107954913        0.118882551876       -0.721667181890        0.120679173123
       0.947444249746       -0.132865886721        0.171210251298        0.225613038251
       3.329572160751       -0.000000063457        0.776899248647        0.362538148632
Diagonalize impurity H:
 
  +ETA --> fort.6
  10% |ETA: 0:00:00.521 @21 May 2019  10:52:16
  20% |ETA: 0:00:00.564
  31% |ETA: 0:00:00.695
  40% |ETA: 0:00:00.572
  50% |ETA: 0:00:00.704 @21 May 2019  10:52:16
  60% |ETA: 0:00:00.576
  70% |ETA: 0:00:00.895
  81% |ETA: 0:00:00.529
  90% |ETA: 0:00:00.576
 100% |ETA: 0:00:00.000
Total time [h:m:s.ms]:   0:00:00.350
#     i               E_i       exp(-(E-E0)/T)       Sect       Dim    Indices:
     1   -7.897162090992   1.000000000000E+00         30       735   3   5
Egs =     -7.897162090992   3   5
Z   =      1.000000000000
Get impurity Greens functions:
Get G_l1_s1
Total time [h:m:s.ms]:   0:00:00.019
Get G_l1_s2
Total time [h:m:s.ms]:   0:00:00.020
dens_ineq0001=    0.999819237453    0.999819237453
docc_ineq0001=    0.066697550023
mag _ineq0001=   -0.774369445158
Total time [h:m:s.ms]:   0:00:00.440
Get local Matsubara Green's function (no print)
Direct Inversion algorithm:
 
  +ETA --> fort.6
  10% |ETA: 0:00:00.744 @21 May 2019  10:52:16
  20% |ETA: 0:00:00.662
  30% |ETA: 0:00:00.580
  40% |ETA: 0:00:00.500
  50% |ETA: 0:00:00.845 @21 May 2019  10:52:17
  60% |ETA: 0:00:00.684
  70% |ETA: 0:00:00.516
  80% |ETA: 0:00:00.692
  90% |ETA: 0:00:00.710
 100% |ETA: 0:00:00.000
Total time [h:m:s.ms]:   0:00:00.898
Gloc matsubara: write spin-orbital diagonal elements. Split.
Store Gloc_l11_s1_iw_indx*.dat in Gloc_l11_s1_iw.tgz
Store Gloc_l11_s2_iw_indx*.dat in Gloc_l11_s2_iw.tgz
Updated impHloc:
chi^2|iter_ineq0001=    1.326259360E-07 |    53  <--  Orb1 Spin1
            #Ek_l1_s1              Vk_l1_s1             #Ek_l1_s2              Vk_l1_s2
      -1.107732314702        0.350158968381       -3.377310302029        0.000056853504
      -0.304844814238        0.230152210313       -1.140184766247       -0.011189511733
      -0.139075089201        0.160243670571       -0.328172470429        0.109289069751
       0.347306655915        0.116729024804       -0.721667181890        0.120679173123
       0.946880521461       -0.132840779892        0.171210251298        0.225613038251
       3.329572160751       -0.000000063457        0.776899248647        0.362538148632
Updated impHloc:
chi^2|iter_ineq0001=    6.735483193E-06 |    12  <--  Orb1 Spin2
            #Ek_l1_s1              Vk_l1_s1             #Ek_l1_s2              Vk_l1_s2
      -1.107732314702        0.350158968381       -3.377310302025        0.000056978133
      -0.304844814238        0.230152210313       -1.140183808157       -0.011147420560
      -0.139075089201        0.160243670571       -0.330271920357        0.106439348312
       0.347306655915        0.116729024804       -0.721556149420        0.121154420172
       0.946880521461       -0.132840779892        0.170983188195        0.224615468504
       3.329572160751       -0.000000063457        0.776162124127        0.363991112300
[1;91mmax error=[0m  2.0315642E-04
[1;91m    error=[0m  2.0315642E-04
[1;91mmin error=[0m  2.0315642E-04
=====================================
Total time [h:m:s.ms]:   0:00:01.619



-----DMFT-loop    8 (max:  100)-----
 0 SOLVES INEQ SITE: 0001
Updated impHloc:
            #Ek_l1_s1              Vk_l1_s1             #Ek_l1_s2              Vk_l1_s2
      -1.105633644059        0.349915110367       -3.377310302027        0.000056915818
      -0.301598928473        0.230294095927       -1.140184287202       -0.011168466146
      -0.138664816604        0.159152946524       -0.329222195393        0.107864209032
       0.345207305414        0.117805788340       -0.721611665655        0.120916796648
       0.947162385603       -0.132853333307        0.171096719747        0.225114253377
       3.329572160751       -0.000000063457        0.776530686387        0.363264630466
Diagonalize impurity H:
 
  +ETA --> fort.6
  10% |ETA: 0:00:00.521 @21 May 2019  10:52:17
  20% |ETA: 0:00:00.690
  31% |ETA: 0:00:00.792
  40% |ETA: 0:00:00.678
  50% |ETA: 0:00:00.812 @21 May 2019  10:52:18
  60% |ETA: 0:00:00.648
  70% |ETA: 0:00:00.993
  81% |ETA: 0:00:00.581
  90% |ETA: 0:00:00.625
 100% |ETA: 0:00:00.000
Total time [h:m:s.ms]:   0:00:00.379
#     i               E_i       exp(-(E-E0)/T)       Sect       Dim    Indices:
     1   -7.904064513346   1.000000000000E+00         30       735   3   5
Egs =     -7.904064513346   3   5
Z   =      1.000000000000
Get impurity Greens functions:
Get G_l1_s1
Total time [h:m:s.ms]:   0:00:00.019
Get G_l1_s2
Total time [h:m:s.ms]:   0:00:00.021
dens_ineq0001=    0.999824441849    0.999824441849
docc_ineq0001=    0.066661198486
mag _ineq0001=   -0.774886253038
Total time [h:m:s.ms]:   0:00:00.474
Get local Matsubara Green's function (no print)
Direct Inversion algorithm:
 
  +ETA --> fort.6
  10% |ETA: 0:00:00.823 @21 May 2019  10:52:18
  20% |ETA: 0:00:00.714
  30% |ETA: 0:00:00.631
  40% |ETA: 0:00:00.533
  50% |ETA: 0:00:00.879 @21 May 2019  10:52:18
  60% |ETA: 0:00:00.700
  70% |ETA: 0:00:00.521
  80% |ETA: 0:00:00.691
  90% |ETA: 0:00:00.690
 100% |ETA: 0:00:00.000
Total time [h:m:s.ms]:   0:00:00.864
Gloc matsubara: write spin-orbital diagonal elements. Split.
Store Gloc_l11_s1_iw_indx*.dat in Gloc_l11_s1_iw.tgz
Store Gloc_l11_s2_iw_indx*.dat in Gloc_l11_s2_iw.tgz
Updated impHloc:
chi^2|iter_ineq0001=    1.409813879E-07 |    12  <--  Orb1 Spin1
            #Ek_l1_s1              Vk_l1_s1             #Ek_l1_s2              Vk_l1_s2
      -1.105665062139        0.350805096361       -3.377310302027        0.000056915818
      -0.302407294100        0.230357234280       -1.140184287202       -0.011168466146
      -0.138430508922        0.158859856399       -0.329222195393        0.107864209032
       0.346355775346        0.116076433312       -0.721611665655        0.120916796648
       0.947137786156       -0.133481909928        0.171096719747        0.225114253377
       3.329572160751       -0.000000063457        0.776530686387        0.363264630466
Updated impHloc:
chi^2|iter_ineq0001=    6.713948092E-06 |    12  <--  Orb1 Spin2
            #Ek_l1_s1              Vk_l1_s1             #Ek_l1_s2              Vk_l1_s2
      -1.105665062139        0.350805096361       -3.377310302035        0.000055960129
      -0.302407294100        0.230357234280       -1.140183121280       -0.011090843754
      -0.138430508922        0.158859856399       -0.330985372012        0.106199298515
       0.346355775346        0.116076433312       -0.721406774717        0.121364151603
       0.947137786156       -0.133481909928        0.170782944070        0.224324723308
       3.329572160751       -0.000000063457        0.775745791342        0.364359195113
[1;91mmax error=[0m  1.1331436E-04
[1;91m    error=[0m  1.1331436E-04
[1;91mmin error=[0m  1.1331436E-04
=====================================
Total time [h:m:s.ms]:   0:00:01.489



-----DMFT-loop    9 (max:  100)-----
 0 SOLVES INEQ SITE: 0001
Updated impHloc:
            #Ek_l1_s1              Vk_l1_s1             #Ek_l1_s2              Vk_l1_s2
      -1.105649353099        0.350360103364       -3.377310302031        0.000056437974
      -0.302003111286        0.230325665104       -1.140183704241       -0.011129654950
      -0.138547662763        0.159006401462       -0.330103783703        0.107031753773
       0.345781540380        0.116941110826       -0.721509220186        0.121140474125
       0.947150085880       -0.133167621617        0.170939831908        0.224719488343
       3.329572160751       -0.000000063457        0.776138238864        0.363811912790
Diagonalize impurity H:
 
  +ETA --> fort.6
  10% |ETA: 0:00:00.521 @21 May 2019  10:52:19
  20% |ETA: 0:00:00.549
  31% |ETA: 0:00:00.686
  40% |ETA: 0:00:00.572
  50% |ETA: 0:00:00.708 @21 May 2019  10:52:19
  60% |ETA: 0:00:00.584
  70% |ETA: 0:00:00.901
  81% |ETA: 0:00:00.531
  90% |ETA: 0:00:00.576
 100% |ETA: 0:00:00.000
Total time [h:m:s.ms]:   0:00:00.350
#     i               E_i       exp(-(E-E0)/T)       Sect       Dim    Indices:
     1   -7.905265989021   1.000000000000E+00         30       735   3   5
Egs =     -7.905265989021   3   5
Z   =      1.000000000000
Get impurity Greens functions:
Get G_l1_s1
Total time [h:m:s.ms]:   0:00:00.018
Get G_l1_s2
Total time [h:m:s.ms]:   0:00:00.020
dens_ineq0001=    0.999825593021    0.999825593021
docc_ineq0001=    0.066643091651
mag _ineq0001=   -0.775181098152
Total time [h:m:s.ms]:   0:00:00.436
Get local Matsubara Green's function (no print)
Direct Inversion algorithm:
 
  +ETA --> fort.6
  10% |ETA: 0:00:00.779 @21 May 2019  10:52:19
  20% |ETA: 0:00:00.694
  30% |ETA: 0:00:00.612
  40% |ETA: 0:00:00.522
  50% |ETA: 0:00:00.869 @21 May 2019  10:52:20
  60% |ETA: 0:00:00.690
  70% |ETA: 0:00:00.514
  80% |ETA: 0:00:00.680
  90% |ETA: 0:00:00.677
 100% |ETA: 0:00:00.000
Total time [h:m:s.ms]:   0:00:00.850
Gloc matsubara: write spin-orbital diagonal elements. Split.
Store Gloc_l11_s1_iw_indx*.dat in Gloc_l11_s1_iw.tgz
Store Gloc_l11_s2_iw_indx*.dat in Gloc_l11_s2_iw.tgz
Updated impHloc:
chi^2|iter_ineq0001=    1.379350875E-07 |    15  <--  Orb1 Spin1
            #Ek_l1_s1              Vk_l1_s1             #Ek_l1_s2              Vk_l1_s2
      -1.106316311520        0.351381851463       -3.377310302031        0.000056437974
      -0.302783390985        0.229635792108       -1.140183704241       -0.011129654950
      -0.138851668359        0.159553604417       -0.330103783703        0.107031753773
       0.346968077347        0.115996120042       -0.721509220186        0.121140474125
       0.947045679249       -0.133728065124        0.170939831908        0.224719488343
       3.329572160751       -0.000000063457        0.776138238864        0.363811912790
Updated impHloc:
chi^2|iter_ineq0001=    6.710013992E-06 |     4  <--  Orb1 Spin2
            #Ek_l1_s1              Vk_l1_s1             #Ek_l1_s2              Vk_l1_s2
      -1.106316311520        0.351381851463       -3.377310302032        0.000056353702
      -0.302783390985        0.229635792108       -1.140183821352       -0.011104108143
      -0.138851668359        0.159553604417       -0.330266715316        0.106117718936
       0.346968077347        0.115996120042       -0.721547665493        0.120702792244
       0.947045679249       -0.133728065124        0.170969121885        0.224505638503
       3.329572160751       -0.000000063457        0.776154729993        0.364074386384
[1;91mmax error=[0m  6.7566449E-05
[1;91m    error=[0m  6.7566449E-05
[1;91mmin error=[0m  6.7566449E-05
=====================================
Total time [h:m:s.ms]:   0:00:01.432



-----DMFT-loop   10 (max:  100)-----
 0 SOLVES INEQ SITE: 0001
Updated impHloc:
            #Ek_l1_s1              Vk_l1_s1             #Ek_l1_s2              Vk_l1_s2
      -1.105982832310        0.350870977413       -3.377310302031        0.000056395838
      -0.302393251136        0.229980728606       -1.140183762796       -0.011116881547
      -0.138699665561        0.159280002939       -0.330185249509        0.106574736355
       0.346374808863        0.116468615434       -0.721528442839        0.120921633185
       0.947097882564       -0.133447843371        0.170954476897        0.224612563423
       3.329572160751       -0.000000063457        0.776146484429        0.363943149587
Diagonalize impurity H:
 
  +ETA --> fort.6
  10% |ETA: 0:00:00.521 @21 May 2019  10:52:20
  20% |ETA: 0:00:00.580
  31% |ETA: 0:00:00.730
  40% |ETA: 0:00:00.596
  50% |ETA: 0:00:00.728 @21 May 2019  10:52:20
  60% |ETA: 0:00:00.597
  70% |ETA: 0:00:00.925
  81% |ETA: 0:00:00.544
  90% |ETA: 0:00:00.590
 100% |ETA: 0:00:00.000
Total time [h:m:s.ms]:   0:00:00.359
#     i               E_i       exp(-(E-E0)/T)       Sect       Dim    Indices:
     1   -7.906302335724   1.000000000000E+00         30       735   3   5
Egs =     -7.906302335724   3   5
Z   =      1.000000000000
Get impurity Greens functions:
Get G_l1_s1
Total time [h:m:s.ms]:   0:00:00.019
Get G_l1_s2
Total time [h:m:s.ms]:   0:00:00.020
dens_ineq0001=    0.999840464079    0.999840464079
docc_ineq0001=    0.066633031993
mag _ineq0001=   -0.775379084972
Total time [h:m:s.ms]:   0:00:00.450
Get local Matsubara Green's function (no print)
Direct Inversion algorithm:
 
  +ETA --> fort.6
  10% |ETA: 0:00:00.875 @21 May 2019  10:52:21
  20% |ETA: 0:00:00.729
  30% |ETA: 0:00:00.626
  40% |ETA: 0:00:00.530
  50% |ETA: 0:00:00.879 @21 May 2019  10:52:21
  60% |ETA: 0:00:00.699
  70% |ETA: 0:00:00.522
  80% |ETA: 0:00:00.696
  90% |ETA: 0:00:00.695
 100% |ETA: 0:00:00.500
Total time [h:m:s.ms]:   0:00:00.876
Gloc matsubara: write spin-orbital diagonal elements. Split.
Store Gloc_l11_s1_iw_indx*.dat in Gloc_l11_s1_iw.tgz
Store Gloc_l11_s2_iw_indx*.dat in Gloc_l11_s2_iw.tgz
Updated impHloc:
chi^2|iter_ineq0001=    1.402192598E-07 |     7  <--  Orb1 Spin1
            #Ek_l1_s1              Vk_l1_s1             #Ek_l1_s2              Vk_l1_s2
      -1.105989766188        0.351154182939       -3.377310302031        0.000056395838
      -0.302586957596        0.229963402010       -1.140183762796       -0.011116881547
      -0.138610210648        0.159169297186       -0.330185249509        0.106574736355
       0.346516038501        0.115921114264       -0.721528442839        0.120921633185
       0.947108624475       -0.133290231354        0.170954476897        0.224612563423
       3.329572160751       -0.000000063457        0.776146484429        0.363943149587
Updated impHloc:
chi^2|iter_ineq0001=    6.706011227E-06 |     4  <--  Orb1 Spin2
            #Ek_l1_s1              Vk_l1_s1             #Ek_l1_s2              Vk_l1_s2
      -1.105989766188        0.351154182939       -3.377310302032        0.000056327360
      -0.302586957596        0.229963402010       -1.140183822604       -0.011100628234
      -0.138610210648        0.159169297186       -0.330290756584        0.106030622785
       0.346516038501        0.115921114264       -0.721548919944        0.120662197565
       0.947108624475       -0.133290231354        0.170949342437        0.224465987562
       3.329572160751       -0.000000063457        0.776152755148        0.364117629080
[1;91mmax error=[0m  4.1737047E-05
[1;91m    error=[0m  4.1737047E-05
[1;91mmin error=[0m  4.1737047E-05
=====================================
Total time [h:m:s.ms]:   0:00:01.475



-----DMFT-loop   11 (max:  100)-----
 0 SOLVES INEQ SITE: 0001
Updated impHloc:
            #Ek_l1_s1              Vk_l1_s1             #Ek_l1_s2              Vk_l1_s2
      -1.105986299249        0.351012580176       -3.377310302032        0.000056361599
      -0.302490104366        0.229972065308       -1.140183792700       -0.011108754890
      -0.138654938105        0.159224650062       -0.330238003047        0.106302679570
       0.346445423682        0.116194864849       -0.721538681391        0.120791915375
       0.947103253520       -0.133369037363        0.170951909667        0.224539275492
       3.329572160751       -0.000000063457        0.776149619788        0.364030389333
Diagonalize impurity H:
 
  +ETA --> fort.6
  10% |ETA: 0:00:00.521 @21 May 2019  10:52:22
  20% |ETA: 0:00:00.596
  31% |ETA: 0:00:00.721
  40% |ETA: 0:00:00.596
  50% |ETA: 0:00:00.740 @21 May 2019  10:52:22
  60% |ETA: 0:00:00.620
  70% |ETA: 0:00:00.962
  81% |ETA: 0:00:00.566
  90% |ETA: 0:00:00.622
 100% |ETA: 0:00:00.000
Total time [h:m:s.ms]:   0:00:00.379
#     i               E_i       exp(-(E-E0)/T)       Sect       Dim    Indices:
     1   -7.906424346906   1.000000000000E+00         30       735   3   5
Egs =     -7.906424346906   3   5
Z   =      1.000000000000
Get impurity Greens functions:
Get G_l1_s1
Total time [h:m:s.ms]:   0:00:00.021
Get G_l1_s2
Total time [h:m:s.ms]:   0:00:00.021
dens_ineq0001=    0.999843813977    0.999843813977
docc_ineq0001=    0.066620389021
mag _ineq0001=   -0.775504318915
Total time [h:m:s.ms]:   0:00:00.485
Get local Matsubara Green's function (no print)
Direct Inversion algorithm:
 
  +ETA --> fort.6
  10% |ETA: 0:00:00.788 @21 May 2019  10:52:22
  20% |ETA: 0:00:00.706
  30% |ETA: 0:00:00.608
  40% |ETA: 0:00:00.519
  50% |ETA: 0:00:00.861 @21 May 2019  10:52:23
  60% |ETA: 0:00:00.694
  70% |ETA: 0:00:00.516
  80% |ETA: 0:00:00.687
  90% |ETA: 0:00:00.684
 100% |ETA: 0:00:00.***
Total time [h:m:s.ms]:   0:00:00.856
Gloc matsubara: write spin-orbital diagonal elements. Split.
Store Gloc_l11_s1_iw_indx*.dat in Gloc_l11_s1_iw.tgz
Store Gloc_l11_s2_iw_indx*.dat in Gloc_l11_s2_iw.tgz
Updated impHloc:
chi^2|iter_ineq0001=    1.409484981E-07 |     4  <--  Orb1 Spin1
            #Ek_l1_s1              Vk_l1_s1             #Ek_l1_s2              Vk_l1_s2
      -1.105986468341        0.351115448078       -3.377310302032        0.000056361599
      -0.302548386221        0.229954842935       -1.140183792700       -0.011108754890
      -0.138634015598        0.159173695604       -0.330238003047        0.106302679570
       0.346511915628        0.115843652175       -0.721538681391        0.120791915375
       0.947113367622       -0.133247723362        0.170951909667        0.224539275492
       3.329572160751       -0.000000063457        0.776149619788        0.364030389333
Updated impHloc:
chi^2|iter_ineq0001=    6.698561217E-06 |     7  <--  Orb1 Spin2
            #Ek_l1_s1              Vk_l1_s1             #Ek_l1_s2              Vk_l1_s2
      -1.105986468341        0.351115448078       -3.377310302043        0.000056160982
      -0.302548386221        0.229954842935       -1.140183627596       -0.011082786793
      -0.138634015598        0.159173695604       -0.330452301920        0.106063487649
       0.346511915628        0.115843652175       -0.721501685780        0.120713063130
       0.947113367622       -0.133247723362        0.170758456112        0.224250308631
       3.329572160751       -0.000000063457        0.776050727196        0.364448456109
[1;91mmax error=[0m  2.4320752E-05
[1;91m    error=[0m  2.4320752E-05
[1;91mmin error=[0m  2.4320752E-05
=====================================
Total time [h:m:s.ms]:   0:00:01.463



-----DMFT-loop   12 (max:  100)-----
 0 SOLVES INEQ SITE: 0001
Updated impHloc:
            #Ek_l1_s1              Vk_l1_s1             #Ek_l1_s2              Vk_l1_s2
      -1.105986383795        0.351064014127       -3.377310302037        0.000056261290
      -0.302519245294        0.229963454121       -1.140183710148       -0.011095770842
      -0.138644476851        0.159199172833       -0.330345152483        0.106183083609
       0.346478669655        0.116019258512       -0.721520183586        0.120752489252
       0.947108310571       -0.133308380363        0.170855182890        0.224394792061
       3.329572160751       -0.000000063457        0.776100173492        0.364239422721
Diagonalize impurity H:
 
  +ETA --> fort.6
  10% |ETA: 0:00:00.521 @21 May 2019  10:52:23
  20% |ETA: 0:00:00.580
  31% |ETA: 0:00:00.695
  40% |ETA: 0:00:00.572
  50% |ETA: 0:00:00.704 @21 May 2019  10:52:23
  60% |ETA: 0:00:00.574
  70% |ETA: 0:00:00.891
  81% |ETA: 0:00:00.524
  90% |ETA: 0:00:00.571
 100% |ETA: 0:00:00.000
Total time [h:m:s.ms]:   0:00:00.347
#     i               E_i       exp(-(E-E0)/T)       Sect       Dim    Indices:
     1   -7.906553834652   1.000000000000E+00         30       735   3   5
Egs =     -7.906553834652   3   5
Z   =      1.000000000000
Get impurity Greens functions:
Get G_l1_s1
Total time [h:m:s.ms]:   0:00:00.019
Get G_l1_s2
Total time [h:m:s.ms]:   0:00:00.023
dens_ineq0001=    0.999839102928    0.999839102928
docc_ineq0001=    0.066611862849
mag _ineq0001=   -0.775579345915
Total time [h:m:s.ms]:   0:00:00.440
Get local Matsubara Green's function (no print)
Direct Inversion algorithm:
 
  +ETA --> fort.6
  10% |ETA: 0:00:00.761 @21 May 2019  10:52:24
  20% |ETA: 0:00:00.682
  30% |ETA: 0:00:00.594
  40% |ETA: 0:00:00.509
  50% |ETA: 0:00:00.853 @21 May 2019  10:52:24
  60% |ETA: 0:00:00.684
  70% |ETA: 0:00:00.510
  80% |ETA: 0:00:00.677
  90% |ETA: 0:00:00.675
 100% |ETA: 0:00:00.000
Total time [h:m:s.ms]:   0:00:00.844
Gloc matsubara: write spin-orbital diagonal elements. Split.
Store Gloc_l11_s1_iw_indx*.dat in Gloc_l11_s1_iw.tgz
Store Gloc_l11_s2_iw_indx*.dat in Gloc_l11_s2_iw.tgz
Updated impHloc:
chi^2|iter_ineq0001=    1.411941733E-07 |     4  <--  Orb1 Spin1
            #Ek_l1_s1              Vk_l1_s1             #Ek_l1_s2              Vk_l1_s2
      -1.105987617781        0.351130634509       -3.377310302037        0.000056261290
      -0.302560398109        0.229951871191       -1.140183710148       -0.011095770842
      -0.138625525725        0.159168713519       -0.330345152483        0.106183083609
       0.346523793853        0.115804689864       -0.721520183586        0.120752489252
       0.947113997114       -0.133239765048        0.170855182890        0.224394792061
       3.329572160751       -0.000000063457        0.776100173492        0.364239422721
Updated impHloc:
chi^2|iter_ineq0001=    6.692154565E-06 |     7  <--  Orb1 Spin2
            #Ek_l1_s1              Vk_l1_s1             #Ek_l1_s2              Vk_l1_s2
      -1.105987617781        0.351130634509       -3.377310302051        0.000055695774
      -0.302560398109        0.229951871191       -1.140183405599       -0.011066281023
      -0.138625525725        0.159168713519       -0.330667028560        0.106041098837
       0.346523793853        0.115804689864       -0.721452001239        0.120802563885
       0.947113997114       -0.133239765048        0.170692813436        0.224160740821
       3.329572160751       -0.000000063457        0.775921502974        0.364563668071
[1;91mmax error=[0m  1.6577603E-05
[1;91m    error=[0m  1.6577603E-05
[1;91mmin error=[0m  1.6577603E-05
=====================================
Total time [h:m:s.ms]:   0:00:01.408



-----DMFT-loop   13 (max:  100)-----
 0 SOLVES INEQ SITE: 0001
Updated impHloc:
            #Ek_l1_s1              Vk_l1_s1             #Ek_l1_s2              Vk_l1_s2
      -1.105987000788        0.351097324318       -3.377310302044        0.000055978532
      -0.302539821701        0.229957662656       -1.140183557873       -0.011081025932
      -0.138635001288        0.159183943176       -0.330506090521        0.106112091223
       0.346501231754        0.115911974188       -0.721486092412        0.120777526569
       0.947111153842       -0.133274072705        0.170773998163        0.224277766441
       3.329572160751       -0.000000063457        0.776010838233        0.364401545396
Diagonalize impurity H:
 
  +ETA --> fort.6
  10% |ETA: 0:00:00.521 @21 May 2019  10:52:25
  20% |ETA: 0:00:00.564
  31% |ETA: 0:00:00.695
  40% |ETA: 0:00:00.578
  50% |ETA: 0:00:00.708 @21 May 2019  10:52:25
  60% |ETA: 0:00:00.579
  70% |ETA: 0:00:00.898
  81% |ETA: 0:00:00.529
  90% |ETA: 0:00:00.574
 100% |ETA: 0:00:00.000
Total time [h:m:s.ms]:   0:00:00.349
#     i               E_i       exp(-(E-E0)/T)       Sect       Dim    Indices:
     1   -7.906712693177   1.000000000000E+00         30       735   3   5
Egs =     -7.906712693177   3   5
Z   =      1.000000000000
Get impurity Greens functions:
Get G_l1_s1
Total time [h:m:s.ms]:   0:00:00.018
Get G_l1_s2
Total time [h:m:s.ms]:   0:00:00.019
dens_ineq0001=    0.999834839737    0.999834839737
docc_ineq0001=    0.066607078899
mag _ineq0001=   -0.775623650307
Total time [h:m:s.ms]:   0:00:00.433
Get local Matsubara Green's function (no print)
Direct Inversion algorithm:
 
  +ETA --> fort.6
  10% |ETA: 0:00:00.735 @21 May 2019  10:52:25
  20% |ETA: 0:00:00.662
  30% |ETA: 0:00:00.584
  40% |ETA: 0:00:00.504
  50% |ETA: 0:00:00.839 @21 May 2019  10:52:26
  60% |ETA: 0:00:00.672
  70% |ETA: 0:00:00.502
  80% |ETA: 0:00:00.667
  90% |ETA: 0:00:00.666
 100% |ETA: 0:00:00.500
Total time [h:m:s.ms]:   0:00:00.837
Gloc matsubara: write spin-orbital diagonal elements. Split.
Store Gloc_l11_s1_iw_indx*.dat in Gloc_l11_s1_iw.tgz
Store Gloc_l11_s2_iw_indx*.dat in Gloc_l11_s2_iw.tgz
Updated impHloc:
chi^2|iter_ineq0001=    1.094443386E-07 |    67  <--  Orb1 Spin1
            #Ek_l1_s1              Vk_l1_s1             #Ek_l1_s2              Vk_l1_s2
      -1.127224105612        0.346596720249       -3.377310302044        0.000055978532
      -0.325259419621        0.229144176764       -1.140183557873       -0.011081025932
      -0.143397318630        0.169647295660       -0.330506090521        0.106112091223
       0.354166892168        0.118361743445       -0.721486092412        0.120777526569
       0.944983920334       -0.129110504394        0.170773998163        0.224277766441
       3.329572160751       -0.000000063457        0.776010838233        0.364401545396
Updated impHloc:
chi^2|iter_ineq0001=    6.681013169E-06 |     7  <--  Orb1 Spin2
            #Ek_l1_s1              Vk_l1_s1             #Ek_l1_s2              Vk_l1_s2
      -1.127224105612        0.346596720249       -3.377310301988        0.000060325134
      -0.325259419621        0.229144176764       -1.140182114126       -0.010970884915
      -0.143397318630        0.169647295660       -0.331893841047        0.105963214960
       0.354166892168        0.118361743445       -0.721161601350        0.121333441044
       0.944983920334       -0.129110504394        0.170610701914        0.224029484723
       3.329572160751       -0.000000063457        0.775150611096        0.364658278776
[1;91mmax error=[0m  1.0539259E-05
[1;91m    error=[0m  1.0539259E-05
[1;91mmin error=[0m  1.0539259E-05
=====================================
Total time [h:m:s.ms]:   0:00:01.582



-----DMFT-loop   14 (max:  100)-----
 0 SOLVES INEQ SITE: 0001
Updated impHloc:
            #Ek_l1_s1              Vk_l1_s1             #Ek_l1_s2              Vk_l1_s2
      -1.116605553200        0.348847022283       -3.377310302016        0.000058151833
      -0.313899620661        0.229550919710       -1.140182836000       -0.011025955424
      -0.141016159959        0.164415619418       -0.331199965784        0.106037653091
       0.350334061961        0.117136858816       -0.721323846881        0.121055483806
       0.946047537088       -0.131192288550        0.170692350038        0.224153625582
       3.329572160751       -0.000000063457        0.775580724664        0.364529912086
Diagonalize impurity H:
 
  +ETA --> fort.6
  10% |ETA: 0:00:00.521 @21 May 2019  10:52:26
  20% |ETA: 0:00:00.564
  31% |ETA: 0:00:00.721
  40% |ETA: 0:00:00.590
  50% |ETA: 0:00:00.716 @21 May 2019  10:52:26
  60% |ETA: 0:00:00.582
  70% |ETA: 0:00:00.901
  81% |ETA: 0:00:00.529
  90% |ETA: 0:00:00.574
 100% |ETA: 0:00:00.000
Total time [h:m:s.ms]:   0:00:00.349
#     i               E_i       exp(-(E-E0)/T)       Sect       Dim    Indices:
     1   -7.931526167889   1.000000000000E+00         30       735   3   5
Egs =     -7.931526167889   3   5
Z   =      1.000000000000
Get impurity Greens functions:
Get G_l1_s1
Total time [h:m:s.ms]:   0:00:00.018
Get G_l1_s2
Total time [h:m:s.ms]:   0:00:00.019
dens_ineq0001=    0.999790225270    0.999790225270
docc_ineq0001=    0.066564869856
mag _ineq0001=   -0.775735909188
Total time [h:m:s.ms]:   0:00:00.433
Get local Matsubara Green's function (no print)
Direct Inversion algorithm:
 
  +ETA --> fort.6
  10% |ETA: 0:00:00.753 @21 May 2019  10:52:27
  20% |ETA: 0:00:00.670
  30% |ETA: 0:00:00.591
  40% |ETA: 0:00:00.509
  50% |ETA: 0:00:00.843 @21 May 2019  10:52:27
  60% |ETA: 0:00:00.672
  70% |ETA: 0:00:00.502
  80% |ETA: 0:00:00.669
  90% |ETA: 0:00:00.669
 100% |ETA: 0:00:00.500
Total time [h:m:s.ms]:   0:00:00.837
Gloc matsubara: write spin-orbital diagonal elements. Split.
Store Gloc_l11_s1_iw_indx*.dat in Gloc_l11_s1_iw.tgz
Store Gloc_l11_s2_iw_indx*.dat in Gloc_l11_s2_iw.tgz
Updated impHloc:
chi^2|iter_ineq0001=    1.127086833E-07 |     4  <--  Orb1 Spin1
            #Ek_l1_s1              Vk_l1_s1             #Ek_l1_s2              Vk_l1_s2
      -1.116609486997        0.348867129095       -3.377310302016        0.000058151833
      -0.313886673818        0.229578678867       -1.140182836000       -0.011025955424
      -0.140977123566        0.164474447113       -0.331199965784        0.106037653091
       0.350350410058        0.117060988673       -0.721323846881        0.121055483806
       0.946049406838       -0.131174166504        0.170692350038        0.224153625582
       3.329572160751       -0.000000063457        0.775580724664        0.364529912086
Updated impHloc:
chi^2|iter_ineq0001=    6.682748427E-06 |     4  <--  Orb1 Spin2
            #Ek_l1_s1              Vk_l1_s1             #Ek_l1_s2              Vk_l1_s2
      -1.116609486997        0.348867129095       -3.377310302017        0.000058081534
      -0.313886673818        0.229578678867       -1.140182830735       -0.011020197576
      -0.140977123566        0.164474447113       -0.331234553601        0.105925880588
       0.350350410058        0.117060988673       -0.721323557953        0.120998024689
       0.946049406838       -0.131174166504        0.170671955769        0.224145703095
       3.329572160751       -0.000000063457        0.775572166034        0.364546277815
[1;91mmax error=[0m  2.9384281E-05
[1;91m    error=[0m  2.9384281E-05
[1;91mmin error=[0m  2.9384281E-05
=====================================
Total time [h:m:s.ms]:   0:00:01.385



-----DMFT-loop   15 (max:  100)-----
 0 SOLVES INEQ SITE: 0001
Updated impHloc:
            #Ek_l1_s1              Vk_l1_s1             #Ek_l1_s2              Vk_l1_s2
      -1.116607520099        0.348857075689       -3.377310302016        0.000058116684
      -0.313893147240        0.229564799288       -1.140182833367       -0.011023076500
      -0.140996641762        0.164445033266       -0.331217259693        0.105981766839
       0.350342236009        0.117098923745       -0.721323702417        0.121026754248
       0.946048471963       -0.131183227527        0.170682152904        0.224149664339
       3.329572160751       -0.000000063457        0.775576445349        0.364538094950
Diagonalize impurity H:
 
  +ETA --> fort.6
  10% |ETA: 0:00:00.521 @21 May 2019  10:52:28
  20% |ETA: 0:00:00.580
  31% |ETA: 0:00:00.703
  40% |ETA: 0:00:00.578
  50% |ETA: 0:00:00.708 @21 May 2019  10:52:28
  60% |ETA: 0:00:00.582
  70% |ETA: 0:00:00.901
  81% |ETA: 0:00:00.533
  90% |ETA: 0:00:00.579
 100% |ETA: 0:00:00.000
Total time [h:m:s.ms]:   0:00:00.351
#     i               E_i       exp(-(E-E0)/T)       Sect       Dim    Indices:
     1   -7.931537005627   1.000000000000E+00         30       735   3   5
Egs =     -7.931537005627   3   5
Z   =      1.000000000000
Get impurity Greens functions:
Get G_l1_s1
Total time [h:m:s.ms]:   0:00:00.017
Get G_l1_s2
Total time [h:m:s.ms]:   0:00:00.020
dens_ineq0001=    0.999797948721    0.999797948721
docc_ineq0001=    0.066572715903
mag _ineq0001=   -0.775715619035
Total time [h:m:s.ms]:   0:00:00.436
Get local Matsubara Green's function (no print)
Direct Inversion algorithm:
 
  +ETA --> fort.6
  10% |ETA: 0:00:00.770 @21 May 2019  10:52:28
  20% |ETA: 0:00:00.678
  30% |ETA: 0:00:00.584
  40% |ETA: 0:00:00.998
  50% |ETA: 0:00:00.831 @21 May 2019  10:52:28
  60% |ETA: 0:00:00.667
  70% |ETA: 0:00:00.502
  80% |ETA: 0:00:00.668
  90% |ETA: 0:00:00.668
 100% |ETA: 0:00:00.000
Total time [h:m:s.ms]:   0:00:00.834
Gloc matsubara: write spin-orbital diagonal elements. Split.
Store Gloc_l11_s1_iw_indx*.dat in Gloc_l11_s1_iw.tgz
Store Gloc_l11_s2_iw_indx*.dat in Gloc_l11_s2_iw.tgz
Updated impHloc:
chi^2|iter_ineq0001=    1.113413759E-07 |    10  <--  Orb1 Spin1
            #Ek_l1_s1              Vk_l1_s1             #Ek_l1_s2              Vk_l1_s2
      -1.117098224660        0.349116511187       -3.377310302016        0.000058116684
      -0.313877352000        0.229461926289       -1.140182833367       -0.011023076500
      -0.141036361788        0.164569835763       -0.331217259693        0.105981766839
       0.350598339804        0.116927703667       -0.721323702417        0.121026754248
       0.946017201781       -0.131761735529        0.170682152904        0.224149664339
       3.329572160751       -0.000000063457        0.775576445349        0.364538094950
Updated impHloc:
chi^2|iter_ineq0001=    6.616279642E-06 |    24  <--  Orb1 Spin2
            #Ek_l1_s1              Vk_l1_s1             #Ek_l1_s2              Vk_l1_s2
      -1.117098224660        0.349116511187       -3.377310301919        0.000074935141
      -0.313877352000        0.229461926289       -1.140166811092       -0.008581025449
      -0.141036361788        0.164569835763       -0.341076750379        0.109619316593
       0.350598339804        0.116927703667       -0.716867552903        0.115449093245
       0.946017201781       -0.131761735529        0.170120404101        0.223301640020
       3.329572160751       -0.000000063457        0.767208931350        0.363617196883
[1;93mmax error=[0m  7.5211150E-06
[1;93m    error=[0m  7.5211150E-06
[1;93mmin error=[0m  7.5211150E-06
=====================================
Total time [h:m:s.ms]:   0:00:01.450



-----DMFT-loop   16 (max:  100)-----
 0 SOLVES INEQ SITE: 0001
Updated impHloc:
            #Ek_l1_s1              Vk_l1_s1             #Ek_l1_s2              Vk_l1_s2
      -1.116852872379        0.348986793438       -3.377310301968        0.000066525912
      -0.313885249620        0.229513362789       -1.140174822230       -0.009802050974
      -0.141016501775        0.164507434514       -0.336147005036        0.107800541716
       0.350470287906        0.117013313706       -0.719095627660        0.118237923746
       0.946032836872       -0.131472481528        0.170401278502        0.223725652179
       3.329572160751       -0.000000063457        0.771392688350        0.364077645917
Diagonalize impurity H:
 
  +ETA --> fort.6
  10% |ETA: 0:00:00.521 @21 May 2019  10:52:29
  20% |ETA: 0:00:00.564
  31% |ETA: 0:00:00.695
  40% |ETA: 0:00:00.578
  50% |ETA: 0:00:00.708 @21 May 2019  10:52:29
  60% |ETA: 0:00:00.582
  70% |ETA: 0:00:00.905
  81% |ETA: 0:00:00.533
  90% |ETA: 0:00:00.577
 100% |ETA: 0:00:00.000
Total time [h:m:s.ms]:   0:00:00.350
#     i               E_i       exp(-(E-E0)/T)       Sect       Dim    Indices:
     1   -7.934367889240   1.000000000000E+00         30       735   3   5
Egs =     -7.934367889240   3   5
Z   =      1.000000000000
Get impurity Greens functions:
Get G_l1_s1
Total time [h:m:s.ms]:   0:00:00.017
Get G_l1_s2
Total time [h:m:s.ms]:   0:00:00.020
dens_ineq0001=    0.999823826252    0.999823826252
docc_ineq0001=    0.066580941215
mag _ineq0001=   -0.775693826259
Total time [h:m:s.ms]:   0:00:00.435
Get local Matsubara Green's function (no print)
Direct Inversion algorithm:
 
  +ETA --> fort.6
  10% |ETA: 0:00:00.753 @21 May 2019  10:52:30
  20% |ETA: 0:00:00.678
  30% |ETA: 0:00:00.591
  40% |ETA: 0:00:00.510
  50% |ETA: 0:00:00.847 @21 May 2019  10:52:30
  60% |ETA: 0:00:00.672
  70% |ETA: 0:00:00.502
  80% |ETA: 0:00:00.666
  90% |ETA: 0:00:00.667
 100% |ETA: 0:00:00.***
Total time [h:m:s.ms]:   0:00:00.835
Gloc matsubara: write spin-orbital diagonal elements. Split.
Store Gloc_l11_s1_iw_indx*.dat in Gloc_l11_s1_iw.tgz
Store Gloc_l11_s2_iw_indx*.dat in Gloc_l11_s2_iw.tgz
Updated impHloc:
chi^2|iter_ineq0001=    1.115884736E-07 |     4  <--  Orb1 Spin1
            #Ek_l1_s1              Vk_l1_s1             #Ek_l1_s2              Vk_l1_s2
      -1.116890185587        0.348969474338       -3.377310301968        0.000066525912
      -0.313857430491        0.229518300964       -1.140174822230       -0.009802050974
      -0.141033950989        0.164545886552       -0.336147005036        0.107800541716
       0.350474104135        0.116996095703       -0.719095627660        0.118237923746
       0.946032112868       -0.131489299082        0.170401278502        0.223725652179
       3.329572160751       -0.000000063457        0.771392688350        0.364077645917
Updated impHloc:
chi^2|iter_ineq0001=    6.644857273E-06 |     1  <--  Orb1 Spin2
            #Ek_l1_s1              Vk_l1_s1             #Ek_l1_s2              Vk_l1_s2
      -1.116890185587        0.348969474338       -3.377310301968        0.000066520567
      -0.313857430491        0.229518300964       -1.140174820299       -0.009801770983
      -0.141033950989        0.164545886552       -0.336147646901        0.107802930863
       0.350474104135        0.116996095703       -0.719094993206        0.118237735504
       0.946032112868       -0.131489299082        0.170402534027        0.223725155145
       3.329572160751       -0.000000063457        0.771392048599        0.364077714407
[1;92mmax error=[0m  5.3459016E-06
[1;92m    error=[0m  5.3459016E-06
[1;92mmin error=[0m  5.3459016E-06
=====================================
Total time [h:m:s.ms]:   0:00:01.378


Get local Realaxis Green's function (no print)
Direct Inversion algorithm:
 
  +ETA --> fort.6
  10% |ETA: 0:00:00.718 @21 May 2019  10:52:30
  20% |ETA: 0:00:00.654
  30% |ETA: 0:00:00.577
  40% |ETA: 0:00:00.989
  50% |ETA: 0:00:00.819 @21 May 2019  10:52:31
  60% |ETA: 0:00:00.652
  70% |ETA: 0:00:00.976
  80% |ETA: 0:00:00.649
  90% |ETA: 0:00:00.648
 100% |ETA: 0:00:00.000
Total time [h:m:s.ms]:   0:00:00.409
Gloc real: write spin-orbital diagonal elements. Split.
Store Gloc_l11_s1_realw_indx*.dat in Gloc_l11_s1_realw.tgz
Store Gloc_l11_s2_realw_indx*.dat in Gloc_l11_s2_realw.tgz
