 wrong dimensions parsing variable:   ULOC
 expecting a comma separated list of:            5
SCIFOR VERSION (GIT): f51d8963e73e1a7f5e05ca328195b114bbdf41ec
Timestamp: +21 May 2019  10:19:09.537
 
CODE VERSION: 30030ed680c7b62ac87f0fc221aa358a61913d81
Timestamp: +21 May 2019  10:19:09.538
 
 Build H(k)    :         441
 # of SO-bands :           2
Using Reciprocal Lattice vectors:
bk_x = [  6.2832  0.0000  0.0000]
bk_y = [  0.0000  6.2832  0.0000]
bk_z = [  0.0000  0.0000  6.2832]
Get local Realaxis Green's function (no print)
Direct Inversion algorithm:
 
  +ETA --> fort.6
  10% |ETA: 0:00:00.651 @21 May 2019  10:19:09
  20% |ETA: 0:00:00.581
  30% |ETA: 0:00:00.516
  40% |ETA: 0:00:00.882
  50% |ETA: 0:00:00.832 @21 May 2019  10:19:09
  60% |ETA: 0:00:00.686
  70% |ETA: 0:00:00.510
  80% |ETA: 0:00:00.674
  90% |ETA: 0:00:00.704
 100% |ETA: 0:00:00.***
Total time [h:m:s.ms]:   0:00:00.927
dos_Hk real: write spin-orbital diagonal elements.
Using Reciprocal Lattice vectors:
bk_x = [  6.2832  0.0000  0.0000]
bk_y = [  0.0000  6.2832  0.0000]
bk_z = [  0.0000  0.0000  6.2832]
 Solving model along the path:
Point1: [ 0.0000 0.0000]
Point2: [ 3.1416 0.0000]
Point3: [ 3.1416 3.1416]
Point4: [ 0.0000 0.0000]
INIT SOLVER FOR 
Summary:
--------------------------------------------
# of levels/spin      =               8
Total size            =              16
# of impurities       =               2
# of bath/impurity    =               3
# of Bath levels/spin =               6
Number of sectors     =              81
Ns_Orb                =               8
Ns_Ud                 =               1
Largest Sector(s)     =       70        70                4900
--------------------------------------------
Required Lanc_nstates_total=1 => set T=0 calculation
Lanczos ZERO temperature calculation:
Updated impHloc:
  1.000    0.000
  0.000   -1.000
 
Reading bath from filehamiltonian.restart
there are        3 lines in +hamiltonian.restart
Looking into     45 sectors out of        81

-----DMFT-loop    1 (max:  100)-----
Updated impHloc:
  1.000    0.000
  0.000   -1.000
 
            #Ek_l1_s1              Vk_l1_s1             #Ek_l2_s1              Vk_l2_s1
      -0.838383232785        0.305583119863       -2.627765616015        0.336195774657
      -0.225079205484       -0.147331494412        0.239007257823       -0.152655391430
       2.498131433172        0.326001982706        0.861657229084       -0.305606139035
Diagonalize impurity H:
         1-Solving sector:        1, nup:  0, ndw:  0, dims=     1     1                   1
Total time [h:m:s.ms]:   0:00:00.000
         2-Solving sector:       10, nup:  1, ndw:  0, dims=     8     1                   8
Total time [h:m:s.ms]:   0:00:00.000
         3-Solving sector:       11, nup:  1, ndw:  1, dims=     8     8                  64
Total time [h:m:s.ms]:   0:00:00.000
         4-Solving sector:       19, nup:  2, ndw:  0, dims=    28     1                  28
Total time [h:m:s.ms]:   0:00:00.000
         5-Solving sector:       20, nup:  2, ndw:  1, dims=    28     8                 224
Total time [h:m:s.ms]:   0:00:00.021
         6-Solving sector:       21, nup:  2, ndw:  2, dims=    28    28                 784, Lanc Info:     1   512    10
Total time [h:m:s.ms]:   0:00:00.004
         7-Solving sector:       28, nup:  3, ndw:  0, dims=    56     1                  56
Total time [h:m:s.ms]:   0:00:00.001
         8-Solving sector:       29, nup:  3, ndw:  1, dims=    56     8                 448, Lanc Info:     1   448    10
Total time [h:m:s.ms]:   0:00:00.002
         9-Solving sector:       30, nup:  3, ndw:  2, dims=    56    28                1568, Lanc Info:     1   512    10
Total time [h:m:s.ms]:   0:00:00.009
        10-Solving sector:       31, nup:  3, ndw:  3, dims=    56    56                3136, Lanc Info:     1   512    10
Total time [h:m:s.ms]:   0:00:00.022
        11-Solving sector:       37, nup:  4, ndw:  0, dims=    70     1                  70
Total time [h:m:s.ms]:   0:00:00.001
        12-Solving sector:       38, nup:  4, ndw:  1, dims=    70     8                 560, Lanc Info:     1   512    10
Total time [h:m:s.ms]:   0:00:00.003
        13-Solving sector:       39, nup:  4, ndw:  2, dims=    70    28                1960, Lanc Info:     1   512    10
Total time [h:m:s.ms]:   0:00:00.012
        14-Solving sector:       40, nup:  4, ndw:  3, dims=    70    56                3920, Lanc Info:     1   512    10
Total time [h:m:s.ms]:   0:00:00.031
        15-Solving sector:       41, nup:  4, ndw:  4, dims=    70    70                4900, Lanc Info:     1   512    10
Total time [h:m:s.ms]:   0:00:00.034
        16-Solving sector:       46, nup:  5, ndw:  0, dims=    56     1                  56
Total time [h:m:s.ms]:   0:00:00.001
        17-Solving sector:       47, nup:  5, ndw:  1, dims=    56     8                 448, Lanc Info:     1   448    10
Total time [h:m:s.ms]:   0:00:00.002
        18-Solving sector:       48, nup:  5, ndw:  2, dims=    56    28                1568, Lanc Info:     1   512    10
Total time [h:m:s.ms]:   0:00:00.009
        19-Solving sector:       49, nup:  5, ndw:  3, dims=    56    56                3136, Lanc Info:     1   512    10
Total time [h:m:s.ms]:   0:00:00.017
        20-Solving sector:       50, nup:  5, ndw:  4, dims=    56    70                3920, Lanc Info:     1   512    10
Total time [h:m:s.ms]:   0:00:00.024
        21-Solving sector:       51, nup:  5, ndw:  5, dims=    56    56                3136, Lanc Info:     1   512    10
Total time [h:m:s.ms]:   0:00:00.020
        22-Solving sector:       55, nup:  6, ndw:  0, dims=    28     1                  28
Total time [h:m:s.ms]:   0:00:00.000
        23-Solving sector:       56, nup:  6, ndw:  1, dims=    28     8                 224
Total time [h:m:s.ms]:   0:00:00.023
        24-Solving sector:       57, nup:  6, ndw:  2, dims=    28    28                 784, Lanc Info:     1   512    10
Total time [h:m:s.ms]:   0:00:00.004
        25-Solving sector:       58, nup:  6, ndw:  3, dims=    28    56                1568, Lanc Info:     1   512    10
Total time [h:m:s.ms]:   0:00:00.010
        26-Solving sector:       59, nup:  6, ndw:  4, dims=    28    70                1960, Lanc Info:     1   512    10
Total time [h:m:s.ms]:   0:00:00.015
        27-Solving sector:       60, nup:  6, ndw:  5, dims=    28    56                1568, Lanc Info:     1   512    10
Total time [h:m:s.ms]:   0:00:00.012
        28-Solving sector:       61, nup:  6, ndw:  6, dims=    28    28                 784, Lanc Info:     1   512    10
Total time [h:m:s.ms]:   0:00:00.005
        29-Solving sector:       64, nup:  7, ndw:  0, dims=     8     1                   8
Total time [h:m:s.ms]:   0:00:00.000
        30-Solving sector:       65, nup:  7, ndw:  1, dims=     8     8                  64
Total time [h:m:s.ms]:   0:00:00.001
        31-Solving sector:       66, nup:  7, ndw:  2, dims=     8    28                 224
Total time [h:m:s.ms]:   0:00:00.026
        32-Solving sector:       67, nup:  7, ndw:  3, dims=     8    56                 448, Lanc Info:     1   448    10
Total time [h:m:s.ms]:   0:00:00.007
        33-Solving sector:       68, nup:  7, ndw:  4, dims=     8    70                 560, Lanc Info:     1   512    10
Total time [h:m:s.ms]:   0:00:00.003
        34-Solving sector:       69, nup:  7, ndw:  5, dims=     8    56                 448, Lanc Info:     1   448    10
Total time [h:m:s.ms]:   0:00:00.003
        35-Solving sector:       70, nup:  7, ndw:  6, dims=     8    28                 224
Total time [h:m:s.ms]:   0:00:00.035
        36-Solving sector:       71, nup:  7, ndw:  7, dims=     8     8                  64
Total time [h:m:s.ms]:   0:00:00.002
        37-Solving sector:       73, nup:  8, ndw:  0, dims=     1     1                   1
Total time [h:m:s.ms]:   0:00:00.000
        38-Solving sector:       74, nup:  8, ndw:  1, dims=     1     8                   8
Total time [h:m:s.ms]:   0:00:00.000
        39-Solving sector:       75, nup:  8, ndw:  2, dims=     1    28                  28
Total time [h:m:s.ms]:   0:00:00.000
        40-Solving sector:       76, nup:  8, ndw:  3, dims=     1    56                  56
Total time [h:m:s.ms]:   0:00:00.000
        41-Solving sector:       77, nup:  8, ndw:  4, dims=     1    70                  70
Total time [h:m:s.ms]:   0:00:00.002
        42-Solving sector:       78, nup:  8, ndw:  5, dims=     1    56                  56
Total time [h:m:s.ms]:   0:00:00.005
        43-Solving sector:       79, nup:  8, ndw:  6, dims=     1    28                  28
Total time [h:m:s.ms]:   0:00:00.001
        44-Solving sector:       80, nup:  8, ndw:  7, dims=     1     8                   8
Total time [h:m:s.ms]:   0:00:00.000
        45-Solving sector:       81, nup:  8, ndw:  8, dims=     1     1                   1
Total time [h:m:s.ms]:   0:00:00.000
Total time [h:m:s.ms]:   0:00:00.377
#     i               E_i       exp(-(E-E0)/T)       Sect       Dim    Indices:
     1  -10.107577465638   1.000000000000E+00         49      3136   5   3
     2  -10.107577465638   1.000000000000E+00         33      3136   3   5
Egs =    -10.107577465638   5   3
Egs =    -10.107577465638   3   5
Z   =      2.000000000000
Get impurity Greens functions:
Get G_l1_s1
 add particle:    58
 del particle:    40
 add particle:    42
 del particle:    24
Total time [h:m:s.ms]:   0:00:00.144
Get G_l2_s1
 add particle:    58
 del particle:    40
 add particle:    42
 del particle:    24
Total time [h:m:s.ms]:   0:00:00.130
dens=    0.999712845087    1.000114165275    1.999827010363
docc=    0.008458765420    0.008631523345
<Hint>  =   -2.531211442360
<V>     =    0.868304186655
<E0>    =   -0.000401320188
<Ehf>   =   -3.399515629015
Dust    =    0.017312904737
Dund    =    0.982393268784
Get local Matsubara Green's function (no print)
 
  +ETA --> fort.6
  10% |ETA: 0:00:01.954 @21 May 2019  10:19:14
  20% |ETA: 0:00:01.781
  30% |ETA: 0:00:01.634
  40% |ETA: 0:00:01.511
  50% |ETA: 0:00:00.863 @21 May 2019  10:19:15
  60% |ETA: 0:00:00.692
  70% |ETA: 0:00:00.517
  80% |ETA: 0:00:00.685
  90% |ETA: 0:00:00.670
 100% |ETA: 0:00:00.000
Total time [h:m:s.ms]:   0:00:01.712
Gloc matsubara: write spin-orbital diagonal elements.
\Chi2 fit with CG-nr and CG-weight: 1 on: weiss
chi^2|iter=    4.560262139E-08 |    88  <--  Orb1 Spin1
chi^2|iter=    5.030151060E-08 |    42  <--  Orb2 Spin1
            #Ek_l1_s1              Vk_l1_s1             #Ek_l2_s1              Vk_l2_s1
      -0.965837938348        0.312505300181       -2.634297690744        0.328312074903
      -0.280423832324       -0.138889735753        0.285024921142       -0.140519649059
       2.769040526762        0.338322299905        0.961719512836       -0.310008411565
[1;91merror=[0m  1.0000000E+00
=====================================
Total time [h:m:s.ms]:   0:00:02.797



-----DMFT-loop    2 (max:  100)-----
Updated impHloc:
  1.000    0.000
  0.000   -1.000
 
            #Ek_l1_s1              Vk_l1_s1             #Ek_l2_s1              Vk_l2_s1
      -0.965837938348        0.312505300181       -2.634297690744        0.328312074903
      -0.280423832324       -0.138889735753        0.285024921142       -0.140519649059
       2.769040526762        0.338322299905        0.961719512836       -0.310008411565
Diagonalize impurity H:
         1-Solving sector:        1, nup:  0, ndw:  0, dims=     1     1                   1
Total time [h:m:s.ms]:   0:00:00.000
         2-Solving sector:       10, nup:  1, ndw:  0, dims=     8     1                   8
Total time [h:m:s.ms]:   0:00:00.000
         3-Solving sector:       11, nup:  1, ndw:  1, dims=     8     8                  64
Total time [h:m:s.ms]:   0:00:00.001
         4-Solving sector:       19, nup:  2, ndw:  0, dims=    28     1                  28
Total time [h:m:s.ms]:   0:00:00.000
         5-Solving sector:       20, nup:  2, ndw:  1, dims=    28     8                 224
Total time [h:m:s.ms]:   0:00:00.043
         6-Solving sector:       21, nup:  2, ndw:  2, dims=    28    28                 784, Lanc Info:     1   512    10
Total time [h:m:s.ms]:   0:00:00.012
         7-Solving sector:       28, nup:  3, ndw:  0, dims=    56     1                  56
Total time [h:m:s.ms]:   0:00:00.001
         8-Solving sector:       29, nup:  3, ndw:  1, dims=    56     8                 448, Lanc Info:     1   448    10
Total time [h:m:s.ms]:   0:00:00.007
         9-Solving sector:       30, nup:  3, ndw:  2, dims=    56    28                1568, Lanc Info:     1   512    10
Total time [h:m:s.ms]:   0:00:00.019
        10-Solving sector:       31, nup:  3, ndw:  3, dims=    56    56                3136, Lanc Info:     1   512    10
Total time [h:m:s.ms]:   0:00:00.042
        11-Solving sector:       37, nup:  4, ndw:  0, dims=    70     1                  70
Total time [h:m:s.ms]:   0:00:00.004
        12-Solving sector:       38, nup:  4, ndw:  1, dims=    70     8                 560, Lanc Info:     1   512    10
Total time [h:m:s.ms]:   0:00:00.007
        13-Solving sector:       39, nup:  4, ndw:  2, dims=    70    28                1960, Lanc Info:     1   512    10
Total time [h:m:s.ms]:   0:00:00.016
        14-Solving sector:       40, nup:  4, ndw:  3, dims=    70    56                3920, Lanc Info:     1   512    10
Total time [h:m:s.ms]:   0:00:00.042
        15-Solving sector:       41, nup:  4, ndw:  4, dims=    70    70                4900, Lanc Info:     1   512    10
Total time [h:m:s.ms]:   0:00:00.059
        16-Solving sector:       46, nup:  5, ndw:  0, dims=    56     1                  56
Total time [h:m:s.ms]:   0:00:00.002
        17-Solving sector:       47, nup:  5, ndw:  1, dims=    56     8                 448, Lanc Info:     1   448    10
Total time [h:m:s.ms]:   0:00:00.003
        18-Solving sector:       48, nup:  5, ndw:  2, dims=    56    28                1568, Lanc Info:     1   512    10
Total time [h:m:s.ms]:   0:00:00.017
        19-Solving sector:       49, nup:  5, ndw:  3, dims=    56    56                3136, Lanc Info:     1   512    10
Total time [h:m:s.ms]:   0:00:00.027
        20-Solving sector:       50, nup:  5, ndw:  4, dims=    56    70                3920, Lanc Info:     1   512    10
Total time [h:m:s.ms]:   0:00:00.027
        21-Solving sector:       51, nup:  5, ndw:  5, dims=    56    56                3136, Lanc Info:     1   512    10
Total time [h:m:s.ms]:   0:00:00.019
        22-Solving sector:       55, nup:  6, ndw:  0, dims=    28     1                  28
Total time [h:m:s.ms]:   0:00:00.000
        23-Solving sector:       56, nup:  6, ndw:  1, dims=    28     8                 224
Total time [h:m:s.ms]:   0:00:00.020
        24-Solving sector:       57, nup:  6, ndw:  2, dims=    28    28                 784, Lanc Info:     1   512    10
Total time [h:m:s.ms]:   0:00:00.004
        25-Solving sector:       58, nup:  6, ndw:  3, dims=    28    56                1568, Lanc Info:     1   512    10
Total time [h:m:s.ms]:   0:00:00.007
        26-Solving sector:       59, nup:  6, ndw:  4, dims=    28    70                1960, Lanc Info:     1   512    10
Total time [h:m:s.ms]:   0:00:00.009
        27-Solving sector:       60, nup:  6, ndw:  5, dims=    28    56                1568, Lanc Info:     1   512    10
Total time [h:m:s.ms]:   0:00:00.009
        28-Solving sector:       61, nup:  6, ndw:  6, dims=    28    28                 784, Lanc Info:     1   512    10
Total time [h:m:s.ms]:   0:00:00.003
        29-Solving sector:       64, nup:  7, ndw:  0, dims=     8     1                   8
Total time [h:m:s.ms]:   0:00:00.000
        30-Solving sector:       65, nup:  7, ndw:  1, dims=     8     8                  64
Total time [h:m:s.ms]:   0:00:00.001
        31-Solving sector:       66, nup:  7, ndw:  2, dims=     8    28                 224
Total time [h:m:s.ms]:   0:00:00.019
        32-Solving sector:       67, nup:  7, ndw:  3, dims=     8    56                 448, Lanc Info:     1   448    10
Total time [h:m:s.ms]:   0:00:00.002
        33-Solving sector:       68, nup:  7, ndw:  4, dims=     8    70                 560, Lanc Info:     1   512    10
Total time [h:m:s.ms]:   0:00:00.002
        34-Solving sector:       69, nup:  7, ndw:  5, dims=     8    56                 448, Lanc Info:     1   448    10
Total time [h:m:s.ms]:   0:00:00.002
        35-Solving sector:       70, nup:  7, ndw:  6, dims=     8    28                 224
Total time [h:m:s.ms]:   0:00:00.019
        36-Solving sector:       71, nup:  7, ndw:  7, dims=     8     8                  64
Total time [h:m:s.ms]:   0:00:00.000
        37-Solving sector:       73, nup:  8, ndw:  0, dims=     1     1                   1
Total time [h:m:s.ms]:   0:00:00.000
        38-Solving sector:       74, nup:  8, ndw:  1, dims=     1     8                   8
Total time [h:m:s.ms]:   0:00:00.000
        39-Solving sector:       75, nup:  8, ndw:  2, dims=     1    28                  28
Total time [h:m:s.ms]:   0:00:00.000
        40-Solving sector:       76, nup:  8, ndw:  3, dims=     1    56                  56
Total time [h:m:s.ms]:   0:00:00.001
        41-Solving sector:       77, nup:  8, ndw:  4, dims=     1    70                  70
Total time [h:m:s.ms]:   0:00:00.001
        42-Solving sector:       78, nup:  8, ndw:  5, dims=     1    56                  56
Total time [h:m:s.ms]:   0:00:00.001
        43-Solving sector:       79, nup:  8, ndw:  6, dims=     1    28                  28
Total time [h:m:s.ms]:   0:00:00.000
        44-Solving sector:       80, nup:  8, ndw:  7, dims=     1     8                   8
Total time [h:m:s.ms]:   0:00:00.000
        45-Solving sector:       81, nup:  8, ndw:  8, dims=     1     1                   1
Total time [h:m:s.ms]:   0:00:00.000
Total time [h:m:s.ms]:   0:00:00.463
#     i               E_i       exp(-(E-E0)/T)       Sect       Dim    Indices:
     1  -10.482873540433   1.000000000000E+00         49      3136   5   3
     2  -10.482873540433   1.000000000000E+00         33      3136   3   5
Egs =    -10.482873540433   5   3
Egs =    -10.482873540433   3   5
Z   =      2.000000000000
Get impurity Greens functions:
Get G_l1_s1
 add particle:    58
 del particle:    40
 add particle:    42
 del particle:    24
Total time [h:m:s.ms]:   0:00:00.094
Get G_l2_s1
 add particle:    58
 del particle:    40
 add particle:    42
 del particle:    24
Total time [h:m:s.ms]:   0:00:00.127
dens=    0.999940220916    1.000226635921    2.000166856837
docc=    0.008019845540    0.008197184710
<Hint>  =   -2.535403094792
<V>     =    0.865064104352
<E0>    =   -0.000286415005
<Ehf>   =   -3.400467199144
Dust    =    0.016397197519
Dund    =    0.983667614399
Get local Matsubara Green's function (no print)
 
  +ETA --> fort.6
  10% |ETA: 0:00:01.752 @21 May 2019  10:19:17
  20% |ETA: 0:00:01.777
  30% |ETA: 0:00:01.698
  40% |ETA: 0:00:01.565
  50% |ETA: 0:00:00.896 @21 May 2019  10:19:18
  60% |ETA: 0:00:00.720
  70% |ETA: 0:00:00.524
  80% |ETA: 0:00:00.677
  90% |ETA: 0:00:00.671
 100% |ETA: 0:00:00.000
Total time [h:m:s.ms]:   0:00:01.711
Gloc matsubara: write spin-orbital diagonal elements.
\Chi2 fit with CG-nr and CG-weight: 1 on: weiss
chi^2|iter=    2.829606189E-08 |    21  <--  Orb1 Spin1
chi^2|iter=    3.696001967E-08 |    21  <--  Orb2 Spin1
            #Ek_l1_s1              Vk_l1_s1             #Ek_l2_s1              Vk_l2_s1
      -0.950790653345        0.312095653018       -2.637247700483        0.327431144415
      -0.318072251781       -0.136997280389        0.320820941924       -0.137589811117
       2.770049716925        0.336827415876        0.946278705348       -0.310164268807
[1;91merror=[0m  6.4532803E-04
=====================================
Total time [h:m:s.ms]:   0:00:02.633



-----DMFT-loop    3 (max:  100)-----
Updated impHloc:
  1.000    0.000
  0.000   -1.000
 
            #Ek_l1_s1              Vk_l1_s1             #Ek_l2_s1              Vk_l2_s1
      -0.962076117097        0.312402888390       -2.635035193179        0.328091842281
      -0.289835937188       -0.138416621912        0.293973926337       -0.139787189573
       2.769292824303        0.337948578897        0.957859310964       -0.310047375876
Diagonalize impurity H:
         1-Solving sector:        1, nup:  0, ndw:  0, dims=     1     1                   1
Total time [h:m:s.ms]:   0:00:00.000
         2-Solving sector:       10, nup:  1, ndw:  0, dims=     8     1                   8
Total time [h:m:s.ms]:   0:00:00.000
         3-Solving sector:       11, nup:  1, ndw:  1, dims=     8     8                  64
Total time [h:m:s.ms]:   0:00:00.001
         4-Solving sector:       19, nup:  2, ndw:  0, dims=    28     1                  28
Total time [h:m:s.ms]:   0:00:00.000
         5-Solving sector:       20, nup:  2, ndw:  1, dims=    28     8                 224
Total time [h:m:s.ms]:   0:00:00.027
         6-Solving sector:       21, nup:  2, ndw:  2, dims=    28    28                 784, Lanc Info:     1   512    10
Total time [h:m:s.ms]:   0:00:00.015
         7-Solving sector:       28, nup:  3, ndw:  0, dims=    56     1                  56
Total time [h:m:s.ms]:   0:00:00.001
         8-Solving sector:       29, nup:  3, ndw:  1, dims=    56     8                 448, Lanc Info:     1   448    10
Total time [h:m:s.ms]:   0:00:00.002
         9-Solving sector:       30, nup:  3, ndw:  2, dims=    56    28                1568, Lanc Info:     1   512    10
Total time [h:m:s.ms]:   0:00:00.008
        10-Solving sector:       31, nup:  3, ndw:  3, dims=    56    56                3136, Lanc Info:     1   512    10
Total time [h:m:s.ms]:   0:00:00.022
        11-Solving sector:       37, nup:  4, ndw:  0, dims=    70     1                  70
Total time [h:m:s.ms]:   0:00:00.001
        12-Solving sector:       38, nup:  4, ndw:  1, dims=    70     8                 560, Lanc Info:     1   512    10
Total time [h:m:s.ms]:   0:00:00.003
        13-Solving sector:       39, nup:  4, ndw:  2, dims=    70    28                1960, Lanc Info:     1   512    10
Total time [h:m:s.ms]:   0:00:00.013
        14-Solving sector:       40, nup:  4, ndw:  3, dims=    70    56                3920, Lanc Info:     1   512    10
Total time [h:m:s.ms]:   0:00:00.048
        15-Solving sector:       41, nup:  4, ndw:  4, dims=    70    70                4900, Lanc Info:     1   512    10
Total time [h:m:s.ms]:   0:00:00.046
        16-Solving sector:       46, nup:  5, ndw:  0, dims=    56     1                  56
Total time [h:m:s.ms]:   0:00:00.001
        17-Solving sector:       47, nup:  5, ndw:  1, dims=    56     8                 448, Lanc Info:     1   448    10
Total time [h:m:s.ms]:   0:00:00.004
        18-Solving sector:       48, nup:  5, ndw:  2, dims=    56    28                1568, Lanc Info:     1   512    10
Total time [h:m:s.ms]:   0:00:00.028
        19-Solving sector:       49, nup:  5, ndw:  3, dims=    56    56                3136, Lanc Info:     1   512    10
Total time [h:m:s.ms]:   0:00:00.024
        20-Solving sector:       50, nup:  5, ndw:  4, dims=    56    70                3920, Lanc Info:     1   512    10
Total time [h:m:s.ms]:   0:00:00.037
        21-Solving sector:       51, nup:  5, ndw:  5, dims=    56    56                3136, Lanc Info:     1   512    10
Total time [h:m:s.ms]:   0:00:00.022
        22-Solving sector:       55, nup:  6, ndw:  0, dims=    28     1                  28
Total time [h:m:s.ms]:   0:00:00.001
        23-Solving sector:       56, nup:  6, ndw:  1, dims=    28     8                 224
Total time [h:m:s.ms]:   0:00:00.024
        24-Solving sector:       57, nup:  6, ndw:  2, dims=    28    28                 784, Lanc Info:     1   512    10
Total time [h:m:s.ms]:   0:00:00.005
        25-Solving sector:       58, nup:  6, ndw:  3, dims=    28    56                1568, Lanc Info:     1   512    10
Total time [h:m:s.ms]:   0:00:00.008
        26-Solving sector:       59, nup:  6, ndw:  4, dims=    28    70                1960, Lanc Info:     1   512    10
Total time [h:m:s.ms]:   0:00:00.011
        27-Solving sector:       60, nup:  6, ndw:  5, dims=    28    56                1568, Lanc Info:     1   512    10
Total time [h:m:s.ms]:   0:00:00.009
        28-Solving sector:       61, nup:  6, ndw:  6, dims=    28    28                 784, Lanc Info:     1   512    10
Total time [h:m:s.ms]:   0:00:00.005
        29-Solving sector:       64, nup:  7, ndw:  0, dims=     8     1                   8
Total time [h:m:s.ms]:   0:00:00.000
        30-Solving sector:       65, nup:  7, ndw:  1, dims=     8     8                  64
Total time [h:m:s.ms]:   0:00:00.001
        31-Solving sector:       66, nup:  7, ndw:  2, dims=     8    28                 224
Total time [h:m:s.ms]:   0:00:00.021
        32-Solving sector:       67, nup:  7, ndw:  3, dims=     8    56                 448, Lanc Info:     1   448    10
Total time [h:m:s.ms]:   0:00:00.002
        33-Solving sector:       68, nup:  7, ndw:  4, dims=     8    70                 560, Lanc Info:     1   512    10
Total time [h:m:s.ms]:   0:00:00.002
        34-Solving sector:       69, nup:  7, ndw:  5, dims=     8    56                 448, Lanc Info:     1   448    10
Total time [h:m:s.ms]:   0:00:00.003
        35-Solving sector:       70, nup:  7, ndw:  6, dims=     8    28                 224
Total time [h:m:s.ms]:   0:00:00.023
        36-Solving sector:       71, nup:  7, ndw:  7, dims=     8     8                  64
Total time [h:m:s.ms]:   0:00:00.001
        37-Solving sector:       73, nup:  8, ndw:  0, dims=     1     1                   1
Total time [h:m:s.ms]:   0:00:00.000
        38-Solving sector:       74, nup:  8, ndw:  1, dims=     1     8                   8
Total time [h:m:s.ms]:   0:00:00.000
        39-Solving sector:       75, nup:  8, ndw:  2, dims=     1    28                  28
Total time [h:m:s.ms]:   0:00:00.000
        40-Solving sector:       76, nup:  8, ndw:  3, dims=     1    56                  56
Total time [h:m:s.ms]:   0:00:00.001
        41-Solving sector:       77, nup:  8, ndw:  4, dims=     1    70                  70
Total time [h:m:s.ms]:   0:00:00.002
        42-Solving sector:       78, nup:  8, ndw:  5, dims=     1    56                  56
Total time [h:m:s.ms]:   0:00:00.001
        43-Solving sector:       79, nup:  8, ndw:  6, dims=     1    28                  28
Total time [h:m:s.ms]:   0:00:00.000
        44-Solving sector:       80, nup:  8, ndw:  7, dims=     1     8                   8
Total time [h:m:s.ms]:   0:00:00.001
        45-Solving sector:       81, nup:  8, ndw:  8, dims=     1     1                   1
Total time [h:m:s.ms]:   0:00:00.000
Total time [h:m:s.ms]:   0:00:00.439
#     i               E_i       exp(-(E-E0)/T)       Sect       Dim    Indices:
     1  -10.495431539349   1.000000000000E+00         49      3136   5   3
     2  -10.495431539349   1.000000000000E+00         33      3136   3   5
Egs =    -10.495431539349   5   3
Egs =    -10.495431539349   3   5
Z   =      2.000000000000
Get impurity Greens functions:
Get G_l1_s1
 add particle:    58
 del particle:    40
 add particle:    42
 del particle:    24
Total time [h:m:s.ms]:   0:00:00.142
Get G_l2_s1
 add particle:    58
 del particle:    40
 add particle:    42
 del particle:    24
Total time [h:m:s.ms]:   0:00:00.105
dens=    0.999943970219    1.000227844835    2.000171815054
docc=    0.008004748802    0.008182672856
<Hint>  =   -2.535531795190
<V>     =    0.864949286960
<E0>    =   -0.000283874616
<Ehf>   =   -3.400481082150
Dust    =    0.016366710923
Dund    =    0.983703500226
Get local Matsubara Green's function (no print)
 
  +ETA --> fort.6
  10% |ETA: 0:00:01.862 @21 May 2019  10:19:20
  20% |ETA: 0:00:01.781
  30% |ETA: 0:00:01.621
  40% |ETA: 0:00:01.528
  50% |ETA: 0:00:00.862 @21 May 2019  10:19:20
  60% |ETA: 0:00:00.690
  70% |ETA: 0:00:00.507
  80% |ETA: 0:00:00.672
  90% |ETA: 0:00:00.674
 100% |ETA: 0:00:00.500
Total time [h:m:s.ms]:   0:00:01.752
Gloc matsubara: write spin-orbital diagonal elements.
\Chi2 fit with CG-nr and CG-weight: 1 on: weiss
chi^2|iter=    2.896729850E-08 |    21  <--  Orb1 Spin1
chi^2|iter=    3.732015436E-08 |    21  <--  Orb2 Spin1
            #Ek_l1_s1              Vk_l1_s1             #Ek_l2_s1              Vk_l2_s1
      -0.950060586925        0.311783722013       -2.637842261468        0.327388189003
      -0.321725905926       -0.137455051716        0.324404758213       -0.137942013946
       2.770066421096        0.336742006752        0.945179578954       -0.309880162440
[1;91merror=[0m  2.7482619E-05
=====================================
Total time [h:m:s.ms]:   0:00:02.796



-----DMFT-loop    4 (max:  100)-----
Updated impHloc:
  1.000    0.000
  0.000   -1.000
 
            #Ek_l1_s1              Vk_l1_s1             #Ek_l2_s1              Vk_l2_s1
      -0.959072234554        0.312248096796       -2.635736960251        0.327915928961
      -0.297808429372       -0.138176229363        0.301581634306       -0.139325895667
       2.769486223501        0.337646935861        0.954689377961       -0.310005572517
Diagonalize impurity H:
         1-Solving sector:        1, nup:  0, ndw:  0, dims=     1     1                   1
Total time [h:m:s.ms]:   0:00:00.000
         2-Solving sector:       10, nup:  1, ndw:  0, dims=     8     1                   8
Total time [h:m:s.ms]:   0:00:00.000
         3-Solving sector:       11, nup:  1, ndw:  1, dims=     8     8                  64
Total time [h:m:s.ms]:   0:00:00.001
         4-Solving sector:       19, nup:  2, ndw:  0, dims=    28     1                  28
Total time [h:m:s.ms]:   0:00:00.000
         5-Solving sector:       20, nup:  2, ndw:  1, dims=    28     8                 224
Total time [h:m:s.ms]:   0:00:00.021
         6-Solving sector:       21, nup:  2, ndw:  2, dims=    28    28                 784, Lanc Info:     1   512    10
Total time [h:m:s.ms]:   0:00:00.004
         7-Solving sector:       28, nup:  3, ndw:  0, dims=    56     1                  56
Total time [h:m:s.ms]:   0:00:00.001
         8-Solving sector:       29, nup:  3, ndw:  1, dims=    56     8                 448, Lanc Info:     1   448    10
Total time [h:m:s.ms]:   0:00:00.002
         9-Solving sector:       30, nup:  3, ndw:  2, dims=    56    28                1568, Lanc Info:     1   512    10
Total time [h:m:s.ms]:   0:00:00.008
        10-Solving sector:       31, nup:  3, ndw:  3, dims=    56    56                3136, Lanc Info:     1   512    10
Total time [h:m:s.ms]:   0:00:00.019
        11-Solving sector:       37, nup:  4, ndw:  0, dims=    70     1                  70
Total time [h:m:s.ms]:   0:00:00.002
        12-Solving sector:       38, nup:  4, ndw:  1, dims=    70     8                 560, Lanc Info:     1   512    10
Total time [h:m:s.ms]:   0:00:00.003
        13-Solving sector:       39, nup:  4, ndw:  2, dims=    70    28                1960, Lanc Info:     1   512    10
Total time [h:m:s.ms]:   0:00:00.010
        14-Solving sector:       40, nup:  4, ndw:  3, dims=    70    56                3920, Lanc Info:     1   512    10
Total time [h:m:s.ms]:   0:00:00.023
        15-Solving sector:       41, nup:  4, ndw:  4, dims=    70    70                4900, Lanc Info:     1   512    10
Total time [h:m:s.ms]:   0:00:00.030
        16-Solving sector:       46, nup:  5, ndw:  0, dims=    56     1                  56
Total time [h:m:s.ms]:   0:00:00.001
        17-Solving sector:       47, nup:  5, ndw:  1, dims=    56     8                 448, Lanc Info:     1   448    10
Total time [h:m:s.ms]:   0:00:00.003
        18-Solving sector:       48, nup:  5, ndw:  2, dims=    56    28                1568, Lanc Info:     1   512    10
Total time [h:m:s.ms]:   0:00:00.007
        19-Solving sector:       49, nup:  5, ndw:  3, dims=    56    56                3136, Lanc Info:     1   512    10
Total time [h:m:s.ms]:   0:00:00.015
        20-Solving sector:       50, nup:  5, ndw:  4, dims=    56    70                3920, Lanc Info:     1   512    10
Total time [h:m:s.ms]:   0:00:00.023
        21-Solving sector:       51, nup:  5, ndw:  5, dims=    56    56                3136, Lanc Info:     1   512    10
Total time [h:m:s.ms]:   0:00:00.019
        22-Solving sector:       55, nup:  6, ndw:  0, dims=    28     1                  28
Total time [h:m:s.ms]:   0:00:00.000
        23-Solving sector:       56, nup:  6, ndw:  1, dims=    28     8                 224
Total time [h:m:s.ms]:   0:00:00.020
        24-Solving sector:       57, nup:  6, ndw:  2, dims=    28    28                 784, Lanc Info:     1   512    10
Total time [h:m:s.ms]:   0:00:00.004
        25-Solving sector:       58, nup:  6, ndw:  3, dims=    28    56                1568, Lanc Info:     1   512    10
Total time [h:m:s.ms]:   0:00:00.008
        26-Solving sector:       59, nup:  6, ndw:  4, dims=    28    70                1960, Lanc Info:     1   512    10
Total time [h:m:s.ms]:   0:00:00.009
        27-Solving sector:       60, nup:  6, ndw:  5, dims=    28    56                1568, Lanc Info:     1   512    10
Total time [h:m:s.ms]:   0:00:00.009
        28-Solving sector:       61, nup:  6, ndw:  6, dims=    28    28                 784, Lanc Info:     1   512    10
Total time [h:m:s.ms]:   0:00:00.004
        29-Solving sector:       64, nup:  7, ndw:  0, dims=     8     1                   8
Total time [h:m:s.ms]:   0:00:00.000
        30-Solving sector:       65, nup:  7, ndw:  1, dims=     8     8                  64
Total time [h:m:s.ms]:   0:00:00.001
        31-Solving sector:       66, nup:  7, ndw:  2, dims=     8    28                 224
Total time [h:m:s.ms]:   0:00:00.020
        32-Solving sector:       67, nup:  7, ndw:  3, dims=     8    56                 448, Lanc Info:     1   448    10
Total time [h:m:s.ms]:   0:00:00.002
        33-Solving sector:       68, nup:  7, ndw:  4, dims=     8    70                 560, Lanc Info:     1   512    10
Total time [h:m:s.ms]:   0:00:00.003
        34-Solving sector:       69, nup:  7, ndw:  5, dims=     8    56                 448, Lanc Info:     1   448    10
Total time [h:m:s.ms]:   0:00:00.002
        35-Solving sector:       70, nup:  7, ndw:  6, dims=     8    28                 224
Total time [h:m:s.ms]:   0:00:00.020
        36-Solving sector:       71, nup:  7, ndw:  7, dims=     8     8                  64
Total time [h:m:s.ms]:   0:00:00.001
        37-Solving sector:       73, nup:  8, ndw:  0, dims=     1     1                   1
Total time [h:m:s.ms]:   0:00:00.000
        38-Solving sector:       74, nup:  8, ndw:  1, dims=     1     8                   8
Total time [h:m:s.ms]:   0:00:00.000
        39-Solving sector:       75, nup:  8, ndw:  2, dims=     1    28                  28
Total time [h:m:s.ms]:   0:00:00.000
        40-Solving sector:       76, nup:  8, ndw:  3, dims=     1    56                  56
Total time [h:m:s.ms]:   0:00:00.001
        41-Solving sector:       77, nup:  8, ndw:  4, dims=     1    70                  70
Total time [h:m:s.ms]:   0:00:00.001
        42-Solving sector:       78, nup:  8, ndw:  5, dims=     1    56                  56
Total time [h:m:s.ms]:   0:00:00.001
        43-Solving sector:       79, nup:  8, ndw:  6, dims=     1    28                  28
Total time [h:m:s.ms]:   0:00:00.000
        44-Solving sector:       80, nup:  8, ndw:  7, dims=     1     8                   8
Total time [h:m:s.ms]:   0:00:00.000
        45-Solving sector:       81, nup:  8, ndw:  8, dims=     1     1                   1
Total time [h:m:s.ms]:   0:00:00.000
Total time [h:m:s.ms]:   0:00:00.305
#     i               E_i       exp(-(E-E0)/T)       Sect       Dim    Indices:
     1  -10.506596087573   1.000000000000E+00         49      3136   5   3
     2  -10.506596087573   1.000000000000E+00         33      3136   3   5
Egs =    -10.506596087573   5   3
Egs =    -10.506596087573   3   5
Z   =      2.000000000000
Get impurity Greens functions:
Get G_l1_s1
 add particle:    58
 del particle:    40
 add particle:    42
 del particle:    24
Total time [h:m:s.ms]:   0:00:00.096
Get G_l2_s1
 add particle:    58
 del particle:    40
 add particle:    42
 del particle:    24
Total time [h:m:s.ms]:   0:00:00.095
dens=    0.999947398713    1.000227930233    2.000175328946
docc=    0.007993023013    0.008170580485
<Hint>  =   -2.535634365982
<V>     =    0.864856555067
<E0>    =   -0.000280531520
<Ehf>   =   -3.400490921048
Dust    =    0.016342206720
Dund    =    0.983731866400
Get local Matsubara Green's function (no print)
 
  +ETA --> fort.6
  10% |ETA: 0:00:01.563 @21 May 2019  10:19:22
  20% |ETA: 0:00:01.506
  30% |ETA: 0:00:00.986
  40% |ETA: 0:00:00.926
  50% |ETA: 0:00:00.762 @21 May 2019  10:19:23
  60% |ETA: 0:00:00.615
  70% |ETA: 0:00:00.909
  80% |ETA: 0:00:00.613
  90% |ETA: 0:00:00.623
 100% |ETA: 0:00:00.000
Total time [h:m:s.ms]:   0:00:01.545
Gloc matsubara: write spin-orbital diagonal elements.
\Chi2 fit with CG-nr and CG-weight: 1 on: weiss
chi^2|iter=    1.536335550E-08 |    36  <--  Orb1 Spin1
chi^2|iter=    3.777660530E-08 |    21  <--  Orb2 Spin1
            #Ek_l1_s1              Vk_l1_s1             #Ek_l2_s1              Vk_l2_s1
      -1.016567672683        0.306494684204       -2.638438792703        0.327343726981
      -0.357026646833       -0.156288227485        0.327437163281       -0.138333697831
       2.763510480960        0.338257903171        0.944519030922       -0.309597705215
[1;91merror=[0m  2.0840002E-05
=====================================
Total time [h:m:s.ms]:   0:00:02.241



-----DMFT-loop    5 (max:  100)-----
Updated impHloc:
  1.000    0.000
  0.000   -1.000
 
            #Ek_l1_s1              Vk_l1_s1             #Ek_l2_s1              Vk_l2_s1
      -0.973446094086        0.310809743648       -2.636412418364        0.327772878466
      -0.312612983738       -0.142704228894        0.308045516550       -0.139077846208
       2.767992287866        0.337799677688        0.952146791202       -0.309903605691
Diagonalize impurity H:
         1-Solving sector:        1, nup:  0, ndw:  0, dims=     1     1                   1
Total time [h:m:s.ms]:   0:00:00.000
         2-Solving sector:       10, nup:  1, ndw:  0, dims=     8     1                   8
Total time [h:m:s.ms]:   0:00:00.000
         3-Solving sector:       11, nup:  1, ndw:  1, dims=     8     8                  64
Total time [h:m:s.ms]:   0:00:00.001
         4-Solving sector:       19, nup:  2, ndw:  0, dims=    28     1                  28
Total time [h:m:s.ms]:   0:00:00.000
         5-Solving sector:       20, nup:  2, ndw:  1, dims=    28     8                 224
Total time [h:m:s.ms]:   0:00:00.019
         6-Solving sector:       21, nup:  2, ndw:  2, dims=    28    28                 784, Lanc Info:     1   512    10
Total time [h:m:s.ms]:   0:00:00.003
         7-Solving sector:       28, nup:  3, ndw:  0, dims=    56     1                  56
Total time [h:m:s.ms]:   0:00:00.001
         8-Solving sector:       29, nup:  3, ndw:  1, dims=    56     8                 448, Lanc Info:     1   448    10
Total time [h:m:s.ms]:   0:00:00.002
         9-Solving sector:       30, nup:  3, ndw:  2, dims=    56    28                1568, Lanc Info:     1   512    10
Total time [h:m:s.ms]:   0:00:00.008
        10-Solving sector:       31, nup:  3, ndw:  3, dims=    56    56                3136, Lanc Info:     1   512    10
Total time [h:m:s.ms]:   0:00:00.019
        11-Solving sector:       37, nup:  4, ndw:  0, dims=    70     1                  70
Total time [h:m:s.ms]:   0:00:00.002
        12-Solving sector:       38, nup:  4, ndw:  1, dims=    70     8                 560, Lanc Info:     1   512    10
Total time [h:m:s.ms]:   0:00:00.003
        13-Solving sector:       39, nup:  4, ndw:  2, dims=    70    28                1960, Lanc Info:     1   512    10
Total time [h:m:s.ms]:   0:00:00.010
        14-Solving sector:       40, nup:  4, ndw:  3, dims=    70    56                3920, Lanc Info:     1   512    10
Total time [h:m:s.ms]:   0:00:00.022
        15-Solving sector:       41, nup:  4, ndw:  4, dims=    70    70                4900, Lanc Info:     1   512    10
Total time [h:m:s.ms]:   0:00:00.029
        16-Solving sector:       46, nup:  5, ndw:  0, dims=    56     1                  56
Total time [h:m:s.ms]:   0:00:00.001
        17-Solving sector:       47, nup:  5, ndw:  1, dims=    56     8                 448, Lanc Info:     1   448    10
Total time [h:m:s.ms]:   0:00:00.002
        18-Solving sector:       48, nup:  5, ndw:  2, dims=    56    28                1568, Lanc Info:     1   512    10
Total time [h:m:s.ms]:   0:00:00.007
        19-Solving sector:       49, nup:  5, ndw:  3, dims=    56    56                3136, Lanc Info:     1   512    10
Total time [h:m:s.ms]:   0:00:00.016
        20-Solving sector:       50, nup:  5, ndw:  4, dims=    56    70                3920, Lanc Info:     1   512    10
Total time [h:m:s.ms]:   0:00:00.024
        21-Solving sector:       51, nup:  5, ndw:  5, dims=    56    56                3136, Lanc Info:     1   512    10
Total time [h:m:s.ms]:   0:00:00.020
        22-Solving sector:       55, nup:  6, ndw:  0, dims=    28     1                  28
Total time [h:m:s.ms]:   0:00:00.001
        23-Solving sector:       56, nup:  6, ndw:  1, dims=    28     8                 224
Total time [h:m:s.ms]:   0:00:00.020
        24-Solving sector:       57, nup:  6, ndw:  2, dims=    28    28                 784, Lanc Info:     1   512    10
Total time [h:m:s.ms]:   0:00:00.003
        25-Solving sector:       58, nup:  6, ndw:  3, dims=    28    56                1568, Lanc Info:     1   512    10
Total time [h:m:s.ms]:   0:00:00.007
        26-Solving sector:       59, nup:  6, ndw:  4, dims=    28    70                1960, Lanc Info:     1   512    10
Total time [h:m:s.ms]:   0:00:00.010
        27-Solving sector:       60, nup:  6, ndw:  5, dims=    28    56                1568, Lanc Info:     1   512    10
Total time [h:m:s.ms]:   0:00:00.008
        28-Solving sector:       61, nup:  6, ndw:  6, dims=    28    28                 784, Lanc Info:     1   512    10
Total time [h:m:s.ms]:   0:00:00.004
        29-Solving sector:       64, nup:  7, ndw:  0, dims=     8     1                   8
Total time [h:m:s.ms]:   0:00:00.000
        30-Solving sector:       65, nup:  7, ndw:  1, dims=     8     8                  64
Total time [h:m:s.ms]:   0:00:00.000
        31-Solving sector:       66, nup:  7, ndw:  2, dims=     8    28                 224
Total time [h:m:s.ms]:   0:00:00.020
        32-Solving sector:       67, nup:  7, ndw:  3, dims=     8    56                 448, Lanc Info:     1   448    10
Total time [h:m:s.ms]:   0:00:00.003
        33-Solving sector:       68, nup:  7, ndw:  4, dims=     8    70                 560, Lanc Info:     1   512    10
Total time [h:m:s.ms]:   0:00:00.003
        34-Solving sector:       69, nup:  7, ndw:  5, dims=     8    56                 448, Lanc Info:     1   448    10
Total time [h:m:s.ms]:   0:00:00.002
        35-Solving sector:       70, nup:  7, ndw:  6, dims=     8    28                 224
Total time [h:m:s.ms]:   0:00:00.020
        36-Solving sector:       71, nup:  7, ndw:  7, dims=     8     8                  64
Total time [h:m:s.ms]:   0:00:00.000
        37-Solving sector:       73, nup:  8, ndw:  0, dims=     1     1                   1
Total time [h:m:s.ms]:   0:00:00.000
        38-Solving sector:       74, nup:  8, ndw:  1, dims=     1     8                   8
Total time [h:m:s.ms]:   0:00:00.000
        39-Solving sector:       75, nup:  8, ndw:  2, dims=     1    28                  28
Total time [h:m:s.ms]:   0:00:00.000
        40-Solving sector:       76, nup:  8, ndw:  3, dims=     1    56                  56
Total time [h:m:s.ms]:   0:00:00.001
        41-Solving sector:       77, nup:  8, ndw:  4, dims=     1    70                  70
Total time [h:m:s.ms]:   0:00:00.001
        42-Solving sector:       78, nup:  8, ndw:  5, dims=     1    56                  56
Total time [h:m:s.ms]:   0:00:00.001
        43-Solving sector:       79, nup:  8, ndw:  6, dims=     1    28                  28
Total time [h:m:s.ms]:   0:00:00.001
        44-Solving sector:       80, nup:  8, ndw:  7, dims=     1     8                   8
Total time [h:m:s.ms]:   0:00:00.000
        45-Solving sector:       81, nup:  8, ndw:  8, dims=     1     1                   1
Total time [h:m:s.ms]:   0:00:00.000
Total time [h:m:s.ms]:   0:00:00.304
#     i               E_i       exp(-(E-E0)/T)       Sect       Dim    Indices:
     1  -10.566321506608   1.000000000000E+00         49      3136   5   3
     2  -10.566321506608   1.000000000000E+00         33      3136   3   5
Egs =    -10.566321506608   5   3
Egs =    -10.566321506608   3   5
Z   =      2.000000000000
Get impurity Greens functions:
Get G_l1_s1
 add particle:    58
 del particle:    40
 add particle:    42
 del particle:    24
Total time [h:m:s.ms]:   0:00:00.095
Get G_l2_s1
 add particle:    58
 del particle:    40
 add particle:    42
 del particle:    24
Total time [h:m:s.ms]:   0:00:00.095
dens=    0.999931771620    1.000227482054    2.000159253674
docc=    0.007991058565    0.008160515593
<Hint>  =   -2.535650483051
<V>     =    0.864795427237
<E0>    =   -0.000295710434
<Ehf>   =   -3.400445910288
Dust    =    0.016329898651
Dund    =    0.983728190113
Get local Matsubara Green's function (no print)
 
  +ETA --> fort.6
  10% |ETA: 0:00:01.651 @21 May 2019  10:19:24
  20% |ETA: 0:00:01.700
  30% |ETA: 0:00:01.635
  40% |ETA: 0:00:01.519
  50% |ETA: 0:00:00.879 @21 May 2019  10:19:25
  60% |ETA: 0:00:00.707
  70% |ETA: 0:00:00.524
  80% |ETA: 0:00:00.692
  90% |ETA: 0:00:00.697
 100% |ETA: 0:00:00.000
Total time [h:m:s.ms]:   0:00:01.723
Gloc matsubara: write spin-orbital diagonal elements.
\Chi2 fit with CG-nr and CG-weight: 1 on: weiss
chi^2|iter=    2.355396396E-08 |    21  <--  Orb1 Spin1
chi^2|iter=    2.243956218E-08 |    36  <--  Orb2 Spin1
            #Ek_l1_s1              Vk_l1_s1             #Ek_l2_s1              Vk_l2_s1
      -0.965587481404        0.310014009085       -2.694776618207        0.334275859347
      -0.335780688238       -0.143088001600        0.370313218763       -0.163312616375
       2.768645053136        0.337062332898        1.045223294162       -0.303690380207
[1;91merror=[0m  1.6653687E-05
=====================================
Total time [h:m:s.ms]:   0:00:02.420



-----DMFT-loop    6 (max:  100)-----
Updated impHloc:
  1.000    0.000
  0.000   -1.000
 
            #Ek_l1_s1              Vk_l1_s1             #Ek_l2_s1              Vk_l2_s1
      -0.971481440916        0.310610810007       -2.651003468325        0.329398623687
      -0.318404909863       -0.142800172070        0.323612442103       -0.145136538750
       2.768155479183        0.337615341491        0.975415916942       -0.308350299320
Diagonalize impurity H:
         1-Solving sector:        1, nup:  0, ndw:  0, dims=     1     1                   1
Total time [h:m:s.ms]:   0:00:00.000
         2-Solving sector:       10, nup:  1, ndw:  0, dims=     8     1                   8
Total time [h:m:s.ms]:   0:00:00.000
         3-Solving sector:       11, nup:  1, ndw:  1, dims=     8     8                  64
Total time [h:m:s.ms]:   0:00:00.001
         4-Solving sector:       19, nup:  2, ndw:  0, dims=    28     1                  28
Total time [h:m:s.ms]:   0:00:00.000
         5-Solving sector:       20, nup:  2, ndw:  1, dims=    28     8                 224
Total time [h:m:s.ms]:   0:00:00.021
         6-Solving sector:       21, nup:  2, ndw:  2, dims=    28    28                 784, Lanc Info:     1   512    10
Total time [h:m:s.ms]:   0:00:00.004
         7-Solving sector:       28, nup:  3, ndw:  0, dims=    56     1                  56
Total time [h:m:s.ms]:   0:00:00.001
         8-Solving sector:       29, nup:  3, ndw:  1, dims=    56     8                 448, Lanc Info:     1   448    10
Total time [h:m:s.ms]:   0:00:00.002
         9-Solving sector:       30, nup:  3, ndw:  2, dims=    56    28                1568, Lanc Info:     1   512    10
Total time [h:m:s.ms]:   0:00:00.008
        10-Solving sector:       31, nup:  3, ndw:  3, dims=    56    56                3136, Lanc Info:     1   512    10
Total time [h:m:s.ms]:   0:00:00.019
        11-Solving sector:       37, nup:  4, ndw:  0, dims=    70     1                  70
Total time [h:m:s.ms]:   0:00:00.001
        12-Solving sector:       38, nup:  4, ndw:  1, dims=    70     8                 560, Lanc Info:     1   512    10
Total time [h:m:s.ms]:   0:00:00.003
        13-Solving sector:       39, nup:  4, ndw:  2, dims=    70    28                1960, Lanc Info:     1   512    10
Total time [h:m:s.ms]:   0:00:00.012
        14-Solving sector:       40, nup:  4, ndw:  3, dims=    70    56                3920, Lanc Info:     1   512    10
Total time [h:m:s.ms]:   0:00:00.034
        15-Solving sector:       41, nup:  4, ndw:  4, dims=    70    70                4900, Lanc Info:     1   512    10
Total time [h:m:s.ms]:   0:00:00.043
        16-Solving sector:       46, nup:  5, ndw:  0, dims=    56     1                  56
Total time [h:m:s.ms]:   0:00:00.000
        17-Solving sector:       47, nup:  5, ndw:  1, dims=    56     8                 448, Lanc Info:     1   448    10
Total time [h:m:s.ms]:   0:00:00.002
        18-Solving sector:       48, nup:  5, ndw:  2, dims=    56    28                1568, Lanc Info:     1   512    10
Total time [h:m:s.ms]:   0:00:00.009
        19-Solving sector:       49, nup:  5, ndw:  3, dims=    56    56                3136, Lanc Info:     1   512    10
Total time [h:m:s.ms]:   0:00:00.023
        20-Solving sector:       50, nup:  5, ndw:  4, dims=    56    70                3920, Lanc Info:     1   512    10
Total time [h:m:s.ms]:   0:00:00.034
        21-Solving sector:       51, nup:  5, ndw:  5, dims=    56    56                3136, Lanc Info:     1   512    10
Total time [h:m:s.ms]:   0:00:00.035
        22-Solving sector:       55, nup:  6, ndw:  0, dims=    28     1                  28
Total time [h:m:s.ms]:   0:00:00.000
        23-Solving sector:       56, nup:  6, ndw:  1, dims=    28     8                 224
Total time [h:m:s.ms]:   0:00:00.024
        24-Solving sector:       57, nup:  6, ndw:  2, dims=    28    28                 784, Lanc Info:     1   512    10
Total time [h:m:s.ms]:   0:00:00.003
        25-Solving sector:       58, nup:  6, ndw:  3, dims=    28    56                1568, Lanc Info:     1   512    10
Total time [h:m:s.ms]:   0:00:00.008
        26-Solving sector:       59, nup:  6, ndw:  4, dims=    28    70                1960, Lanc Info:     1   512    10
Total time [h:m:s.ms]:   0:00:00.012
        27-Solving sector:       60, nup:  6, ndw:  5, dims=    28    56                1568, Lanc Info:     1   512    10
Total time [h:m:s.ms]:   0:00:00.015
        28-Solving sector:       61, nup:  6, ndw:  6, dims=    28    28                 784, Lanc Info:     1   512    10
Total time [h:m:s.ms]:   0:00:00.008
        29-Solving sector:       64, nup:  7, ndw:  0, dims=     8     1                   8
Total time [h:m:s.ms]:   0:00:00.000
        30-Solving sector:       65, nup:  7, ndw:  1, dims=     8     8                  64
Total time [h:m:s.ms]:   0:00:00.002
        31-Solving sector:       66, nup:  7, ndw:  2, dims=     8    28                 224
Total time [h:m:s.ms]:   0:00:00.036
        32-Solving sector:       67, nup:  7, ndw:  3, dims=     8    56                 448, Lanc Info:     1   448    10
Total time [h:m:s.ms]:   0:00:00.004
        33-Solving sector:       68, nup:  7, ndw:  4, dims=     8    70                 560, Lanc Info:     1   512    10
Total time [h:m:s.ms]:   0:00:00.005
        34-Solving sector:       69, nup:  7, ndw:  5, dims=     8    56                 448, Lanc Info:     1   448    10
Total time [h:m:s.ms]:   0:00:00.004
        35-Solving sector:       70, nup:  7, ndw:  6, dims=     8    28                 224
Total time [h:m:s.ms]:   0:00:00.035
        36-Solving sector:       71, nup:  7, ndw:  7, dims=     8     8                  64
Total time [h:m:s.ms]:   0:00:00.001
        37-Solving sector:       73, nup:  8, ndw:  0, dims=     1     1                   1
Total time [h:m:s.ms]:   0:00:00.000
        38-Solving sector:       74, nup:  8, ndw:  1, dims=     1     8                   8
Total time [h:m:s.ms]:   0:00:00.000
        39-Solving sector:       75, nup:  8, ndw:  2, dims=     1    28                  28
Total time [h:m:s.ms]:   0:00:00.000
        40-Solving sector:       76, nup:  8, ndw:  3, dims=     1    56                  56
Total time [h:m:s.ms]:   0:00:00.001
        41-Solving sector:       77, nup:  8, ndw:  4, dims=     1    70                  70
Total time [h:m:s.ms]:   0:00:00.002
        42-Solving sector:       78, nup:  8, ndw:  5, dims=     1    56                  56
Total time [h:m:s.ms]:   0:00:00.001
        43-Solving sector:       79, nup:  8, ndw:  6, dims=     1    28                  28
Total time [h:m:s.ms]:   0:00:00.001
        44-Solving sector:       80, nup:  8, ndw:  7, dims=     1     8                   8
Total time [h:m:s.ms]:   0:00:00.000
        45-Solving sector:       81, nup:  8, ndw:  8, dims=     1     1                   1
Total time [h:m:s.ms]:   0:00:00.000
Total time [h:m:s.ms]:   0:00:00.432
#     i               E_i       exp(-(E-E0)/T)       Sect       Dim    Indices:
     1  -10.603381196580   1.000000000000E+00         49      3136   5   3
     2  -10.603381196580   1.000000000000E+00         33      3136   3   5
Egs =    -10.603381196580   5   3
Egs =    -10.603381196580   3   5
Z   =      2.000000000000
Get impurity Greens functions:
Get G_l1_s1
 add particle:    58
 del particle:    40
 add particle:    42
 del particle:    24
Total time [h:m:s.ms]:   0:00:00.141
Get G_l2_s1
 add particle:    58
 del particle:    40
 add particle:    42
 del particle:    24
Total time [h:m:s.ms]:   0:00:00.141
dens=    0.999935178841    1.000234397921    2.000169576762
docc=    0.007985108012    0.008173790458
<Hint>  =   -2.535642239629
<V>     =    0.864832575304
<E0>    =   -0.000299219079
<Ehf>   =   -3.400474814933
Dust    =    0.016336526527
Dund    =    0.983732072198
Get local Matsubara Green's function (no print)
 
  +ETA --> fort.6
  10% |ETA: 0:00:01.616 @21 May 2019  10:19:27
  20% |ETA: 0:00:01.526
  30% |ETA: 0:00:00.914
  40% |ETA: 0:00:00.794
  50% |ETA: 0:00:00.677 @21 May 2019  10:19:27
  60% |ETA: 0:00:00.540
  70% |ETA: 0:00:00.801
  80% |ETA: 0:00:00.529
  90% |ETA: 0:00:00.535
 100% |ETA: 0:00:00.000
Total time [h:m:s.ms]:   0:00:01.350
Gloc matsubara: write spin-orbital diagonal elements.
\Chi2 fit with CG-nr and CG-weight: 1 on: weiss
chi^2|iter=    2.385735618E-08 |    19  <--  Orb1 Spin1
chi^2|iter=    2.969399332E-08 |    19  <--  Orb2 Spin1
            #Ek_l1_s1              Vk_l1_s1             #Ek_l2_s1              Vk_l2_s1
      -0.965554734054        0.309655464857       -2.653610642772        0.329097381007
      -0.338101132589       -0.143649264833        0.343775793882       -0.145788846917
       2.768655892709        0.337014664839        0.967408011418       -0.307527644078
[1;91merror=[0m  1.2078849E-05
=====================================
Total time [h:m:s.ms]:   0:00:02.274



-----DMFT-loop    7 (max:  100)-----
Updated impHloc:
  1.000    0.000
  0.000   -1.000
 
            #Ek_l1_s1              Vk_l1_s1             #Ek_l2_s1              Vk_l2_s1
      -0.969999764200        0.310371973720       -2.651655261937        0.329323313017
      -0.323328965544       -0.143012445261        0.328653280048       -0.145299615791
       2.768280582565        0.337465172328        0.973413940561       -0.308144635510
Diagonalize impurity H:
         1-Solving sector:        1, nup:  0, ndw:  0, dims=     1     1                   1
Total time [h:m:s.ms]:   0:00:00.001
         2-Solving sector:       10, nup:  1, ndw:  0, dims=     8     1                   8
Total time [h:m:s.ms]:   0:00:00.000
         3-Solving sector:       11, nup:  1, ndw:  1, dims=     8     8                  64
Total time [h:m:s.ms]:   0:00:00.001
         4-Solving sector:       19, nup:  2, ndw:  0, dims=    28     1                  28
Total time [h:m:s.ms]:   0:00:00.000
         5-Solving sector:       20, nup:  2, ndw:  1, dims=    28     8                 224
Total time [h:m:s.ms]:   0:00:00.020
         6-Solving sector:       21, nup:  2, ndw:  2, dims=    28    28                 784, Lanc Info:     1   512    10
Total time [h:m:s.ms]:   0:00:00.004
         7-Solving sector:       28, nup:  3, ndw:  0, dims=    56     1                  56
Total time [h:m:s.ms]:   0:00:00.001
         8-Solving sector:       29, nup:  3, ndw:  1, dims=    56     8                 448, Lanc Info:     1   448    10
Total time [h:m:s.ms]:   0:00:00.002
         9-Solving sector:       30, nup:  3, ndw:  2, dims=    56    28                1568, Lanc Info:     1   512    10
Total time [h:m:s.ms]:   0:00:00.008
        10-Solving sector:       31, nup:  3, ndw:  3, dims=    56    56                3136, Lanc Info:     1   512    10
Total time [h:m:s.ms]:   0:00:00.020
        11-Solving sector:       37, nup:  4, ndw:  0, dims=    70     1                  70
Total time [h:m:s.ms]:   0:00:00.001
        12-Solving sector:       38, nup:  4, ndw:  1, dims=    70     8                 560, Lanc Info:     1   512    10
Total time [h:m:s.ms]:   0:00:00.003
        13-Solving sector:       39, nup:  4, ndw:  2, dims=    70    28                1960, Lanc Info:     1   512    10
Total time [h:m:s.ms]:   0:00:00.009
        14-Solving sector:       40, nup:  4, ndw:  3, dims=    70    56                3920, Lanc Info:     1   512    10
Total time [h:m:s.ms]:   0:00:00.023
        15-Solving sector:       41, nup:  4, ndw:  4, dims=    70    70                4900, Lanc Info:     1   512    10
Total time [h:m:s.ms]:   0:00:00.029
        16-Solving sector:       46, nup:  5, ndw:  0, dims=    56     1                  56
Total time [h:m:s.ms]:   0:00:00.001
        17-Solving sector:       47, nup:  5, ndw:  1, dims=    56     8                 448, Lanc Info:     1   448    10
Total time [h:m:s.ms]:   0:00:00.002
        18-Solving sector:       48, nup:  5, ndw:  2, dims=    56    28                1568, Lanc Info:     1   512    10
Total time [h:m:s.ms]:   0:00:00.006
        19-Solving sector:       49, nup:  5, ndw:  3, dims=    56    56                3136, Lanc Info:     1   512    10
Total time [h:m:s.ms]:   0:00:00.014
        20-Solving sector:       50, nup:  5, ndw:  4, dims=    56    70                3920, Lanc Info:     1   512    10
Total time [h:m:s.ms]:   0:00:00.027
        21-Solving sector:       51, nup:  5, ndw:  5, dims=    56    56                3136, Lanc Info:     1   512    10
Total time [h:m:s.ms]:   0:00:00.021
        22-Solving sector:       55, nup:  6, ndw:  0, dims=    28     1                  28
Total time [h:m:s.ms]:   0:00:00.000
        23-Solving sector:       56, nup:  6, ndw:  1, dims=    28     8                 224
Total time [h:m:s.ms]:   0:00:00.021
        24-Solving sector:       57, nup:  6, ndw:  2, dims=    28    28                 784, Lanc Info:     1   512    10
Total time [h:m:s.ms]:   0:00:00.003
        25-Solving sector:       58, nup:  6, ndw:  3, dims=    28    56                1568, Lanc Info:     1   512    10
Total time [h:m:s.ms]:   0:00:00.007
        26-Solving sector:       59, nup:  6, ndw:  4, dims=    28    70                1960, Lanc Info:     1   512    10
Total time [h:m:s.ms]:   0:00:00.010
        27-Solving sector:       60, nup:  6, ndw:  5, dims=    28    56                1568, Lanc Info:     1   512    10
Total time [h:m:s.ms]:   0:00:00.009
        28-Solving sector:       61, nup:  6, ndw:  6, dims=    28    28                 784, Lanc Info:     1   512    10
Total time [h:m:s.ms]:   0:00:00.004
        29-Solving sector:       64, nup:  7, ndw:  0, dims=     8     1                   8
Total time [h:m:s.ms]:   0:00:00.000
        30-Solving sector:       65, nup:  7, ndw:  1, dims=     8     8                  64
Total time [h:m:s.ms]:   0:00:00.001
        31-Solving sector:       66, nup:  7, ndw:  2, dims=     8    28                 224
Total time [h:m:s.ms]:   0:00:00.021
        32-Solving sector:       67, nup:  7, ndw:  3, dims=     8    56                 448, Lanc Info:     1   448    10
Total time [h:m:s.ms]:   0:00:00.002
        33-Solving sector:       68, nup:  7, ndw:  4, dims=     8    70                 560, Lanc Info:     1   512    10
Total time [h:m:s.ms]:   0:00:00.003
        34-Solving sector:       69, nup:  7, ndw:  5, dims=     8    56                 448, Lanc Info:     1   448    10
Total time [h:m:s.ms]:   0:00:00.003
        35-Solving sector:       70, nup:  7, ndw:  6, dims=     8    28                 224
Total time [h:m:s.ms]:   0:00:00.021
        36-Solving sector:       71, nup:  7, ndw:  7, dims=     8     8                  64
Total time [h:m:s.ms]:   0:00:00.001
        37-Solving sector:       73, nup:  8, ndw:  0, dims=     1     1                   1
Total time [h:m:s.ms]:   0:00:00.000
        38-Solving sector:       74, nup:  8, ndw:  1, dims=     1     8                   8
Total time [h:m:s.ms]:   0:00:00.000
        39-Solving sector:       75, nup:  8, ndw:  2, dims=     1    28                  28
Total time [h:m:s.ms]:   0:00:00.001
        40-Solving sector:       76, nup:  8, ndw:  3, dims=     1    56                  56
Total time [h:m:s.ms]:   0:00:00.001
        41-Solving sector:       77, nup:  8, ndw:  4, dims=     1    70                  70
Total time [h:m:s.ms]:   0:00:00.001
        42-Solving sector:       78, nup:  8, ndw:  5, dims=     1    56                  56
Total time [h:m:s.ms]:   0:00:00.001
        43-Solving sector:       79, nup:  8, ndw:  6, dims=     1    28                  28
Total time [h:m:s.ms]:   0:00:00.000
        44-Solving sector:       80, nup:  8, ndw:  7, dims=     1     8                   8
Total time [h:m:s.ms]:   0:00:00.000
        45-Solving sector:       81, nup:  8, ndw:  8, dims=     1     1                   1
Total time [h:m:s.ms]:   0:00:00.000
Total time [h:m:s.ms]:   0:00:00.315
#     i               E_i       exp(-(E-E0)/T)       Sect       Dim    Indices:
     1  -10.611486892396   1.000000000000E+00         49      3136   5   3
     2  -10.611486892396   1.000000000000E+00         33      3136   3   5
Egs =    -10.611486892396   5   3
Egs =    -10.611486892396   3   5
Z   =      2.000000000000
Get impurity Greens functions:
Get G_l1_s1
 add particle:    58
 del particle:    40
 add particle:    42
 del particle:    24
Total time [h:m:s.ms]:   0:00:00.112
Get G_l2_s1
 add particle:    58
 del particle:    40
 add particle:    42
 del particle:    24
Total time [h:m:s.ms]:   0:00:00.142
dens=    0.999937903392    1.000231235158    2.000169138550
docc=    0.007980156286    0.008167058922
<Hint>  =   -2.535688208503
<V>     =    0.864785379438
<E0>    =   -0.000293331765
<Ehf>   =   -3.400473587941
Dust    =    0.016324549396
Dund    =    0.983743764673
Get local Matsubara Green's function (no print)
 
  +ETA --> fort.6
  10% |ETA: 0:00:01.761 @21 May 2019  10:19:29
  20% |ETA: 0:00:01.686
  30% |ETA: 0:00:01.585
  40% |ETA: 0:00:01.519
  50% |ETA: 0:00:00.832 @21 May 2019  10:19:30
  60% |ETA: 0:00:00.662
  70% |ETA: 0:00:00.959
  80% |ETA: 0:00:00.621
  90% |ETA: 0:00:00.608
 100% |ETA: 0:00:00.000
Total time [h:m:s.ms]:   0:00:01.502
Gloc matsubara: write spin-orbital diagonal elements.
\Chi2 fit with CG-nr and CG-weight: 1 on: weiss
chi^2|iter=    2.414902076E-08 |    15  <--  Orb1 Spin1
chi^2|iter=    2.982317601E-08 |    17  <--  Orb2 Spin1
            #Ek_l1_s1              Vk_l1_s1             #Ek_l2_s1              Vk_l2_s1
      -0.965441184807        0.309589228636       -2.654143945493        0.329136484485
      -0.339881285550       -0.143909237752        0.345501958501       -0.146142469025
       2.768653699338        0.337155667134        0.967222202908       -0.307310595293
[1;93merror=[0m  9.2690723E-06
=====================================
Total time [h:m:s.ms]:   0:00:02.263



-----DMFT-loop    8 (max:  100)-----
Updated impHloc:
  1.000    0.000
  0.000   -1.000
 
            #Ek_l1_s1              Vk_l1_s1             #Ek_l2_s1              Vk_l2_s1
      -0.968860119352        0.310176287449       -2.652277432826        0.329276605884
      -0.327467045546       -0.143236643384        0.332865449661       -0.145510329100
       2.768373861758        0.337387796029        0.971866006148       -0.307936125455
Diagonalize impurity H:
         1-Solving sector:        1, nup:  0, ndw:  0, dims=     1     1                   1
Total time [h:m:s.ms]:   0:00:00.000
         2-Solving sector:       10, nup:  1, ndw:  0, dims=     8     1                   8
Total time [h:m:s.ms]:   0:00:00.000
         3-Solving sector:       11, nup:  1, ndw:  1, dims=     8     8                  64
Total time [h:m:s.ms]:   0:00:00.001
         4-Solving sector:       19, nup:  2, ndw:  0, dims=    28     1                  28
Total time [h:m:s.ms]:   0:00:00.000
         5-Solving sector:       20, nup:  2, ndw:  1, dims=    28     8                 224
Total time [h:m:s.ms]:   0:00:00.020
         6-Solving sector:       21, nup:  2, ndw:  2, dims=    28    28                 784, Lanc Info:     1   512    10
Total time [h:m:s.ms]:   0:00:00.006
         7-Solving sector:       28, nup:  3, ndw:  0, dims=    56     1                  56
Total time [h:m:s.ms]:   0:00:00.001
         8-Solving sector:       29, nup:  3, ndw:  1, dims=    56     8                 448, Lanc Info:     1   448    10
Total time [h:m:s.ms]:   0:00:00.003
         9-Solving sector:       30, nup:  3, ndw:  2, dims=    56    28                1568, Lanc Info:     1   512    10
Total time [h:m:s.ms]:   0:00:00.014
        10-Solving sector:       31, nup:  3, ndw:  3, dims=    56    56                3136, Lanc Info:     1   512    10
Total time [h:m:s.ms]:   0:00:00.028
        11-Solving sector:       37, nup:  4, ndw:  0, dims=    70     1                  70
Total time [h:m:s.ms]:   0:00:00.002
        12-Solving sector:       38, nup:  4, ndw:  1, dims=    70     8                 560, Lanc Info:     1   512    10
Total time [h:m:s.ms]:   0:00:00.004
        13-Solving sector:       39, nup:  4, ndw:  2, dims=    70    28                1960, Lanc Info:     1   512    10
Total time [h:m:s.ms]:   0:00:00.014
        14-Solving sector:       40, nup:  4, ndw:  3, dims=    70    56                3920, Lanc Info:     1   512    10
Total time [h:m:s.ms]:   0:00:00.032
        15-Solving sector:       41, nup:  4, ndw:  4, dims=    70    70                4900, Lanc Info:     1   512    10
Total time [h:m:s.ms]:   0:00:00.039
        16-Solving sector:       46, nup:  5, ndw:  0, dims=    56     1                  56
Total time [h:m:s.ms]:   0:00:00.001
        17-Solving sector:       47, nup:  5, ndw:  1, dims=    56     8                 448, Lanc Info:     1   448    10
Total time [h:m:s.ms]:   0:00:00.003
        18-Solving sector:       48, nup:  5, ndw:  2, dims=    56    28                1568, Lanc Info:     1   512    10
Total time [h:m:s.ms]:   0:00:00.008
        19-Solving sector:       49, nup:  5, ndw:  3, dims=    56    56                3136, Lanc Info:     1   512    10
Total time [h:m:s.ms]:   0:00:00.017
        20-Solving sector:       50, nup:  5, ndw:  4, dims=    56    70                3920, Lanc Info:     1   512    10
Total time [h:m:s.ms]:   0:00:00.029
        21-Solving sector:       51, nup:  5, ndw:  5, dims=    56    56                3136, Lanc Info:     1   512    10
Total time [h:m:s.ms]:   0:00:00.023
        22-Solving sector:       55, nup:  6, ndw:  0, dims=    28     1                  28
Total time [h:m:s.ms]:   0:00:00.000
        23-Solving sector:       56, nup:  6, ndw:  1, dims=    28     8                 224
Total time [h:m:s.ms]:   0:00:00.022
        24-Solving sector:       57, nup:  6, ndw:  2, dims=    28    28                 784, Lanc Info:     1   512    10
Total time [h:m:s.ms]:   0:00:00.003
        25-Solving sector:       58, nup:  6, ndw:  3, dims=    28    56                1568, Lanc Info:     1   512    10
Total time [h:m:s.ms]:   0:00:00.009
        26-Solving sector:       59, nup:  6, ndw:  4, dims=    28    70                1960, Lanc Info:     1   512    10
Total time [h:m:s.ms]:   0:00:00.030
        27-Solving sector:       60, nup:  6, ndw:  5, dims=    28    56                1568, Lanc Info:     1   512    10
Total time [h:m:s.ms]:   0:00:00.023
        28-Solving sector:       61, nup:  6, ndw:  6, dims=    28    28                 784, Lanc Info:     1   512    10
Total time [h:m:s.ms]:   0:00:00.007
        29-Solving sector:       64, nup:  7, ndw:  0, dims=     8     1                   8
Total time [h:m:s.ms]:   0:00:00.000
        30-Solving sector:       65, nup:  7, ndw:  1, dims=     8     8                  64
Total time [h:m:s.ms]:   0:00:00.005
        31-Solving sector:       66, nup:  7, ndw:  2, dims=     8    28                 224
Total time [h:m:s.ms]:   0:00:00.047
        32-Solving sector:       67, nup:  7, ndw:  3, dims=     8    56                 448, Lanc Info:     1   448    10
Total time [h:m:s.ms]:   0:00:00.003
        33-Solving sector:       68, nup:  7, ndw:  4, dims=     8    70                 560, Lanc Info:     1   512    10
Total time [h:m:s.ms]:   0:00:00.003
        34-Solving sector:       69, nup:  7, ndw:  5, dims=     8    56                 448, Lanc Info:     1   448    10
Total time [h:m:s.ms]:   0:00:00.002
        35-Solving sector:       70, nup:  7, ndw:  6, dims=     8    28                 224
Total time [h:m:s.ms]:   0:00:00.021
        36-Solving sector:       71, nup:  7, ndw:  7, dims=     8     8                  64
Total time [h:m:s.ms]:   0:00:00.001
        37-Solving sector:       73, nup:  8, ndw:  0, dims=     1     1                   1
Total time [h:m:s.ms]:   0:00:00.000
        38-Solving sector:       74, nup:  8, ndw:  1, dims=     1     8                   8
Total time [h:m:s.ms]:   0:00:00.000
        39-Solving sector:       75, nup:  8, ndw:  2, dims=     1    28                  28
Total time [h:m:s.ms]:   0:00:00.000
        40-Solving sector:       76, nup:  8, ndw:  3, dims=     1    56                  56
Total time [h:m:s.ms]:   0:00:00.001
        41-Solving sector:       77, nup:  8, ndw:  4, dims=     1    70                  70
Total time [h:m:s.ms]:   0:00:00.001
        42-Solving sector:       78, nup:  8, ndw:  5, dims=     1    56                  56
Total time [h:m:s.ms]:   0:00:00.001
        43-Solving sector:       79, nup:  8, ndw:  6, dims=     1    28                  28
Total time [h:m:s.ms]:   0:00:00.000
        44-Solving sector:       80, nup:  8, ndw:  7, dims=     1     8                   8
Total time [h:m:s.ms]:   0:00:00.000
        45-Solving sector:       81, nup:  8, ndw:  8, dims=     1     1                   1
Total time [h:m:s.ms]:   0:00:00.000
Total time [h:m:s.ms]:   0:00:00.434
#     i               E_i       exp(-(E-E0)/T)       Sect       Dim    Indices:
     1  -10.618674356296   1.000000000000E+00         49      3136   5   3
     2  -10.618674356296   1.000000000000E+00         33      3136   3   5
Egs =    -10.618674356296   5   3
Egs =    -10.618674356296   3   5
Z   =      2.000000000000
Get impurity Greens functions:
Get G_l1_s1
 add particle:    58
 del particle:    40
 add particle:    42
 del particle:    24
Total time [h:m:s.ms]:   0:00:00.101
Get G_l2_s1
 add particle:    58
 del particle:    40
 add particle:    42
 del particle:    24
Total time [h:m:s.ms]:   0:00:00.137
dens=    0.999938927251    1.000228883345    2.000167810596
docc=    0.007977077551    0.008161892622
<Hint>  =   -2.535718612419
<V>     =    0.864751257251
<E0>    =   -0.000289956094
<Ehf>   =   -3.400469869670
Dust    =    0.016316101975
Dund    =    0.983750986920
Get local Matsubara Green's function (no print)
 
  +ETA --> fort.6
  10% |ETA: 0:00:01.897 @21 May 2019  10:19:31
  20% |ETA: 0:00:01.737
  30% |ETA: 0:00:01.621
  40% |ETA: 0:00:01.516
  50% |ETA: 0:00:00.837 @21 May 2019  10:19:32
  60% |ETA: 0:00:00.655
  70% |ETA: 0:00:00.985
  80% |ETA: 0:00:00.648
  90% |ETA: 0:00:00.649
 100% |ETA: 0:00:00.000
Total time [h:m:s.ms]:   0:00:01.614
Gloc matsubara: write spin-orbital diagonal elements.
\Chi2 fit with CG-nr and CG-weight: 1 on: weiss
chi^2|iter=    1.250190357E-08 |    32  <--  Orb1 Spin1
chi^2|iter=    2.992080363E-08 |    15  <--  Orb2 Spin1
            #Ek_l1_s1              Vk_l1_s1             #Ek_l2_s1              Vk_l2_s1
      -1.040334784434        0.302456208294       -2.654586719089        0.329181546395
      -0.377466232905       -0.164995327640        0.346848886793       -0.146386705136
       2.763558277641        0.338339623014        0.967179212168       -0.307194717513
[1;92merror=[0m  7.1114443E-06
=====================================
Total time [h:m:s.ms]:   0:00:02.526


Get local Realaxis Green's function (no print)
 
  +ETA --> fort.6
  10% |ETA: 0:00:00.668 @21 May 2019  10:19:33
  20% |ETA: 0:00:00.593
  30% |ETA: 0:00:00.991
  40% |ETA: 0:00:00.829
  50% |ETA: 0:00:00.676 @21 May 2019  10:19:33
  60% |ETA: 0:00:00.536
  70% |ETA: 0:00:00.820
  80% |ETA: 0:00:00.545
  90% |ETA: 0:00:00.548
 100% |ETA: 0:00:00.000
Total time [h:m:s.ms]:   0:00:00.690
Gloc real: write spin-orbital diagonal elements.
