---------------MPI----------------
rank:     0 of      1 alive
----------------------------------

 warning scalar in parse_cmd array:   ULOC
 expecting a comma separated list of:            5
 wrong dimensions parsing variable:   ULOC
 expecting a comma separated list of:            5
SCIFOR VERSION (GIT): f51d8963e73e1a7f5e05ca328195b114bbdf41ec
Timestamp: +21 May 2019  10:49:50.693
 
CODE VERSION: 30030ed680c7b62ac87f0fc221aa358a61913d81
Timestamp: +21 May 2019  10:49:50.694
 
store size =10240Kb
 Using Neel symmetry to refold BZ
 Using Nineq sites=           1
 Symmetries used are:
 (site=2,l,s)=(site=1,l,-s)
 Using Nk_total=361
Using Reciprocal Lattice vectors:
bk_x = [  3.1416 -3.1416  0.0000]
bk_y = [  0.0000  6.2832  0.0000]
bk_z = [  0.0000  0.0000  6.2832]
Get local Realaxis Green's function (no print)
Direct Inversion algorithm:
 
  +ETA --> fort.6
  10% |ETA: 0:00:00.901 @21 May 2019  10:49:50
  20% |ETA: 0:00:00.792
  30% |ETA: 0:00:00.695
  40% |ETA: 0:00:00.591
  50% |ETA: 0:00:00.982 @21 May 2019  10:49:51
  60% |ETA: 0:00:00.788
  70% |ETA: 0:00:00.593
  80% |ETA: 0:00:00.791
  90% |ETA: 0:00:00.790
 100% |ETA: 0:00:00.000
Total time [h:m:s.ms]:   0:00:00.990
dos_Hk real: write spin-orbital diagonal elements.
 Solving model along the path:
Point1: [ 0.0000 0.0000 0.0000]
Point2: [ 3.1416 0.0000 0.0000]
Point3: [ 3.1416 3.1416 0.0000]
Point4: [ 0.0000 0.0000 0.0000]
INIT SOLVER FOR _ineq0001
Summary:
--------------------------------------------
# of levels/spin      =               7
Total size            =              14
# of impurities       =               1
# of bath/impurity    =               6
# of Bath levels/spin =               6
Number of sectors     =              64
Ns_Orb                =               7
Ns_Ud                 =               1
Largest Sector(s)     =       35        35                1225
--------------------------------------------
Required Lanc_nstates_total=1 => set T=0 calculation
Lanczos ZERO temperature calculation:
Updated impHloc:
Reading bath from filehamiltonian_ineq0001.restart
there are        6 lines in +hamiltonian_ineq0001.restart

-----DMFT-loop    1 (max:  100)-----
 0 SOLVES INEQ SITE: 0001
Updated impHloc:
            #Ek_l1_s1              Vk_l1_s1             #Ek_l1_s2              Vk_l1_s2
      -0.647935279383        0.307588036774       -2.977310301142       -0.000103314263
      -0.158607504334        0.251358144507       -0.762424209318       -0.181414834925
      -0.030612613515        0.127010476007       -0.269686352299        0.041933713144
       0.361806848151        0.115677908399       -0.453959272848        0.150069551929
       0.722983398732       -0.215826171721        0.072491004686        0.222536851651
       2.929572160751       -0.000000063457        0.464706596678        0.340448903705
Diagonalize impurity H:
 
  +ETA --> fort.6
  10% |ETA: 0:00:00.521 @21 May 2019  10:49:53
  20% |ETA: 0:00:00.580
  31% |ETA: 0:00:00.712
  40% |ETA: 0:00:00.596
  50% |ETA: 0:00:00.728 @21 May 2019  10:49:53
  60% |ETA: 0:00:00.600
  70% |ETA: 0:00:00.928
  81% |ETA: 0:00:00.546
  90% |ETA: 0:00:00.590
 100% |ETA: 0:00:00.000
Total time [h:m:s.ms]:   0:00:00.359
#     i               E_i       exp(-(E-E0)/T)       Sect       Dim    Indices:
     1   -6.019987588556   1.000000000000E+00         30       735   3   5
Egs =     -6.019987588556   3   5
Z   =      1.000000000000
Get impurity Greens functions:
Get G_l1_s1
Total time [h:m:s.ms]:   0:00:00.018
Get G_l1_s2
Total time [h:m:s.ms]:   0:00:00.019
dens_ineq0001=    0.999728884798    0.999728884798
docc_ineq0001=    0.130184678582
mag _ineq0001=   -0.425549069704
Total time [h:m:s.ms]:   0:00:00.446
Get local Matsubara Green's function (no print)
Direct Inversion algorithm:
 
  +ETA --> fort.6
  10% |ETA: 0:00:00.770 @21 May 2019  10:49:54
  20% |ETA: 0:00:00.674
  30% |ETA: 0:00:00.587
  40% |ETA: 0:00:00.500
  50% |ETA: 0:00:00.833 @21 May 2019  10:49:54
  60% |ETA: 0:00:00.663
  70% |ETA: 0:00:00.992
  80% |ETA: 0:00:00.660
  90% |ETA: 0:00:00.664
 100% |ETA: 0:00:00.***
Total time [h:m:s.ms]:   0:00:00.835
Gloc matsubara: write spin-orbital diagonal elements. Split.
Store Gloc_l11_s1_iw_indx*.dat in Gloc_l11_s1_iw.tgz
Store Gloc_l11_s2_iw_indx*.dat in Gloc_l11_s2_iw.tgz
Updated impHloc:
chi^2|iter_ineq0001=    1.001268905E-06 |   225  <--  Orb1 Spin1
            #Ek_l1_s1              Vk_l1_s1             #Ek_l1_s2              Vk_l1_s2
      -0.690196788794        0.308309660630       -2.977310301142       -0.000103314263
      -0.201260460051        0.230300353773       -0.762424209318       -0.181414834925
      -0.099586128666        0.109891670019       -0.269686352299        0.041933713144
       0.238029723246        0.151066052790       -0.453959272848        0.150069551929
       0.697263762123       -0.214862583503        0.072491004686        0.222536851651
       2.929572160751       -0.000000063457        0.464706596678        0.340448903705
Updated impHloc:
chi^2|iter_ineq0001=    6.402176020E-06 |    86  <--  Orb1 Spin2
            #Ek_l1_s1              Vk_l1_s1             #Ek_l1_s2              Vk_l1_s2
      -0.690196788794        0.308309660630       -2.977310301156       -0.000074170168
      -0.201260460051        0.230300353773       -0.754911859908       -0.156083850461
      -0.099586128666        0.109891670019       -0.200625707695        0.110314346167
       0.238029723246        0.151066052790       -0.420755645729        0.167418153866
       0.697263762123       -0.214862583503        0.141000408696        0.213562636942
       2.929572160751       -0.000000063457        0.540371452536        0.325709782924
[1;91mmax error=[0m  1.0000000E+00
[1;91m    error=[0m  1.0000000E+00
[1;91mmin error=[0m  1.0000000E+00
=====================================
Total time [h:m:s.ms]:   0:00:02.188



-----DMFT-loop    2 (max:  100)-----
 0 SOLVES INEQ SITE: 0001
Updated impHloc:
            #Ek_l1_s1              Vk_l1_s1             #Ek_l1_s2              Vk_l1_s2
      -0.690196788794        0.308309660630       -2.977310301156       -0.000074170168
      -0.201260460051        0.230300353773       -0.754911859908       -0.156083850461
      -0.099586128666        0.109891670019       -0.200625707695        0.110314346167
       0.238029723246        0.151066052790       -0.420755645729        0.167418153866
       0.697263762123       -0.214862583503        0.141000408696        0.213562636942
       2.929572160751       -0.000000063457        0.540371452536        0.325709782924
Diagonalize impurity H:
 
  +ETA --> fort.6
  10% |ETA: 0:00:00.521 @21 May 2019  10:49:55
  20% |ETA: 0:00:00.659
  31% |ETA: 0:00:00.756
  40% |ETA: 0:00:00.625
  50% |ETA: 0:00:00.764 @21 May 2019  10:49:56
  60% |ETA: 0:00:00.628
  70% |ETA: 0:00:00.966
  81% |ETA: 0:00:00.642
  90% |ETA: 0:00:00.680
 100% |ETA: 0:00:00.000
Total time [h:m:s.ms]:   0:00:00.413
#     i               E_i       exp(-(E-E0)/T)       Sect       Dim    Indices:
     1   -6.009113443272   1.000000000000E+00         30       735   3   5
Egs =     -6.009113443272   3   5
Z   =      1.000000000000
Get impurity Greens functions:
Get G_l1_s1
Total time [h:m:s.ms]:   0:00:00.018
Get G_l1_s2
Total time [h:m:s.ms]:   0:00:00.019
dens_ineq0001=    0.999889793613    0.999889793613
docc_ineq0001=    0.115538201272
mag _ineq0001=   -0.564053487201
Total time [h:m:s.ms]:   0:00:00.501
Get local Matsubara Green's function (no print)
Direct Inversion algorithm:
 
  +ETA --> fort.6
  10% |ETA: 0:00:00.761 @21 May 2019  10:49:56
  20% |ETA: 0:00:00.670
  30% |ETA: 0:00:00.589
  40% |ETA: 0:00:00.500
  50% |ETA: 0:00:00.829 @21 May 2019  10:49:56
  60% |ETA: 0:00:00.666
  70% |ETA: 0:00:00.502
  80% |ETA: 0:00:00.668
  90% |ETA: 0:00:00.666
 100% |ETA: 0:00:00.000
Total time [h:m:s.ms]:   0:00:00.834
Gloc matsubara: write spin-orbital diagonal elements. Split.
Store Gloc_l11_s1_iw_indx*.dat in Gloc_l11_s1_iw.tgz
Store Gloc_l11_s2_iw_indx*.dat in Gloc_l11_s2_iw.tgz
Updated impHloc:
chi^2|iter_ineq0001=    2.840096219E-07 |   200  <--  Orb1 Spin1
            #Ek_l1_s1              Vk_l1_s1             #Ek_l1_s2              Vk_l1_s2
      -0.773328344703        0.317217964324       -2.977310301156       -0.000074170168
      -0.238567753647        0.245175970736       -0.754911859908       -0.156083850461
      -0.120538447440        0.117513920487       -0.200625707695        0.110314346167
       0.262626381746        0.133142775905       -0.420755645729        0.167418153866
       0.681348736026       -0.199774762192        0.141000408696        0.213562636942
       2.929572160751       -0.000000063457        0.540371452536        0.325709782924
Updated impHloc:
chi^2|iter_ineq0001=    4.328405115E-06 |    57  <--  Orb1 Spin2
            #Ek_l1_s1              Vk_l1_s1             #Ek_l1_s2              Vk_l1_s2
      -0.773328344703        0.317217964324       -2.977310301256       -0.000062776702
      -0.238567753647        0.245175970736       -0.752069256790       -0.137889057865
      -0.120538447440        0.117513920487       -0.219116850959        0.086762992239
       0.262626381746        0.133142775905       -0.419099191610        0.163053306468
       0.681348736026       -0.199774762192        0.166092005019        0.222915888309
       2.929572160751       -0.000000063457        0.589021162121        0.338476299992
[1;91mmax error=[0m  2.1675864E-02
[1;91m    error=[0m  2.1675864E-02
[1;91mmin error=[0m  2.1675864E-02
=====================================
Total time [h:m:s.ms]:   0:00:02.043



-----DMFT-loop    3 (max:  100)-----
 0 SOLVES INEQ SITE: 0001
Updated impHloc:
            #Ek_l1_s1              Vk_l1_s1             #Ek_l1_s2              Vk_l1_s2
      -0.731762566749        0.312763812477       -2.977310301206       -0.000068473435
      -0.219914106849        0.237738162255       -0.753490558349       -0.146986454163
      -0.110062288053        0.113702795253       -0.209871279327        0.098538669203
       0.250328052496        0.142104414348       -0.419927418670        0.165235730167
       0.689306249075       -0.207318672847        0.153546206857        0.218239262626
       2.929572160751       -0.000000063457        0.564696307328        0.332093041458
Diagonalize impurity H:
 
  +ETA --> fort.6
  10% |ETA: 0:00:00.521 @21 May 2019  10:49:57
  20% |ETA: 0:00:00.580
  31% |ETA: 0:00:00.695
  40% |ETA: 0:00:00.584
  50% |ETA: 0:00:00.720 @21 May 2019  10:49:58
  60% |ETA: 0:00:00.597
  70% |ETA: 0:00:00.922
  81% |ETA: 0:00:00.540
  90% |ETA: 0:00:00.587
 100% |ETA: 0:00:00.000
Total time [h:m:s.ms]:   0:00:00.357
#     i               E_i       exp(-(E-E0)/T)       Sect       Dim    Indices:
     1   -6.087992796085   1.000000000000E+00         30       735   3   5
Egs =     -6.087992796085   3   5
Z   =      1.000000000000
Get impurity Greens functions:
Get G_l1_s1
Total time [h:m:s.ms]:   0:00:00.018
Get G_l1_s2
Total time [h:m:s.ms]:   0:00:00.020
dens_ineq0001=    0.999883759763    0.999883759763
docc_ineq0001=    0.113429736855
mag _ineq0001=   -0.587779011024
Total time [h:m:s.ms]:   0:00:00.442
Get local Matsubara Green's function (no print)
Direct Inversion algorithm:
 
  +ETA --> fort.6
  10% |ETA: 0:00:00.796 @21 May 2019  10:49:58
  20% |ETA: 0:00:00.694
  30% |ETA: 0:00:00.605
  40% |ETA: 0:00:00.516
  50% |ETA: 0:00:00.855 @21 May 2019  10:49:58
  60% |ETA: 0:00:00.680
  70% |ETA: 0:00:00.507
  80% |ETA: 0:00:00.675
  90% |ETA: 0:00:00.674
 100% |ETA: 0:00:00.500
Total time [h:m:s.ms]:   0:00:00.842
Gloc matsubara: write spin-orbital diagonal elements. Split.
Store Gloc_l11_s1_iw_indx*.dat in Gloc_l11_s1_iw.tgz
Store Gloc_l11_s2_iw_indx*.dat in Gloc_l11_s2_iw.tgz
Updated impHloc:
chi^2|iter_ineq0001=    4.237688226E-07 |    68  <--  Orb1 Spin1
            #Ek_l1_s1              Vk_l1_s1             #Ek_l1_s2              Vk_l1_s2
      -0.739691721329        0.321234656268       -2.977310301206       -0.000068473435
      -0.233290635910        0.246315970946       -0.753490558349       -0.146986454163
      -0.119098820760        0.103804035417       -0.209871279327        0.098538669203
       0.281918781419        0.132988104004       -0.419927418670        0.165235730167
       0.680792438564       -0.192345252871        0.153546206857        0.218239262626
       2.929572160751       -0.000000063457        0.564696307328        0.332093041458
Updated impHloc:
chi^2|iter_ineq0001=    4.018729538E-06 |    96  <--  Orb1 Spin2
            #Ek_l1_s1              Vk_l1_s1             #Ek_l1_s2              Vk_l1_s2
      -0.739691721329        0.321234656268       -2.977310301435       -0.000064479666
      -0.233290635910        0.246315970946       -0.751819030036       -0.144038421520
      -0.119098820760        0.103804035417       -0.218822581627        0.078163555711
       0.281918781419        0.132988104004       -0.425189311903        0.159707605538
       0.680792438564       -0.192345252871        0.173041946361        0.225335909187
       2.929572160751       -0.000000063457        0.600384666866        0.342012665792
[1;91mmax error=[0m  4.7568740E-03
[1;91m    error=[0m  4.7568740E-03
[1;91mmin error=[0m  4.7568740E-03
=====================================
Total time [h:m:s.ms]:   0:00:01.761



-----DMFT-loop    4 (max:  100)-----
 0 SOLVES INEQ SITE: 0001
Updated impHloc:
            #Ek_l1_s1              Vk_l1_s1             #Ek_l1_s2              Vk_l1_s2
      -0.735727144039        0.316999234372       -2.977310301320       -0.000066476551
      -0.226602371379        0.242027066600       -0.752654794192       -0.145512437841
      -0.114580554406        0.108753415335       -0.214346930477        0.088351112457
       0.266123416958        0.137546259176       -0.422558365286        0.162471667852
       0.685049343819       -0.199831962859        0.163294076609        0.221787585906
       2.929572160751       -0.000000063457        0.582540487097        0.337052853625
Diagonalize impurity H:
 
  +ETA --> fort.6
  10% |ETA: 0:00:00.521 @21 May 2019  10:49:59
  20% |ETA: 0:00:00.580
  31% |ETA: 0:00:00.703
  40% |ETA: 0:00:00.584
  50% |ETA: 0:00:00.716 @21 May 2019  10:49:59
  60% |ETA: 0:00:00.587
  70% |ETA: 0:00:00.908
  81% |ETA: 0:00:00.535
  90% |ETA: 0:00:00.577
 100% |ETA: 0:00:00.000
Total time [h:m:s.ms]:   0:00:00.351
#     i               E_i       exp(-(E-E0)/T)       Sect       Dim    Indices:
     1   -6.110508393722   1.000000000000E+00         30       735   3   5
Egs =     -6.110508393722   3   5
Z   =      1.000000000000
Get impurity Greens functions:
Get G_l1_s1
Total time [h:m:s.ms]:   0:00:00.017
Get G_l1_s2
Total time [h:m:s.ms]:   0:00:00.020
dens_ineq0001=    0.999826749236    0.999826749236
docc_ineq0001=    0.112089355313
mag _ineq0001=   -0.602354872206
Total time [h:m:s.ms]:   0:00:00.435
Get local Matsubara Green's function (no print)
Direct Inversion algorithm:
 
  +ETA --> fort.6
  10% |ETA: 0:00:00.726 @21 May 2019  10:50:00
  20% |ETA: 0:00:00.650
  30% |ETA: 0:00:00.575
  40% |ETA: 0:00:00.998
  50% |ETA: 0:00:00.833 @21 May 2019  10:50:00
  60% |ETA: 0:00:00.667
  70% |ETA: 0:00:00.501
  80% |ETA: 0:00:00.668
  90% |ETA: 0:00:00.666
 100% |ETA: 0:00:00.000
Total time [h:m:s.ms]:   0:00:00.833
Gloc matsubara: write spin-orbital diagonal elements. Split.
Store Gloc_l11_s1_iw_indx*.dat in Gloc_l11_s1_iw.tgz
Store Gloc_l11_s2_iw_indx*.dat in Gloc_l11_s2_iw.tgz
Updated impHloc:
chi^2|iter_ineq0001=    3.986393552E-07 |    74  <--  Orb1 Spin1
            #Ek_l1_s1              Vk_l1_s1             #Ek_l1_s2              Vk_l1_s2
      -0.744703748852        0.321952286093       -2.977310301320       -0.000066476551
      -0.237976127127        0.249674221002       -0.752654794192       -0.145512437841
      -0.119902067098        0.101133766370       -0.214346930477        0.088351112457
       0.290460670506        0.129904298714       -0.422558365286        0.162471667852
       0.678254376060       -0.191217278501        0.163294076609        0.221787585906
       2.929572160751       -0.000000063457        0.582540487097        0.337052853625
Updated impHloc:
chi^2|iter_ineq0001=    3.918183086E-06 |    54  <--  Orb1 Spin2
            #Ek_l1_s1              Vk_l1_s1             #Ek_l1_s2              Vk_l1_s2
      -0.744703748852        0.321952286093       -2.977310301381       -0.000053146232
      -0.237976127127        0.249674221002       -0.751050266387       -0.137640546467
      -0.119902067098        0.101133766370       -0.226006284752        0.070839347000
       0.290460670506        0.129904298714       -0.421779093750        0.162387512562
       0.678254376060       -0.191217278501        0.176121479174        0.224652037200
       2.929572160751       -0.000000063457        0.597063079769        0.343595578325
[1;91mmax error=[0m  2.9528554E-03
[1;91m    error=[0m  2.9528554E-03
[1;91mmin error=[0m  2.9528554E-03
=====================================
Total time [h:m:s.ms]:   0:00:01.659



-----DMFT-loop    5 (max:  100)-----
 0 SOLVES INEQ SITE: 0001
Updated impHloc:
            #Ek_l1_s1              Vk_l1_s1             #Ek_l1_s2              Vk_l1_s2
      -0.740215446445        0.319475760233       -2.977310301351       -0.000059811391
      -0.232289249253        0.245850643801       -0.751852530290       -0.141576492154
      -0.117241310752        0.104943590853       -0.220176607614        0.079595229729
       0.278292043732        0.133725278945       -0.422168729518        0.162429590207
       0.681651859939       -0.195524620680        0.169707777892        0.223219811553
       2.929572160751       -0.000000063457        0.589801783433        0.340324215975
Diagonalize impurity H:
 
  +ETA --> fort.6
  10% |ETA: 0:00:00.521 @21 May 2019  10:50:01
  20% |ETA: 0:00:00.580
  31% |ETA: 0:00:00.703
  40% |ETA: 0:00:00.590
  50% |ETA: 0:00:00.712 @21 May 2019  10:50:01
  60% |ETA: 0:00:00.584
  70% |ETA: 0:00:00.905
  81% |ETA: 0:00:00.531
  90% |ETA: 0:00:00.574
 100% |ETA: 0:00:00.000
Total time [h:m:s.ms]:   0:00:00.349
#     i               E_i       exp(-(E-E0)/T)       Sect       Dim    Indices:
     1   -6.128699936831   1.000000000000E+00         30       735   3   5
Egs =     -6.128699936831   3   5
Z   =      1.000000000000
Get impurity Greens functions:
Get G_l1_s1
Total time [h:m:s.ms]:   0:00:00.018
Get G_l1_s2
Total time [h:m:s.ms]:   0:00:00.019
dens_ineq0001=    0.999841159032    0.999841159032
docc_ineq0001=    0.111241717430
mag _ineq0001=   -0.611553839027
Total time [h:m:s.ms]:   0:00:00.435
Get local Matsubara Green's function (no print)
Direct Inversion algorithm:
 
  +ETA --> fort.6
  10% |ETA: 0:00:00.744 @21 May 2019  10:50:01
  20% |ETA: 0:00:00.662
  30% |ETA: 0:00:00.577
  40% |ETA: 0:00:00.992
  50% |ETA: 0:00:00.821 @21 May 2019  10:50:02
  60% |ETA: 0:00:00.660
  70% |ETA: 0:00:00.992
  80% |ETA: 0:00:00.662
  90% |ETA: 0:00:00.661
 100% |ETA: 0:00:00.000
Total time [h:m:s.ms]:   0:00:00.828
Gloc matsubara: write spin-orbital diagonal elements. Split.
Store Gloc_l11_s1_iw_indx*.dat in Gloc_l11_s1_iw.tgz
Store Gloc_l11_s2_iw_indx*.dat in Gloc_l11_s2_iw.tgz
Updated impHloc:
chi^2|iter_ineq0001=    1.684799596E-07 |   180  <--  Orb1 Spin1
            #Ek_l1_s1              Vk_l1_s1             #Ek_l1_s2              Vk_l1_s2
      -0.812630743955        0.314548863673       -2.977310301351       -0.000059811391
      -0.266588251995        0.257030119707       -0.751852530290       -0.141576492154
      -0.131325486193        0.123047346370       -0.220176607614        0.079595229729
       0.290175442583        0.124769964182       -0.422168729518        0.162429590207
       0.682780366928       -0.195342975158        0.169707777892        0.223219811553
       2.929572160751       -0.000000063457        0.589801783433        0.340324215975
Updated impHloc:
chi^2|iter_ineq0001=    3.849381141E-06 |    54  <--  Orb1 Spin2
            #Ek_l1_s1              Vk_l1_s1             #Ek_l1_s2              Vk_l1_s2
      -0.812630743955        0.314548863673       -2.977310301395       -0.000054230888
      -0.266588251995        0.257030119707       -0.750847365616       -0.138618156206
      -0.131325486193        0.123047346370       -0.226920091592        0.066603986875
       0.290175442583        0.124769964182       -0.423506177305        0.161695752258
       0.682780366928       -0.195342975158        0.178584783655        0.225014425098
       2.929572160751       -0.000000063457        0.599720281567        0.345069311599
[1;91mmax error=[0m  1.8759160E-03
[1;91m    error=[0m  1.8759160E-03
[1;91mmin error=[0m  1.8759160E-03
=====================================
Total time [h:m:s.ms]:   0:00:01.924



-----DMFT-loop    6 (max:  100)-----
 0 SOLVES INEQ SITE: 0001
Updated impHloc:
            #Ek_l1_s1              Vk_l1_s1             #Ek_l1_s2              Vk_l1_s2
      -0.776423095200        0.317012311953       -2.977310301373       -0.000057021139
      -0.249438750624        0.251440381754       -0.751349947953       -0.140097324180
      -0.124283398473        0.113995468611       -0.223548349603        0.073099608302
       0.284233743157        0.129247621563       -0.422837453412        0.162062671232
       0.682216113434       -0.195433797919        0.174146280773        0.224117118325
       2.929572160751       -0.000000063457        0.594761032500        0.342696763787
Diagonalize impurity H:
 
  +ETA --> fort.6
  10% |ETA: 0:00:00.521 @21 May 2019  10:50:03
  20% |ETA: 0:00:00.580
  31% |ETA: 0:00:00.712
  40% |ETA: 0:00:00.590
  50% |ETA: 0:00:00.716 @21 May 2019  10:50:03
  60% |ETA: 0:00:00.589
  70% |ETA: 0:00:00.915
  81% |ETA: 0:00:00.539
  90% |ETA: 0:00:00.580
 100% |ETA: 0:00:00.000
Total time [h:m:s.ms]:   0:00:00.353
#     i               E_i       exp(-(E-E0)/T)       Sect       Dim    Indices:
     1   -6.193451137022   1.000000000000E+00         30       735   3   5
Egs =     -6.193451137022   3   5
Z   =      1.000000000000
Get impurity Greens functions:
Get G_l1_s1
Total time [h:m:s.ms]:   0:00:00.017
Get G_l1_s2
Total time [h:m:s.ms]:   0:00:00.020
dens_ineq0001=    0.999744509557    0.999744509557
docc_ineq0001=    0.110605351890
mag _ineq0001=   -0.617731274299
Total time [h:m:s.ms]:   0:00:00.436
Get local Matsubara Green's function (no print)
Direct Inversion algorithm:
 
  +ETA --> fort.6
  10% |ETA: 0:00:00.753 @21 May 2019  10:50:03
  20% |ETA: 0:00:00.670
  30% |ETA: 0:00:00.577
  40% |ETA: 0:00:00.980
  50% |ETA: 0:00:00.823 @21 May 2019  10:50:04
  60% |ETA: 0:00:00.663
  70% |ETA: 0:00:00.501
  80% |ETA: 0:00:00.667
  90% |ETA: 0:00:00.666
 100% |ETA: 0:00:00.000
Total time [h:m:s.ms]:   0:00:00.833
Gloc matsubara: write spin-orbital diagonal elements. Split.
Store Gloc_l11_s1_iw_indx*.dat in Gloc_l11_s1_iw.tgz
Store Gloc_l11_s2_iw_indx*.dat in Gloc_l11_s2_iw.tgz
Updated impHloc:
chi^2|iter_ineq0001=    2.496977230E-07 |    65  <--  Orb1 Spin1
            #Ek_l1_s1              Vk_l1_s1             #Ek_l1_s2              Vk_l1_s2
      -0.781687644109        0.319023199502       -2.977310301373       -0.000057021139
      -0.255964783342        0.255443407649       -0.751349947953       -0.140097324180
      -0.126984009256        0.111434100565       -0.223548349603        0.073099608302
       0.297155940532        0.124864967175       -0.422837453412        0.162062671232
       0.679194334142       -0.192636882556        0.174146280773        0.224117118325
       2.929572160751       -0.000000063457        0.594761032500        0.342696763787
Updated impHloc:
chi^2|iter_ineq0001=    3.815970395E-06 |    42  <--  Orb1 Spin2
            #Ek_l1_s1              Vk_l1_s1             #Ek_l1_s2              Vk_l1_s2
      -0.781687644109        0.319023199502       -2.977310301541       -0.000065620627
      -0.255964783342        0.255443407649       -0.750789173739       -0.139973569621
      -0.126984009256        0.111434100565       -0.227369305523        0.063696107859
       0.297155940532        0.124864967175       -0.425162270729        0.160829077428
       0.679194334142       -0.192636882556        0.179882438144        0.224872003825
       2.929572160751       -0.000000063457        0.600135988432        0.346199351710
[1;91mmax error=[0m  1.2429873E-03
[1;91m    error=[0m  1.2429873E-03
[1;91mmin error=[0m  1.2429873E-03
=====================================
Total time [h:m:s.ms]:   0:00:01.624



-----DMFT-loop    7 (max:  100)-----
 0 SOLVES INEQ SITE: 0001
Updated impHloc:
            #Ek_l1_s1              Vk_l1_s1             #Ek_l1_s2              Vk_l1_s2
      -0.779055369654        0.318017755727       -2.977310301457       -0.000061320883
      -0.252701766983        0.253441894702       -0.751069560846       -0.140035446900
      -0.125633703864        0.112714784588       -0.225458827563        0.068397858080
       0.290694841845        0.127056294369       -0.423999862070        0.161445874330
       0.680705223788       -0.194035340238        0.177014359459        0.224494561075
       2.929572160751       -0.000000063457        0.597448510466        0.344448057749
Diagonalize impurity H:
 
  +ETA --> fort.6
  10% |ETA: 0:00:00.521 @21 May 2019  10:50:04
  20% |ETA: 0:00:00.580
  31% |ETA: 0:00:00.712
  40% |ETA: 0:00:00.596
  50% |ETA: 0:00:00.720 @21 May 2019  10:50:05
  60% |ETA: 0:00:00.589
  70% |ETA: 0:00:00.911
  81% |ETA: 0:00:00.539
  90% |ETA: 0:00:00.580
 100% |ETA: 0:00:00.000
Total time [h:m:s.ms]:   0:00:00.353
#     i               E_i       exp(-(E-E0)/T)       Sect       Dim    Indices:
     1   -6.204054525765   1.000000000000E+00         30       735   3   5
Egs =     -6.204054525765   3   5
Z   =      1.000000000000
Get impurity Greens functions:
Get G_l1_s1
Total time [h:m:s.ms]:   0:00:00.018
Get G_l1_s2
Total time [h:m:s.ms]:   0:00:00.019
dens_ineq0001=    0.999760289310    0.999760289310
docc_ineq0001=    0.110290527856
mag _ineq0001=   -0.621356571697
Total time [h:m:s.ms]:   0:00:00.438
Get local Matsubara Green's function (no print)
Direct Inversion algorithm:
 
  +ETA --> fort.6
  10% |ETA: 0:00:00.735 @21 May 2019  10:50:05
  20% |ETA: 0:00:00.647
  30% |ETA: 0:00:00.564
  40% |ETA: 0:00:00.968
  50% |ETA: 0:00:00.807 @21 May 2019  10:50:05
  60% |ETA: 0:00:00.647
  70% |ETA: 0:00:00.971
  80% |ETA: 0:00:00.647
  90% |ETA: 0:00:00.646
 100% |ETA: 0:00:00.000
Total time [h:m:s.ms]:   0:00:00.813
Gloc matsubara: write spin-orbital diagonal elements. Split.
Store Gloc_l11_s1_iw_indx*.dat in Gloc_l11_s1_iw.tgz
Store Gloc_l11_s2_iw_indx*.dat in Gloc_l11_s2_iw.tgz
Updated impHloc:
chi^2|iter_ineq0001=    2.720698508E-07 |    24  <--  Orb1 Spin1
            #Ek_l1_s1              Vk_l1_s1             #Ek_l1_s2              Vk_l1_s2
      -0.778539133946        0.320380403811       -2.977310301457       -0.000061320883
      -0.255962348566        0.255080923023       -0.751069560846       -0.140035446900
      -0.127370785630        0.110664612680       -0.225458827563        0.068397858080
       0.294161497158        0.121505876126       -0.423999862070        0.161445874330
       0.681020712597       -0.195020180250        0.177014359459        0.224494561075
       2.929572160751       -0.000000063457        0.597448510466        0.344448057749
Updated impHloc:
chi^2|iter_ineq0001=    3.806034416E-06 |    24  <--  Orb1 Spin2
            #Ek_l1_s1              Vk_l1_s1             #Ek_l1_s2              Vk_l1_s2
      -0.778539133946        0.320380403811       -2.977310301456       -0.000061801348
      -0.255962348566        0.255080923023       -0.751121259082       -0.141038830036
      -0.127370785630        0.110664612680       -0.227449672226        0.062278798195
       0.294161497158        0.121505876126       -0.425952102872        0.159854181227
       0.681020712597       -0.195020180250        0.180205735992        0.223909022498
       2.929572160751       -0.000000063457        0.597305334400        0.347104318852
[1;91mmax error=[0m  7.6111138E-04
[1;91m    error=[0m  7.6111138E-04
[1;91mmin error=[0m  7.6111138E-04
=====================================
Total time [h:m:s.ms]:   0:00:01.461



-----DMFT-loop    8 (max:  100)-----
 0 SOLVES INEQ SITE: 0001
Updated impHloc:
            #Ek_l1_s1              Vk_l1_s1             #Ek_l1_s2              Vk_l1_s2
      -0.778797251800        0.319199079769       -2.977310301456       -0.000061561115
      -0.254332057774        0.254261408862       -0.751095409964       -0.140537138468
      -0.126502244747        0.111689698634       -0.226454249895        0.065338328138
       0.292428169501        0.124281085247       -0.424975982471        0.160650027779
       0.680862968192       -0.194527760244        0.178610047725        0.224201791787
       2.929572160751       -0.000000063457        0.597376922433        0.345776188300
Diagonalize impurity H:
 
  +ETA --> fort.6
  10% |ETA: 0:00:00.521 @21 May 2019  10:50:06
  20% |ETA: 0:00:00.564
  31% |ETA: 0:00:00.703
  40% |ETA: 0:00:00.584
  50% |ETA: 0:00:00.708 @21 May 2019  10:50:06
  60% |ETA: 0:00:00.582
  70% |ETA: 0:00:00.901
  81% |ETA: 0:00:00.529
  90% |ETA: 0:00:00.574
 100% |ETA: 0:00:00.000
Total time [h:m:s.ms]:   0:00:00.348
#     i               E_i       exp(-(E-E0)/T)       Sect       Dim    Indices:
     1   -6.208699216333   1.000000000000E+00         30       735   3   5
Egs =     -6.208699216333   3   5
Z   =      1.000000000000
Get impurity Greens functions:
Get G_l1_s1
Total time [h:m:s.ms]:   0:00:00.017
Get G_l1_s2
Total time [h:m:s.ms]:   0:00:00.019
dens_ineq0001=    0.999776523930    0.999776523930
docc_ineq0001=    0.110102672640
mag _ineq0001=   -0.623643597048
Total time [h:m:s.ms]:   0:00:00.432
Get local Matsubara Green's function (no print)
Direct Inversion algorithm:
 
  +ETA --> fort.6
  10% |ETA: 0:00:00.753 @21 May 2019  10:50:06
  20% |ETA: 0:00:00.670
  30% |ETA: 0:00:00.594
  40% |ETA: 0:00:00.507
  50% |ETA: 0:00:00.839 @21 May 2019  10:50:07
  60% |ETA: 0:00:00.668
  70% |ETA: 0:00:00.502
  80% |ETA: 0:00:00.671
  90% |ETA: 0:00:00.672
 100% |ETA: 0:00:00.***
Total time [h:m:s.ms]:   0:00:00.841
Gloc matsubara: write spin-orbital diagonal elements. Split.
Store Gloc_l11_s1_iw_indx*.dat in Gloc_l11_s1_iw.tgz
Store Gloc_l11_s2_iw_indx*.dat in Gloc_l11_s2_iw.tgz
Updated impHloc:
chi^2|iter_ineq0001=    2.409395247E-07 |    64  <--  Orb1 Spin1
            #Ek_l1_s1              Vk_l1_s1             #Ek_l1_s2              Vk_l1_s2
      -0.786725235510        0.318451742439       -2.977310301456       -0.000061561115
      -0.259831404191        0.257346735599       -0.751095409964       -0.140537138468
      -0.127803185380        0.111728484320       -0.226454249895        0.065338328138
       0.303376416176        0.124287735900       -0.424975982471        0.160650027779
       0.677604034253       -0.191307139817        0.178610047725        0.224201791787
       2.929572160751       -0.000000063457        0.597376922433        0.345776188300
Updated impHloc:
chi^2|iter_ineq0001=    3.792377399E-06 |    15  <--  Orb1 Spin2
            #Ek_l1_s1              Vk_l1_s1             #Ek_l1_s2              Vk_l1_s2
      -0.786725235510        0.318451742439       -2.977310301454       -0.000061441519
      -0.259831404191        0.257346735599       -0.751122280920       -0.141118987797
      -0.127803185380        0.111728484320       -0.227700769523        0.061355606334
       0.303376416176        0.124287735900       -0.426286198046        0.159501876791
       0.677604034253       -0.191307139817        0.180692564091        0.223762532499
       2.929572160751       -0.000000063457        0.597389246607        0.347570812716
[1;91mmax error=[0m  4.8422248E-04
[1;91m    error=[0m  4.8422248E-04
[1;91mmin error=[0m  4.8422248E-04
=====================================
Total time [h:m:s.ms]:   0:00:01.558



-----DMFT-loop    9 (max:  100)-----
 0 SOLVES INEQ SITE: 0001
Updated impHloc:
            #Ek_l1_s1              Vk_l1_s1             #Ek_l1_s2              Vk_l1_s2
      -0.782761243655        0.318825411104       -2.977310301455       -0.000061501317
      -0.257081730983        0.255804072231       -0.751108845442       -0.140828063133
      -0.127152715064        0.111709091477       -0.227077509709        0.063346967236
       0.297902292839        0.124284410574       -0.425631090259        0.160075952285
       0.679233501223       -0.192917450030        0.179651305908        0.223982162143
       2.929572160751       -0.000000063457        0.597383084520        0.346673500508
Diagonalize impurity H:
 
  +ETA --> fort.6
  10% |ETA: 0:00:00.521 @21 May 2019  10:50:07
  20% |ETA: 0:00:00.564
  31% |ETA: 0:00:00.703
  40% |ETA: 0:00:00.590
  50% |ETA: 0:00:00.716 @21 May 2019  10:50:08
  60% |ETA: 0:00:00.589
  70% |ETA: 0:00:00.915
  81% |ETA: 0:00:00.539
  90% |ETA: 0:00:00.585
 100% |ETA: 0:00:00.000
Total time [h:m:s.ms]:   0:00:00.356
#     i               E_i       exp(-(E-E0)/T)       Sect       Dim    Indices:
     1   -6.217529303903   1.000000000000E+00         30       735   3   5
Egs =     -6.217529303903   3   5
Z   =      1.000000000000
Get impurity Greens functions:
Get G_l1_s1
Total time [h:m:s.ms]:   0:00:00.017
Get G_l1_s2
Total time [h:m:s.ms]:   0:00:00.020
dens_ineq0001=    0.999762933446    0.999762933446
docc_ineq0001=    0.109946749736
mag _ineq0001=   -0.625205009384
Total time [h:m:s.ms]:   0:00:00.442
Get local Matsubara Green's function (no print)
Direct Inversion algorithm:
 
  +ETA --> fort.6
  10% |ETA: 0:00:00.753 @21 May 2019  10:50:08
  20% |ETA: 0:00:00.658
  30% |ETA: 0:00:00.573
  40% |ETA: 0:00:00.992
  50% |ETA: 0:00:00.831 @21 May 2019  10:50:08
  60% |ETA: 0:00:00.666
  70% |ETA: 0:00:00.997
  80% |ETA: 0:00:00.662
  90% |ETA: 0:00:00.659
 100% |ETA: 0:00:00.000
Total time [h:m:s.ms]:   0:00:00.824
Gloc matsubara: write spin-orbital diagonal elements. Split.
Store Gloc_l11_s1_iw_indx*.dat in Gloc_l11_s1_iw.tgz
Store Gloc_l11_s2_iw_indx*.dat in Gloc_l11_s2_iw.tgz
Updated impHloc:
chi^2|iter_ineq0001=    2.502804802E-07 |    17  <--  Orb1 Spin1
            #Ek_l1_s1              Vk_l1_s1             #Ek_l1_s2              Vk_l1_s2
      -0.782549105747        0.319790379505       -2.977310301455       -0.000061501317
      -0.258696234128        0.256565196002       -0.751108845442       -0.140828063133
      -0.127781926675        0.110804192547       -0.227077509709        0.063346967236
       0.299573337330        0.121649722039       -0.425631090259        0.160075952285
       0.679424397559       -0.193599658366        0.179651305908        0.223982162143
       2.929572160751       -0.000000063457        0.597383084520        0.346673500508
Updated impHloc:
chi^2|iter_ineq0001=    3.783451686E-06 |    17  <--  Orb1 Spin2
            #Ek_l1_s1              Vk_l1_s1             #Ek_l1_s2              Vk_l1_s2
      -0.782549105747        0.319790379505       -2.977310301447       -0.000060525586
      -0.258696234128        0.256565196002       -0.751089647229       -0.141286092069
      -0.127781926675        0.110804192547       -0.227980641260        0.060514549347
       0.299573337330        0.121649722039       -0.426589891789        0.159401432280
       0.679424397559       -0.193599658366        0.181041638550        0.223710338968
       2.929572160751       -0.000000063457        0.597606898143        0.347891970305
[1;91mmax error=[0m  3.2310372E-04
[1;91m    error=[0m  3.2310372E-04
[1;91mmin error=[0m  3.2310372E-04
=====================================
Total time [h:m:s.ms]:   0:00:01.441



-----DMFT-loop   10 (max:  100)-----
 0 SOLVES INEQ SITE: 0001
Updated impHloc:
            #Ek_l1_s1              Vk_l1_s1             #Ek_l1_s2              Vk_l1_s2
      -0.782655174701        0.319307895305       -2.977310301451       -0.000061013452
      -0.257888982556        0.256184634116       -0.751099246335       -0.141057077601
      -0.127467320869        0.111256642012       -0.227529075485        0.061930758291
       0.298737815084        0.122967066307       -0.426110491024        0.159738692282
       0.679328949391       -0.193258554198        0.180346472229        0.223846250556
       2.929572160751       -0.000000063457        0.597494991331        0.347282735407
Diagonalize impurity H:
 
  +ETA --> fort.6
  10% |ETA: 0:00:00.521 @21 May 2019  10:50:09
  20% |ETA: 0:00:00.580
  31% |ETA: 0:00:00.721
  40% |ETA: 0:00:00.590
  50% |ETA: 0:00:00.716 @21 May 2019  10:50:09
  60% |ETA: 0:00:00.587
  70% |ETA: 0:00:00.908
  81% |ETA: 0:00:00.533
  90% |ETA: 0:00:00.577
 100% |ETA: 0:00:00.000
Total time [h:m:s.ms]:   0:00:00.351
#     i               E_i       exp(-(E-E0)/T)       Sect       Dim    Indices:
     1   -6.219644767736   1.000000000000E+00         30       735   3   5
Egs =     -6.219644767736   3   5
Z   =      1.000000000000
Get impurity Greens functions:
Get G_l1_s1
Total time [h:m:s.ms]:   0:00:00.018
Get G_l1_s2
Total time [h:m:s.ms]:   0:00:00.019
dens_ineq0001=    0.999770364041    0.999770364041
docc_ineq0001=    0.109864714181
mag _ineq0001=   -0.626187954768
Total time [h:m:s.ms]:   0:00:00.435
Get local Matsubara Green's function (no print)
Direct Inversion algorithm:
 
  +ETA --> fort.6
  10% |ETA: 0:00:00.735 @21 May 2019  10:50:09
  20% |ETA: 0:00:00.650
  30% |ETA: 0:00:00.566
  40% |ETA: 0:00:00.986
  50% |ETA: 0:00:00.829 @21 May 2019  10:50:10
  60% |ETA: 0:00:00.663
  70% |ETA: 0:00:00.993
  80% |ETA: 0:00:00.660
  90% |ETA: 0:00:00.659
 100% |ETA: 0:00:00.000
Total time [h:m:s.ms]:   0:00:00.824
Gloc matsubara: write spin-orbital diagonal elements. Split.
Store Gloc_l11_s1_iw_indx*.dat in Gloc_l11_s1_iw.tgz
Store Gloc_l11_s2_iw_indx*.dat in Gloc_l11_s2_iw.tgz
Updated impHloc:
chi^2|iter_ineq0001=    2.465362173E-07 |    27  <--  Orb1 Spin1
            #Ek_l1_s1              Vk_l1_s1             #Ek_l1_s2              Vk_l1_s2
      -0.783672035930        0.318861406916       -2.977310301451       -0.000061013452
      -0.260174386954        0.257483426119       -0.751099246335       -0.141057077601
      -0.127667964264        0.110909028075       -0.227529075485        0.061930758291
       0.300289603015        0.121613080123       -0.426110491024        0.159738692282
       0.679338369579       -0.193082426881        0.180346472229        0.223846250556
       2.929572160751       -0.000000063457        0.597494991331        0.347282735407
Updated impHloc:
chi^2|iter_ineq0001=    3.783682508E-06 |     9  <--  Orb1 Spin2
            #Ek_l1_s1              Vk_l1_s1             #Ek_l1_s2              Vk_l1_s2
      -0.783672035930        0.318861406916       -2.977310301455       -0.000060608208
      -0.260174386954        0.257483426119       -0.751125279648       -0.141200038088
      -0.127667964264        0.110909028075       -0.227985236879        0.060304182374
       0.300289603015        0.121613080123       -0.426670115167        0.159065539795
       0.679338369579       -0.193082426881        0.181451347903        0.223859564499
       2.929572160751       -0.000000063457        0.597402589749        0.347741567384
[1;91mmax error=[0m  2.0718185E-04
[1;91m    error=[0m  2.0718185E-04
[1;91mmin error=[0m  2.0718185E-04
=====================================
Total time [h:m:s.ms]:   0:00:01.442



-----DMFT-loop   11 (max:  100)-----
 0 SOLVES INEQ SITE: 0001
Updated impHloc:
            #Ek_l1_s1              Vk_l1_s1             #Ek_l1_s2              Vk_l1_s2
      -0.783163605316        0.319084651110       -2.977310301453       -0.000060810830
      -0.259031684755        0.256834030117       -0.751112262992       -0.141128557844
      -0.127567642566        0.111082835043       -0.227757156182        0.061117470332
       0.299513709050        0.122290073215       -0.426390303095        0.159402116038
       0.679333659485       -0.193170490539        0.180898910066        0.223852907527
       2.929572160751       -0.000000063457        0.597448790540        0.347512151396
Diagonalize impurity H:
 
  +ETA --> fort.6
  10% |ETA: 0:00:00.521 @21 May 2019  10:50:10
  20% |ETA: 0:00:00.580
  31% |ETA: 0:00:00.712
  40% |ETA: 0:00:00.590
  50% |ETA: 0:00:00.716 @21 May 2019  10:50:11
  60% |ETA: 0:00:00.587
  70% |ETA: 0:00:00.908
  81% |ETA: 0:00:00.535
  90% |ETA: 0:00:00.580
 100% |ETA: 0:00:00.000
Total time [h:m:s.ms]:   0:00:00.353
#     i               E_i       exp(-(E-E0)/T)       Sect       Dim    Indices:
     1   -6.221946122138   1.000000000000E+00         30       735   3   5
Egs =     -6.221946122138   3   5
Z   =      1.000000000000
Get impurity Greens functions:
Get G_l1_s1
Total time [h:m:s.ms]:   0:00:00.017
Get G_l1_s2
Total time [h:m:s.ms]:   0:00:00.020
dens_ineq0001=    0.999774500924    0.999774500924
docc_ineq0001=    0.109802532423
mag _ineq0001=   -0.626832393958
Total time [h:m:s.ms]:   0:00:00.437
Get local Matsubara Green's function (no print)
Direct Inversion algorithm:
 
  +ETA --> fort.6
  10% |ETA: 0:00:00.735 @21 May 2019  10:50:11
  20% |ETA: 0:00:00.662
  30% |ETA: 0:00:00.589
  40% |ETA: 0:00:00.507
  50% |ETA: 0:00:00.839 @21 May 2019  10:50:11
  60% |ETA: 0:00:00.666
  70% |ETA: 0:00:00.995
  80% |ETA: 0:00:00.662
  90% |ETA: 0:00:00.661
 100% |ETA: 0:00:00.500
Total time [h:m:s.ms]:   0:00:00.826
Gloc matsubara: write spin-orbital diagonal elements. Split.
Store Gloc_l11_s1_iw_indx*.dat in Gloc_l11_s1_iw.tgz
Store Gloc_l11_s2_iw_indx*.dat in Gloc_l11_s2_iw.tgz
Updated impHloc:
chi^2|iter_ineq0001=    2.482533651E-07 |    13  <--  Orb1 Spin1
            #Ek_l1_s1              Vk_l1_s1             #Ek_l1_s2              Vk_l1_s2
      -0.783155915093        0.319535670172       -2.977310301453       -0.000060810830
      -0.259753238294        0.257136128894       -0.751112262992       -0.141128557844
      -0.127834912745        0.110723061133       -0.227757156182        0.061117470332
       0.300332095940        0.121124954226       -0.426390303095        0.159402116038
       0.679405666865       -0.193524697666        0.180898910066        0.223852907527
       2.929572160751       -0.000000063457        0.597448790540        0.347512151396
Updated impHloc:
chi^2|iter_ineq0001=    3.775843661E-06 |    13  <--  Orb1 Spin2
            #Ek_l1_s1              Vk_l1_s1             #Ek_l1_s2              Vk_l1_s2
      -0.783155915093        0.319535670172       -2.977310301445       -0.000061658182
      -0.259753238294        0.257136128894       -0.751075022949       -0.141477648924
      -0.127834912745        0.110723061133       -0.228259267153        0.059648257496
       0.300332095940        0.121124954226       -0.426902210489        0.159261798838
       0.679405666865       -0.193524697666        0.181382829847        0.223606768371
       2.929572160751       -0.000000063457        0.597702923466        0.348248552813
[1;91mmax error=[0m  1.3213710E-04
[1;91m    error=[0m  1.3213710E-04
[1;91mmin error=[0m  1.3213710E-04
=====================================
Total time [h:m:s.ms]:   0:00:01.415



-----DMFT-loop   12 (max:  100)-----
 0 SOLVES INEQ SITE: 0001
Updated impHloc:
            #Ek_l1_s1              Vk_l1_s1             #Ek_l1_s2              Vk_l1_s2
      -0.783159760205        0.319310160641       -2.977310301449       -0.000061234506
      -0.259392461524        0.256985079506       -0.751093642970       -0.141303103384
      -0.127701277656        0.110902948088       -0.228008211668        0.060382863914
       0.299922902495        0.121707513720       -0.426646256792        0.159331957438
       0.679369663175       -0.193347594103        0.181140869956        0.223729837949
       2.929572160751       -0.000000063457        0.597575857003        0.347880352104
Diagonalize impurity H:
 
  +ETA --> fort.6
  10% |ETA: 0:00:00.521 @21 May 2019  10:50:12
  20% |ETA: 0:00:00.564
  31% |ETA: 0:00:00.712
  40% |ETA: 0:00:00.596
  50% |ETA: 0:00:00.720 @21 May 2019  10:50:12
  60% |ETA: 0:00:00.589
  70% |ETA: 0:00:00.911
  81% |ETA: 0:00:00.537
  90% |ETA: 0:00:00.580
 100% |ETA: 0:00:00.000
Total time [h:m:s.ms]:   0:00:00.353
#     i               E_i       exp(-(E-E0)/T)       Sect       Dim    Indices:
     1   -6.223026534433   1.000000000000E+00         30       735   3   5
Egs =     -6.223026534433   3   5
Z   =      1.000000000000
Get impurity Greens functions:
Get G_l1_s1
Total time [h:m:s.ms]:   0:00:00.017
Get G_l1_s2
Total time [h:m:s.ms]:   0:00:00.019
dens_ineq0001=    0.999775382566    0.999775382566
docc_ineq0001=    0.109768333085
mag _ineq0001=   -0.627252823553
Total time [h:m:s.ms]:   0:00:00.437
Get local Matsubara Green's function (no print)
Direct Inversion algorithm:
 
  +ETA --> fort.6
  10% |ETA: 0:00:00.735 @21 May 2019  10:50:12
  20% |ETA: 0:00:00.654
  30% |ETA: 0:00:00.582
  40% |ETA: 0:00:00.503
  50% |ETA: 0:00:00.841 @21 May 2019  10:50:13
  60% |ETA: 0:00:00.670
  70% |ETA: 0:00:00.501
  80% |ETA: 0:00:00.666
  90% |ETA: 0:00:00.666
 100% |ETA: 0:00:00.000
Total time [h:m:s.ms]:   0:00:00.833
Gloc matsubara: write spin-orbital diagonal elements. Split.
Store Gloc_l11_s1_iw_indx*.dat in Gloc_l11_s1_iw.tgz
Store Gloc_l11_s2_iw_indx*.dat in Gloc_l11_s2_iw.tgz
Updated impHloc:
chi^2|iter_ineq0001=    2.483743772E-07 |    11  <--  Orb1 Spin1
            #Ek_l1_s1              Vk_l1_s1             #Ek_l1_s2              Vk_l1_s2
      -0.783197690620        0.319589733987       -2.977310301449       -0.000061234506
      -0.259903149031        0.257195890747       -0.751093642970       -0.141303103384
      -0.127870341259        0.110678919396       -0.228008211668        0.060382863914
       0.300507841610        0.120930492641       -0.426646256792        0.159331957438
       0.679411658236       -0.193593491688        0.181140869956        0.223729837949
       2.929572160751       -0.000000063457        0.597575857003        0.347880352104
Updated impHloc:
chi^2|iter_ineq0001=    3.779887156E-06 |     4  <--  Orb1 Spin2
            #Ek_l1_s1              Vk_l1_s1             #Ek_l1_s2              Vk_l1_s2
      -0.783197690620        0.319589733987       -2.977310301449       -0.000061214187
      -0.259903149031        0.257195890747       -0.751115781304       -0.141092135393
      -0.127870341259        0.110678919396       -0.228058893471        0.060022525413
       0.300507841610        0.120930492641       -0.426750576316        0.158867116176
       0.679411658236       -0.193593491688        0.181499039309        0.223623468842
       2.929572160751       -0.000000063457        0.597576381766        0.348138270137
[1;91mmax error=[0m  8.9495470E-05
[1;91m    error=[0m  8.9495470E-05
[1;91mmin error=[0m  8.9495470E-05
=====================================
Total time [h:m:s.ms]:   0:00:01.407



-----DMFT-loop   13 (max:  100)-----
 0 SOLVES INEQ SITE: 0001
Updated impHloc:
            #Ek_l1_s1              Vk_l1_s1             #Ek_l1_s2              Vk_l1_s2
      -0.783178725412        0.319449947314       -2.977310301449       -0.000061224346
      -0.259647805278        0.257090485127       -0.751104712137       -0.141197619389
      -0.127785809457        0.110790933742       -0.228033552569        0.060202694664
       0.300215372053        0.121319003181       -0.426698416554        0.159099536807
       0.679390660706       -0.193470542895        0.181319954633        0.223676653395
       2.929572160751       -0.000000063457        0.597576119385        0.348009311121
Diagonalize impurity H:
 
  +ETA --> fort.6
  10% |ETA: 0:00:00.521 @21 May 2019  10:50:13
  20% |ETA: 0:00:00.580
  31% |ETA: 0:00:00.703
  40% |ETA: 0:00:00.590
  50% |ETA: 0:00:00.716 @21 May 2019  10:50:13
  60% |ETA: 0:00:00.587
  70% |ETA: 0:00:00.915
  81% |ETA: 0:00:00.539
  90% |ETA: 0:00:00.580
 100% |ETA: 0:00:00.000
Total time [h:m:s.ms]:   0:00:00.353
#     i               E_i       exp(-(E-E0)/T)       Sect       Dim    Indices:
     1   -6.223494218910   1.000000000000E+00         30       735   3   5
Egs =     -6.223494218910   3   5
Z   =      1.000000000000
Get impurity Greens functions:
Get G_l1_s1
Total time [h:m:s.ms]:   0:00:00.018
Get G_l1_s2
Total time [h:m:s.ms]:   0:00:00.019
dens_ineq0001=    0.999788540948    0.999788540948
docc_ineq0001=    0.109743560218
mag _ineq0001=   -0.627556797735
Total time [h:m:s.ms]:   0:00:00.436
Get local Matsubara Green's function (no print)
Direct Inversion algorithm:
 
  +ETA --> fort.6
  10% |ETA: 0:00:00.744 @21 May 2019  10:50:14
  20% |ETA: 0:00:00.650
  30% |ETA: 0:00:00.566
  40% |ETA: 0:00:00.983
  50% |ETA: 0:00:00.829 @21 May 2019  10:50:14
  60% |ETA: 0:00:00.666
  70% |ETA: 0:00:00.500
  80% |ETA: 0:00:00.664
  90% |ETA: 0:00:00.662
 100% |ETA: 0:00:00.***
Total time [h:m:s.ms]:   0:00:00.830
Gloc matsubara: write spin-orbital diagonal elements. Split.
Store Gloc_l11_s1_iw_indx*.dat in Gloc_l11_s1_iw.tgz
Store Gloc_l11_s2_iw_indx*.dat in Gloc_l11_s2_iw.tgz
Updated impHloc:
chi^2|iter_ineq0001=    2.483796787E-07 |    11  <--  Orb1 Spin1
            #Ek_l1_s1              Vk_l1_s1             #Ek_l1_s2              Vk_l1_s2
      -0.783260792481        0.319619655947       -2.977310301449       -0.000061224346
      -0.260020186063        0.257244676268       -0.751104712137       -0.141197619389
      -0.127893468961        0.110663776068       -0.228033552569        0.060202694664
       0.300637541440        0.120816702902       -0.426698416554        0.159099536807
       0.679409858164       -0.193621143941        0.181319954633        0.223676653395
       2.929572160751       -0.000000063457        0.597576119385        0.348009311121
Updated impHloc:
chi^2|iter_ineq0001=    3.780176654E-06 |     4  <--  Orb1 Spin2
            #Ek_l1_s1              Vk_l1_s1             #Ek_l1_s2              Vk_l1_s2
      -0.783260792481        0.319619655947       -2.977310301450       -0.000061183563
      -0.260020186063        0.257244676268       -0.751118580092       -0.141073328292
      -0.127893468961        0.110663776068       -0.228078416386        0.059933510228
       0.300637541440        0.120816702902       -0.426779373376        0.158796650197
       0.679409858164       -0.193621143941        0.181556236165        0.223603487668
       2.929572160751       -0.000000063457        0.597580101439        0.348172794885
[1;91mmax error=[0m  6.1554566E-05
[1;91m    error=[0m  6.1554566E-05
[1;91mmin error=[0m  6.1554566E-05
=====================================
Total time [h:m:s.ms]:   0:00:01.397



-----DMFT-loop   14 (max:  100)-----
 0 SOLVES INEQ SITE: 0001
Updated impHloc:
            #Ek_l1_s1              Vk_l1_s1             #Ek_l1_s2              Vk_l1_s2
      -0.783219758947        0.319534801631       -2.977310301450       -0.000061203955
      -0.259833995671        0.257167580697       -0.751111646115       -0.141135473840
      -0.127839639209        0.110727354905       -0.228055984478        0.060068102446
       0.300426456746        0.121067853042       -0.426738894965        0.158948093502
       0.679400259435       -0.193545843418        0.181438095399        0.223640070532
       2.929572160751       -0.000000063457        0.597578110412        0.348091053003
Diagonalize impurity H:
 
  +ETA --> fort.6
  10% |ETA: 0:00:00.521 @21 May 2019  10:50:15
  20% |ETA: 0:00:00.564
  31% |ETA: 0:00:00.703
  40% |ETA: 0:00:00.584
  50% |ETA: 0:00:00.712 @21 May 2019  10:50:15
  60% |ETA: 0:00:00.584
  70% |ETA: 0:00:00.905
  81% |ETA: 0:00:00.533
  90% |ETA: 0:00:00.577
 100% |ETA: 0:00:00.000
Total time [h:m:s.ms]:   0:00:00.351
#     i               E_i       exp(-(E-E0)/T)       Sect       Dim    Indices:
     1   -6.223856992307   1.000000000000E+00         30       735   3   5
Egs =     -6.223856992307   3   5
Z   =      1.000000000000
Get impurity Greens functions:
Get G_l1_s1
Total time [h:m:s.ms]:   0:00:00.017
Get G_l1_s2
Total time [h:m:s.ms]:   0:00:00.020
dens_ineq0001=    0.999798598884    0.999798598884
docc_ineq0001=    0.109727611997
mag _ineq0001=   -0.627757874736
Total time [h:m:s.ms]:   0:00:00.435
Get local Matsubara Green's function (no print)
Direct Inversion algorithm:
 
  +ETA --> fort.6
  10% |ETA: 0:00:00.788 @21 May 2019  10:50:15
  20% |ETA: 0:00:00.694
  30% |ETA: 0:00:00.601
  40% |ETA: 0:00:00.509
  50% |ETA: 0:00:00.839 @21 May 2019  10:50:15
  60% |ETA: 0:00:00.668
  70% |ETA: 0:00:00.502
  80% |ETA: 0:00:00.670
  90% |ETA: 0:00:00.670
 100% |ETA: 0:00:00.***
Total time [h:m:s.ms]:   0:00:00.840
Gloc matsubara: write spin-orbital diagonal elements. Split.
Store Gloc_l11_s1_iw_indx*.dat in Gloc_l11_s1_iw.tgz
Store Gloc_l11_s2_iw_indx*.dat in Gloc_l11_s2_iw.tgz
Updated impHloc:
chi^2|iter_ineq0001=    2.482703066E-07 |     9  <--  Orb1 Spin1
            #Ek_l1_s1              Vk_l1_s1             #Ek_l1_s2              Vk_l1_s2
      -0.783333002092        0.319629566310       -2.977310301450       -0.000061203955
      -0.260117937501        0.257282825456       -0.751111646115       -0.141135473840
      -0.127908097540        0.110662805081       -0.228055984478        0.060068102446
       0.300749017105        0.120739158993       -0.426738894965        0.158948093502
       0.679404624618       -0.193638738257        0.181438095399        0.223640070532
       2.929572160751       -0.000000063457        0.597578110412        0.348091053003
Updated impHloc:
chi^2|iter_ineq0001=    3.771878190E-06 |     7  <--  Orb1 Spin2
            #Ek_l1_s1              Vk_l1_s1             #Ek_l1_s2              Vk_l1_s2
      -0.783333002092        0.319629566310       -2.977310301451       -0.000061651850
      -0.260117937501        0.257282825456       -0.751091521324       -0.141427440270
      -0.127908097540        0.110662805081       -0.228302877860        0.059390457149
       0.300749017105        0.120739158993       -0.426994231775        0.159018989752
       0.679404624618       -0.193638738257        0.181681112148        0.223661128489
       2.929572160751       -0.000000063457        0.597628689711        0.348229014446
[1;91mmax error=[0m  4.0692039E-05
[1;91m    error=[0m  4.0692039E-05
[1;91mmin error=[0m  4.0692039E-05
=====================================
Total time [h:m:s.ms]:   0:00:01.408



-----DMFT-loop   15 (max:  100)-----
 0 SOLVES INEQ SITE: 0001
Updated impHloc:
            #Ek_l1_s1              Vk_l1_s1             #Ek_l1_s2              Vk_l1_s2
      -0.783276380519        0.319582183970       -2.977310301450       -0.000061427902
      -0.259975966586        0.257225203077       -0.751101583719       -0.141281457055
      -0.127873868374        0.110695079993       -0.228179431169        0.059729279797
       0.300587736926        0.120903506017       -0.426866563370        0.158983541627
       0.679402442026       -0.193592290837        0.181559603773        0.223650599510
       2.929572160751       -0.000000063457        0.597603400061        0.348160033724
Diagonalize impurity H:
 
  +ETA --> fort.6
  10% |ETA: 0:00:00.521 @21 May 2019  10:50:16
  20% |ETA: 0:00:00.580
  31% |ETA: 0:00:00.712
  40% |ETA: 0:00:00.590
  50% |ETA: 0:00:00.716 @21 May 2019  10:50:16
  60% |ETA: 0:00:00.587
  70% |ETA: 0:00:00.911
  81% |ETA: 0:00:00.537
  90% |ETA: 0:00:00.582
 100% |ETA: 0:00:00.000
Total time [h:m:s.ms]:   0:00:00.354
#     i               E_i       exp(-(E-E0)/T)       Sect       Dim    Indices:
     1   -6.224365159054   1.000000000000E+00         30       735   3   5
Egs =     -6.224365159054   3   5
Z   =      1.000000000000
Get impurity Greens functions:
Get G_l1_s1
Total time [h:m:s.ms]:   0:00:00.018
Get G_l1_s2
Total time [h:m:s.ms]:   0:00:00.020
dens_ineq0001=    0.999793754144    0.999793754144
docc_ineq0001=    0.109718109225
mag _ineq0001=   -0.627862056778
Total time [h:m:s.ms]:   0:00:00.440
Get local Matsubara Green's function (no print)
Direct Inversion algorithm:
 
  +ETA --> fort.6
  10% |ETA: 0:00:00.770 @21 May 2019  10:50:16
  20% |ETA: 0:00:00.682
  30% |ETA: 0:00:00.598
  40% |ETA: 0:00:00.510
  50% |ETA: 0:00:00.851 @21 May 2019  10:50:17
  60% |ETA: 0:00:00.686
  70% |ETA: 0:00:00.513
  80% |ETA: 0:00:00.679
  90% |ETA: 0:00:00.681
 100% |ETA: 0:00:00.000
Total time [h:m:s.ms]:   0:00:00.855
Gloc matsubara: write spin-orbital diagonal elements. Split.
Store Gloc_l11_s1_iw_indx*.dat in Gloc_l11_s1_iw.tgz
Store Gloc_l11_s2_iw_indx*.dat in Gloc_l11_s2_iw.tgz
Updated impHloc:
chi^2|iter_ineq0001=    2.484530302E-07 |     7  <--  Orb1 Spin1
            #Ek_l1_s1              Vk_l1_s1             #Ek_l1_s2              Vk_l1_s2
      -0.783337448897        0.319597928677       -2.977310301450       -0.000061427902
      -0.260090433961        0.257297458262       -0.751101583719       -0.141281457055
      -0.127975056965        0.110640507403       -0.228179431169        0.059729279797
       0.300743718493        0.120705812650       -0.426866563370        0.158983541627
       0.679409943740       -0.193590546616        0.181559603773        0.223650599510
       2.929572160751       -0.000000063457        0.597603400061        0.348160033724
Updated impHloc:
chi^2|iter_ineq0001=    3.769802450E-06 |     7  <--  Orb1 Spin2
            #Ek_l1_s1              Vk_l1_s1             #Ek_l1_s2              Vk_l1_s2
      -0.783337448897        0.319597928677       -2.977310301467       -0.000061976226
      -0.260090433961        0.257297458262       -0.751068497926       -0.141499099882
      -0.127975056965        0.110640507403       -0.228379817817        0.059220458632
       0.300743718493        0.120705812650       -0.427054986132        0.159100466217
       0.679409943740       -0.193590546616        0.181643189766        0.223592916329
       2.929572160751       -0.000000063457        0.597758689166        0.348379618774
[1;91mmax error=[0m  2.3077237E-05
[1;91m    error=[0m  2.3077237E-05
[1;91mmin error=[0m  2.3077237E-05
=====================================
Total time [h:m:s.ms]:   0:00:01.426



-----DMFT-loop   16 (max:  100)-----
 0 SOLVES INEQ SITE: 0001
Updated impHloc:
            #Ek_l1_s1              Vk_l1_s1             #Ek_l1_s2              Vk_l1_s2
      -0.783306914708        0.319590056323       -2.977310301459       -0.000061702064
      -0.260033200273        0.257261330669       -0.751085040823       -0.141390278469
      -0.127924462670        0.110667793698       -0.228279624493        0.059474869215
       0.300665727709        0.120804659334       -0.426960774751        0.159042003922
       0.679406192883       -0.193591418727        0.181601396770        0.223621757920
       2.929572160751       -0.000000063457        0.597681044614        0.348269826249
Diagonalize impurity H:
 
  +ETA --> fort.6
  10% |ETA: 0:00:00.521 @21 May 2019  10:50:17
  20% |ETA: 0:00:00.580
  31% |ETA: 0:00:00.712
  40% |ETA: 0:00:00.590
  50% |ETA: 0:00:00.720 @21 May 2019  10:50:18
  60% |ETA: 0:00:00.592
  70% |ETA: 0:00:00.915
  81% |ETA: 0:00:00.540
  90% |ETA: 0:00:00.585
 100% |ETA: 0:00:00.000
Total time [h:m:s.ms]:   0:00:00.356
#     i               E_i       exp(-(E-E0)/T)       Sect       Dim    Indices:
     1   -6.224707592166   1.000000000000E+00         30       735   3   5
Egs =     -6.224707592166   3   5
Z   =      1.000000000000
Get impurity Greens functions:
Get G_l1_s1
Total time [h:m:s.ms]:   0:00:00.017
Get G_l1_s2
Total time [h:m:s.ms]:   0:00:00.020
dens_ineq0001=    0.999788241693    0.999788241693
docc_ineq0001=    0.109710597031
mag _ineq0001=   -0.627932481911
Total time [h:m:s.ms]:   0:00:00.441
Get local Matsubara Green's function (no print)
Direct Inversion algorithm:
 
  +ETA --> fort.6
  10% |ETA: 0:00:00.735 @21 May 2019  10:50:18
  20% |ETA: 0:00:00.658
  30% |ETA: 0:00:00.582
  40% |ETA: 0:00:00.502
  50% |ETA: 0:00:00.839 @21 May 2019  10:50:18
  60% |ETA: 0:00:00.672
  70% |ETA: 0:00:00.505
  80% |ETA: 0:00:00.672
  90% |ETA: 0:00:00.671
 100% |ETA: 0:00:00.000
Total time [h:m:s.ms]:   0:00:00.847
Gloc matsubara: write spin-orbital diagonal elements. Split.
Store Gloc_l11_s1_iw_indx*.dat in Gloc_l11_s1_iw.tgz
Store Gloc_l11_s2_iw_indx*.dat in Gloc_l11_s2_iw.tgz
Updated impHloc:
chi^2|iter_ineq0001=    2.479539938E-07 |     7  <--  Orb1 Spin1
            #Ek_l1_s1              Vk_l1_s1             #Ek_l1_s2              Vk_l1_s2
      -0.783457604067        0.319614500625       -2.977310301459       -0.000061702064
      -0.260241920590        0.257340152059       -0.751085040823       -0.141390278469
      -0.127940428109        0.110673634365       -0.228279624493        0.059474869215
       0.300902708890        0.120672569697       -0.426960774751        0.159042003922
       0.679390816921       -0.193667355205        0.181601396770        0.223621757920
       2.929572160751       -0.000000063457        0.597681044614        0.348269826249
Updated impHloc:
chi^2|iter_ineq0001=    3.770244865E-06 |     4  <--  Orb1 Spin2
            #Ek_l1_s1              Vk_l1_s1             #Ek_l1_s2              Vk_l1_s2
      -0.783457604067        0.319614500625       -2.977310301459       -0.000061729428
      -0.260241920590        0.257340152059       -0.751085119859       -0.141361186748
      -0.127940428109        0.110673634365       -0.228300026780        0.059385305264
       0.300902708890        0.120672569697       -0.426988652415        0.158969643758
       0.679390816921       -0.193667355205        0.181656888158        0.223592715904
       2.929572160751       -0.000000063457        0.597704461781        0.348328886093
[1;91mmax error=[0m  1.5546058E-05
[1;91m    error=[0m  1.5546058E-05
[1;91mmin error=[0m  1.5546058E-05
=====================================
Total time [h:m:s.ms]:   0:00:01.414



-----DMFT-loop   17 (max:  100)-----
 0 SOLVES INEQ SITE: 0001
Updated impHloc:
            #Ek_l1_s1              Vk_l1_s1             #Ek_l1_s2              Vk_l1_s2
      -0.783382259388        0.319602278474       -2.977310301459       -0.000061715746
      -0.260137560432        0.257300741364       -0.751085080341       -0.141375732608
      -0.127932445389        0.110670714032       -0.228289825636        0.059430087239
       0.300784218300        0.120738614515       -0.426974713583        0.159005823840
       0.679398504902       -0.193629386966        0.181629142464        0.223607236912
       2.929572160751       -0.000000063457        0.597692753197        0.348299356171
Diagonalize impurity H:
 
  +ETA --> fort.6
  10% |ETA: 0:00:00.521 @21 May 2019  10:50:19
  20% |ETA: 0:00:00.612
  31% |ETA: 0:00:00.748
  40% |ETA: 0:00:00.619
  50% |ETA: 0:00:00.744 @21 May 2019  10:50:19
  60% |ETA: 0:00:00.610
  70% |ETA: 0:00:00.942
  81% |ETA: 0:00:00.553
  90% |ETA: 0:00:00.599
 100% |ETA: 0:00:00.000
Total time [h:m:s.ms]:   0:00:00.363
#     i               E_i       exp(-(E-E0)/T)       Sect       Dim    Indices:
     1   -6.224927607169   1.000000000000E+00         30       735   3   5
Egs =     -6.224927607169   3   5
Z   =      1.000000000000
Get impurity Greens functions:
Get G_l1_s1
Total time [h:m:s.ms]:   0:00:00.017
Get G_l1_s2
Total time [h:m:s.ms]:   0:00:00.020
dens_ineq0001=    0.999791998097    0.999791998097
docc_ineq0001=    0.109707279686
mag _ineq0001=   -0.627987381522
Total time [h:m:s.ms]:   0:00:00.449
Get local Matsubara Green's function (no print)
Direct Inversion algorithm:
 
  +ETA --> fort.6
  10% |ETA: 0:00:00.770 @21 May 2019  10:50:19
  20% |ETA: 0:00:00.678
  30% |ETA: 0:00:00.587
  40% |ETA: 0:00:00.502
  50% |ETA: 0:00:00.835 @21 May 2019  10:50:20
  60% |ETA: 0:00:00.664
  70% |ETA: 0:00:00.997
  80% |ETA: 0:00:00.665
  90% |ETA: 0:00:00.668
 100% |ETA: 0:00:00.000
Total time [h:m:s.ms]:   0:00:00.838
Gloc matsubara: write spin-orbital diagonal elements. Split.
Store Gloc_l11_s1_iw_indx*.dat in Gloc_l11_s1_iw.tgz
Store Gloc_l11_s2_iw_indx*.dat in Gloc_l11_s2_iw.tgz
Updated impHloc:
chi^2|iter_ineq0001=    1.421005666E-07 |   176  <--  Orb1 Spin1
            #Ek_l1_s1              Vk_l1_s1             #Ek_l1_s2              Vk_l1_s2
      -0.825828782615        0.312069296396       -2.977310301459       -0.000061715746
      -0.280122967378        0.261453606516       -0.751085080341       -0.141375732608
      -0.135561372780        0.126874247169       -0.228289825636        0.059430087239
       0.303611200808        0.122326702708       -0.426974713583        0.159005823840
       0.685088832733       -0.193106267033        0.181629142464        0.223607236912
       2.929572160751       -0.000000063457        0.597692753197        0.348299356171
Updated impHloc:
chi^2|iter_ineq0001=    3.767958293E-06 |     6  <--  Orb1 Spin2
            #Ek_l1_s1              Vk_l1_s1             #Ek_l1_s2              Vk_l1_s2
      -0.825828782615        0.312069296396       -2.977310301462       -0.000061742016
      -0.280122967378        0.261453606516       -0.751040435887       -0.141508219772
      -0.135561372780        0.126874247169       -0.228434129255        0.059105725623
       0.303611200808        0.122326702708       -0.427093328485        0.159150363790
       0.685088832733       -0.193106267033        0.181634087204        0.223554683861
       2.929572160751       -0.000000063457        0.597922152946        0.348491219381
[1;91mmax error=[0m  1.1372504E-05
[1;91m    error=[0m  1.1372504E-05
[1;91mmin error=[0m  1.1372504E-05
=====================================
Total time [h:m:s.ms]:   0:00:01.881



-----DMFT-loop   18 (max:  100)-----
 0 SOLVES INEQ SITE: 0001
Updated impHloc:
            #Ek_l1_s1              Vk_l1_s1             #Ek_l1_s2              Vk_l1_s2
      -0.804605521001        0.315835787435       -2.977310301460       -0.000061728881
      -0.270130263905        0.259377173940       -0.751062758114       -0.141441976190
      -0.131746909084        0.118772480600       -0.228361977446        0.059267906431
       0.302197709554        0.121532658612       -0.427034021034        0.159078093815
       0.682243668818       -0.193367827000        0.181631614834        0.223580960386
       2.929572160751       -0.000000063457        0.597807453072        0.348395287776
Diagonalize impurity H:
 
  +ETA --> fort.6
  10% |ETA: 0:00:00.521 @21 May 2019  10:50:21
  20% |ETA: 0:00:00.564
  31% |ETA: 0:00:00.712
  40% |ETA: 0:00:00.590
  50% |ETA: 0:00:00.716 @21 May 2019  10:50:21
  60% |ETA: 0:00:00.589
  70% |ETA: 0:00:00.918
  81% |ETA: 0:00:00.540
  90% |ETA: 0:00:00.589
 100% |ETA: 0:00:00.000
Total time [h:m:s.ms]:   0:00:00.357
#     i               E_i       exp(-(E-E0)/T)       Sect       Dim    Indices:
     1   -6.260064811008   1.000000000000E+00         30       735   3   5
Egs =     -6.260064811008   3   5
Z   =      1.000000000000
Get impurity Greens functions:
Get G_l1_s1
Total time [h:m:s.ms]:   0:00:00.017
Get G_l1_s2
Total time [h:m:s.ms]:   0:00:00.020
dens_ineq0001=    0.999704453779    0.999704453779
docc_ineq0001=    0.109616526236
mag _ineq0001=   -0.628267390180
Total time [h:m:s.ms]:   0:00:00.443
Get local Matsubara Green's function (no print)
Direct Inversion algorithm:
 
  +ETA --> fort.6
  10% |ETA: 0:00:00.761 @21 May 2019  10:50:21
  20% |ETA: 0:00:00.666
  30% |ETA: 0:00:00.580
  40% |ETA: 0:00:00.992
  50% |ETA: 0:00:00.831 @21 May 2019  10:50:22
  60% |ETA: 0:00:00.664
  70% |ETA: 0:00:00.997
  80% |ETA: 0:00:00.662
  90% |ETA: 0:00:00.661
 100% |ETA: 0:00:00.***
Total time [h:m:s.ms]:   0:00:00.830
Gloc matsubara: write spin-orbital diagonal elements. Split.
Store Gloc_l11_s1_iw_indx*.dat in Gloc_l11_s1_iw.tgz
Store Gloc_l11_s2_iw_indx*.dat in Gloc_l11_s2_iw.tgz
Updated impHloc:
chi^2|iter_ineq0001=    1.875833325E-07 |     4  <--  Orb1 Spin1
            #Ek_l1_s1              Vk_l1_s1             #Ek_l1_s2              Vk_l1_s2
      -0.804596189350        0.315924885959       -2.977310301460       -0.000061728881
      -0.270119144846        0.259515338932       -0.751062758114       -0.141441976190
      -0.131797108900        0.118811209110       -0.228361977446        0.059267906431
       0.302205785987        0.121483030062       -0.427034021034        0.159078093815
       0.682248627105       -0.193320872744        0.181631614834        0.223580960386
       2.929572160751       -0.000000063457        0.597807453072        0.348395287776
Updated impHloc:
chi^2|iter_ineq0001=    3.770181322E-06 |     4  <--  Orb1 Spin2
            #Ek_l1_s1              Vk_l1_s1             #Ek_l1_s2              Vk_l1_s2
      -0.804596189350        0.315924885959       -2.977310301460       -0.000061728951
      -0.270119144846        0.259515338932       -0.751066204803       -0.141398949619
      -0.131797108900        0.118811209110       -0.228373638063        0.059191774359
       0.302205785987        0.121483030062       -0.427056862676        0.158984474585
       0.682248627105       -0.193320872744        0.181640662459        0.223590000500
       2.929572160751       -0.000000063457        0.597815881984        0.348431943875
[1;91mmax error=[0m  6.5324920E-05
[1;91m    error=[0m  6.5324920E-05
[1;91mmin error=[0m  6.5324920E-05
=====================================
Total time [h:m:s.ms]:   0:00:01.389



-----DMFT-loop   19 (max:  100)-----
 0 SOLVES INEQ SITE: 0001
Updated impHloc:
            #Ek_l1_s1              Vk_l1_s1             #Ek_l1_s2              Vk_l1_s2
      -0.804600855176        0.315880336697       -2.977310301460       -0.000061728916
      -0.270124704375        0.259446256436       -0.751064481458       -0.141420462904
      -0.131772008992        0.118791844855       -0.228367807754        0.059229840395
       0.302201747770        0.121507844337       -0.427045441855        0.159031284200
       0.682246147961       -0.193344349872        0.181636138647        0.223585480443
       2.929572160751       -0.000000063457        0.597811667528        0.348413615826
Diagonalize impurity H:
 
  +ETA --> fort.6
  10% |ETA: 0:00:00.521 @21 May 2019  10:50:22
  20% |ETA: 0:00:00.580
  31% |ETA: 0:00:00.721
  40% |ETA: 0:00:00.596
  50% |ETA: 0:00:00.724 @21 May 2019  10:50:22
  60% |ETA: 0:00:00.594
  70% |ETA: 0:00:00.922
  81% |ETA: 0:00:00.542
  90% |ETA: 0:00:00.589
 100% |ETA: 0:00:00.000
Total time [h:m:s.ms]:   0:00:00.357
#     i               E_i       exp(-(E-E0)/T)       Sect       Dim    Indices:
     1   -6.260161892624   1.000000000000E+00         30       735   3   5
Egs =     -6.260161892624   3   5
Z   =      1.000000000000
Get impurity Greens functions:
Get G_l1_s1
Total time [h:m:s.ms]:   0:00:00.017
Get G_l1_s2
Total time [h:m:s.ms]:   0:00:00.019
dens_ineq0001=    0.999725215047    0.999725215047
docc_ineq0001=    0.109637984526
mag _ineq0001=   -0.628230741180
Total time [h:m:s.ms]:   0:00:00.441
Get local Matsubara Green's function (no print)
Direct Inversion algorithm:
 
  +ETA --> fort.6
  10% |ETA: 0:00:00.761 @21 May 2019  10:50:23
  20% |ETA: 0:00:00.674
  30% |ETA: 0:00:00.584
  40% |ETA: 0:00:00.500
  50% |ETA: 0:00:00.835 @21 May 2019  10:50:23
  60% |ETA: 0:00:00.670
  70% |ETA: 0:00:00.501
  80% |ETA: 0:00:00.666
  90% |ETA: 0:00:00.664
 100% |ETA: 0:00:00.000
Total time [h:m:s.ms]:   0:00:00.833
Gloc matsubara: write spin-orbital diagonal elements. Split.
Store Gloc_l11_s1_iw_indx*.dat in Gloc_l11_s1_iw.tgz
Store Gloc_l11_s2_iw_indx*.dat in Gloc_l11_s2_iw.tgz
Updated impHloc:
chi^2|iter_ineq0001=    1.875417061E-07 |     4  <--  Orb1 Spin1
            #Ek_l1_s1              Vk_l1_s1             #Ek_l1_s2              Vk_l1_s2
      -0.804600521341        0.315922229057       -2.977310301460       -0.000061728916
      -0.270109856993        0.259522292038       -0.751064481458       -0.141420462904
      -0.131805566645        0.118817921933       -0.228367807754        0.059229840395
       0.302210347846        0.121479518330       -0.427045441855        0.159031284200
       0.682249067377       -0.193322999429        0.181636138647        0.223585480443
       2.929572160751       -0.000000063457        0.597811667528        0.348413615826
Updated impHloc:
chi^2|iter_ineq0001=    3.769431901E-06 |     4  <--  Orb1 Spin2
            #Ek_l1_s1              Vk_l1_s1             #Ek_l1_s2              Vk_l1_s2
      -0.804600521341        0.315922229057       -2.977310301460       -0.000061643206
      -0.270109856993        0.259522292038       -0.751061910827       -0.141409396424
      -0.131805566645        0.118817921933       -0.228383569228        0.059172147013
       0.302210347846        0.121479518330       -0.427064602663        0.159000061849
       0.682249067377       -0.193322999429        0.181652206007        0.223583314499
       2.929572160751       -0.000000063457        0.597836205922        0.348436949867
[1;91mmax error=[0m  1.1748940E-05
[1;91m    error=[0m  1.1748940E-05
[1;91mmin error=[0m  1.1748940E-05
=====================================
Total time [h:m:s.ms]:   0:00:01.394



-----DMFT-loop   20 (max:  100)-----
 0 SOLVES INEQ SITE: 0001
Updated impHloc:
            #Ek_l1_s1              Vk_l1_s1             #Ek_l1_s2              Vk_l1_s2
      -0.804600688258        0.315901282877       -2.977310301460       -0.000061686061
      -0.270117280684        0.259484274237       -0.751063196143       -0.141414929664
      -0.131788787819        0.118804883394       -0.228375688491        0.059200993704
       0.302206047808        0.121493681333       -0.427055022259        0.159015673024
       0.682247607669       -0.193333674650        0.181644172327        0.223584397471
       2.929572160751       -0.000000063457        0.597823936725        0.348425282847
Diagonalize impurity H:
 
  +ETA --> fort.6
  10% |ETA: 0:00:00.521 @21 May 2019  10:50:23
  20% |ETA: 0:00:00.564
  31% |ETA: 0:00:00.703
  40% |ETA: 0:00:00.584
  50% |ETA: 0:00:00.716 @21 May 2019  10:50:24
  60% |ETA: 0:00:00.587
  70% |ETA: 0:00:00.911
  81% |ETA: 0:00:00.539
  90% |ETA: 0:00:00.585
 100% |ETA: 0:00:00.000
Total time [h:m:s.ms]:   0:00:00.355
#     i               E_i       exp(-(E-E0)/T)       Sect       Dim    Indices:
     1   -6.260219824151   1.000000000000E+00         30       735   3   5
Egs =     -6.260219824151   3   5
Z   =      1.000000000000
Get impurity Greens functions:
Get G_l1_s1
Total time [h:m:s.ms]:   0:00:00.017
Get G_l1_s2
Total time [h:m:s.ms]:   0:00:00.019
dens_ineq0001=    0.999738601605    0.999738601605
docc_ineq0001=    0.109650273434
mag _ineq0001=   -0.628213176969
Total time [h:m:s.ms]:   0:00:00.440
Get local Matsubara Green's function (no print)
Direct Inversion algorithm:
 
  +ETA --> fort.6
  10% |ETA: 0:00:00.761 @21 May 2019  10:50:24
  20% |ETA: 0:00:00.678
  30% |ETA: 0:00:00.584
  40% |ETA: 0:00:00.998
  50% |ETA: 0:00:00.833 @21 May 2019  10:50:24
  60% |ETA: 0:00:00.670
  70% |ETA: 0:00:00.502
  80% |ETA: 0:00:00.666
  90% |ETA: 0:00:00.665
 100% |ETA: 0:00:00.500
Total time [h:m:s.ms]:   0:00:00.831
Gloc matsubara: write spin-orbital diagonal elements. Split.
Store Gloc_l11_s1_iw_indx*.dat in Gloc_l11_s1_iw.tgz
Store Gloc_l11_s2_iw_indx*.dat in Gloc_l11_s2_iw.tgz
Updated impHloc:
chi^2|iter_ineq0001=    1.524484585E-07 |    27  <--  Orb1 Spin1
            #Ek_l1_s1              Vk_l1_s1             #Ek_l1_s2              Vk_l1_s2
      -0.822713809541        0.312751304221       -2.977310301460       -0.000061686061
      -0.278267449420        0.261107928619       -0.751063196143       -0.141414929664
      -0.135055706311        0.125484213325       -0.228375688491        0.059200993704
       0.307128432810        0.123892899199       -0.427055022259        0.159015673024
       0.684127429052       -0.191463564349        0.181644172327        0.223584397471
       2.929572160751       -0.000000063457        0.597823936725        0.348425282847
Updated impHloc:
chi^2|iter_ineq0001=    3.768019195E-06 |     4  <--  Orb1 Spin2
            #Ek_l1_s1              Vk_l1_s1             #Ek_l1_s2              Vk_l1_s2
      -0.822713809541        0.312751304221       -2.977310301424       -0.000060069856
      -0.278267449420        0.261107928619       -0.751025545278       -0.141487915796
      -0.135055706311        0.125484213325       -0.228469956596        0.058991174415
       0.307128432810        0.123892899199       -0.427134706175        0.159113602318
       0.684127429052       -0.191463564349        0.181662023137        0.223600077630
       2.929572160751       -0.000000063457        0.598010067171        0.348479373226
[1;93mmax error=[0m  7.9004331E-06
[1;93m    error=[0m  7.9004331E-06
[1;93mmin error=[0m  7.9004331E-06
=====================================
Total time [h:m:s.ms]:   0:00:01.448



-----DMFT-loop   21 (max:  100)-----
 0 SOLVES INEQ SITE: 0001
Updated impHloc:
            #Ek_l1_s1              Vk_l1_s1             #Ek_l1_s2              Vk_l1_s2
      -0.813657248899        0.314326293549       -2.977310301442       -0.000060877958
      -0.274192365052        0.260296101428       -0.751044370710       -0.141451422730
      -0.133422247065        0.122144548360       -0.228422822544        0.059096084059
       0.304667240309        0.122693290266       -0.427094864217        0.159064637671
       0.683187518360       -0.192398619500        0.181653097732        0.223592237550
       2.929572160751       -0.000000063457        0.597917001948        0.348452328036
Diagonalize impurity H:
 
  +ETA --> fort.6
  10% |ETA: 0:00:00.521 @21 May 2019  10:50:25
  20% |ETA: 0:00:00.564
  31% |ETA: 0:00:00.695
  40% |ETA: 0:00:00.578
  50% |ETA: 0:00:00.704 @21 May 2019  10:50:25
  60% |ETA: 0:00:00.579
  70% |ETA: 0:00:00.898
  81% |ETA: 0:00:00.528
  90% |ETA: 0:00:00.572
 100% |ETA: 0:00:00.000
Total time [h:m:s.ms]:   0:00:00.348
#     i               E_i       exp(-(E-E0)/T)       Sect       Dim    Indices:
     1   -6.275072984434   1.000000000000E+00         30       735   3   5
Egs =     -6.275072984434   3   5
Z   =      1.000000000000
Get impurity Greens functions:
Get G_l1_s1
Total time [h:m:s.ms]:   0:00:00.017
Get G_l1_s2
Total time [h:m:s.ms]:   0:00:00.019
dens_ineq0001=    0.999716551999    0.999716551999
docc_ineq0001=    0.109627508083
mag _ineq0001=   -0.628278079474
Total time [h:m:s.ms]:   0:00:00.432
Get local Matsubara Green's function (no print)
Direct Inversion algorithm:
 
  +ETA --> fort.6
  10% |ETA: 0:00:00.744 @21 May 2019  10:50:25
  20% |ETA: 0:00:00.670
  30% |ETA: 0:00:00.584
  40% |ETA: 0:00:00.506
  50% |ETA: 0:00:00.839 @21 May 2019  10:50:26
  60% |ETA: 0:00:00.675
  70% |ETA: 0:00:00.505
  80% |ETA: 0:00:00.674
  90% |ETA: 0:00:00.679
 100% |ETA: 0:00:00.***
Total time [h:m:s.ms]:   0:00:00.851
Gloc matsubara: write spin-orbital diagonal elements. Split.
Store Gloc_l11_s1_iw_indx*.dat in Gloc_l11_s1_iw.tgz
Store Gloc_l11_s2_iw_indx*.dat in Gloc_l11_s2_iw.tgz
Updated impHloc:
chi^2|iter_ineq0001=    1.668525428E-07 |     4  <--  Orb1 Spin1
            #Ek_l1_s1              Vk_l1_s1             #Ek_l1_s2              Vk_l1_s2
      -0.813662361023        0.314344818220       -2.977310301442       -0.000060877958
      -0.274179764243        0.260340547608       -0.751044370710       -0.141451422730
      -0.133451117146        0.122162751581       -0.228422822544        0.059096084059
       0.304673647724        0.122668819780       -0.427094864217        0.159064637671
       0.683193626318       -0.192395856256        0.181653097732        0.223592237550
       2.929572160751       -0.000000063457        0.597917001948        0.348452328036
Updated impHloc:
chi^2|iter_ineq0001=    3.762692931E-06 |    10  <--  Orb1 Spin2
            #Ek_l1_s1              Vk_l1_s1             #Ek_l1_s2              Vk_l1_s2
      -0.813662361023        0.314344818220       -2.977310301129       -0.000044057751
      -0.274179764243        0.260340547608       -0.750461579879       -0.140947275116
      -0.133451117146        0.122162751581       -0.228865625946        0.058472950433
       0.304673647724        0.122668819780       -0.427351726781        0.159851621896
       0.683193626318       -0.192395856256        0.182092922726        0.224295646477
       2.929572160751       -0.000000063457        0.600896903713        0.348459350240
[1;91mmax error=[0m  1.3891851E-05
[1;91m    error=[0m  1.3891851E-05
[1;91mmin error=[0m  1.3891851E-05
=====================================
Total time [h:m:s.ms]:   0:00:01.424



-----DMFT-loop   22 (max:  100)-----
 0 SOLVES INEQ SITE: 0001
Updated impHloc:
            #Ek_l1_s1              Vk_l1_s1             #Ek_l1_s2              Vk_l1_s2
      -0.813659804961        0.314335555884       -2.977310301286       -0.000052467855
      -0.274186064648        0.260318324518       -0.750752975294       -0.141199348923
      -0.133436682106        0.122153649970       -0.228644224245        0.058784517246
       0.304670444017        0.122681055023       -0.427223295499        0.159458129783
       0.683190572339       -0.192397237878        0.181873010229        0.223943942014
       2.929572160751       -0.000000063457        0.599406952830        0.348455839138
Diagonalize impurity H:
 
  +ETA --> fort.6
  10% |ETA: 0:00:00.521 @21 May 2019  10:50:26
  20% |ETA: 0:00:00.612
  31% |ETA: 0:00:00.748
  40% |ETA: 0:00:00.613
  50% |ETA: 0:00:00.744 @21 May 2019  10:50:27
  60% |ETA: 0:00:00.612
  70% |ETA: 0:00:00.942
  81% |ETA: 0:00:00.553
  90% |ETA: 0:00:00.600
 100% |ETA: 0:00:00.000
Total time [h:m:s.ms]:   0:00:00.365
#     i               E_i       exp(-(E-E0)/T)       Sect       Dim    Indices:
     1   -6.275209787292   1.000000000000E+00         30       735   3   5
Egs =     -6.275209787292   3   5
Z   =      1.000000000000
Get impurity Greens functions:
Get G_l1_s1
Total time [h:m:s.ms]:   0:00:00.019
Get G_l1_s2
Total time [h:m:s.ms]:   0:00:00.022
dens_ineq0001=    0.999726039177    0.999726039177
docc_ineq0001=    0.109635854559
mag _ineq0001=   -0.628285991863
Total time [h:m:s.ms]:   0:00:00.459
Get local Matsubara Green's function (no print)
Direct Inversion algorithm:
 
  +ETA --> fort.6
  10% |ETA: 0:00:00.805 @21 May 2019  10:50:27
  20% |ETA: 0:00:00.710
  30% |ETA: 0:00:00.608
  40% |ETA: 0:00:00.513
  50% |ETA: 0:00:00.849 @21 May 2019  10:50:27
  60% |ETA: 0:00:00.676
  70% |ETA: 0:00:00.508
  80% |ETA: 0:00:00.677
  90% |ETA: 0:00:00.676
 100% |ETA: 0:00:00.000
Total time [h:m:s.ms]:   0:00:00.844
Gloc matsubara: write spin-orbital diagonal elements. Split.
Store Gloc_l11_s1_iw_indx*.dat in Gloc_l11_s1_iw.tgz
Store Gloc_l11_s2_iw_indx*.dat in Gloc_l11_s2_iw.tgz
Updated impHloc:
chi^2|iter_ineq0001=    1.667841504E-07 |     4  <--  Orb1 Spin1
            #Ek_l1_s1              Vk_l1_s1             #Ek_l1_s2              Vk_l1_s2
      -0.813677289970        0.314329786864       -2.977310301286       -0.000052467855
      -0.274164311322        0.260336169084       -0.750752975294       -0.141199348923
      -0.133461397410        0.122176877100       -0.228644224245        0.058784517246
       0.304686302917        0.122635548797       -0.427223295499        0.159458129783
       0.683202392527       -0.192403774572        0.181873010229        0.223943942014
       2.929572160751       -0.000000063457        0.599406952830        0.348455839138
Updated impHloc:
chi^2|iter_ineq0001=    3.762384533E-06 |     3  <--  Orb1 Spin2
            #Ek_l1_s1              Vk_l1_s1             #Ek_l1_s2              Vk_l1_s2
      -0.813677289970        0.314329786864       -2.977310301287       -0.000052440400
      -0.274164311322        0.260336169084       -0.750745529908       -0.141172613160
      -0.133461397410        0.122176877100       -0.228634710628        0.058802941731
       0.304686302917        0.122635548797       -0.427221964663        0.159443621995
       0.683202392527       -0.192403774572        0.181899208720        0.223945228279
       2.929572160751       -0.000000063457        0.599440468553        0.348473551742
[1;93mmax error=[0m  9.0993178E-06
[1;93m    error=[0m  9.0993178E-06
[1;93mmin error=[0m  9.0993178E-06
=====================================
Total time [h:m:s.ms]:   0:00:01.419



-----DMFT-loop   23 (max:  100)-----
 0 SOLVES INEQ SITE: 0001
Updated impHloc:
            #Ek_l1_s1              Vk_l1_s1             #Ek_l1_s2              Vk_l1_s2
      -0.813668547465        0.314332671374       -2.977310301286       -0.000052454127
      -0.274175187985        0.260327246801       -0.750749252601       -0.141185981042
      -0.133449039758        0.122165263535       -0.228639467437        0.058793729489
       0.304678373467        0.122658301910       -0.427222630081        0.159450875889
       0.683196482433       -0.192400506225        0.181886109474        0.223944585146
       2.929572160751       -0.000000063457        0.599423710692        0.348464695440
Diagonalize impurity H:
 
  +ETA --> fort.6
  10% |ETA: 0:00:00.521 @21 May 2019  10:50:28
  20% |ETA: 0:00:00.580
  31% |ETA: 0:00:00.721
  40% |ETA: 0:00:00.596
  50% |ETA: 0:00:00.720 @21 May 2019  10:50:28
  60% |ETA: 0:00:00.587
  70% |ETA: 0:00:00.908
  81% |ETA: 0:00:00.535
  90% |ETA: 0:00:00.579
 100% |ETA: 0:00:00.000
Total time [h:m:s.ms]:   0:00:00.351
#     i               E_i       exp(-(E-E0)/T)       Sect       Dim    Indices:
     1   -6.275218757196   1.000000000000E+00         30       735   3   5
Egs =     -6.275218757196   3   5
Z   =      1.000000000000
Get impurity Greens functions:
Get G_l1_s1
Total time [h:m:s.ms]:   0:00:00.017
Get G_l1_s2
Total time [h:m:s.ms]:   0:00:00.019
dens_ineq0001=    0.999731150151    0.999731150151
docc_ineq0001=    0.109639419643
mag _ineq0001=   -0.628284649249
Total time [h:m:s.ms]:   0:00:00.436
Get local Matsubara Green's function (no print)
Direct Inversion algorithm:
 
  +ETA --> fort.6
  10% |ETA: 0:00:00.735 @21 May 2019  10:50:28
  20% |ETA: 0:00:00.662
  30% |ETA: 0:00:00.587
  40% |ETA: 0:00:00.504
  50% |ETA: 0:00:00.835 @21 May 2019  10:50:29
  60% |ETA: 0:00:00.663
  70% |ETA: 0:00:00.992
  80% |ETA: 0:00:00.662
  90% |ETA: 0:00:00.661
 100% |ETA: 0:00:00.500
Total time [h:m:s.ms]:   0:00:00.831
Gloc matsubara: write spin-orbital diagonal elements. Split.
Store Gloc_l11_s1_iw_indx*.dat in Gloc_l11_s1_iw.tgz
Store Gloc_l11_s2_iw_indx*.dat in Gloc_l11_s2_iw.tgz
Updated impHloc:
chi^2|iter_ineq0001=    1.666642854E-07 |     4  <--  Orb1 Spin1
            #Ek_l1_s1              Vk_l1_s1             #Ek_l1_s2              Vk_l1_s2
      -0.813705308517        0.314325545789       -2.977310301286       -0.000052454127
      -0.274153590367        0.260338686397       -0.750749252601       -0.141185981042
      -0.133493386596        0.122192678584       -0.228639467437        0.058793729489
       0.304696483381        0.122616536968       -0.427222630081        0.159450875889
       0.683215013667       -0.192435389270        0.181886109474        0.223944585146
       2.929572160751       -0.000000063457        0.599423710692        0.348464695440
Updated impHloc:
chi^2|iter_ineq0001=    3.761992364E-06 |     4  <--  Orb1 Spin2
            #Ek_l1_s1              Vk_l1_s1             #Ek_l1_s2              Vk_l1_s2
      -0.813705308517        0.314325545789       -2.977310301274       -0.000053260502
      -0.274153590367        0.260338686397       -0.750732280402       -0.141141759408
      -0.133493386596        0.122192678584       -0.228624329576        0.058818291039
       0.304696483381        0.122616536968       -0.427228024783        0.159425741017
       0.683215013667       -0.192435389270        0.181898110004        0.223953398718
       2.929572160751       -0.000000063457        0.599502412319        0.348456715104
[1;92mmax error=[0m  3.8756129E-06
[1;92m    error=[0m  3.8756129E-06
[1;92mmin error=[0m  3.8756129E-06
=====================================
Total time [h:m:s.ms]:   0:00:01.385


Get local Realaxis Green's function (no print)
Direct Inversion algorithm:
 
  +ETA --> fort.6
  10% |ETA: 0:00:00.735 @21 May 2019  10:50:29
  20% |ETA: 0:00:00.647
  30% |ETA: 0:00:00.568
  40% |ETA: 0:00:00.971
  50% |ETA: 0:00:00.815 @21 May 2019  10:50:29
  60% |ETA: 0:00:00.650
  70% |ETA: 0:00:00.973
  80% |ETA: 0:00:00.651
  90% |ETA: 0:00:00.650
 100% |ETA: 0:00:00.000
Total time [h:m:s.ms]:   0:00:00.407
Gloc real: write spin-orbital diagonal elements. Split.
Store Gloc_l11_s1_realw_indx*.dat in Gloc_l11_s1_realw.tgz
Store Gloc_l11_s2_realw_indx*.dat in Gloc_l11_s2_realw.tgz
