---------------MPI----------------
rank:     0 of      1 alive
----------------------------------

 warning scalar in parse_cmd array:   ULOC
 expecting a comma separated list of:            5
 wrong dimensions parsing variable:   ULOC
 expecting a comma separated list of:            5
SCIFOR VERSION (GIT): f51d8963e73e1a7f5e05ca328195b114bbdf41ec
Timestamp: +21 May 2019  10:53:53.487
 
CODE VERSION: 30030ed680c7b62ac87f0fc221aa358a61913d81
Timestamp: +21 May 2019  10:53:53.488
 
store size =10240Kb
 Using Neel symmetry to refold BZ
 Using Nineq sites=           1
 Symmetries used are:
 (site=2,l,s)=(site=1,l,-s)
 Using Nk_total=361
Using Reciprocal Lattice vectors:
bk_x = [  3.1416 -3.1416  0.0000]
bk_y = [  0.0000  6.2832  0.0000]
bk_z = [  0.0000  0.0000  6.2832]
Get local Realaxis Green's function (no print)
Direct Inversion algorithm:
 
  +ETA --> fort.6
  10% |ETA: 0:00:00.910 @21 May 2019  10:53:53
  20% |ETA: 0:00:00.816
  30% |ETA: 0:00:00.712
  40% |ETA: 0:00:00.609
  50% |ETA: 0:00:00.517 @21 May 2019  10:53:54
  60% |ETA: 0:00:00.840
  70% |ETA: 0:00:00.636
  80% |ETA: 0:00:00.854
  90% |ETA: 0:00:00.863
 100% |ETA: 0:00:00.000
Total time [h:m:s.ms]:   0:00:01.103
dos_Hk real: write spin-orbital diagonal elements.
 Solving model along the path:
Point1: [ 0.0000 0.0000 0.0000]
Point2: [ 3.1416 0.0000 0.0000]
Point3: [ 3.1416 3.1416 0.0000]
Point4: [ 0.0000 0.0000 0.0000]
INIT SOLVER FOR _ineq0001
Summary:
--------------------------------------------
# of levels/spin      =               7
Total size            =              14
# of impurities       =               1
# of bath/impurity    =               6
# of Bath levels/spin =               6
Number of sectors     =              64
Ns_Orb                =               7
Ns_Ud                 =               1
Largest Sector(s)     =       35        35                1225
--------------------------------------------
Required Lanc_nstates_total=1 => set T=0 calculation
Lanczos ZERO temperature calculation:
Updated impHloc:
Reading bath from filehamiltonian_ineq0001.restart
there are        6 lines in +hamiltonian_ineq0001.restart

-----DMFT-loop    1 (max:  100)-----
 0 SOLVES INEQ SITE: 0001
Updated impHloc:
            #Ek_l1_s1              Vk_l1_s1             #Ek_l1_s2              Vk_l1_s2
      -1.234168074780        0.372159365087       -3.777310301926       -0.000006182732
      -0.181235941785        0.193669925788       -1.540146625643       -0.000062955460
      -0.030290698211        0.181322882980       -0.432975393234        0.109927314656
       0.421006062291        0.105072554052       -1.097249477638        0.063599358769
       1.287541171884       -0.108872801423        0.052074446105        0.229180549707
       3.729572160751       -0.000000063457        0.833667189177        0.361058072214
Diagonalize impurity H:
 
  +ETA --> fort.6
  10% |ETA: 0:00:00.521 @21 May 2019  10:53:56
  20% |ETA: 0:00:00.596
  31% |ETA: 0:00:00.730
  40% |ETA: 0:00:00.602
  50% |ETA: 0:00:00.732 @21 May 2019  10:53:56
  60% |ETA: 0:00:00.594
  70% |ETA: 0:00:00.922
  81% |ETA: 0:00:00.542
  90% |ETA: 0:00:00.587
 100% |ETA: 0:00:00.000
Total time [h:m:s.ms]:   0:00:00.356
#     i               E_i       exp(-(E-E0)/T)       Sect       Dim    Indices:
     1   -9.252570816272   1.000000000000E+00         30       735   3   5
Egs =     -9.252570816272   3   5
Z   =      1.000000000000
Get impurity Greens functions:
Get G_l1_s1
Total time [h:m:s.ms]:   0:00:00.018
Get G_l1_s2
Total time [h:m:s.ms]:   0:00:00.020
dens_ineq0001=    0.999995723982    0.999995723982
docc_ineq0001=    0.051212255059
mag _ineq0001=   -0.713640718968
Total time [h:m:s.ms]:   0:00:00.446
Get local Matsubara Green's function (no print)
Direct Inversion algorithm:
 
  +ETA --> fort.6
  10% |ETA: 0:00:00.858 @21 May 2019  10:53:57
  20% |ETA: 0:00:00.721
  30% |ETA: 0:00:00.614
  40% |ETA: 0:00:00.522
  50% |ETA: 0:00:00.871 @21 May 2019  10:53:57
  60% |ETA: 0:00:00.698
  70% |ETA: 0:00:00.525
  80% |ETA: 0:00:00.711
  90% |ETA: 0:00:00.719
 100% |ETA: 0:00:00.000
Total time [h:m:s.ms]:   0:00:00.912
Gloc matsubara: write spin-orbital diagonal elements. Split.
Store Gloc_l11_s1_iw_indx*.dat in Gloc_l11_s1_iw.tgz
Store Gloc_l11_s2_iw_indx*.dat in Gloc_l11_s2_iw.tgz
Updated impHloc:
chi^2|iter_ineq0001=    1.854982912E-07 |   500  <--  Orb1 Spin1
            #Ek_l1_s1              Vk_l1_s1             #Ek_l1_s2              Vk_l1_s2
      -1.378372661725        0.354786821712       -3.777310301926       -0.000006182732
      -0.228655553970        0.206280529859       -1.540146625643       -0.000062955460
      -0.118185764265        0.161458088456       -0.432975393234        0.109927314656
       0.239309194368        0.126105175777       -1.097249477638        0.063599358769
       1.274993582541       -0.131760478706        0.052074446105        0.229180549707
       3.729572160751       -0.000000063457        0.833667189177        0.361058072214
Updated impHloc:
chi^2|iter_ineq0001=    1.211843192E-05 |    80  <--  Orb1 Spin2
            #Ek_l1_s1              Vk_l1_s1             #Ek_l1_s2              Vk_l1_s2
      -1.378372661725        0.354786821712       -3.777310301935       -0.000009503863
      -0.228655553970        0.206280529859       -1.540146626710       -0.000010352924
      -0.118185764265        0.161458088456       -0.256200924006        0.135560861214
       0.239309194368        0.126105175777       -1.098756504661       -0.024573488795
       1.274993582541       -0.131760478706        0.146653028497        0.233041774057
       3.729572160751       -0.000000063457        0.872620658725        0.322510994266
[1;91mmax error=[0m  1.0000000E+00
[1;91m    error=[0m  1.0000000E+00
[1;91mmin error=[0m  1.0000000E+00
=====================================
Total time [h:m:s.ms]:   0:00:02.991



-----DMFT-loop    2 (max:  100)-----
 0 SOLVES INEQ SITE: 0001
Updated impHloc:
            #Ek_l1_s1              Vk_l1_s1             #Ek_l1_s2              Vk_l1_s2
      -1.378372661725        0.354786821712       -3.777310301935       -0.000009503863
      -0.228655553970        0.206280529859       -1.540146626710       -0.000010352924
      -0.118185764265        0.161458088456       -0.256200924006        0.135560861214
       0.239309194368        0.126105175777       -1.098756504661       -0.024573488795
       1.274993582541       -0.131760478706        0.146653028497        0.233041774057
       3.729572160751       -0.000000063457        0.872620658725        0.322510994266
Diagonalize impurity H:
 
  +ETA --> fort.6
  10% |ETA: 0:00:00.521 @21 May 2019  10:53:59
  20% |ETA: 0:00:00.714
  31% |ETA: 0:00:00.646
  40% |ETA: 0:00:00.508
  50% |ETA: 0:00:00.558 @21 May 2019  10:53:59
  60% |ETA: 0:00:00.866
  70% |ETA: 0:00:00.646
  81% |ETA: 0:00:00.747
  90% |ETA: 0:00:00.771
 100% |ETA: 0:00:00.000
Total time [h:m:s.ms]:   0:00:00.469
#     i               E_i       exp(-(E-E0)/T)       Sect       Dim    Indices:
     1   -9.324451986225   1.000000000000E+00         30       735   3   5
Egs =     -9.324451986225   3   5
Z   =      1.000000000000
Get impurity Greens functions:
Get G_l1_s1
Total time [h:m:s.ms]:   0:00:00.022
Get G_l1_s2
Total time [h:m:s.ms]:   0:00:00.022
dens_ineq0001=    1.000571174233    1.000571174233
docc_ineq0001=    0.043017935823
mag _ineq0001=   -0.835538544214
Total time [h:m:s.ms]:   0:00:00.574
Get local Matsubara Green's function (no print)
Direct Inversion algorithm:
 
  +ETA --> fort.6
  10% |ETA: 0:00:00.805 @21 May 2019  10:54:00
  20% |ETA: 0:00:00.710
  30% |ETA: 0:00:00.619
  40% |ETA: 0:00:00.522
  50% |ETA: 0:00:00.904 @21 May 2019  10:54:00
  60% |ETA: 0:00:00.728
  70% |ETA: 0:00:00.550
  80% |ETA: 0:00:00.742
  90% |ETA: 0:00:00.739
 100% |ETA: 0:00:00.000
Total time [h:m:s.ms]:   0:00:00.928
Gloc matsubara: write spin-orbital diagonal elements. Split.
Store Gloc_l11_s1_iw_indx*.dat in Gloc_l11_s1_iw.tgz
Store Gloc_l11_s2_iw_indx*.dat in Gloc_l11_s2_iw.tgz
Updated impHloc:
chi^2|iter_ineq0001=    1.763861069E-07 |   153  <--  Orb1 Spin1
            #Ek_l1_s1              Vk_l1_s1             #Ek_l1_s2              Vk_l1_s2
      -1.397652052224        0.372395616737       -3.777310301935       -0.000009503863
      -0.255451761911        0.188983087797       -1.540146626710       -0.000010352924
      -0.125335598453        0.179939295155       -0.256200924006        0.135560861214
       0.293935317923        0.106589005623       -1.098756504661       -0.024573488795
       1.273124085958       -0.102027630685        0.146653028497        0.233041774057
       3.729572160751       -0.000000063457        0.872620658725        0.322510994266
Updated impHloc:
chi^2|iter_ineq0001=    9.617565809E-06 |    96  <--  Orb1 Spin2
            #Ek_l1_s1              Vk_l1_s1             #Ek_l1_s2              Vk_l1_s2
      -1.397652052224        0.372395616737       -3.777310301925        0.000002390882
      -0.255451761911        0.188983087797       -1.540146626722        0.000004131664
      -0.125335598453        0.179939295155       -0.318074794288        0.115650499716
       0.293935317923        0.106589005623       -1.098480288643       -0.008598996366
       1.273124085958       -0.102027630685        0.147964292937        0.232509593530
       3.729572160751       -0.000000063457        0.988774364171        0.353732542128
[1;91mmax error=[0m  1.7414014E-02
[1;91m    error=[0m  1.7414014E-02
[1;91mmin error=[0m  1.7414014E-02
=====================================
Total time [h:m:s.ms]:   0:00:02.210



-----DMFT-loop    3 (max:  100)-----
 0 SOLVES INEQ SITE: 0001
Updated impHloc:
            #Ek_l1_s1              Vk_l1_s1             #Ek_l1_s2              Vk_l1_s2
      -1.388012356974        0.363591219225       -3.777310301930       -0.000003556491
      -0.242053657940        0.197631808828       -1.540146626716       -0.000003110630
      -0.121760681359        0.170698691805       -0.287137859147        0.125605680465
       0.266622256146        0.116347090700       -1.098618396652       -0.016586242580
       1.274058834249       -0.116894054696        0.147308660717        0.232775683794
       3.729572160751       -0.000000063457        0.930697511448        0.338121768197
Diagonalize impurity H:
 
  +ETA --> fort.6
  10% |ETA: 0:00:00.521 @21 May 2019  10:54:01
  20% |ETA: 0:00:00.580
  31% |ETA: 0:00:00.721
  40% |ETA: 0:00:00.596
  50% |ETA: 0:00:00.728 @21 May 2019  10:54:02
  60% |ETA: 0:00:00.607
  70% |ETA: 0:00:00.935
  81% |ETA: 0:00:00.548
  90% |ETA: 0:00:00.595
 100% |ETA: 0:00:00.000
Total time [h:m:s.ms]:   0:00:00.362
#     i               E_i       exp(-(E-E0)/T)       Sect       Dim    Indices:
     1   -9.385383747915   1.000000000000E+00         30       735   3   5
Egs =     -9.385383747915   3   5
Z   =      1.000000000000
Get impurity Greens functions:
Get G_l1_s1
Total time [h:m:s.ms]:   0:00:00.019
Get G_l1_s2
Total time [h:m:s.ms]:   0:00:00.021
dens_ineq0001=    1.000283328319    1.000283328319
docc_ineq0001=    0.042742731358
mag _ineq0001=   -0.840991840006
Total time [h:m:s.ms]:   0:00:00.451
Get local Matsubara Green's function (no print)
Direct Inversion algorithm:
 
  +ETA --> fort.6
  10% |ETA: 0:00:00.770 @21 May 2019  10:54:02
  20% |ETA: 0:00:00.682
  30% |ETA: 0:00:00.594
  40% |ETA: 0:00:00.507
  50% |ETA: 0:00:00.845 @21 May 2019  10:54:02
  60% |ETA: 0:00:00.676
  70% |ETA: 0:00:00.508
  80% |ETA: 0:00:00.679
  90% |ETA: 0:00:00.677
 100% |ETA: 0:00:00.000
Total time [h:m:s.ms]:   0:00:00.850
Gloc matsubara: write spin-orbital diagonal elements. Split.
Store Gloc_l11_s1_iw_indx*.dat in Gloc_l11_s1_iw.tgz
Store Gloc_l11_s2_iw_indx*.dat in Gloc_l11_s2_iw.tgz
Updated impHloc:
chi^2|iter_ineq0001=    1.367891826E-07 |   143  <--  Orb1 Spin1
            #Ek_l1_s1              Vk_l1_s1             #Ek_l1_s2              Vk_l1_s2
      -1.410517539378        0.373950665737       -3.777310301930       -0.000003556491
      -0.268621107488        0.184397669719       -1.540146626716       -0.000003110630
      -0.127018136124        0.185991572283       -0.287137859147        0.125605680465
       0.304114094427        0.105417817707       -1.098618396652       -0.016586242580
       1.272145047099       -0.099227611110        0.147308660717        0.232775683794
       3.729572160751       -0.000000063457        0.930697511448        0.338121768197
Updated impHloc:
chi^2|iter_ineq0001=    9.382991595E-06 |    72  <--  Orb1 Spin2
            #Ek_l1_s1              Vk_l1_s1             #Ek_l1_s2              Vk_l1_s2
      -1.410517539378        0.373950665737       -3.777310301930        0.000001555046
      -0.268621107488        0.184397669719       -1.540146626586        0.000005374851
      -0.127018136124        0.185991572283       -0.324751905116        0.113167917054
       0.304114094427        0.105417817707       -1.098513338635       -0.012341969787
       1.272145047099       -0.099227611110        0.147065158209        0.231835479017
       3.729572160751       -0.000000063457        0.990089608216        0.355858439717
[1;91mmax error=[0m  1.3279662E-03
[1;91m    error=[0m  1.3279662E-03
[1;91mmin error=[0m  1.3279662E-03
=====================================
Total time [h:m:s.ms]:   0:00:01.942



-----DMFT-loop    4 (max:  100)-----
 0 SOLVES INEQ SITE: 0001
Updated impHloc:
            #Ek_l1_s1              Vk_l1_s1             #Ek_l1_s2              Vk_l1_s2
      -1.399264948176        0.368770942481       -3.777310301930       -0.000001000722
      -0.255337382714        0.191014739274       -1.540146626651        0.000001132111
      -0.124389408742        0.178345132044       -0.305944882132        0.119386798759
       0.285368175286        0.110882454203       -1.098565867643       -0.014464106184
       1.273101940674       -0.108060832903        0.147186909463        0.232305581405
       3.729572160751       -0.000000063457        0.960393559832        0.346990103957
Diagonalize impurity H:
 
  +ETA --> fort.6
  10% |ETA: 0:00:00.521 @21 May 2019  10:54:03
  20% |ETA: 0:00:00.580
  31% |ETA: 0:00:00.712
  40% |ETA: 0:00:00.584
  50% |ETA: 0:00:00.712 @21 May 2019  10:54:03
  60% |ETA: 0:00:00.587
  70% |ETA: 0:00:00.905
  81% |ETA: 0:00:00.531
  90% |ETA: 0:00:00.576
 100% |ETA: 0:00:00.000
Total time [h:m:s.ms]:   0:00:00.350
#     i               E_i       exp(-(E-E0)/T)       Sect       Dim    Indices:
     1   -9.433523255433   1.000000000000E+00         30       735   3   5
Egs =     -9.433523255433   3   5
Z   =      1.000000000000
Get impurity Greens functions:
Get G_l1_s1
Total time [h:m:s.ms]:   0:00:00.018
Get G_l1_s2
Total time [h:m:s.ms]:   0:00:00.019
dens_ineq0001=    1.000148712564    1.000148712564
docc_ineq0001=    0.042657332540
mag _ineq0001=   -0.843551178296
Total time [h:m:s.ms]:   0:00:00.432
Get local Matsubara Green's function (no print)
Direct Inversion algorithm:
 
  +ETA --> fort.6
  10% |ETA: 0:00:00.753 @21 May 2019  10:54:04
  20% |ETA: 0:00:00.670
  30% |ETA: 0:00:00.589
  40% |ETA: 0:00:00.506
  50% |ETA: 0:00:00.867 @21 May 2019  10:54:04
  60% |ETA: 0:00:00.691
  70% |ETA: 0:00:00.524
  80% |ETA: 0:00:00.705
  90% |ETA: 0:00:00.710
 100% |ETA: 0:00:00.000
Total time [h:m:s.ms]:   0:00:00.894
Gloc matsubara: write spin-orbital diagonal elements. Split.
Store Gloc_l11_s1_iw_indx*.dat in Gloc_l11_s1_iw.tgz
Store Gloc_l11_s2_iw_indx*.dat in Gloc_l11_s2_iw.tgz
Updated impHloc:
chi^2|iter_ineq0001=    1.433996692E-07 |    54  <--  Orb1 Spin1
            #Ek_l1_s1              Vk_l1_s1             #Ek_l1_s2              Vk_l1_s2
      -1.405939695226        0.375882040516       -3.777310301930       -0.000001000722
      -0.261143348726        0.186549435064       -1.540146626651        0.000001132111
      -0.125295446358        0.182231661009       -0.305944882132        0.119386798759
       0.307351017535        0.103994956269       -1.098565867643       -0.014464106184
       1.272347610316       -0.100656730865        0.147186909463        0.232305581405
       3.729572160751       -0.000000063457        0.960393559832        0.346990103957
Updated impHloc:
chi^2|iter_ineq0001=    9.409654379E-06 |    18  <--  Orb1 Spin2
            #Ek_l1_s1              Vk_l1_s1             #Ek_l1_s2              Vk_l1_s2
      -1.405939695226        0.375882040516       -3.777310301930       -0.000001000722
      -0.261143348726        0.186549435064       -1.540146626651        0.000001132111
      -0.125295446358        0.182231661009       -0.326830037444        0.111073748671
       0.307351017535        0.103994956269       -1.098543959393       -0.016578272564
       1.272347610316       -0.100656730865        0.145795647589        0.230289449090
       3.729572160751       -0.000000063457        0.962158884871        0.354038161365
[1;91mmax error=[0m  6.7421620E-04
[1;91m    error=[0m  6.7421620E-04
[1;91mmin error=[0m  6.7421620E-04
=====================================
Total time [h:m:s.ms]:   0:00:01.612



-----DMFT-loop    5 (max:  100)-----
 0 SOLVES INEQ SITE: 0001
Updated impHloc:
            #Ek_l1_s1              Vk_l1_s1             #Ek_l1_s2              Vk_l1_s2
      -1.402602321701        0.372326491498       -3.777310301930       -0.000001000722
      -0.258240365720        0.188782087169       -1.540146626651        0.000001132111
      -0.124842427550        0.180288396527       -0.316387459788        0.115230273715
       0.296359596411        0.107438705236       -1.098554913518       -0.015521189374
       1.272724775495       -0.104358781884        0.146491278526        0.231297515248
       3.729572160751       -0.000000063457        0.961276222351        0.350514132661
Diagonalize impurity H:
 
  +ETA --> fort.6
  10% |ETA: 0:00:00.521 @21 May 2019  10:54:05
  20% |ETA: 0:00:00.596
  31% |ETA: 0:00:00.730
  40% |ETA: 0:00:00.602
  50% |ETA: 0:00:00.744 @21 May 2019  10:54:05
  60% |ETA: 0:00:00.612
  70% |ETA: 0:00:00.939
  81% |ETA: 0:00:00.553
  90% |ETA: 0:00:00.599
 100% |ETA: 0:00:00.000
Total time [h:m:s.ms]:   0:00:00.364
#     i               E_i       exp(-(E-E0)/T)       Sect       Dim    Indices:
     1   -9.451824962505   1.000000000000E+00         30       735   3   5
Egs =     -9.451824962505   3   5
Z   =      1.000000000000
Get impurity Greens functions:
Get G_l1_s1
Total time [h:m:s.ms]:   0:00:00.018
Get G_l1_s2
Total time [h:m:s.ms]:   0:00:00.021
dens_ineq0001=    1.000133944209    1.000133944209
docc_ineq0001=    0.042688633009
mag _ineq0001=   -0.844512222722
Total time [h:m:s.ms]:   0:00:00.453
Get local Matsubara Green's function (no print)
Direct Inversion algorithm:
 
  +ETA --> fort.6
  10% |ETA: 0:00:00.779 @21 May 2019  10:54:05
  20% |ETA: 0:00:00.694
  30% |ETA: 0:00:00.603
  40% |ETA: 0:00:00.515
  50% |ETA: 0:00:00.861 @21 May 2019  10:54:06
  60% |ETA: 0:00:00.688
  70% |ETA: 0:00:00.516
  80% |ETA: 0:00:00.685
  90% |ETA: 0:00:00.683
 100% |ETA: 0:00:00.000
Total time [h:m:s.ms]:   0:00:00.859
Gloc matsubara: write spin-orbital diagonal elements. Split.
Store Gloc_l11_s1_iw_indx*.dat in Gloc_l11_s1_iw.tgz
Store Gloc_l11_s2_iw_indx*.dat in Gloc_l11_s2_iw.tgz
Updated impHloc:
chi^2|iter_ineq0001=    1.343988299E-07 |    40  <--  Orb1 Spin1
            #Ek_l1_s1              Vk_l1_s1             #Ek_l1_s2              Vk_l1_s2
      -1.413767812861        0.374874733063       -3.777310301930       -0.000001000722
      -0.271267934008        0.184444771962       -1.540146626651        0.000001132111
      -0.126550544982        0.186224700220       -0.316387459788        0.115230273715
       0.314190454665        0.104943636664       -1.098554913518       -0.015521189374
       1.271791041950       -0.095928994158        0.146491278526        0.231297515248
       3.729572160751       -0.000000063457        0.961276222351        0.350514132661
Updated impHloc:
chi^2|iter_ineq0001=    9.431755123E-06 |     9  <--  Orb1 Spin2
            #Ek_l1_s1              Vk_l1_s1             #Ek_l1_s2              Vk_l1_s2
      -1.413767812861        0.374874733063       -3.777310301930       -0.000001000722
      -0.271267934008        0.184444771962       -1.540146626651        0.000001140982
      -0.126550544982        0.186224700220       -0.317775196979        0.108647391815
       0.314190454665        0.104943636664       -1.098556207252       -0.015304641074
       1.271791041950       -0.095928994158        0.145682657540        0.230182732006
       3.729572160751       -0.000000063457        0.961293588890        0.353640280629
[1;91mmax error=[0m  3.1660430E-04
[1;91m    error=[0m  3.1660430E-04
[1;91mmin error=[0m  3.1660430E-04
=====================================
Total time [h:m:s.ms]:   0:00:01.553



-----DMFT-loop    6 (max:  100)-----
 0 SOLVES INEQ SITE: 0001
Updated impHloc:
            #Ek_l1_s1              Vk_l1_s1             #Ek_l1_s2              Vk_l1_s2
      -1.408185067281        0.373600612281       -3.777310301930       -0.000001000722
      -0.264754149864        0.186613429566       -1.540146626651        0.000001136546
      -0.125696486266        0.183256548373       -0.317081328384        0.111938832765
       0.305275025538        0.106191170950       -1.098555560385       -0.015412915224
       1.272257908723       -0.100143888021        0.146086968033        0.230740123627
       3.729572160751       -0.000000063457        0.961284905620        0.352077206645
Diagonalize impurity H:
 
  +ETA --> fort.6
  10% |ETA: 0:00:00.521 @21 May 2019  10:54:06
  20% |ETA: 0:00:00.659
  31% |ETA: 0:00:00.809
  40% |ETA: 0:00:00.666
  50% |ETA: 0:00:00.796 @21 May 2019  10:54:07
  60% |ETA: 0:00:00.656
  70% |ETA: 0:00:00.504
  81% |ETA: 0:00:00.592
  90% |ETA: 0:00:00.645
 100% |ETA: 0:00:00.000
Total time [h:m:s.ms]:   0:00:00.392
#     i               E_i       exp(-(E-E0)/T)       Sect       Dim    Indices:
     1   -9.465946092801   1.000000000000E+00         30       735   3   5
Egs =     -9.465946092801   3   5
Z   =      1.000000000000
Get impurity Greens functions:
Get G_l1_s1
Total time [h:m:s.ms]:   0:00:00.020
Get G_l1_s2
Total time [h:m:s.ms]:   0:00:00.021
dens_ineq0001=    1.000134778143    1.000134778143
docc_ineq0001=    0.042682672763
mag _ineq0001=   -0.845116944844
Total time [h:m:s.ms]:   0:00:00.495
Get local Matsubara Green's function (no print)
Direct Inversion algorithm:
 
  +ETA --> fort.6
  10% |ETA: 0:00:00.831 @21 May 2019  10:54:07
  20% |ETA: 0:00:00.737
  30% |ETA: 0:00:00.675
  40% |ETA: 0:00:00.560
  50% |ETA: 0:00:00.920 @21 May 2019  10:54:07
  60% |ETA: 0:00:00.732
  70% |ETA: 0:00:00.544
  80% |ETA: 0:00:00.723
  90% |ETA: 0:00:00.722
 100% |ETA: 0:00:00.000
Total time [h:m:s.ms]:   0:00:00.902
Gloc matsubara: write spin-orbital diagonal elements. Split.
Store Gloc_l11_s1_iw_indx*.dat in Gloc_l11_s1_iw.tgz
Store Gloc_l11_s2_iw_indx*.dat in Gloc_l11_s2_iw.tgz
Updated impHloc:
chi^2|iter_ineq0001=    1.309554016E-07 |    12  <--  Orb1 Spin1
            #Ek_l1_s1              Vk_l1_s1             #Ek_l1_s2              Vk_l1_s2
      -1.408357655300        0.376535072090       -3.777310301930       -0.000001000722
      -0.265165048338        0.185106527331       -1.540146626651        0.000001136546
      -0.125733802376        0.184066497798       -0.317081328384        0.111938832765
       0.308462441883        0.102633364670       -1.098555560385       -0.015412915224
       1.272148556716       -0.102031961818        0.146086968033        0.230740123627
       3.729572160751       -0.000000063457        0.961284905620        0.352077206645
Updated impHloc:
chi^2|iter_ineq0001=    9.228621015E-06 |    24  <--  Orb1 Spin2
            #Ek_l1_s1              Vk_l1_s1             #Ek_l1_s2              Vk_l1_s2
      -1.408357655300        0.376535072090       -3.777310301930       -0.000001734545
      -0.265165048338        0.185106527331       -1.540146626651        0.000001357272
      -0.125733802376        0.184066497798       -0.334458579460        0.111357779798
       0.308462441883        0.102633364670       -1.098521689821       -0.017139881098
       1.272148556716       -0.102031961818        0.145602361429        0.230133782539
       3.729572160751       -0.000000063457        0.968432534737        0.355955390208
[1;91mmax error=[0m  1.7557577E-04
[1;91m    error=[0m  1.7557577E-04
[1;91mmin error=[0m  1.7557577E-04
=====================================
Total time [h:m:s.ms]:   0:00:01.581



-----DMFT-loop    7 (max:  100)-----
 0 SOLVES INEQ SITE: 0001
Updated impHloc:
            #Ek_l1_s1              Vk_l1_s1             #Ek_l1_s2              Vk_l1_s2
      -1.408271361291        0.375067842185       -3.777310301930       -0.000001367634
      -0.264959599101        0.185859978448       -1.540146626651        0.000001246909
      -0.125715144321        0.183661523086       -0.325769953922        0.111648306281
       0.306868733711        0.104412267810       -1.098538625103       -0.016276398161
       1.272203232719       -0.101087924920        0.145844664731        0.230436953083
       3.729572160751       -0.000000063457        0.964858720179        0.354016298427
Diagonalize impurity H:
 
  +ETA --> fort.6
  10% |ETA: 0:00:00.781 @21 May 2019  10:54:08
  20% |ETA: 0:00:00.612
  31% |ETA: 0:00:00.730
  40% |ETA: 0:00:00.602
  50% |ETA: 0:00:00.724 @21 May 2019  10:54:08
  60% |ETA: 0:00:00.592
  70% |ETA: 0:00:00.911
  81% |ETA: 0:00:00.537
  90% |ETA: 0:00:00.582
 100% |ETA: 0:00:00.000
Total time [h:m:s.ms]:   0:00:00.354
#     i               E_i       exp(-(E-E0)/T)       Sect       Dim    Indices:
     1   -9.475556253570   1.000000000000E+00         30       735   3   5
Egs =     -9.475556253570   3   5
Z   =      1.000000000000
Get impurity Greens functions:
Get G_l1_s1
Total time [h:m:s.ms]:   0:00:00.018
Get G_l1_s2
Total time [h:m:s.ms]:   0:00:00.021
dens_ineq0001=    1.000115835245    1.000115835245
docc_ineq0001=    0.042720076426
mag _ineq0001=   -0.845315315111
Total time [h:m:s.ms]:   0:00:00.441
Get local Matsubara Green's function (no print)
Direct Inversion algorithm:
 
  +ETA --> fort.6
  10% |ETA: 0:00:00.753 @21 May 2019  10:54:09
  20% |ETA: 0:00:00.678
  30% |ETA: 0:00:00.601
  40% |ETA: 0:00:00.516
  50% |ETA: 0:00:00.863 @21 May 2019  10:54:09
  60% |ETA: 0:00:00.691
  70% |ETA: 0:00:00.519
  80% |ETA: 0:00:00.694
  90% |ETA: 0:00:00.697
 100% |ETA: 0:00:00.000
Total time [h:m:s.ms]:   0:00:00.873
Gloc matsubara: write spin-orbital diagonal elements. Split.
Store Gloc_l11_s1_iw_indx*.dat in Gloc_l11_s1_iw.tgz
Store Gloc_l11_s2_iw_indx*.dat in Gloc_l11_s2_iw.tgz
Updated impHloc:
chi^2|iter_ineq0001=    1.856592296E-08 |   207  <--  Orb1 Spin1
            #Ek_l1_s1              Vk_l1_s1             #Ek_l1_s2              Vk_l1_s2
      -1.509012784003        0.379776862338       -3.777310301930       -0.000001367634
      -0.301747176152        0.184086224532       -1.540146626651        0.000001246909
      -0.129304855699        0.194358560178       -0.325769953922        0.111648306281
       0.306283221298        0.101272889887       -1.098538625103       -0.016276398161
       1.266638298549       -0.109091308162        0.145844664731        0.230436953083
       3.729572160751       -0.000000063457        0.964858720179        0.354016298427
Updated impHloc:
chi^2|iter_ineq0001=    9.205423105E-06 |     7  <--  Orb1 Spin2
            #Ek_l1_s1              Vk_l1_s1             #Ek_l1_s2              Vk_l1_s2
      -1.509012784003        0.379776862338       -3.777310301930       -0.000001367634
      -0.301747176152        0.184086224532       -1.540146626651        0.000001246909
      -0.129304855699        0.194358560178       -0.326184847314        0.109593159739
       0.306283221298        0.101272889887       -1.098538924766       -0.016190402961
       1.266638298549       -0.109091308162        0.145554561517        0.230048782785
       3.729572160751       -0.000000063457        0.964958304808        0.355055733511
[1;91mmax error=[0m  9.9643372E-05
[1;91m    error=[0m  9.9643372E-05
[1;91mmin error=[0m  9.9643372E-05
=====================================
Total time [h:m:s.ms]:   0:00:01.957



-----DMFT-loop    8 (max:  100)-----
 0 SOLVES INEQ SITE: 0001
Updated impHloc:
            #Ek_l1_s1              Vk_l1_s1             #Ek_l1_s2              Vk_l1_s2
      -1.458642072647        0.377422352261       -3.777310301930       -0.000001367634
      -0.283353387626        0.184973101490       -1.540146626651        0.000001246909
      -0.127510000010        0.189010041632       -0.325977400618        0.110620733010
       0.306575977505        0.102842578849       -1.098538774934       -0.016233400561
       1.269420765634       -0.105089616541        0.145699613124        0.230242867934
       3.729572160751       -0.000000063457        0.964908512493        0.354536015969
Diagonalize impurity H:
 
  +ETA --> fort.6
  10% |ETA: 0:00:00.521 @21 May 2019  10:54:10
  20% |ETA: 0:00:00.580
  31% |ETA: 0:00:00.703
  40% |ETA: 0:00:00.584
  50% |ETA: 0:00:00.712 @21 May 2019  10:54:10
  60% |ETA: 0:00:00.592
  70% |ETA: 0:00:00.911
  81% |ETA: 0:00:00.535
  90% |ETA: 0:00:00.580
 100% |ETA: 0:00:00.000
Total time [h:m:s.ms]:   0:00:00.353
#     i               E_i       exp(-(E-E0)/T)       Sect       Dim    Indices:
     1   -9.546918902707   1.000000000000E+00         30       735   3   5
Egs =     -9.546918902707   3   5
Z   =      1.000000000000
Get impurity Greens functions:
Get G_l1_s1
Total time [h:m:s.ms]:   0:00:00.019
Get G_l1_s2
Total time [h:m:s.ms]:   0:00:00.020
dens_ineq0001=    1.000111559488    1.000111559488
docc_ineq0001=    0.042707459967
mag _ineq0001=   -0.845690145638
Total time [h:m:s.ms]:   0:00:00.439
Get local Matsubara Green's function (no print)
Direct Inversion algorithm:
 
  +ETA --> fort.6
  10% |ETA: 0:00:00.831 @21 May 2019  10:54:11
  20% |ETA: 0:00:00.721
  30% |ETA: 0:00:00.665
  40% |ETA: 0:00:00.558
  50% |ETA: 0:00:00.918 @21 May 2019  10:54:11
  60% |ETA: 0:00:00.724
  70% |ETA: 0:00:00.539
  80% |ETA: 0:00:00.715
  90% |ETA: 0:00:00.714
 100% |ETA: 0:00:00.500
Total time [h:m:s.ms]:   0:00:00.897
Gloc matsubara: write spin-orbital diagonal elements. Split.
Store Gloc_l11_s1_iw_indx*.dat in Gloc_l11_s1_iw.tgz
Store Gloc_l11_s2_iw_indx*.dat in Gloc_l11_s2_iw.tgz
Updated impHloc:
chi^2|iter_ineq0001=    5.092604825E-08 |    17  <--  Orb1 Spin1
            #Ek_l1_s1              Vk_l1_s1             #Ek_l1_s2              Vk_l1_s2
      -1.458914644915        0.378493051952       -3.777310301930       -0.000001367634
      -0.283552040925        0.183940842617       -1.540146626651        0.000001246909
      -0.127640724424        0.189798024984       -0.325977400618        0.110620733010
       0.307618624432        0.101593251443       -1.098538774934       -0.016233400561
       1.269363431064       -0.105918130026        0.145699613124        0.230242867934
       3.729572160751       -0.000000063457        0.964908512493        0.354536015969
Updated impHloc:
chi^2|iter_ineq0001=    9.062633646E-06 |    18  <--  Orb1 Spin2
            #Ek_l1_s1              Vk_l1_s1             #Ek_l1_s2              Vk_l1_s2
      -1.458914644915        0.378493051952       -3.777310301930       -0.000001367634
      -0.283552040925        0.183940842617       -1.540146626651        0.000001246909
      -0.127640724424        0.189798024984       -0.334987333116        0.111390563269
       0.307618624432        0.101593251443       -1.098471259722       -0.014836826627
       1.269363431064       -0.105918130026        0.146200133052        0.231092851283
       3.729572160751       -0.000000063457        0.990915114987        0.358207214238
[1;91mmax error=[0m  8.3090530E-05
[1;91m    error=[0m  8.3090530E-05
[1;91mmin error=[0m  8.3090530E-05
=====================================
Total time [h:m:s.ms]:   0:00:01.538



-----DMFT-loop    9 (max:  100)-----
 0 SOLVES INEQ SITE: 0001
Updated impHloc:
            #Ek_l1_s1              Vk_l1_s1             #Ek_l1_s2              Vk_l1_s2
      -1.458778358781        0.377957702107       -3.777310301930       -0.000001367634
      -0.283452714276        0.184456972053       -1.540146626651        0.000001246909
      -0.127575362217        0.189404033308       -0.330482366867        0.111005648140
       0.307097300968        0.102217915146       -1.098505017328       -0.015535113594
       1.269392098349       -0.105503873283        0.145949873088        0.230667859608
       3.729572160751       -0.000000063457        0.977911813740        0.356371615104
Diagonalize impurity H:
 
  +ETA --> fort.6
  10% |ETA: 0:00:00.521 @21 May 2019  10:54:12
  20% |ETA: 0:00:00.580
  31% |ETA: 0:00:00.712
  40% |ETA: 0:00:00.590
  50% |ETA: 0:00:00.716 @21 May 2019  10:54:12
  60% |ETA: 0:00:00.589
  70% |ETA: 0:00:00.915
  81% |ETA: 0:00:00.537
  90% |ETA: 0:00:00.582
 100% |ETA: 0:00:00.000
Total time [h:m:s.ms]:   0:00:00.354
#     i               E_i       exp(-(E-E0)/T)       Sect       Dim    Indices:
     1   -9.552138455663   1.000000000000E+00         30       735   3   5
Egs =     -9.552138455663   3   5
Z   =      1.000000000000
Get impurity Greens functions:
Get G_l1_s1
Total time [h:m:s.ms]:   0:00:00.019
Get G_l1_s2
Total time [h:m:s.ms]:   0:00:00.019
dens_ineq0001=    1.000103691458    1.000103691458
docc_ineq0001=    0.042726689428
mag _ineq0001=   -0.845767723137
Total time [h:m:s.ms]:   0:00:00.439
Get local Matsubara Green's function (no print)
Direct Inversion algorithm:
 
  +ETA --> fort.6
  10% |ETA: 0:00:00.779 @21 May 2019  10:54:12
  20% |ETA: 0:00:00.694
  30% |ETA: 0:00:00.603
  40% |ETA: 0:00:00.513
  50% |ETA: 0:00:00.865 @21 May 2019  10:54:12
  60% |ETA: 0:00:00.692
  70% |ETA: 0:00:00.521
  80% |ETA: 0:00:00.695
  90% |ETA: 0:00:00.710
 100% |ETA: 0:00:00.000
Total time [h:m:s.ms]:   0:00:00.889
Gloc matsubara: write spin-orbital diagonal elements. Split.
Store Gloc_l11_s1_iw_indx*.dat in Gloc_l11_s1_iw.tgz
Store Gloc_l11_s2_iw_indx*.dat in Gloc_l11_s2_iw.tgz
Updated impHloc:
chi^2|iter_ineq0001=    5.272737489E-08 |     7  <--  Orb1 Spin1
            #Ek_l1_s1              Vk_l1_s1             #Ek_l1_s2              Vk_l1_s2
      -1.458785390638        0.378101410024       -3.777310301930       -0.000001367634
      -0.283456556150        0.184440017393       -1.540146626651        0.000001246909
      -0.127446785685        0.189520149489       -0.330482366867        0.111005648140
       0.307250415691        0.101431817065       -1.098505017328       -0.015535113594
       1.269398028077       -0.105387172302        0.145949873088        0.230667859608
       3.729572160751       -0.000000063457        0.977911813740        0.356371615104
Updated impHloc:
chi^2|iter_ineq0001=    9.079972916E-06 |     4  <--  Orb1 Spin2
            #Ek_l1_s1              Vk_l1_s1             #Ek_l1_s2              Vk_l1_s2
      -1.458785390638        0.378101410024       -3.777310301930       -0.000001367634
      -0.283456556150        0.184440017393       -1.540146626651        0.000001246909
      -0.127446785685        0.189520149489       -0.330616694589        0.110217312356
       0.307250415691        0.101431817065       -1.098505214156       -0.015506285481
       1.269398028077       -0.105387172302        0.145835819352        0.230543385690
       3.729572160751       -0.000000063457        0.977919051043        0.356632721474
[1;91mmax error=[0m  5.6808781E-05
[1;91m    error=[0m  5.6808781E-05
[1;91mmin error=[0m  5.6808781E-05
=====================================
Total time [h:m:s.ms]:   0:00:01.452



-----DMFT-loop   10 (max:  100)-----
 0 SOLVES INEQ SITE: 0001
Updated impHloc:
            #Ek_l1_s1              Vk_l1_s1             #Ek_l1_s2              Vk_l1_s2
      -1.458781874710        0.378029556065       -3.777310301930       -0.000001367634
      -0.283454635213        0.184448494723       -1.540146626651        0.000001246909
      -0.127511073951        0.189462091399       -0.330549530728        0.110611480248
       0.307173858330        0.101824866106       -1.098505115742       -0.015520699537
       1.269395063213       -0.105445522792        0.145892846220        0.230605622649
       3.729572160751       -0.000000063457        0.977915432392        0.356502168289
Diagonalize impurity H:
 
  +ETA --> fort.6
  10% |ETA: 0:00:00.521 @21 May 2019  10:54:13
  20% |ETA: 0:00:00.627
  31% |ETA: 0:00:00.748
  40% |ETA: 0:00:00.613
  50% |ETA: 0:00:00.740 @21 May 2019  10:54:13
  60% |ETA: 0:00:00.638
  70% |ETA: 0:00:00.979
  81% |ETA: 0:00:00.574
  90% |ETA: 0:00:00.615
 100% |ETA: 0:00:00.000
Total time [h:m:s.ms]:   0:00:00.374
#     i               E_i       exp(-(E-E0)/T)       Sect       Dim    Indices:
     1   -9.552186639523   1.000000000000E+00         30       735   3   5
Egs =     -9.552186639523   3   5
Z   =      1.000000000000
Get impurity Greens functions:
Get G_l1_s1
Total time [h:m:s.ms]:   0:00:00.018
Get G_l1_s2
Total time [h:m:s.ms]:   0:00:00.020
dens_ineq0001=    1.000111739302    1.000111739302
docc_ineq0001=    0.042732518516
mag _ineq0001=   -0.845782693484
Total time [h:m:s.ms]:   0:00:00.459
Get local Matsubara Green's function (no print)
Direct Inversion algorithm:
 
  +ETA --> fort.6
  10% |ETA: 0:00:00.744 @21 May 2019  10:54:14
  20% |ETA: 0:00:00.670
  30% |ETA: 0:00:00.587
  40% |ETA: 0:00:00.506
  50% |ETA: 0:00:00.845 @21 May 2019  10:54:14
  60% |ETA: 0:00:00.676
  70% |ETA: 0:00:00.507
  80% |ETA: 0:00:00.675
  90% |ETA: 0:00:00.675
 100% |ETA: 0:00:00.000
Total time [h:m:s.ms]:   0:00:00.850
Gloc matsubara: write spin-orbital diagonal elements. Split.
Store Gloc_l11_s1_iw_indx*.dat in Gloc_l11_s1_iw.tgz
Store Gloc_l11_s2_iw_indx*.dat in Gloc_l11_s2_iw.tgz
Updated impHloc:
chi^2|iter_ineq0001=    5.061580706E-08 |    11  <--  Orb1 Spin1
            #Ek_l1_s1              Vk_l1_s1             #Ek_l1_s2              Vk_l1_s2
      -1.458979240630        0.378575981049       -3.777310301930       -0.000001367634
      -0.283594416809        0.183830300908       -1.540146626651        0.000001246909
      -0.127639372516        0.189907034357       -0.330549530728        0.110611480248
       0.307707259193        0.101443074263       -1.098505115742       -0.015520699537
       1.269358435443       -0.105916037786        0.145892846220        0.230605622649
       3.729572160751       -0.000000063457        0.977915432392        0.356502168289
Updated impHloc:
chi^2|iter_ineq0001=    9.074177898E-06 |     4  <--  Orb1 Spin2
            #Ek_l1_s1              Vk_l1_s1             #Ek_l1_s2              Vk_l1_s2
      -1.458979240630        0.378575981049       -3.777310301930       -0.000001367634
      -0.283594416809        0.183830300908       -1.540146626651        0.000001246909
      -0.127639372516        0.189907034357       -0.330624041566        0.110211253258
       0.307707259193        0.101443074263       -1.098505186133       -0.015506358568
       1.269358435443       -0.105916037786        0.145837104035        0.230524246221
       3.729572160751       -0.000000063457        0.977923463008        0.356653688938
[1;91mmax error=[0m  1.7651886E-05
[1;91m    error=[0m  1.7651886E-05
[1;91mmin error=[0m  1.7651886E-05
=====================================
Total time [h:m:s.ms]:   0:00:01.445



-----DMFT-loop   11 (max:  100)-----
 0 SOLVES INEQ SITE: 0001
Updated impHloc:
            #Ek_l1_s1              Vk_l1_s1             #Ek_l1_s2              Vk_l1_s2
      -1.458880557670        0.378302768557       -3.777310301930       -0.000001367634
      -0.283524526011        0.184139397816       -1.540146626651        0.000001246909
      -0.127575223234        0.189684562878       -0.330586786147        0.110411366753
       0.307440558761        0.101633970184       -1.098505150937       -0.015513529053
       1.269376749328       -0.105680780289        0.145864975127        0.230564934435
       3.729572160751       -0.000000063457        0.977919447700        0.356577928613
Diagonalize impurity H:
 
  +ETA --> fort.6
  10% |ETA: 0:00:00.521 @21 May 2019  10:54:14
  20% |ETA: 0:00:00.596
  31% |ETA: 0:00:00.730
  40% |ETA: 0:00:00.602
  50% |ETA: 0:00:00.728 @21 May 2019  10:54:15
  60% |ETA: 0:00:00.597
  70% |ETA: 0:00:00.925
  81% |ETA: 0:00:00.544
  90% |ETA: 0:00:00.592
 100% |ETA: 0:00:00.000
Total time [h:m:s.ms]:   0:00:00.359
#     i               E_i       exp(-(E-E0)/T)       Sect       Dim    Indices:
     1   -9.552514600368   1.000000000000E+00         30       735   3   5
Egs =     -9.552514600368   3   5
Z   =      1.000000000000
Get impurity Greens functions:
Get G_l1_s1
Total time [h:m:s.ms]:   0:00:00.019
Get G_l1_s2
Total time [h:m:s.ms]:   0:00:00.020
dens_ineq0001=    1.000122543224    1.000122543224
docc_ineq0001=    0.042742022445
mag _ineq0001=   -0.845791209172
Total time [h:m:s.ms]:   0:00:00.451
Get local Matsubara Green's function (no print)
Direct Inversion algorithm:
 
  +ETA --> fort.6
  10% |ETA: 0:00:00.823 @21 May 2019  10:54:15
  20% |ETA: 0:00:00.725
  30% |ETA: 0:00:00.626
  40% |ETA: 0:00:00.531
  50% |ETA: 0:00:00.881 @21 May 2019  10:54:15
  60% |ETA: 0:00:00.703
  70% |ETA: 0:00:00.525
  80% |ETA: 0:00:00.697
  90% |ETA: 0:00:00.694
 100% |ETA: 0:00:00.000
Total time [h:m:s.ms]:   0:00:00.867
Gloc matsubara: write spin-orbital diagonal elements. Split.
Store Gloc_l11_s1_iw_indx*.dat in Gloc_l11_s1_iw.tgz
Store Gloc_l11_s2_iw_indx*.dat in Gloc_l11_s2_iw.tgz
Updated impHloc:
chi^2|iter_ineq0001=    5.116446824E-08 |     4  <--  Orb1 Spin1
            #Ek_l1_s1              Vk_l1_s1             #Ek_l1_s2              Vk_l1_s2
      -1.458878202363        0.378369240754       -3.777310301930       -0.000001367634
      -0.283536911698        0.184149992088       -1.540146626651        0.000001246909
      -0.127515173241        0.189708247854       -0.330586786147        0.110411366753
       0.307477493805        0.101408469882       -1.098505150937       -0.015513529053
       1.269378903229       -0.105636278293        0.145864975127        0.230564934435
       3.729572160751       -0.000000063457        0.977919447700        0.356577928613
Updated impHloc:
chi^2|iter_ineq0001=    9.069019314E-06 |     6  <--  Orb1 Spin2
            #Ek_l1_s1              Vk_l1_s1             #Ek_l1_s2              Vk_l1_s2
      -1.458878202363        0.378369240754       -3.777310301930       -0.000001367634
      -0.283536911698        0.184149992088       -1.540146626651        0.000001246909
      -0.127515173241        0.189708247854       -0.330696911112        0.110271665372
       0.307477493805        0.101408469882       -1.098504805879       -0.015514044338
       1.269378903229       -0.105636278293        0.145794631013        0.230462727162
       3.729572160751       -0.000000063457        0.977976711106        0.356813790109
[1;91mmax error=[0m  1.2281440E-05
[1;91m    error=[0m  1.2281440E-05
[1;91mmin error=[0m  1.2281440E-05
=====================================
Total time [h:m:s.ms]:   0:00:01.443



-----DMFT-loop   12 (max:  100)-----
 0 SOLVES INEQ SITE: 0001
Updated impHloc:
            #Ek_l1_s1              Vk_l1_s1             #Ek_l1_s2              Vk_l1_s2
      -1.458879380016        0.378336004656       -3.777310301930       -0.000001367634
      -0.283530718855        0.184144694952       -1.540146626651        0.000001246909
      -0.127545198238        0.189696405366       -0.330641848630        0.110341516062
       0.307459026283        0.101521220033       -1.098504978408       -0.015513786696
       1.269377826279       -0.105658529291        0.145829803070        0.230513830798
       3.729572160751       -0.000000063457        0.977948079403        0.356695859361
Diagonalize impurity H:
 
  +ETA --> fort.6
  10% |ETA: 0:00:00.521 @21 May 2019  10:54:16
  20% |ETA: 0:00:00.564
  31% |ETA: 0:00:00.695
  40% |ETA: 0:00:00.578
  50% |ETA: 0:00:00.700 @21 May 2019  10:54:16
  60% |ETA: 0:00:00.574
  70% |ETA: 0:00:00.888
  81% |ETA: 0:00:00.522
  90% |ETA: 0:00:00.567
 100% |ETA: 0:00:00.000
Total time [h:m:s.ms]:   0:00:00.344
#     i               E_i       exp(-(E-E0)/T)       Sect       Dim    Indices:
     1   -9.552572751844   1.000000000000E+00         30       735   3   5
Egs =     -9.552572751844   3   5
Z   =      1.000000000000
Get impurity Greens functions:
Get G_l1_s1
Total time [h:m:s.ms]:   0:00:00.019
Get G_l1_s2
Total time [h:m:s.ms]:   0:00:00.019
dens_ineq0001=    1.000123583894    1.000123583894
docc_ineq0001=    0.042744869355
mag _ineq0001=   -0.845798101540
Total time [h:m:s.ms]:   0:00:00.428
Get local Matsubara Green's function (no print)
Direct Inversion algorithm:
 
  +ETA --> fort.6
  10% |ETA: 0:00:00.761 @21 May 2019  10:54:16
  20% |ETA: 0:00:00.686
  30% |ETA: 0:00:00.626
  40% |ETA: 0:00:00.539
  50% |ETA: 0:00:00.946 @21 May 2019  10:54:17
  60% |ETA: 0:00:00.756
  70% |ETA: 0:00:00.560
  80% |ETA: 0:00:00.752
  90% |ETA: 0:00:00.748
 100% |ETA: 0:00:00.000
Total time [h:m:s.ms]:   0:00:00.932
Gloc matsubara: write spin-orbital diagonal elements. Split.
Store Gloc_l11_s1_iw_indx*.dat in Gloc_l11_s1_iw.tgz
Store Gloc_l11_s2_iw_indx*.dat in Gloc_l11_s2_iw.tgz
Updated impHloc:
chi^2|iter_ineq0001=    5.120299671E-08 |     4  <--  Orb1 Spin1
            #Ek_l1_s1              Vk_l1_s1             #Ek_l1_s2              Vk_l1_s2
      -1.458879266409        0.378370082036       -3.777310301930       -0.000001367634
      -0.283537228119        0.184149603144       -1.540146626651        0.000001246909
      -0.127511518677        0.189713487050       -0.330641848630        0.110341516062
       0.307482521808        0.101390492221       -1.098504978408       -0.015513786696
       1.269378901444       -0.105636088719        0.145829803070        0.230513830798
       3.729572160751       -0.000000063457        0.977948079403        0.356695859361
Updated impHloc:
chi^2|iter_ineq0001=    9.064264351E-06 |     5  <--  Orb1 Spin2
            #Ek_l1_s1              Vk_l1_s1             #Ek_l1_s2              Vk_l1_s2
      -1.458879266409        0.378370082036       -3.777310301930       -0.000001475695
      -0.283537228119        0.184149603144       -1.540146626651        0.000001393983
      -0.127511518677        0.189713487050       -0.330827723704        0.110309724802
       0.307482521808        0.101390492221       -1.098504248036       -0.015528645691
       1.269378901444       -0.105636088719        0.145776519034        0.230435895125
       3.729572160751       -0.000000063457        0.978068198944        0.356887876257
[1;93mmax error=[0m  8.2807992E-06
[1;93m    error=[0m  8.2807992E-06
[1;93mmin error=[0m  8.2807992E-06
=====================================
Total time [h:m:s.ms]:   0:00:01.477



-----DMFT-loop   13 (max:  100)-----
 0 SOLVES INEQ SITE: 0001
Updated impHloc:
            #Ek_l1_s1              Vk_l1_s1             #Ek_l1_s2              Vk_l1_s2
      -1.458879323212        0.378353043346       -3.777310301930       -0.000001421664
      -0.283533973487        0.184147149048       -1.540146626651        0.000001320446
      -0.127528358457        0.189704946208       -0.330734786167        0.110325620432
       0.307470774046        0.101455856127       -1.098504613222       -0.015521216194
       1.269378363861       -0.105647309005        0.145803161052        0.230474862962
       3.729572160751       -0.000000063457        0.978008139173        0.356791867809
Diagonalize impurity H:
 
  +ETA --> fort.6
  10% |ETA: 0:00:00.521 @21 May 2019  10:54:17
  20% |ETA: 0:00:00.596
  31% |ETA: 0:00:00.730
  40% |ETA: 0:00:00.602
  50% |ETA: 0:00:00.724 @21 May 2019  10:54:18
  60% |ETA: 0:00:00.597
  70% |ETA: 0:00:00.925
  81% |ETA: 0:00:00.542
  90% |ETA: 0:00:00.590
 100% |ETA: 0:00:00.000
Total time [h:m:s.ms]:   0:00:00.358
#     i               E_i       exp(-(E-E0)/T)       Sect       Dim    Indices:
     1   -9.552672239036   1.000000000000E+00         30       735   3   5
Egs =     -9.552672239036   3   5
Z   =      1.000000000000
Get impurity Greens functions:
Get G_l1_s1
Total time [h:m:s.ms]:   0:00:00.020
Get G_l1_s2
Total time [h:m:s.ms]:   0:00:00.020
dens_ineq0001=    1.000123510462    1.000123510462
docc_ineq0001=    0.042746576019
mag _ineq0001=   -0.845802720281
Total time [h:m:s.ms]:   0:00:00.447
Get local Matsubara Green's function (no print)
Direct Inversion algorithm:
 
  +ETA --> fort.6
  10% |ETA: 0:00:00.779 @21 May 2019  10:54:18
  20% |ETA: 0:00:00.686
  30% |ETA: 0:00:00.591
  40% |ETA: 0:00:00.515
  50% |ETA: 0:00:00.859 @21 May 2019  10:54:18
  60% |ETA: 0:00:00.736
  70% |ETA: 0:00:00.546
  80% |ETA: 0:00:00.723
  90% |ETA: 0:00:00.722
 100% |ETA: 0:00:00.000
Total time [h:m:s.ms]:   0:00:00.903
Gloc matsubara: write spin-orbital diagonal elements. Split.
Store Gloc_l11_s1_iw_indx*.dat in Gloc_l11_s1_iw.tgz
Store Gloc_l11_s2_iw_indx*.dat in Gloc_l11_s2_iw.tgz
Updated impHloc:
chi^2|iter_ineq0001=    5.013666485E-08 |    10  <--  Orb1 Spin1
            #Ek_l1_s1              Vk_l1_s1             #Ek_l1_s2              Vk_l1_s2
      -1.459100116050        0.378521600762       -3.777310301930       -0.000001421664
      -0.283870320065        0.183968111060       -1.540146626651        0.000001320446
      -0.127590222910        0.189898708094       -0.330734786167        0.110325620432
       0.307874843236        0.101361007755       -1.098504613222       -0.015521216194
       1.269340198569       -0.106174060086        0.145803161052        0.230474862962
       3.729572160751       -0.000000063457        0.978008139173        0.356791867809
Updated impHloc:
chi^2|iter_ineq0001=    9.061259376E-06 |     4  <--  Orb1 Spin2
            #Ek_l1_s1              Vk_l1_s1             #Ek_l1_s2              Vk_l1_s2
      -1.459100116050        0.378521600762       -3.777310301930       -0.000001421664
      -0.283870320065        0.183968111060       -1.540146626651        0.000001320446
      -0.127590222910        0.189898708094       -0.330790287549        0.110267646310
       0.307874843236        0.101361007755       -1.098504450669       -0.015524031900
       1.269340198569       -0.106174060086        0.145800794212        0.230464337889
       3.729572160751       -0.000000063457        0.978040298108        0.356809660380
[1;92mmax error=[0m  5.5403933E-06
[1;92m    error=[0m  5.5403933E-06
[1;92mmin error=[0m  5.5403933E-06
=====================================
Total time [h:m:s.ms]:   0:00:01.485


Get local Realaxis Green's function (no print)
Direct Inversion algorithm:
 
  +ETA --> fort.6
  10% |ETA: 0:00:00.753 @21 May 2019  10:54:19
  20% |ETA: 0:00:00.670
  30% |ETA: 0:00:00.582
  40% |ETA: 0:00:00.995
  50% |ETA: 0:00:00.831 @21 May 2019  10:54:19
  60% |ETA: 0:00:00.666
  70% |ETA: 0:00:00.997
  80% |ETA: 0:00:00.663
  90% |ETA: 0:00:00.662
 100% |ETA: 0:00:00.500
Total time [h:m:s.ms]:   0:00:00.416
Gloc real: write spin-orbital diagonal elements. Split.
Store Gloc_l11_s1_realw_indx*.dat in Gloc_l11_s1_realw.tgz
Store Gloc_l11_s2_realw_indx*.dat in Gloc_l11_s2_realw.tgz
