    1  1.0000000E+00
    2  2.0973424E-03
    3  2.8872055E-04
    4  8.5642221E-04
    5  1.2397656E-03
    6  9.5279337E-04
    7  7.2493359E-04
    8  5.7902438E-04
    9  4.0949947E-04
   10  3.9442825E-04
   11  2.9045437E-04
   12  2.3926887E-04
   13  1.7435361E-04
   14  3.5317222E-03
   15  6.5013136E-04
   16  4.4119979E-04
   17  4.1559039E-04
   18  4.9740964E-04
   19  5.5544471E-04
   20  6.2236647E-04
   21  6.2479989E-04
   22  5.9683680E-04
   23  5.8206517E-04
   24  5.7935159E-04
   25  5.4752285E-04
   26  5.1866978E-04
   27  4.0501021E-02
   28  3.7453770E-02
   29  6.0922385E-04
   30  5.7844473E-04
   31  5.3402390E-04
   32  4.8765371E-04
   33  3.8361573E-02
   34  3.5112867E-02
   35  5.8492843E-04
   36  5.1178071E-04
   37  4.8646804E-04
   38  4.7685161E-04
   39  4.5408438E-04
   40  4.2790758E-04
   41  3.9733455E-04
   42  3.6090948E-04
   43  4.7330419E-04
   44  2.6337142E-03
   45  1.3102465E-03
   46  6.4468857E-04
   47  5.0920916E-04
   48  4.1751536E-04
   49  4.6445461E-04
   50  4.1628304E-04
   51  4.3102419E-02
   52  4.0108973E-02
   53  5.7499366E-04
   54  5.4394824E-04
   55  4.9972815E-04
   56  4.5606807E-04
   57  3.9854959E-04
   58  3.3747076E-04
   59  6.9307441E-04
   60  2.6414115E-03
   61  1.5059731E-03
   62  6.5894343E-04
   63  4.8971512E-04
   64  4.2773462E-04
   65  3.8108967E-04
   66  2.8905455E-04
   67  4.2619691E-02
   68  3.9650295E-02
   69  1.2420421E-03
   70  7.4750825E-04
   71  5.7050801E-04
   72  5.2794922E-04
   73  5.2876499E-04
   74  4.9709467E-04
   75  4.8581463E-04
   76  4.2682863E-04
   77  4.1188419E-04
   78  3.8874283E-04
   79  4.2075110E-02
   80  3.8182359E-02
   81  7.5183098E-04
   82  6.8226933E-04
   83  6.2625141E-04
   84  5.6645207E-04
   85  5.0583171E-04
   86  4.5403659E-04
   87  4.0394405E-04
   88  4.9615891E-04
   89  1.7457082E-03
   90  8.0110023E-04
   91  6.3979145E-04
   92  4.8882832E-04
   93  4.0472907E-04
   94  3.6207793E-04
   95  3.3489833E-04
   96  2.5435820E-04
   97  5.2844177E-04
   98  3.1090889E-03
   99  9.0742785E-04
  100  9.5746364E-04
