    1  1.0000000E+00
    2  2.1267109E-03
    3  2.5878035E-04
    4  2.2720248E-04
    5  1.9928217E-04
    6  1.7881373E-04
    7  1.7730545E-04
    8  1.1629149E-04
    9  1.0204055E-04
   10  8.9110912E-05
   11  7.8307795E-05
   12  6.8682855E-05
   13  6.1247384E-05
   14  4.9700196E-05
   15  4.3639699E-05
   16  3.8260294E-05
   17  3.3761425E-05
   18  2.9713095E-05
   19  2.6278082E-05
   20  2.3136989E-05
   21  2.0462605E-05
   22  1.8159422E-05
   23  1.6070446E-05
   24  1.4354958E-05
   25  1.2810810E-05
   26  1.1544912E-05
   27  1.0480165E-05
   28  9.7503779E-06
   29  9.0223215E-06
