---------------MPI----------------
rank:     0 of      1 alive
----------------------------------

 warning scalar in parse_cmd array:   ULOC
 expecting a comma separated list of:            5
 wrong dimensions parsing variable:   ULOC
 expecting a comma separated list of:            5
SCIFOR VERSION (GIT): f51d8963e73e1a7f5e05ca328195b114bbdf41ec
Timestamp: +21 May 2019  10:49:12.518
 
CODE VERSION: 30030ed680c7b62ac87f0fc221aa358a61913d81
Timestamp: +21 May 2019  10:49:12.519
 
store size =10240Kb
 Using Neel symmetry to refold BZ
 Using Nineq sites=           1
 Symmetries used are:
 (site=2,l,s)=(site=1,l,-s)
 Using Nk_total=361
Using Reciprocal Lattice vectors:
bk_x = [  3.1416 -3.1416  0.0000]
bk_y = [  0.0000  6.2832  0.0000]
bk_z = [  0.0000  0.0000  6.2832]
Get local Realaxis Green's function (no print)
Direct Inversion algorithm:
 
  +ETA --> fort.6
  10% |ETA: 0:00:00.901 @21 May 2019  10:49:12
  20% |ETA: 0:00:00.796
  30% |ETA: 0:00:00.691
  40% |ETA: 0:00:00.591
  50% |ETA: 0:00:00.982 @21 May 2019  10:49:13
  60% |ETA: 0:00:00.785
  70% |ETA: 0:00:00.588
  80% |ETA: 0:00:00.783
  90% |ETA: 0:00:00.785
 100% |ETA: 0:00:00.000
Total time [h:m:s.ms]:   0:00:00.988
dos_Hk real: write spin-orbital diagonal elements.
 Solving model along the path:
Point1: [ 0.0000 0.0000 0.0000]
Point2: [ 3.1416 0.0000 0.0000]
Point3: [ 3.1416 3.1416 0.0000]
Point4: [ 0.0000 0.0000 0.0000]
INIT SOLVER FOR _ineq0001
Summary:
--------------------------------------------
# of levels/spin      =               7
Total size            =              14
# of impurities       =               1
# of bath/impurity    =               6
# of Bath levels/spin =               6
Number of sectors     =              64
Ns_Orb                =               7
Ns_Ud                 =               1
Largest Sector(s)     =       35        35                1225
--------------------------------------------
Required Lanc_nstates_total=1 => set T=0 calculation
Lanczos ZERO temperature calculation:
Updated impHloc:
Reading bath from filehamiltonian_ineq0001.restart
there are        6 lines in +hamiltonian_ineq0001.restart

-----DMFT-loop    1 (max:  100)-----
 0 SOLVES INEQ SITE: 0001
Updated impHloc:
            #Ek_l1_s1              Vk_l1_s1             #Ek_l1_s2              Vk_l1_s2
      -0.597313022476        0.302619894511       -2.877310298261       -0.000370285139
      -0.143299889523        0.234664038970       -0.696269493151       -0.219728415747
      -0.020937029678        0.138003567929       -0.236532115159        0.035032616920
       0.338008267805        0.128852739505       -0.372703136175        0.132033805778
       0.725289093777       -0.232650933682        0.051686291766        0.213520721369
       2.829572160751       -0.000000063457        0.425768126391        0.334105926474
Diagonalize impurity H:
 
  +ETA --> fort.6
  10% |ETA: 0:00:00.521 @21 May 2019  10:49:15
  20% |ETA: 0:00:00.580
  31% |ETA: 0:00:00.703
  40% |ETA: 0:00:00.584
  50% |ETA: 0:00:00.716 @21 May 2019  10:49:15
  60% |ETA: 0:00:00.589
  70% |ETA: 0:00:00.908
  81% |ETA: 0:00:00.537
  90% |ETA: 0:00:00.594
 100% |ETA: 0:00:00.000
Total time [h:m:s.ms]:   0:00:00.361
#     i               E_i       exp(-(E-E0)/T)       Sect       Dim    Indices:
     1   -5.647465407234   1.000000000000E+00         30       735   3   5
Egs =     -5.647465407234   3   5
Z   =      1.000000000000
Get impurity Greens functions:
Get G_l1_s1
Total time [h:m:s.ms]:   0:00:00.017
Get G_l1_s2
Total time [h:m:s.ms]:   0:00:00.019
dens_ineq0001=    0.999723277758    0.999723277758
docc_ineq0001=    0.147068137615
mag _ineq0001=   -0.326077152761
Total time [h:m:s.ms]:   0:00:00.458
Get local Matsubara Green's function (no print)
Direct Inversion algorithm:
 
  +ETA --> fort.6
  10% |ETA: 0:00:00.788 @21 May 2019  10:49:16
  20% |ETA: 0:00:00.702
  30% |ETA: 0:00:00.610
  40% |ETA: 0:00:00.519
  50% |ETA: 0:00:00.857 @21 May 2019  10:49:16
  60% |ETA: 0:00:00.684
  70% |ETA: 0:00:00.523
  80% |ETA: 0:00:00.694
  90% |ETA: 0:00:00.691
 100% |ETA: 0:00:00.000
Total time [h:m:s.ms]:   0:00:00.862
Gloc matsubara: write spin-orbital diagonal elements. Split.
Store Gloc_l11_s1_iw_indx*.dat in Gloc_l11_s1_iw.tgz
Store Gloc_l11_s2_iw_indx*.dat in Gloc_l11_s2_iw.tgz
Updated impHloc:
chi^2|iter_ineq0001=    7.092747802E-07 |   356  <--  Orb1 Spin1
            #Ek_l1_s1              Vk_l1_s1             #Ek_l1_s2              Vk_l1_s2
      -0.699240484110        0.288378363429       -2.877310298261       -0.000370285139
      -0.226632703883        0.219224505318       -0.696269493151       -0.219728415747
      -0.090791541248        0.141728746257       -0.236532115159        0.035032616920
       0.176718778240        0.127324117779       -0.372703136175        0.132033805778
       0.547657634543       -0.246706332964        0.051686291766        0.213520721369
       2.829572160751       -0.000000063457        0.425768126391        0.334105926474
Updated impHloc:
chi^2|iter_ineq0001=    1.140509859E-05 |   323  <--  Orb1 Spin2
            #Ek_l1_s1              Vk_l1_s1             #Ek_l1_s2              Vk_l1_s2
      -0.699240484110        0.288378363429       -2.877310301404       -0.000152846692
      -0.226632703883        0.219224505318       -0.662406277985       -0.186862900752
      -0.090791541248        0.141728746257       -0.143900087939        0.089235955184
       0.176718778240        0.127324117779       -0.342325702539        0.177239575131
       0.547657634543       -0.246706332964        0.109275093507        0.188615767805
       2.829572160751       -0.000000063457        0.464170550876        0.322030912938
[1;91mmax error=[0m  1.0000000E+00
[1;91m    error=[0m  1.0000000E+00
[1;91mmin error=[0m  1.0000000E+00
=====================================
Total time [h:m:s.ms]:   0:00:03.103



-----DMFT-loop    2 (max:  100)-----
 0 SOLVES INEQ SITE: 0001
Updated impHloc:
            #Ek_l1_s1              Vk_l1_s1             #Ek_l1_s2              Vk_l1_s2
      -0.699240484110        0.288378363429       -2.877310301404       -0.000152846692
      -0.226632703883        0.219224505318       -0.662406277985       -0.186862900752
      -0.090791541248        0.141728746257       -0.143900087939        0.089235955184
       0.176718778240        0.127324117779       -0.342325702539        0.177239575131
       0.547657634543       -0.246706332964        0.109275093507        0.188615767805
       2.829572160751       -0.000000063457        0.464170550876        0.322030912938
Diagonalize impurity H:
 
  +ETA --> fort.6
  10% |ETA: 0:00:00.521 @21 May 2019  10:49:18
  20% |ETA: 0:00:00.627
  31% |ETA: 0:00:00.730
  40% |ETA: 0:00:00.608
  50% |ETA: 0:00:00.740 @21 May 2019  10:49:18
  60% |ETA: 0:00:00.615
  70% |ETA: 0:00:00.949
  81% |ETA: 0:00:00.559
  90% |ETA: 0:00:00.602
 100% |ETA: 0:00:00.000
Total time [h:m:s.ms]:   0:00:00.366
#     i               E_i       exp(-(E-E0)/T)       Sect       Dim    Indices:
     1   -5.680448315378   1.000000000000E+00         30       735   3   5
Egs =     -5.680448315378   3   5
Z   =      1.000000000000
Get impurity Greens functions:
Get G_l1_s1
Total time [h:m:s.ms]:   0:00:00.017
Get G_l1_s2
Total time [h:m:s.ms]:   0:00:00.019
dens_ineq0001=    0.999524190731    0.999524190731
docc_ineq0001=    0.132580808228
mag _ineq0001=   -0.476152649720
Total time [h:m:s.ms]:   0:00:00.452
Get local Matsubara Green's function (no print)
Direct Inversion algorithm:
 
  +ETA --> fort.6
  10% |ETA: 0:00:00.770 @21 May 2019  10:49:19
  20% |ETA: 0:00:00.682
  30% |ETA: 0:00:00.596
  40% |ETA: 0:00:00.510
  50% |ETA: 0:00:00.851 @21 May 2019  10:49:19
  60% |ETA: 0:00:00.680
  70% |ETA: 0:00:00.510
  80% |ETA: 0:00:00.680
  90% |ETA: 0:00:00.679
 100% |ETA: 0:00:00.***
Total time [h:m:s.ms]:   0:00:00.851
Gloc matsubara: write spin-orbital diagonal elements. Split.
Store Gloc_l11_s1_iw_indx*.dat in Gloc_l11_s1_iw.tgz
Store Gloc_l11_s2_iw_indx*.dat in Gloc_l11_s2_iw.tgz
Updated impHloc:
chi^2|iter_ineq0001=    2.710227465E-07 |   238  <--  Orb1 Spin1
            #Ek_l1_s1              Vk_l1_s1             #Ek_l1_s2              Vk_l1_s2
      -0.729144616797        0.305798600287       -2.877310301404       -0.000152846692
      -0.239854299352        0.228442134260       -0.662406277985       -0.186862900752
      -0.114132702407        0.140779415276       -0.143900087939        0.089235955184
       0.221015778976        0.133353539152       -0.342325702539        0.177239575131
       0.631818315604       -0.224400163528        0.109275093507        0.188615767805
       2.829572160751       -0.000000063457        0.464170550876        0.322030912938
Updated impHloc:
chi^2|iter_ineq0001=    5.369995515E-06 |    66  <--  Orb1 Spin2
            #Ek_l1_s1              Vk_l1_s1             #Ek_l1_s2              Vk_l1_s2
      -0.729144616797        0.305798600287       -2.877310301551       -0.000125684578
      -0.239854299352        0.228442134260       -0.660903540031       -0.176476974929
      -0.114132702407        0.140779415276       -0.156254135722        0.069999347041
       0.221015778976        0.133353539152       -0.346639293927        0.164979009591
       0.631818315604       -0.224400163528        0.141886213496        0.209294829719
       2.829572160751       -0.000000063457        0.532798254092        0.333348022310
[1;91mmax error=[0m  2.5050349E-02
[1;91m    error=[0m  2.5050349E-02
[1;91mmin error=[0m  2.5050349E-02
=====================================
Total time [h:m:s.ms]:   0:00:02.126



-----DMFT-loop    3 (max:  100)-----
 0 SOLVES INEQ SITE: 0001
Updated impHloc:
            #Ek_l1_s1              Vk_l1_s1             #Ek_l1_s2              Vk_l1_s2
      -0.714192550454        0.297088481858       -2.877310301478       -0.000139265635
      -0.233243501617        0.223833319789       -0.661654909008       -0.181669937841
      -0.102462121827        0.141254080767       -0.150077111831        0.079617651112
       0.198867278608        0.130338828466       -0.344482498233        0.171109292361
       0.589737975073       -0.235553248246        0.125580653502        0.198955298762
       2.829572160751       -0.000000063457        0.498484402484        0.327689467624
Diagonalize impurity H:
 
  +ETA --> fort.6
  10% |ETA: 0:00:00.521 @21 May 2019  10:49:20
  20% |ETA: 0:00:00.564
  31% |ETA: 0:00:00.712
  40% |ETA: 0:00:00.596
  50% |ETA: 0:00:00.736 @21 May 2019  10:49:20
  60% |ETA: 0:00:00.607
  70% |ETA: 0:00:00.935
  81% |ETA: 0:00:00.568
  90% |ETA: 0:00:00.610
 100% |ETA: 0:00:00.000
Total time [h:m:s.ms]:   0:00:00.371
#     i               E_i       exp(-(E-E0)/T)       Sect       Dim    Indices:
     1   -5.722957134650   1.000000000000E+00         30       735   3   5
Egs =     -5.722957134650   3   5
Z   =      1.000000000000
Get impurity Greens functions:
Get G_l1_s1
Total time [h:m:s.ms]:   0:00:00.017
Get G_l1_s2
Total time [h:m:s.ms]:   0:00:00.019
dens_ineq0001=    0.999566408373    0.999566408373
docc_ineq0001=    0.130120594685
mag _ineq0001=   -0.508486565345
Total time [h:m:s.ms]:   0:00:00.455
Get local Matsubara Green's function (no print)
Direct Inversion algorithm:
 
  +ETA --> fort.6
  10% |ETA: 0:00:00.779 @21 May 2019  10:49:21
  20% |ETA: 0:00:00.682
  30% |ETA: 0:00:00.591
  40% |ETA: 0:00:00.502
  50% |ETA: 0:00:00.837 @21 May 2019  10:49:21
  60% |ETA: 0:00:00.670
  70% |ETA: 0:00:00.502
  80% |ETA: 0:00:00.669
  90% |ETA: 0:00:00.669
 100% |ETA: 0:00:00.000
Total time [h:m:s.ms]:   0:00:00.843
Gloc matsubara: write spin-orbital diagonal elements. Split.
Store Gloc_l11_s1_iw_indx*.dat in Gloc_l11_s1_iw.tgz
Store Gloc_l11_s2_iw_indx*.dat in Gloc_l11_s2_iw.tgz
Updated impHloc:
chi^2|iter_ineq0001=    3.606444808E-07 |    71  <--  Orb1 Spin1
            #Ek_l1_s1              Vk_l1_s1             #Ek_l1_s2              Vk_l1_s2
      -0.714836761745        0.307123304366       -2.877310301478       -0.000139265635
      -0.239178230979        0.233329204578       -0.661654909008       -0.181669937841
      -0.119580536409        0.133924153489       -0.150077111831        0.079617651112
       0.223485188389        0.118940867249       -0.344482498233        0.171109292361
       0.586167686036       -0.221974574895        0.125580653502        0.198955298762
       2.829572160751       -0.000000063457        0.498484402484        0.327689467624
Updated impHloc:
chi^2|iter_ineq0001=    4.410236196E-06 |    76  <--  Orb1 Spin2
            #Ek_l1_s1              Vk_l1_s1             #Ek_l1_s2              Vk_l1_s2
      -0.714836761745        0.307123304366       -2.877310301521       -0.000123042648
      -0.239178230979        0.233329204578       -0.661192224003       -0.179784431226
      -0.119580536409        0.133924153489       -0.160153154840        0.062274717758
       0.223485188389        0.118940867249       -0.350513276629        0.159363454615
       0.586167686036       -0.221974574895        0.153599882740        0.216702132127
       2.829572160751       -0.000000063457        0.554184518317        0.335469054216
[1;91mmax error=[0m  6.5994637E-03
[1;91m    error=[0m  6.5994637E-03
[1;91mmin error=[0m  6.5994637E-03
=====================================
Total time [h:m:s.ms]:   0:00:01.782



-----DMFT-loop    4 (max:  100)-----
 0 SOLVES INEQ SITE: 0001
Updated impHloc:
            #Ek_l1_s1              Vk_l1_s1             #Ek_l1_s2              Vk_l1_s2
      -0.714514656099        0.302105893112       -2.877310301499       -0.000131154141
      -0.236210866298        0.228581262183       -0.661423566506       -0.180727184534
      -0.111021329118        0.137589117128       -0.155115133335        0.070946184435
       0.211176233498        0.124639847858       -0.347497887431        0.165236373488
       0.587952830554       -0.228763911570        0.139590268121        0.207828715444
       2.829572160751       -0.000000063457        0.526334460400        0.331579260920
Diagonalize impurity H:
 
  +ETA --> fort.6
  10% |ETA: 0:00:00.521 @21 May 2019  10:49:22
  20% |ETA: 0:00:00.659
  31% |ETA: 0:00:00.774
  40% |ETA: 0:00:00.648
  50% |ETA: 0:00:00.784 @21 May 2019  10:49:22
  60% |ETA: 0:00:00.653
  70% |ETA: 0:00:00.506
  81% |ETA: 0:00:00.599
  90% |ETA: 0:00:00.645
 100% |ETA: 0:00:00.000
Total time [h:m:s.ms]:   0:00:00.392
#     i               E_i       exp(-(E-E0)/T)       Sect       Dim    Indices:
     1   -5.744085866369   1.000000000000E+00         30       735   3   5
Egs =     -5.744085866369   3   5
Z   =      1.000000000000
Get impurity Greens functions:
Get G_l1_s1
Total time [h:m:s.ms]:   0:00:00.027
Get G_l1_s2
Total time [h:m:s.ms]:   0:00:00.024
dens_ineq0001=    0.999547782926    0.999547782926
docc_ineq0001=    0.128402848482
mag _ineq0001=   -0.529475040126
Total time [h:m:s.ms]:   0:00:00.507
Get local Matsubara Green's function (no print)
Direct Inversion algorithm:
 
  +ETA --> fort.6
  10% |ETA: 0:00:00.840 @21 May 2019  10:49:23
  20% |ETA: 0:00:00.710
  30% |ETA: 0:00:00.608
  40% |ETA: 0:00:00.528
  50% |ETA: 0:00:00.875 @21 May 2019  10:49:23
  60% |ETA: 0:00:00.694
  70% |ETA: 0:00:00.516
  80% |ETA: 0:00:00.695
  90% |ETA: 0:00:00.699
 100% |ETA: 0:00:00.000
Total time [h:m:s.ms]:   0:00:00.877
Gloc matsubara: write spin-orbital diagonal elements. Split.
Store Gloc_l11_s1_iw_indx*.dat in Gloc_l11_s1_iw.tgz
Store Gloc_l11_s2_iw_indx*.dat in Gloc_l11_s2_iw.tgz
Updated impHloc:
chi^2|iter_ineq0001=    3.582707943E-07 |    56  <--  Orb1 Spin1
            #Ek_l1_s1              Vk_l1_s1             #Ek_l1_s2              Vk_l1_s2
      -0.715266455850        0.308733358654       -2.877310301499       -0.000131154141
      -0.242034044467        0.237197007618       -0.661423566506       -0.180727184534
      -0.123599067923        0.130676638766       -0.155115133335        0.070946184435
       0.230402787597        0.113960309635       -0.347497887431        0.165236373488
       0.585821340920       -0.220991197584        0.139590268121        0.207828715444
       2.829572160751       -0.000000063457        0.526334460400        0.331579260920
Updated impHloc:
chi^2|iter_ineq0001=    3.915881592E-06 |    51  <--  Orb1 Spin2
            #Ek_l1_s1              Vk_l1_s1             #Ek_l1_s2              Vk_l1_s2
      -0.715266455850        0.308733358654       -2.877310301250       -0.000112451090
      -0.242034044467        0.237197007618       -0.661295733026       -0.178711515067
      -0.123599067923        0.130676638766       -0.163987975988        0.054927015976
       0.230402787597        0.113960309635       -0.350427345772        0.157738843220
       0.585821340920       -0.220991197584        0.160220933357        0.219254408713
       2.829572160751       -0.000000063457        0.558472321796        0.336708618851
[1;91mmax error=[0m  4.2880946E-03
[1;91m    error=[0m  4.2880946E-03
[1;91mmin error=[0m  4.2880946E-03
=====================================
Total time [h:m:s.ms]:   0:00:01.729



-----DMFT-loop    5 (max:  100)-----
 0 SOLVES INEQ SITE: 0001
Updated impHloc:
            #Ek_l1_s1              Vk_l1_s1             #Ek_l1_s2              Vk_l1_s2
      -0.714890555975        0.305419625883       -2.877310301375       -0.000121802616
      -0.239122455383        0.232889134901       -0.661359649766       -0.179719349800
      -0.117310198520        0.134132877947       -0.159551554662        0.062936600205
       0.220789510548        0.119300078746       -0.348962616601        0.161487608354
       0.586887085737       -0.224877554577        0.149905600739        0.213541562079
       2.829572160751       -0.000000063457        0.542403391098        0.334143939886
Diagonalize impurity H:
 
  +ETA --> fort.6
  10% |ETA: 0:00:00.521 @21 May 2019  10:49:24
  20% |ETA: 0:00:00.580
  31% |ETA: 0:00:00.712
  40% |ETA: 0:00:00.596
  50% |ETA: 0:00:00.732 @21 May 2019  10:49:24
  60% |ETA: 0:00:00.602
  70% |ETA: 0:00:00.928
  81% |ETA: 0:00:00.548
  90% |ETA: 0:00:00.590
 100% |ETA: 0:00:00.000
Total time [h:m:s.ms]:   0:00:00.359
#     i               E_i       exp(-(E-E0)/T)       Sect       Dim    Indices:
     1   -5.760718910389   1.000000000000E+00         30       735   3   5
Egs =     -5.760718910389   3   5
Z   =      1.000000000000
Get impurity Greens functions:
Get G_l1_s1
Total time [h:m:s.ms]:   0:00:00.019
Get G_l1_s2
Total time [h:m:s.ms]:   0:00:00.020
dens_ineq0001=    0.999563778737    0.999563778737
docc_ineq0001=    0.127278130380
mag _ineq0001=   -0.542956253803
Total time [h:m:s.ms]:   0:00:00.447
Get local Matsubara Green's function (no print)
Direct Inversion algorithm:
 
  +ETA --> fort.6
  10% |ETA: 0:00:00.753 @21 May 2019  10:49:24
  20% |ETA: 0:00:00.674
  30% |ETA: 0:00:00.594
  40% |ETA: 0:00:00.504
  50% |ETA: 0:00:00.837 @21 May 2019  10:49:25
  60% |ETA: 0:00:00.667
  70% |ETA: 0:00:00.998
  80% |ETA: 0:00:00.668
  90% |ETA: 0:00:00.666
 100% |ETA: 0:00:00.000
Total time [h:m:s.ms]:   0:00:00.833
Gloc matsubara: write spin-orbital diagonal elements. Split.
Store Gloc_l11_s1_iw_indx*.dat in Gloc_l11_s1_iw.tgz
Store Gloc_l11_s2_iw_indx*.dat in Gloc_l11_s2_iw.tgz
Updated impHloc:
chi^2|iter_ineq0001=    3.608168210E-07 |    49  <--  Orb1 Spin1
            #Ek_l1_s1              Vk_l1_s1             #Ek_l1_s2              Vk_l1_s2
      -0.715676581547        0.309427856164       -2.877310301375       -0.000121802616
      -0.244440012370        0.240099419641       -0.661359649766       -0.179719349800
      -0.125915692051        0.128257866034       -0.159551554662        0.062936600205
       0.236046500120        0.110878947088       -0.348962616601        0.161487608354
       0.585115410984       -0.219955313461        0.149905600739        0.213541562079
       2.829572160751       -0.000000063457        0.542403391098        0.334143939886
Updated impHloc:
chi^2|iter_ineq0001=    3.744661114E-06 |    81  <--  Orb1 Spin2
            #Ek_l1_s1              Vk_l1_s1             #Ek_l1_s2              Vk_l1_s2
      -0.715676581547        0.309427856164       -2.877310300977       -0.000095263668
      -0.244440012370        0.240099419641       -0.663043261277       -0.184683580769
      -0.125915692051        0.128257866034       -0.166263621203        0.053451177530
       0.236046500120        0.110878947088       -0.352240883357        0.151120442960
       0.585115410984       -0.219955313461        0.165857927099        0.223097671701
       2.829572160751       -0.000000063457        0.572241573972        0.338082013871
[1;91mmax error=[0m  2.7700634E-03
[1;91m    error=[0m  2.7700634E-03
[1;91mmin error=[0m  2.7700634E-03
=====================================
Total time [h:m:s.ms]:   0:00:01.707



-----DMFT-loop    6 (max:  100)-----
 0 SOLVES INEQ SITE: 0001
Updated impHloc:
            #Ek_l1_s1              Vk_l1_s1             #Ek_l1_s2              Vk_l1_s2
      -0.715283568761        0.307423741024       -2.877310301176       -0.000108533142
      -0.241781233876        0.236494277271       -0.662201455521       -0.182201465285
      -0.121612945285        0.131195371990       -0.162907587933        0.058193888868
       0.228418005334        0.115089512917       -0.350601749979        0.156304025657
       0.586001248361       -0.222416434019        0.157881763919        0.218319616890
       2.829572160751       -0.000000063457        0.557322482535        0.336112976878
Diagonalize impurity H:
 
  +ETA --> fort.6
  10% |ETA: 0:00:00.521 @21 May 2019  10:49:26
  20% |ETA: 0:00:00.580
  31% |ETA: 0:00:00.730
  40% |ETA: 0:00:00.602
  50% |ETA: 0:00:00.736 @21 May 2019  10:49:26
  60% |ETA: 0:00:00.607
  70% |ETA: 0:00:00.939
  81% |ETA: 0:00:00.553
  90% |ETA: 0:00:00.600
 100% |ETA: 0:00:00.000
Total time [h:m:s.ms]:   0:00:00.365
#     i               E_i       exp(-(E-E0)/T)       Sect       Dim    Indices:
     1   -5.775061547150   1.000000000000E+00         30       735   3   5
Egs =     -5.775061547150   3   5
Z   =      1.000000000000
Get impurity Greens functions:
Get G_l1_s1
Total time [h:m:s.ms]:   0:00:00.017
Get G_l1_s2
Total time [h:m:s.ms]:   0:00:00.020
dens_ineq0001=    0.999578506276    0.999578506276
docc_ineq0001=    0.126545916442
mag _ineq0001=   -0.551712705335
Total time [h:m:s.ms]:   0:00:00.453
Get local Matsubara Green's function (no print)
Direct Inversion algorithm:
 
  +ETA --> fort.6
  10% |ETA: 0:00:00.814 @21 May 2019  10:49:26
  20% |ETA: 0:00:00.710
  30% |ETA: 0:00:00.614
  40% |ETA: 0:00:00.521
  50% |ETA: 0:00:00.865 @21 May 2019  10:49:26
  60% |ETA: 0:00:00.686
  70% |ETA: 0:00:00.513
  80% |ETA: 0:00:00.682
  90% |ETA: 0:00:00.679
 100% |ETA: 0:00:00.000
Total time [h:m:s.ms]:   0:00:00.849
Gloc matsubara: write spin-orbital diagonal elements. Split.
Store Gloc_l11_s1_iw_indx*.dat in Gloc_l11_s1_iw.tgz
Store Gloc_l11_s2_iw_indx*.dat in Gloc_l11_s2_iw.tgz
Updated impHloc:
chi^2|iter_ineq0001=    3.516707428E-07 |    69  <--  Orb1 Spin1
            #Ek_l1_s1              Vk_l1_s1             #Ek_l1_s2              Vk_l1_s2
      -0.718216265898        0.309703043701       -2.877310301176       -0.000108533142
      -0.246315616395        0.242720208263       -0.662201455521       -0.182201465285
      -0.127028696412        0.126158801504       -0.162907587933        0.058193888868
       0.241623610333        0.109684120335       -0.350601749979        0.156304025657
       0.586338561873       -0.218942279846        0.157881763919        0.218319616890
       2.829572160751       -0.000000063457        0.557322482535        0.336112976878
Updated impHloc:
chi^2|iter_ineq0001=    3.567587291E-06 |    30  <--  Orb1 Spin2
            #Ek_l1_s1              Vk_l1_s1             #Ek_l1_s2              Vk_l1_s2
      -0.718216265898        0.309703043701       -2.877310301183       -0.000106074327
      -0.246315616395        0.242720208263       -0.661945833657       -0.179601265302
      -0.127028696412        0.126158801504       -0.168046776501        0.047579328151
       0.241623610333        0.109684120335       -0.351515856552        0.153900448114
       0.586338561873       -0.218942279846        0.166951747323        0.220923732683
       2.829572160751       -0.000000063457        0.560246518403        0.338567167832
[1;91mmax error=[0m  1.8098180E-03
[1;91m    error=[0m  1.8098180E-03
[1;91mmin error=[0m  1.8098180E-03
=====================================
Total time [h:m:s.ms]:   0:00:01.631



-----DMFT-loop    7 (max:  100)-----
 0 SOLVES INEQ SITE: 0001
Updated impHloc:
            #Ek_l1_s1              Vk_l1_s1             #Ek_l1_s2              Vk_l1_s2
      -0.716749917330        0.308563392362       -2.877310301179       -0.000107303734
      -0.244048425136        0.239607242767       -0.662073644589       -0.180901365293
      -0.124320820849        0.128677086747       -0.165477182217        0.052886608509
       0.235020807834        0.112386816626       -0.351058803266        0.155102236886
       0.586169905117       -0.220679356933        0.162416755621        0.219621674786
       2.829572160751       -0.000000063457        0.558784500469        0.337340072355
Diagonalize impurity H:
 
  +ETA --> fort.6
  10% |ETA: 0:00:00.521 @21 May 2019  10:49:27
  20% |ETA: 0:00:00.612
  31% |ETA: 0:00:00.748
  40% |ETA: 0:00:00.619
  50% |ETA: 0:00:00.744 @21 May 2019  10:49:27
  60% |ETA: 0:00:00.615
  70% |ETA: 0:00:00.955
  81% |ETA: 0:00:00.563
  90% |ETA: 0:00:00.609
 100% |ETA: 0:00:00.000
Total time [h:m:s.ms]:   0:00:00.370
#     i               E_i       exp(-(E-E0)/T)       Sect       Dim    Indices:
     1   -5.784890552088   1.000000000000E+00         30       735   3   5
Egs =     -5.784890552088   3   5
Z   =      1.000000000000
Get impurity Greens functions:
Get G_l1_s1
Total time [h:m:s.ms]:   0:00:00.018
Get G_l1_s2
Total time [h:m:s.ms]:   0:00:00.020
dens_ineq0001=    0.999605604103    0.999605604103
docc_ineq0001=    0.126049724771
mag _ineq0001=   -0.557435372325
Total time [h:m:s.ms]:   0:00:00.457
Get local Matsubara Green's function (no print)
Direct Inversion algorithm:
 
  +ETA --> fort.6
  10% |ETA: 0:00:00.779 @21 May 2019  10:49:28
  20% |ETA: 0:00:00.698
  30% |ETA: 0:00:00.608
  40% |ETA: 0:00:00.518
  50% |ETA: 0:00:00.857 @21 May 2019  10:49:28
  60% |ETA: 0:00:00.683
  70% |ETA: 0:00:00.515
  80% |ETA: 0:00:00.689
  90% |ETA: 0:00:00.690
 100% |ETA: 0:00:00.000
Total time [h:m:s.ms]:   0:00:00.864
Gloc matsubara: write spin-orbital diagonal elements. Split.
Store Gloc_l11_s1_iw_indx*.dat in Gloc_l11_s1_iw.tgz
Store Gloc_l11_s2_iw_indx*.dat in Gloc_l11_s2_iw.tgz
Updated impHloc:
chi^2|iter_ineq0001=    1.395449825E-07 |   207  <--  Orb1 Spin1
            #Ek_l1_s1              Vk_l1_s1             #Ek_l1_s2              Vk_l1_s2
      -0.768529260410        0.305525055882       -2.877310301179       -0.000107303734
      -0.260949758068        0.251746168749       -0.662073644589       -0.180901365293
      -0.129706747583        0.131421833570       -0.165477182217        0.052886608509
       0.265989674478        0.126242611871       -0.351058803266        0.155102236886
       0.650664805506       -0.214003145618        0.162416755621        0.219621674786
       2.829572160751       -0.000000063457        0.558784500469        0.337340072355
Updated impHloc:
chi^2|iter_ineq0001=    3.533002690E-06 |    15  <--  Orb1 Spin2
            #Ek_l1_s1              Vk_l1_s1             #Ek_l1_s2              Vk_l1_s2
      -0.768529260410        0.305525055882       -2.877310301186       -0.000107066247
      -0.260949758068        0.251746168749       -0.662364319254       -0.180901829729
      -0.129706747583        0.131421833570       -0.167206828506        0.046619156505
       0.265989674478        0.126242611871       -0.353197235969        0.151787049599
       0.650664805506       -0.214003145618        0.168146087478        0.220425719033
       2.829572160751       -0.000000063457        0.558165742338        0.339498298836
[1;91mmax error=[0m  1.1798724E-03
[1;91m    error=[0m  1.1798724E-03
[1;91mmin error=[0m  1.1798724E-03
=====================================
Total time [h:m:s.ms]:   0:00:01.961



-----DMFT-loop    8 (max:  100)-----
 0 SOLVES INEQ SITE: 0001
Updated impHloc:
            #Ek_l1_s1              Vk_l1_s1             #Ek_l1_s2              Vk_l1_s2
      -0.742639588870        0.307044224122       -2.877310301183       -0.000107184991
      -0.252499091602        0.245676705758       -0.662218981922       -0.180901597511
      -0.127013784216        0.130049460159       -0.166342005361        0.049752882507
       0.250505241156        0.119314714249       -0.352128019617        0.153444643242
       0.618417355311       -0.217341251275        0.165281421549        0.220023696910
       2.829572160751       -0.000000063457        0.558475121404        0.338419185595
Diagonalize impurity H:
 
  +ETA --> fort.6
  10% |ETA: 0:00:00.521 @21 May 2019  10:49:29
  20% |ETA: 0:00:00.580
  31% |ETA: 0:00:00.721
  40% |ETA: 0:00:00.602
  50% |ETA: 0:00:00.736 @21 May 2019  10:49:29
  60% |ETA: 0:00:00.610
  70% |ETA: 0:00:00.986
  81% |ETA: 0:00:00.581
  90% |ETA: 0:00:00.624
 100% |ETA: 0:00:00.000
Total time [h:m:s.ms]:   0:00:00.379
#     i               E_i       exp(-(E-E0)/T)       Sect       Dim    Indices:
     1   -5.824721842944   1.000000000000E+00         30       735   3   5
Egs =     -5.824721842944   3   5
Z   =      1.000000000000
Get impurity Greens functions:
Get G_l1_s1
Total time [h:m:s.ms]:   0:00:00.017
Get G_l1_s2
Total time [h:m:s.ms]:   0:00:00.021
dens_ineq0001=    0.999600638452    0.999600638452
docc_ineq0001=    0.125714887413
mag _ineq0001=   -0.561251625084
Total time [h:m:s.ms]:   0:00:00.463
Get local Matsubara Green's function (no print)
Direct Inversion algorithm:
 
  +ETA --> fort.6
  10% |ETA: 0:00:00.770 @21 May 2019  10:49:30
  20% |ETA: 0:00:00.678
  30% |ETA: 0:00:00.589
  40% |ETA: 0:00:00.504
  50% |ETA: 0:00:00.847 @21 May 2019  10:49:30
  60% |ETA: 0:00:00.682
  70% |ETA: 0:00:00.513
  80% |ETA: 0:00:00.683
  90% |ETA: 0:00:00.684
 100% |ETA: 0:00:00.000
Total time [h:m:s.ms]:   0:00:00.858
Gloc matsubara: write spin-orbital diagonal elements. Split.
Store Gloc_l11_s1_iw_indx*.dat in Gloc_l11_s1_iw.tgz
Store Gloc_l11_s2_iw_indx*.dat in Gloc_l11_s2_iw.tgz
Updated impHloc:
chi^2|iter_ineq0001=    2.050536575E-07 |    59  <--  Orb1 Spin1
            #Ek_l1_s1              Vk_l1_s1             #Ek_l1_s2              Vk_l1_s2
      -0.747547078313        0.306362283642       -2.877310301183       -0.000107184991
      -0.257252514740        0.250391828959       -0.662218981922       -0.180901597511
      -0.129145993050        0.127928339805       -0.166342005361        0.049752882507
       0.259891925658        0.118520200606       -0.352128019617        0.153444643242
       0.622047833042       -0.215151904067        0.165281421549        0.220023696910
       2.829572160751       -0.000000063457        0.558475121404        0.338419185595
Updated impHloc:
chi^2|iter_ineq0001=    3.496587464E-06 |    15  <--  Orb1 Spin2
            #Ek_l1_s1              Vk_l1_s1             #Ek_l1_s2              Vk_l1_s2
      -0.747547078313        0.306362283642       -2.877310301159       -0.000107004826
      -0.257252514740        0.250391828959       -0.662404496153       -0.180996821314
      -0.129145993050        0.127928339805       -0.167604429722        0.045218774510
       0.259891925658        0.118520200606       -0.353687860066        0.151174133952
       0.622047833042       -0.215151904067        0.169206452093        0.220551912158
       2.829572160751       -0.000000063457        0.558271955847        0.339949560552
[1;91mmax error=[0m  7.8398873E-04
[1;91m    error=[0m  7.8398873E-04
[1;91mmin error=[0m  7.8398873E-04
=====================================
Total time [h:m:s.ms]:   0:00:01.588



-----DMFT-loop    9 (max:  100)-----
 0 SOLVES INEQ SITE: 0001
Updated impHloc:
            #Ek_l1_s1              Vk_l1_s1             #Ek_l1_s2              Vk_l1_s2
      -0.745093333592        0.306703253882       -2.877310301171       -0.000107094908
      -0.254875803171        0.248034267359       -0.662311739037       -0.180949209413
      -0.128079888633        0.128988899982       -0.166973217542        0.047485828509
       0.255198583407        0.118917457427       -0.352907939842        0.152309388597
       0.620232594176       -0.216246577671        0.167243936821        0.220287804534
       2.829572160751       -0.000000063457        0.558373538626        0.339184373074
Diagonalize impurity H:
 
  +ETA --> fort.6
  10% |ETA: 0:00:00.521 @21 May 2019  10:49:31
  20% |ETA: 0:00:00.580
  31% |ETA: 0:00:00.721
  40% |ETA: 0:00:00.608
  50% |ETA: 0:00:00.748 @21 May 2019  10:49:31
  60% |ETA: 0:00:00.617
  70% |ETA: 0:00:00.969
  81% |ETA: 0:00:00.572
  90% |ETA: 0:00:00.624
 100% |ETA: 0:00:00.000
Total time [h:m:s.ms]:   0:00:00.379
#     i               E_i       exp(-(E-E0)/T)       Sect       Dim    Indices:
     1   -5.832384728313   1.000000000000E+00         30       735   3   5
Egs =     -5.832384728313   3   5
Z   =      1.000000000000
Get impurity Greens functions:
Get G_l1_s1
Total time [h:m:s.ms]:   0:00:00.019
Get G_l1_s2
Total time [h:m:s.ms]:   0:00:00.022
dens_ineq0001=    0.999623706938    0.999623706938
docc_ineq0001=    0.125511675937
mag _ineq0001=   -0.563687138266
Total time [h:m:s.ms]:   0:00:00.473
Get local Matsubara Green's function (no print)
Direct Inversion algorithm:
 
  +ETA --> fort.6
  10% |ETA: 0:00:00.779 @21 May 2019  10:49:31
  20% |ETA: 0:00:00.690
  30% |ETA: 0:00:00.601
  40% |ETA: 0:00:00.510
  50% |ETA: 0:00:00.851 @21 May 2019  10:49:32
  60% |ETA: 0:00:00.679
  70% |ETA: 0:00:00.511
  80% |ETA: 0:00:00.683
  90% |ETA: 0:00:00.682
 100% |ETA: 0:00:00.000
Total time [h:m:s.ms]:   0:00:00.853
Gloc matsubara: write spin-orbital diagonal elements. Split.
Store Gloc_l11_s1_iw_indx*.dat in Gloc_l11_s1_iw.tgz
Store Gloc_l11_s2_iw_indx*.dat in Gloc_l11_s2_iw.tgz
Updated impHloc:
chi^2|iter_ineq0001=    1.999325491E-07 |    50  <--  Orb1 Spin1
            #Ek_l1_s1              Vk_l1_s1             #Ek_l1_s2              Vk_l1_s2
      -0.750779702004        0.306831465960       -2.877310301171       -0.000107094908
      -0.257936735850        0.250843979910       -0.662311739037       -0.180949209413
      -0.129906126994        0.127984861872       -0.166973217542        0.047485828509
       0.263643293834        0.119251970266       -0.352907939842        0.152309388597
       0.623735899292       -0.214363942330        0.167243936821        0.220287804534
       2.829572160751       -0.000000063457        0.558373538626        0.339184373074
Updated impHloc:
chi^2|iter_ineq0001=    3.429342940E-06 |    27  <--  Orb1 Spin2
            #Ek_l1_s1              Vk_l1_s1             #Ek_l1_s2              Vk_l1_s2
      -0.750779702004        0.306831465960       -2.877310301375       -0.000099125927
      -0.257936735850        0.250843979910       -0.661939119948       -0.179850468674
      -0.129906126994        0.127984861872       -0.169631076631        0.042985674710
       0.263643293834        0.119251970266       -0.352807096820        0.152126230457
       0.623735899292       -0.214363942330        0.170932261244        0.222317648006
       2.829572160751       -0.000000063457        0.564165431912        0.339741916616
[1;91mmax error=[0m  5.0776467E-04
[1;91m    error=[0m  5.0776467E-04
[1;91mmin error=[0m  5.0776467E-04
=====================================
Total time [h:m:s.ms]:   0:00:01.611



-----DMFT-loop   10 (max:  100)-----
 0 SOLVES INEQ SITE: 0001
Updated impHloc:
            #Ek_l1_s1              Vk_l1_s1             #Ek_l1_s2              Vk_l1_s2
      -0.747936517798        0.306767359921       -2.877310301273       -0.000103110418
      -0.256406269511        0.249439123634       -0.662125429493       -0.180399839044
      -0.128993007814        0.128486880927       -0.168302147087        0.045235751609
       0.259420938621        0.119084713847       -0.352857518331        0.152217809527
       0.621984246734       -0.215305260001        0.169088099033        0.221302726270
       2.829572160751       -0.000000063457        0.561269485269        0.339463144845
Diagonalize impurity H:
 
  +ETA --> fort.6
  10% |ETA: 0:00:00.521 @21 May 2019  10:49:32
  20% |ETA: 0:00:00.596
  31% |ETA: 0:00:00.721
  40% |ETA: 0:00:00.596
  50% |ETA: 0:00:00.720 @21 May 2019  10:49:32
  60% |ETA: 0:00:00.594
  70% |ETA: 0:00:00.922
  81% |ETA: 0:00:00.544
  90% |ETA: 0:00:00.587
 100% |ETA: 0:00:00.000
Total time [h:m:s.ms]:   0:00:00.357
#     i               E_i       exp(-(E-E0)/T)       Sect       Dim    Indices:
     1   -5.839006349936   1.000000000000E+00         30       735   3   5
Egs =     -5.839006349936   3   5
Z   =      1.000000000000
Get impurity Greens functions:
Get G_l1_s1
Total time [h:m:s.ms]:   0:00:00.017
Get G_l1_s2
Total time [h:m:s.ms]:   0:00:00.021
dens_ineq0001=    0.999655321766    0.999655321766
docc_ineq0001=    0.125367394400
mag _ineq0001=   -0.565428089122
Total time [h:m:s.ms]:   0:00:00.441
Get local Matsubara Green's function (no print)
Direct Inversion algorithm:
 
  +ETA --> fort.6
  10% |ETA: 0:00:00.761 @21 May 2019  10:49:33
  20% |ETA: 0:00:00.686
  30% |ETA: 0:00:00.601
  40% |ETA: 0:00:00.515
  50% |ETA: 0:00:00.855 @21 May 2019  10:49:33
  60% |ETA: 0:00:00.683
  70% |ETA: 0:00:00.513
  80% |ETA: 0:00:00.685
  90% |ETA: 0:00:00.686
 100% |ETA: 0:00:00.***
Total time [h:m:s.ms]:   0:00:00.861
Gloc matsubara: write spin-orbital diagonal elements. Split.
Store Gloc_l11_s1_iw_indx*.dat in Gloc_l11_s1_iw.tgz
Store Gloc_l11_s2_iw_indx*.dat in Gloc_l11_s2_iw.tgz
Updated impHloc:
chi^2|iter_ineq0001=    2.017822340E-07 |    18  <--  Orb1 Spin1
            #Ek_l1_s1              Vk_l1_s1             #Ek_l1_s2              Vk_l1_s2
      -0.747706017077        0.307701615441       -2.877310301273       -0.000103110418
      -0.257537247303        0.250389259893       -0.662125429493       -0.180399839044
      -0.130180617939        0.127593345485       -0.168302147087        0.045235751609
       0.260867984015        0.116737034980       -0.352857518331        0.152217809527
       0.622300784299       -0.215854360633        0.169088099033        0.221302726270
       2.829572160751       -0.000000063457        0.561269485269        0.339463144845
Updated impHloc:
chi^2|iter_ineq0001=    3.422663063E-06 |    13  <--  Orb1 Spin2
            #Ek_l1_s1              Vk_l1_s1             #Ek_l1_s2              Vk_l1_s2
      -0.747706017077        0.307701615441       -2.877310301259       -0.000103931414
      -0.257537247303        0.250389259893       -0.662245767267       -0.180700702077
      -0.130180617939        0.127593345485       -0.168870253825        0.043072122071
       0.260867984015        0.116737034980       -0.353735906823        0.151040455631
       0.622300784299       -0.215854360633        0.170933207210        0.221517863064
       2.829572160751       -0.000000063457        0.561337342208        0.340231501864
[1;91mmax error=[0m  3.5944435E-04
[1;91m    error=[0m  3.5944435E-04
[1;91mmin error=[0m  3.5944435E-04
=====================================
Total time [h:m:s.ms]:   0:00:01.475



-----DMFT-loop   11 (max:  100)-----
 0 SOLVES INEQ SITE: 0001
Updated impHloc:
            #Ek_l1_s1              Vk_l1_s1             #Ek_l1_s2              Vk_l1_s2
      -0.747821267437        0.307234487681       -2.877310301266       -0.000103520916
      -0.256971758407        0.249914191764       -0.662185598380       -0.180550270560
      -0.129586812876        0.128040113206       -0.168586200456        0.044153936840
       0.260144461318        0.117910874413       -0.353296712577        0.151629132579
       0.622142515517       -0.215579810317        0.170010653121        0.221410294667
       2.829572160751       -0.000000063457        0.561303413739        0.339847323354
Diagonalize impurity H:
 
  +ETA --> fort.6
  10% |ETA: 0:00:00.521 @21 May 2019  10:49:34
  20% |ETA: 0:00:00.596
  31% |ETA: 0:00:00.730
  40% |ETA: 0:00:00.613
  50% |ETA: 0:00:00.744 @21 May 2019  10:49:34
  60% |ETA: 0:00:00.612
  70% |ETA: 0:00:00.952
  81% |ETA: 0:00:00.564
  90% |ETA: 0:00:00.610
 100% |ETA: 0:00:00.000
Total time [h:m:s.ms]:   0:00:00.371
#     i               E_i       exp(-(E-E0)/T)       Sect       Dim    Indices:
     1   -5.841013802305   1.000000000000E+00         30       735   3   5
Egs =     -5.841013802305   3   5
Z   =      1.000000000000
Get impurity Greens functions:
Get G_l1_s1
Total time [h:m:s.ms]:   0:00:00.018
Get G_l1_s2
Total time [h:m:s.ms]:   0:00:00.020
dens_ineq0001=    0.999671554860    0.999671554860
docc_ineq0001=    0.125281477496
mag _ineq0001=   -0.566535162214
Total time [h:m:s.ms]:   0:00:00.456
Get local Matsubara Green's function (no print)
Direct Inversion algorithm:
 
  +ETA --> fort.6
  10% |ETA: 0:00:00.770 @21 May 2019  10:49:34
  20% |ETA: 0:00:00.674
  30% |ETA: 0:00:00.594
  40% |ETA: 0:00:00.510
  50% |ETA: 0:00:00.857 @21 May 2019  10:49:35
  60% |ETA: 0:00:00.687
  70% |ETA: 0:00:00.516
  80% |ETA: 0:00:00.687
  90% |ETA: 0:00:00.683
 100% |ETA: 0:00:00.***
Total time [h:m:s.ms]:   0:00:00.856
Gloc matsubara: write spin-orbital diagonal elements. Split.
Store Gloc_l11_s1_iw_indx*.dat in Gloc_l11_s1_iw.tgz
Store Gloc_l11_s2_iw_indx*.dat in Gloc_l11_s2_iw.tgz
Updated impHloc:
chi^2|iter_ineq0001=    2.003919859E-07 |    30  <--  Orb1 Spin1
            #Ek_l1_s1              Vk_l1_s1             #Ek_l1_s2              Vk_l1_s2
      -0.747777770833        0.307509941372       -2.877310301266       -0.000103520916
      -0.257868655064        0.250762178120       -0.662185598380       -0.180550270560
      -0.130370931532        0.127391768393       -0.168586200456        0.044153936840
       0.261010804111        0.116456336929       -0.353296712577        0.151629132579
       0.622585880694       -0.215680287603        0.170010653121        0.221410294667
       2.829572160751       -0.000000063457        0.561303413739        0.339847323354
Updated impHloc:
chi^2|iter_ineq0001=    3.414231995E-06 |     9  <--  Orb1 Spin2
            #Ek_l1_s1              Vk_l1_s1             #Ek_l1_s2              Vk_l1_s2
      -0.747777770833        0.307509941372       -2.877310301264       -0.000103332510
      -0.257868655064        0.250762178120       -0.662281200049       -0.180693240881
      -0.130370931532        0.127391768393       -0.168910120665        0.042755395167
       0.261010804111        0.116456336929       -0.353900983829        0.150758026342
       0.622585880694       -0.215680287603        0.171376539344        0.221678020394
       2.829572160751       -0.000000063457        0.561132257604        0.340124296955
[1;91mmax error=[0m  2.3164813E-04
[1;91m    error=[0m  2.3164813E-04
[1;91mmin error=[0m  2.3164813E-04
=====================================
Total time [h:m:s.ms]:   0:00:01.502



-----DMFT-loop   12 (max:  100)-----
 0 SOLVES INEQ SITE: 0001
Updated impHloc:
            #Ek_l1_s1              Vk_l1_s1             #Ek_l1_s2              Vk_l1_s2
      -0.747799519135        0.307372214527       -2.877310301265       -0.000103426713
      -0.257420206735        0.250338184942       -0.662233399214       -0.180621755720
      -0.129978872204        0.127715940799       -0.168748160561        0.043454666004
       0.260577632714        0.117183605671       -0.353598848203        0.151193579461
       0.622364198105       -0.215630048960        0.170693596233        0.221544157531
       2.829572160751       -0.000000063457        0.561217835671        0.339985810155
Diagonalize impurity H:
 
  +ETA --> fort.6
  10% |ETA: 0:00:00.521 @21 May 2019  10:49:35
  20% |ETA: 0:00:00.564
  31% |ETA: 0:00:00.695
  40% |ETA: 0:00:00.584
  50% |ETA: 0:00:00.708 @21 May 2019  10:49:35
  60% |ETA: 0:00:00.584
  70% |ETA: 0:00:00.901
  81% |ETA: 0:00:00.531
  90% |ETA: 0:00:00.574
 100% |ETA: 0:00:00.000
Total time [h:m:s.ms]:   0:00:00.349
#     i               E_i       exp(-(E-E0)/T)       Sect       Dim    Indices:
     1   -5.842404911244   1.000000000000E+00         30       735   3   5
Egs =     -5.842404911244   3   5
Z   =      1.000000000000
Get impurity Greens functions:
Get G_l1_s1
Total time [h:m:s.ms]:   0:00:00.017
Get G_l1_s2
Total time [h:m:s.ms]:   0:00:00.019
dens_ineq0001=    0.999678373728    0.999678373728
docc_ineq0001=    0.125216124626
mag _ineq0001=   -0.567276375128
Total time [h:m:s.ms]:   0:00:00.432
Get local Matsubara Green's function (no print)
Direct Inversion algorithm:
 
  +ETA --> fort.6
  10% |ETA: 0:00:00.744 @21 May 2019  10:49:36
  20% |ETA: 0:00:00.662
  30% |ETA: 0:00:00.589
  40% |ETA: 0:00:00.507
  50% |ETA: 0:00:00.847 @21 May 2019  10:49:36
  60% |ETA: 0:00:00.674
  70% |ETA: 0:00:00.502
  80% |ETA: 0:00:00.666
  90% |ETA: 0:00:00.668
 100% |ETA: 0:00:00.500
Total time [h:m:s.ms]:   0:00:00.837
Gloc matsubara: write spin-orbital diagonal elements. Split.
Store Gloc_l11_s1_iw_indx*.dat in Gloc_l11_s1_iw.tgz
Store Gloc_l11_s2_iw_indx*.dat in Gloc_l11_s2_iw.tgz
Updated impHloc:
chi^2|iter_ineq0001=    2.009262188E-07 |    12  <--  Orb1 Spin1
            #Ek_l1_s1              Vk_l1_s1             #Ek_l1_s2              Vk_l1_s2
      -0.747711441731        0.307748702134       -2.877310301265       -0.000103426713
      -0.257964158447        0.250785123992       -0.662233399214       -0.180621755720
      -0.130493458747        0.127297953969       -0.168748160561        0.043454666004
       0.261264042690        0.116096790953       -0.353598848203        0.151193579461
       0.622534443593       -0.215868266521        0.170693596233        0.221544157531
       2.829572160751       -0.000000063457        0.561217835671        0.339985810155
Updated impHloc:
chi^2|iter_ineq0001=    3.408288213E-06 |     6  <--  Orb1 Spin2
            #Ek_l1_s1              Vk_l1_s1             #Ek_l1_s2              Vk_l1_s2
      -0.747711441731        0.307748702134       -2.877310301253       -0.000103251224
      -0.257964158447        0.250785123992       -0.662294805986       -0.180734618298
      -0.130493458747        0.127297953969       -0.168972161335        0.042510844235
       0.261264042690        0.116096790953       -0.354005393240        0.150624317879
       0.622534443593       -0.215868266521        0.171596904452        0.221699747339
       2.829572160751       -0.000000063457        0.561147754383        0.340225523433
[1;91mmax error=[0m  1.5209467E-04
[1;91m    error=[0m  1.5209467E-04
[1;91mmin error=[0m  1.5209467E-04
=====================================
Total time [h:m:s.ms]:   0:00:01.414



-----DMFT-loop   13 (max:  100)-----
 0 SOLVES INEQ SITE: 0001
Updated impHloc:
            #Ek_l1_s1              Vk_l1_s1             #Ek_l1_s2              Vk_l1_s2
      -0.747755480433        0.307560458330       -2.877310301259       -0.000103338968
      -0.257692182591        0.250561654467       -0.662264102600       -0.180678187009
      -0.130236165476        0.127506947384       -0.168860160948        0.042982755119
       0.260920837702        0.116640198312       -0.353802120721        0.150908948670
       0.622449320849       -0.215749157741        0.171145250342        0.221621952435
       2.829572160751       -0.000000063457        0.561182795027        0.340105666794
Diagonalize impurity H:
 
  +ETA --> fort.6
  10% |ETA: 0:00:00.521 @21 May 2019  10:49:37
  20% |ETA: 0:00:00.580
  31% |ETA: 0:00:00.730
  40% |ETA: 0:00:00.602
  50% |ETA: 0:00:00.736 @21 May 2019  10:49:37
  60% |ETA: 0:00:00.602
  70% |ETA: 0:00:00.928
  81% |ETA: 0:00:00.546
  90% |ETA: 0:00:00.589
 100% |ETA: 0:00:00.000
Total time [h:m:s.ms]:   0:00:00.358
#     i               E_i       exp(-(E-E0)/T)       Sect       Dim    Indices:
     1   -5.843299046291   1.000000000000E+00         30       735   3   5
Egs =     -5.843299046291   3   5
Z   =      1.000000000000
Get impurity Greens functions:
Get G_l1_s1
Total time [h:m:s.ms]:   0:00:00.017
Get G_l1_s2
Total time [h:m:s.ms]:   0:00:00.019
dens_ineq0001=    0.999683830095    0.999683830095
docc_ineq0001=    0.125174754934
mag _ineq0001=   -0.567772399271
Total time [h:m:s.ms]:   0:00:00.442
Get local Matsubara Green's function (no print)
Direct Inversion algorithm:
 
  +ETA --> fort.6
  10% |ETA: 0:00:00.753 @21 May 2019  10:49:37
  20% |ETA: 0:00:00.658
  30% |ETA: 0:00:00.575
  40% |ETA: 0:00:00.989
  50% |ETA: 0:00:00.829 @21 May 2019  10:49:38
  60% |ETA: 0:00:00.670
  70% |ETA: 0:00:00.506
  80% |ETA: 0:00:00.673
  90% |ETA: 0:00:00.672
 100% |ETA: 0:00:00.***
Total time [h:m:s.ms]:   0:00:00.841
Gloc matsubara: write spin-orbital diagonal elements. Split.
Store Gloc_l11_s1_iw_indx*.dat in Gloc_l11_s1_iw.tgz
Store Gloc_l11_s2_iw_indx*.dat in Gloc_l11_s2_iw.tgz
Updated impHloc:
chi^2|iter_ineq0001=    1.987676003E-07 |    15  <--  Orb1 Spin1
            #Ek_l1_s1              Vk_l1_s1             #Ek_l1_s2              Vk_l1_s2
      -0.748008179636        0.307166103790       -2.877310301259       -0.000103338968
      -0.258687674705        0.251460544513       -0.662264102600       -0.180678187009
      -0.130309514810        0.127082450790       -0.168860160948        0.042982755119
       0.261559026353        0.116143431406       -0.353802120721        0.150908948670
       0.623112923263       -0.215687694298        0.171145250342        0.221621952435
       2.829572160751       -0.000000063457        0.561182795027        0.340105666794
Updated impHloc:
chi^2|iter_ineq0001=    3.376527417E-06 |    19  <--  Orb1 Spin2
            #Ek_l1_s1              Vk_l1_s1             #Ek_l1_s2              Vk_l1_s2
      -0.748008179636        0.307166103790       -2.877310301072       -0.000102553400
      -0.258687674705        0.251460544513       -0.662349353650       -0.181272502454
      -0.130309514810        0.127082450790       -0.169872824011        0.042207353352
       0.261559026353        0.116143431406       -0.353601935230        0.150353519891
       0.623112923263       -0.215687694298        0.172505166180        0.223065605465
       2.829572160751       -0.000000063457        0.566524516705        0.340137622543
[1;91mmax error=[0m  1.0263889E-04
[1;91m    error=[0m  1.0263889E-04
[1;91mmin error=[0m  1.0263889E-04
=====================================
Total time [h:m:s.ms]:   0:00:01.467



-----DMFT-loop   14 (max:  100)-----
 0 SOLVES INEQ SITE: 0001
Updated impHloc:
            #Ek_l1_s1              Vk_l1_s1             #Ek_l1_s2              Vk_l1_s2
      -0.747881830035        0.307363281060       -2.877310301166       -0.000102946184
      -0.258189928648        0.251011099490       -0.662306728125       -0.180975344732
      -0.130272840143        0.127294699087       -0.169366492480        0.042595054236
       0.261239932027        0.116391814859       -0.353702027976        0.150631234281
       0.622781122056       -0.215718426019        0.171825208261        0.222343778950
       2.829572160751       -0.000000063457        0.563853655866        0.340121644668
Diagonalize impurity H:
 
  +ETA --> fort.6
  10% |ETA: 0:00:00.521 @21 May 2019  10:49:38
  20% |ETA: 0:00:00.627
  31% |ETA: 0:00:00.748
  40% |ETA: 0:00:00.619
  50% |ETA: 0:00:00.744 @21 May 2019  10:49:38
  60% |ETA: 0:00:00.617
  70% |ETA: 0:00:00.949
  81% |ETA: 0:00:00.561
  90% |ETA: 0:00:00.607
 100% |ETA: 0:00:00.000
Total time [h:m:s.ms]:   0:00:00.369
#     i               E_i       exp(-(E-E0)/T)       Sect       Dim    Indices:
     1   -5.844497404375   1.000000000000E+00         30       735   3   5
Egs =     -5.844497404375   3   5
Z   =      1.000000000000
Get impurity Greens functions:
Get G_l1_s1
Total time [h:m:s.ms]:   0:00:00.017
Get G_l1_s2
Total time [h:m:s.ms]:   0:00:00.021
dens_ineq0001=    0.999699766058    0.999699766058
docc_ineq0001=    0.125148948869
mag _ineq0001=   -0.568144380717
Total time [h:m:s.ms]:   0:00:00.460
Get local Matsubara Green's function (no print)
Direct Inversion algorithm:
 
  +ETA --> fort.6
  10% |ETA: 0:00:00.796 @21 May 2019  10:49:39
  20% |ETA: 0:00:00.714
  30% |ETA: 0:00:00.621
  40% |ETA: 0:00:00.530
  50% |ETA: 0:00:00.877 @21 May 2019  10:49:39
  60% |ETA: 0:00:00.695
  70% |ETA: 0:00:00.520
  80% |ETA: 0:00:00.691
  90% |ETA: 0:00:00.686
 100% |ETA: 0:00:00.000
Total time [h:m:s.ms]:   0:00:00.855
Gloc matsubara: write spin-orbital diagonal elements. Split.
Store Gloc_l11_s1_iw_indx*.dat in Gloc_l11_s1_iw.tgz
Store Gloc_l11_s2_iw_indx*.dat in Gloc_l11_s2_iw.tgz
Updated impHloc:
chi^2|iter_ineq0001=    2.007079209E-07 |     7  <--  Orb1 Spin1
            #Ek_l1_s1              Vk_l1_s1             #Ek_l1_s2              Vk_l1_s2
      -0.747860796737        0.307470160753       -2.877310301166       -0.000102946184
      -0.258326224126        0.251196716665       -0.662306728125       -0.180975344732
      -0.130597913517        0.127119852748       -0.169366492480        0.042595054236
       0.261493346723        0.115922787603       -0.353702027976        0.150631234281
       0.622855695452       -0.215710221262        0.171825208261        0.222343778950
       2.829572160751       -0.000000063457        0.563853655866        0.340121644668
Updated impHloc:
chi^2|iter_ineq0001=    3.381523586E-06 |     7  <--  Orb1 Spin2
            #Ek_l1_s1              Vk_l1_s1             #Ek_l1_s2              Vk_l1_s2
      -0.747860796737        0.307470160753       -2.877310301163       -0.000102876868
      -0.258326224126        0.251196716665       -0.662342059236       -0.181076084141
      -0.130597913517        0.127119852748       -0.169484621995        0.042135563013
       0.261493346723        0.115922787603       -0.353905460005        0.150350711739
       0.622855695452       -0.215710221262        0.172207068438        0.222375169987
       2.829572160751       -0.000000063457        0.563881141332        0.340285059834
[1;91mmax error=[0m  7.7275738E-05
[1;91m    error=[0m  7.7275738E-05
[1;91mmin error=[0m  7.7275738E-05
=====================================
Total time [h:m:s.ms]:   0:00:01.445



-----DMFT-loop   15 (max:  100)-----
 0 SOLVES INEQ SITE: 0001
Updated impHloc:
            #Ek_l1_s1              Vk_l1_s1             #Ek_l1_s2              Vk_l1_s2
      -0.747871313386        0.307416720907       -2.877310301164       -0.000102911526
      -0.258258076387        0.251103908078       -0.662324393681       -0.181025714436
      -0.130435376830        0.127207275917       -0.169425557237        0.042365308624
       0.261366639375        0.116157301231       -0.353803743991        0.150490973010
       0.622818408754       -0.215714323641        0.172016138349        0.222359474469
       2.829572160751       -0.000000063457        0.563867398599        0.340203352251
Diagonalize impurity H:
 
  +ETA --> fort.6
  10% |ETA: 0:00:00.521 @21 May 2019  10:49:40
  20% |ETA: 0:00:00.580
  31% |ETA: 0:00:00.703
  40% |ETA: 0:00:00.584
  50% |ETA: 0:00:00.720 @21 May 2019  10:49:40
  60% |ETA: 0:00:00.600
  70% |ETA: 0:00:00.932
  81% |ETA: 0:00:00.550
  90% |ETA: 0:00:00.597
 100% |ETA: 0:00:00.000
Total time [h:m:s.ms]:   0:00:00.363
#     i               E_i       exp(-(E-E0)/T)       Sect       Dim    Indices:
     1   -5.844912513681   1.000000000000E+00         30       735   3   5
Egs =     -5.844912513681   3   5
Z   =      1.000000000000
Get impurity Greens functions:
Get G_l1_s1
Total time [h:m:s.ms]:   0:00:00.017
Get G_l1_s2
Total time [h:m:s.ms]:   0:00:00.020
dens_ineq0001=    0.999702137379    0.999702137379
docc_ineq0001=    0.125127570174
mag _ineq0001=   -0.568378052284
Total time [h:m:s.ms]:   0:00:00.448
Get local Matsubara Green's function (no print)
Direct Inversion algorithm:
 
  +ETA --> fort.6
  10% |ETA: 0:00:00.770 @21 May 2019  10:49:40
  20% |ETA: 0:00:00.686
  30% |ETA: 0:00:00.594
  40% |ETA: 0:00:00.506
  50% |ETA: 0:00:00.843 @21 May 2019  10:49:40
  60% |ETA: 0:00:00.671
  70% |ETA: 0:00:00.500
  80% |ETA: 0:00:00.666
  90% |ETA: 0:00:00.666
 100% |ETA: 0:00:00.***
Total time [h:m:s.ms]:   0:00:00.836
Gloc matsubara: write spin-orbital diagonal elements. Split.
Store Gloc_l11_s1_iw_indx*.dat in Gloc_l11_s1_iw.tgz
Store Gloc_l11_s2_iw_indx*.dat in Gloc_l11_s2_iw.tgz
Updated impHloc:
chi^2|iter_ineq0001=    2.003806583E-07 |     7  <--  Orb1 Spin1
            #Ek_l1_s1              Vk_l1_s1             #Ek_l1_s2              Vk_l1_s2
      -0.747861583475        0.307513368357       -2.877310301164       -0.000102911526
      -0.258396323042        0.251239734234       -0.662324393681       -0.181025714436
      -0.130618775247        0.127084969183       -0.169425557237        0.042365308624
       0.261591155778        0.115816068901       -0.353803743991        0.150490973010
       0.622878354593       -0.215773368790        0.172016138349        0.222359474469
       2.829572160751       -0.000000063457        0.563867398599        0.340203352251
Updated impHloc:
chi^2|iter_ineq0001=    3.379003302E-06 |     7  <--  Orb1 Spin2
            #Ek_l1_s1              Vk_l1_s1             #Ek_l1_s2              Vk_l1_s2
      -0.747861583475        0.307513368357       -2.877310301167       -0.000102829117
      -0.258396323042        0.251239734234       -0.662349505474       -0.181123737966
      -0.130618775247        0.127084969183       -0.169516579537        0.042042026091
       0.261591155778        0.115816068901       -0.353945653922        0.150306130042
       0.622878354593       -0.215773368790        0.172272722347        0.222377231239
       2.829572160751       -0.000000063457        0.563926169839        0.340339696142
[1;91mmax error=[0m  4.7637023E-05
[1;91m    error=[0m  4.7637023E-05
[1;91mmin error=[0m  4.7637023E-05
=====================================
Total time [h:m:s.ms]:   0:00:01.417



-----DMFT-loop   16 (max:  100)-----
 0 SOLVES INEQ SITE: 0001
Updated impHloc:
            #Ek_l1_s1              Vk_l1_s1             #Ek_l1_s2              Vk_l1_s2
      -0.747866448431        0.307465044632       -2.877310301166       -0.000102870321
      -0.258327199714        0.251171821156       -0.662336949577       -0.181074726201
      -0.130527076038        0.127146122550       -0.169471068387        0.042203667358
       0.261478897577        0.115986685066       -0.353874698956        0.150398551526
       0.622848381673       -0.215743846215        0.172144430348        0.222368352854
       2.829572160751       -0.000000063457        0.563896784219        0.340271524196
Diagonalize impurity H:
 
  +ETA --> fort.6
  10% |ETA: 0:00:00.521 @21 May 2019  10:49:41
  20% |ETA: 0:00:00.564
  31% |ETA: 0:00:00.695
  40% |ETA: 0:00:00.578
  50% |ETA: 0:00:00.720 @21 May 2019  10:49:41
  60% |ETA: 0:00:00.589
  70% |ETA: 0:00:00.911
  81% |ETA: 0:00:00.537
  90% |ETA: 0:00:00.580
 100% |ETA: 0:00:00.000
Total time [h:m:s.ms]:   0:00:00.353
#     i               E_i       exp(-(E-E0)/T)       Sect       Dim    Indices:
     1   -5.845220120029   1.000000000000E+00         30       735   3   5
Egs =     -5.845220120029   3   5
Z   =      1.000000000000
Get impurity Greens functions:
Get G_l1_s1
Total time [h:m:s.ms]:   0:00:00.016
Get G_l1_s2
Total time [h:m:s.ms]:   0:00:00.019
dens_ineq0001=    0.999704435049    0.999704435049
docc_ineq0001=    0.125115089134
mag _ineq0001=   -0.568532282270
Total time [h:m:s.ms]:   0:00:00.435
Get local Matsubara Green's function (no print)
Direct Inversion algorithm:
 
  +ETA --> fort.6
  10% |ETA: 0:00:00.761 @21 May 2019  10:49:42
  20% |ETA: 0:00:00.686
  30% |ETA: 0:00:00.601
  40% |ETA: 0:00:00.515
  50% |ETA: 0:00:00.857 @21 May 2019  10:49:42
  60% |ETA: 0:00:00.687
  70% |ETA: 0:00:00.516
  80% |ETA: 0:00:00.688
  90% |ETA: 0:00:00.686
 100% |ETA: 0:00:00.000
Total time [h:m:s.ms]:   0:00:00.857
Gloc matsubara: write spin-orbital diagonal elements. Split.
Store Gloc_l11_s1_iw_indx*.dat in Gloc_l11_s1_iw.tgz
Store Gloc_l11_s2_iw_indx*.dat in Gloc_l11_s2_iw.tgz
Updated impHloc:
chi^2|iter_ineq0001=    2.000423237E-07 |     7  <--  Orb1 Spin1
            #Ek_l1_s1              Vk_l1_s1             #Ek_l1_s2              Vk_l1_s2
      -0.747868984873        0.307556015783       -2.877310301166       -0.000102870321
      -0.258468283289        0.251272106445       -0.662336949577       -0.181074726201
      -0.130611849610        0.127059508819       -0.169471068387        0.042203667358
       0.261670951866        0.115747027226       -0.353874698956        0.150398551526
       0.622900407591       -0.215825379997        0.172144430348        0.222368352854
       2.829572160751       -0.000000063457        0.563896784219        0.340271524196
Updated impHloc:
chi^2|iter_ineq0001=    3.377009015E-06 |     7  <--  Orb1 Spin2
            #Ek_l1_s1              Vk_l1_s1             #Ek_l1_s2              Vk_l1_s2
      -0.747868984873        0.307556015783       -2.877310301175       -0.000102986416
      -0.258468283289        0.251272106445       -0.662357369091       -0.181181340662
      -0.130611849610        0.127059508819       -0.169550034769        0.041965703601
       0.261670951866        0.115747027226       -0.353976720003        0.150270932396
       0.622900407591       -0.215825379997        0.172311589405        0.222377481665
       2.829572160751       -0.000000063457        0.564004121087        0.340391991074
[1;91mmax error=[0m  3.2146802E-05
[1;91m    error=[0m  3.2146802E-05
[1;91mmin error=[0m  3.2146802E-05
=====================================
Total time [h:m:s.ms]:   0:00:01.432



-----DMFT-loop   17 (max:  100)-----
 0 SOLVES INEQ SITE: 0001
Updated impHloc:
            #Ek_l1_s1              Vk_l1_s1             #Ek_l1_s2              Vk_l1_s2
      -0.747867716652        0.307510530208       -2.877310301170       -0.000102928369
      -0.258397741502        0.251221963800       -0.662347159334       -0.181128033432
      -0.130569462824        0.127102815685       -0.169510551578        0.042084685479
       0.261574924721        0.115866856146       -0.353925709480        0.150334741961
       0.622874394632       -0.215784613106        0.172228009877        0.222372917260
       2.829572160751       -0.000000063457        0.563950452653        0.340331757635
Diagonalize impurity H:
 
  +ETA --> fort.6
  10% |ETA: 0:00:00.521 @21 May 2019  10:49:42
  20% |ETA: 0:00:00.580
  31% |ETA: 0:00:00.703
  40% |ETA: 0:00:00.584
  50% |ETA: 0:00:00.712 @21 May 2019  10:49:43
  60% |ETA: 0:00:00.589
  70% |ETA: 0:00:00.918
  81% |ETA: 0:00:00.548
  90% |ETA: 0:00:00.595
 100% |ETA: 0:00:00.000
Total time [h:m:s.ms]:   0:00:00.362
#     i               E_i       exp(-(E-E0)/T)       Sect       Dim    Indices:
     1   -5.845460754124   1.000000000000E+00         30       735   3   5
Egs =     -5.845460754124   3   5
Z   =      1.000000000000
Get impurity Greens functions:
Get G_l1_s1
Total time [h:m:s.ms]:   0:00:00.018
Get G_l1_s2
Total time [h:m:s.ms]:   0:00:00.020
dens_ineq0001=    0.999706299080    0.999706299080
docc_ineq0001=    0.125107961984
mag _ineq0001=   -0.568635228208
Total time [h:m:s.ms]:   0:00:00.450
Get local Matsubara Green's function (no print)
Direct Inversion algorithm:
 
  +ETA --> fort.6
  10% |ETA: 0:00:00.761 @21 May 2019  10:49:43
  20% |ETA: 0:00:00.666
  30% |ETA: 0:00:00.589
  40% |ETA: 0:00:00.507
  50% |ETA: 0:00:00.853 @21 May 2019  10:49:43
  60% |ETA: 0:00:00.683
  70% |ETA: 0:00:00.511
  80% |ETA: 0:00:00.681
  90% |ETA: 0:00:00.680
 100% |ETA: 0:00:00.000
Total time [h:m:s.ms]:   0:00:00.854
Gloc matsubara: write spin-orbital diagonal elements. Split.
Store Gloc_l11_s1_iw_indx*.dat in Gloc_l11_s1_iw.tgz
Store Gloc_l11_s2_iw_indx*.dat in Gloc_l11_s2_iw.tgz
Updated impHloc:
chi^2|iter_ineq0001=    2.006778372E-07 |     4  <--  Orb1 Spin1
            #Ek_l1_s1              Vk_l1_s1             #Ek_l1_s2              Vk_l1_s2
      -0.747863180029        0.307575571525       -2.877310301170       -0.000102928369
      -0.258456123671        0.251260404212       -0.662347159334       -0.181128033432
      -0.130641886133        0.127048791470       -0.169510551578        0.042084685479
       0.261605864007        0.115767957233       -0.353925709480        0.150334741961
       0.622891222063       -0.215721549121        0.172228009877        0.222372917260
       2.829572160751       -0.000000063457        0.563950452653        0.340331757635
Updated impHloc:
chi^2|iter_ineq0001=    3.376012578E-06 |     4  <--  Orb1 Spin2
            #Ek_l1_s1              Vk_l1_s1             #Ek_l1_s2              Vk_l1_s2
      -0.747863180029        0.307575571525       -2.877310301178       -0.000102754911
      -0.258456123671        0.251260404212       -0.662358890312       -0.181151608707
      -0.130641886133        0.127048791470       -0.169544179801        0.041989306904
       0.261605864007        0.115767957233       -0.353963773673        0.150254752456
       0.622891222063       -0.215721549121        0.172346697224        0.222371407986
       2.829572160751       -0.000000063457        0.564015176256        0.340428381880
[1;91mmax error=[0m  2.1932341E-05
[1;91m    error=[0m  2.1932341E-05
[1;91mmin error=[0m  2.1932341E-05
=====================================
Total time [h:m:s.ms]:   0:00:01.429



-----DMFT-loop   18 (max:  100)-----
 0 SOLVES INEQ SITE: 0001
Updated impHloc:
            #Ek_l1_s1              Vk_l1_s1             #Ek_l1_s2              Vk_l1_s2
      -0.747865448340        0.307543050866       -2.877310301174       -0.000102841640
      -0.258426932586        0.251241184006       -0.662353024823       -0.181139821069
      -0.130605674479        0.127075803577       -0.169527365690        0.042036996192
       0.261590394364        0.115817406689       -0.353944741577        0.150294747209
       0.622882808347       -0.215753081113        0.172287353551        0.222372162623
       2.829572160751       -0.000000063457        0.563982814454        0.340380069758
Diagonalize impurity H:
 
  +ETA --> fort.6
  10% |ETA: 0:00:00.781 @21 May 2019  10:49:44
  20% |ETA: 0:00:00.768
  31% |ETA: 0:00:00.835
  40% |ETA: 0:00:00.678
  50% |ETA: 0:00:00.784 @21 May 2019  10:49:44
  60% |ETA: 0:00:00.635
  70% |ETA: 0:00:00.976
  81% |ETA: 0:00:00.572
  90% |ETA: 0:00:00.614
 100% |ETA: 0:00:00.000
Total time [h:m:s.ms]:   0:00:00.373
#     i               E_i       exp(-(E-E0)/T)       Sect       Dim    Indices:
     1   -5.845577229398   1.000000000000E+00         30       735   3   5
Egs =     -5.845577229398   3   5
Z   =      1.000000000000
Get impurity Greens functions:
Get G_l1_s1
Total time [h:m:s.ms]:   0:00:00.018
Get G_l1_s2
Total time [h:m:s.ms]:   0:00:00.021
dens_ineq0001=    0.999705284646    0.999705284646
docc_ineq0001=    0.125099948752
mag _ineq0001=   -0.568717119063
Total time [h:m:s.ms]:   0:00:00.460
Get local Matsubara Green's function (no print)
Direct Inversion algorithm:
 
  +ETA --> fort.6
  10% |ETA: 0:00:00.770 @21 May 2019  10:49:44
  20% |ETA: 0:00:00.690
  30% |ETA: 0:00:00.601
  40% |ETA: 0:00:00.512
  50% |ETA: 0:00:00.847 @21 May 2019  10:49:45
  60% |ETA: 0:00:00.674
  70% |ETA: 0:00:00.502
  80% |ETA: 0:00:00.671
  90% |ETA: 0:00:00.672
 100% |ETA: 0:00:00.000
Total time [h:m:s.ms]:   0:00:00.845
Gloc matsubara: write spin-orbital diagonal elements. Split.
Store Gloc_l11_s1_iw_indx*.dat in Gloc_l11_s1_iw.tgz
Store Gloc_l11_s2_iw_indx*.dat in Gloc_l11_s2_iw.tgz
Updated impHloc:
chi^2|iter_ineq0001=    1.999388259E-07 |     7  <--  Orb1 Spin1
            #Ek_l1_s1              Vk_l1_s1             #Ek_l1_s2              Vk_l1_s2
      -0.747880825613        0.307587567238       -2.877310301174       -0.000102841640
      -0.258532661388        0.251308170413       -0.662353024823       -0.181139821069
      -0.130621652198        0.127030479540       -0.169527365690        0.042036996192
       0.261741373823        0.115679609190       -0.353944741577        0.150294747209
       0.622926568880       -0.215847264786        0.172287353551        0.222372162623
       2.829572160751       -0.000000063457        0.563982814454        0.340380069758
Updated impHloc:
chi^2|iter_ineq0001=    3.375218033E-06 |     4  <--  Orb1 Spin2
            #Ek_l1_s1              Vk_l1_s1             #Ek_l1_s2              Vk_l1_s2
      -0.747880825613        0.307587567238       -2.877310301173       -0.000102832683
      -0.258532661388        0.251308170413       -0.662361798575       -0.181116797455
      -0.130621652198        0.127030479540       -0.169540634206        0.041980815438
       0.261741373823        0.115679609190       -0.353967036591        0.150218536528
       0.622926568880       -0.215847264786        0.172342144974        0.222357336780
       2.829572160751       -0.000000063457        0.564008454216        0.340417700766
[1;91mmax error=[0m  1.6891541E-05
[1;91m    error=[0m  1.6891541E-05
[1;91mmin error=[0m  1.6891541E-05
=====================================
Total time [h:m:s.ms]:   0:00:01.431



-----DMFT-loop   19 (max:  100)-----
 0 SOLVES INEQ SITE: 0001
Updated impHloc:
            #Ek_l1_s1              Vk_l1_s1             #Ek_l1_s2              Vk_l1_s2
      -0.747873136977        0.307565309052       -2.877310301174       -0.000102837162
      -0.258479796987        0.251274677209       -0.662357411699       -0.181128309262
      -0.130613663338        0.127053141558       -0.169533999948        0.042008905815
       0.261665884094        0.115748507940       -0.353955889084        0.150256641868
       0.622904688614       -0.215800172949        0.172314749262        0.222364749701
       2.829572160751       -0.000000063457        0.563995634335        0.340398885262
Diagonalize impurity H:
 
  +ETA --> fort.6
  10% |ETA: 0:00:00.521 @21 May 2019  10:49:45
  20% |ETA: 0:00:00.612
  31% |ETA: 0:00:00.748
  40% |ETA: 0:00:00.619
  50% |ETA: 0:00:00.744 @21 May 2019  10:49:45
  60% |ETA: 0:00:00.610
  70% |ETA: 0:00:00.945
  81% |ETA: 0:00:00.559
  90% |ETA: 0:00:00.609
 100% |ETA: 0:00:00.000
Total time [h:m:s.ms]:   0:00:00.370
#     i               E_i       exp(-(E-E0)/T)       Sect       Dim    Indices:
     1   -5.845674440361   1.000000000000E+00         30       735   3   5
Egs =     -5.845674440361   3   5
Z   =      1.000000000000
Get impurity Greens functions:
Get G_l1_s1
Total time [h:m:s.ms]:   0:00:00.019
Get G_l1_s2
Total time [h:m:s.ms]:   0:00:00.022
dens_ineq0001=    0.999710540964    0.999710540964
docc_ineq0001=    0.125097623981
mag _ineq0001=   -0.568769644179
Total time [h:m:s.ms]:   0:00:00.464
Get local Matsubara Green's function (no print)
Direct Inversion algorithm:
 
  +ETA --> fort.6
  10% |ETA: 0:00:00.805 @21 May 2019  10:49:46
  20% |ETA: 0:00:00.702
  30% |ETA: 0:00:00.605
  40% |ETA: 0:00:00.513
  50% |ETA: 0:00:00.861 @21 May 2019  10:49:46
  60% |ETA: 0:00:00.695
  70% |ETA: 0:00:00.523
  80% |ETA: 0:00:00.695
  90% |ETA: 0:00:00.692
 100% |ETA: 0:00:00.000
Total time [h:m:s.ms]:   0:00:00.869
Gloc matsubara: write spin-orbital diagonal elements. Split.
Store Gloc_l11_s1_iw_indx*.dat in Gloc_l11_s1_iw.tgz
Store Gloc_l11_s2_iw_indx*.dat in Gloc_l11_s2_iw.tgz
Updated impHloc:
chi^2|iter_ineq0001=    1.998007576E-07 |     6  <--  Orb1 Spin1
            #Ek_l1_s1              Vk_l1_s1             #Ek_l1_s2              Vk_l1_s2
      -0.747904082823        0.307599012701       -2.877310301174       -0.000102837162
      -0.258582211307        0.251330960573       -0.662357411699       -0.181128309262
      -0.130601795028        0.127020356018       -0.169533999948        0.042008905815
       0.261785516941        0.115670696083       -0.353955889084        0.150256641868
       0.622952655276       -0.215859111121        0.172314749262        0.222364749701
       2.829572160751       -0.000000063457        0.563995634335        0.340398885262
Updated impHloc:
chi^2|iter_ineq0001=    3.373757658E-06 |     4  <--  Orb1 Spin2
            #Ek_l1_s1              Vk_l1_s1             #Ek_l1_s2              Vk_l1_s2
      -0.747904082823        0.307599012701       -2.877310301178       -0.000102834264
      -0.258582211307        0.251330960573       -0.662374324331       -0.181279675451
      -0.130601795028        0.127020356018       -0.169606932948        0.041862527203
       0.261785516941        0.115670696083       -0.354016055363        0.150204139188
       0.622952655276       -0.215859111121        0.172386708293        0.222395344401
       2.829572160751       -0.000000063457        0.564175181328        0.340461784796
[1;91mmax error=[0m  1.0824027E-05
[1;91m    error=[0m  1.0824027E-05
[1;91mmin error=[0m  1.0824027E-05
=====================================
Total time [h:m:s.ms]:   0:00:01.457



-----DMFT-loop   20 (max:  100)-----
 0 SOLVES INEQ SITE: 0001
Updated impHloc:
            #Ek_l1_s1              Vk_l1_s1             #Ek_l1_s2              Vk_l1_s2
      -0.747888609900        0.307582160876       -2.877310301176       -0.000102835713
      -0.258531004147        0.251302818891       -0.662365868015       -0.181203992356
      -0.130607729183        0.127036748788       -0.169570466448        0.041935716509
       0.261725700518        0.115709602011       -0.353985972223        0.150230390528
       0.622928671945       -0.215829642035        0.172350728778        0.222380047051
       2.829572160751       -0.000000063457        0.564085407832        0.340430335029
Diagonalize impurity H:
 
  +ETA --> fort.6
  10% |ETA: 0:00:00.521 @21 May 2019  10:49:47
  20% |ETA: 0:00:00.580
  31% |ETA: 0:00:00.739
  40% |ETA: 0:00:00.613
  50% |ETA: 0:00:00.756 @21 May 2019  10:49:47
  60% |ETA: 0:00:00.620
  70% |ETA: 0:00:00.955
  81% |ETA: 0:00:00.563
  90% |ETA: 0:00:00.605
 100% |ETA: 0:00:00.000
Total time [h:m:s.ms]:   0:00:00.367
#     i               E_i       exp(-(E-E0)/T)       Sect       Dim    Indices:
     1   -5.845831703476   1.000000000000E+00         30       735   3   5
Egs =     -5.845831703476   3   5
Z   =      1.000000000000
Get impurity Greens functions:
Get G_l1_s1
Total time [h:m:s.ms]:   0:00:00.016
Get G_l1_s2
Total time [h:m:s.ms]:   0:00:00.019
dens_ineq0001=    0.999710090288    0.999710090288
docc_ineq0001=    0.125096752384
mag _ineq0001=   -0.568797302734
Total time [h:m:s.ms]:   0:00:00.463
Get local Matsubara Green's function (no print)
Direct Inversion algorithm:
 
  +ETA --> fort.6
  10% |ETA: 0:00:00.770 @21 May 2019  10:49:47
  20% |ETA: 0:00:00.678
  30% |ETA: 0:00:00.584
  40% |ETA: 0:00:00.500
  50% |ETA: 0:00:00.839 @21 May 2019  10:49:48
  60% |ETA: 0:00:00.674
  70% |ETA: 0:00:00.507
  80% |ETA: 0:00:00.675
  90% |ETA: 0:00:00.673
 100% |ETA: 0:00:00.***
Total time [h:m:s.ms]:   0:00:00.841
Gloc matsubara: write spin-orbital diagonal elements. Split.
Store Gloc_l11_s1_iw_indx*.dat in Gloc_l11_s1_iw.tgz
Store Gloc_l11_s2_iw_indx*.dat in Gloc_l11_s2_iw.tgz
Updated impHloc:
chi^2|iter_ineq0001=    1.995974309E-07 |     6  <--  Orb1 Spin1
            #Ek_l1_s1              Vk_l1_s1             #Ek_l1_s2              Vk_l1_s2
      -0.747961381473        0.307576322217       -2.877310301176       -0.000102835713
      -0.258645276800        0.251377506087       -0.662365868015       -0.181203992356
      -0.130583291307        0.127009305747       -0.169570466448        0.041935716509
       0.261860855129        0.115677637907       -0.353985972223        0.150230390528
       0.623009823402       -0.215868661950        0.172350728778        0.222380047051
       2.829572160751       -0.000000063457        0.564085407832        0.340430335029
Updated impHloc:
chi^2|iter_ineq0001=    3.370677333E-06 |     4  <--  Orb1 Spin2
            #Ek_l1_s1              Vk_l1_s1             #Ek_l1_s2              Vk_l1_s2
      -0.747961381473        0.307576322217       -2.877310301129       -0.000103627595
      -0.258645276800        0.251377506087       -0.662437080020       -0.181530006673
      -0.130583291307        0.127009305747       -0.169745228924        0.041959844502
       0.261860855129        0.115677637907       -0.353925695988        0.150067397306
       0.623009823402       -0.215868661950        0.172386176981        0.222452686931
       2.829572160751       -0.000000063457        0.565113283310        0.340689189363
[1;93mmax error=[0m  6.5909959E-06
[1;93m    error=[0m  6.5909959E-06
[1;93mmin error=[0m  6.5909959E-06
=====================================
Total time [h:m:s.ms]:   0:00:01.427



-----DMFT-loop   21 (max:  100)-----
 0 SOLVES INEQ SITE: 0001
Updated impHloc:
            #Ek_l1_s1              Vk_l1_s1             #Ek_l1_s2              Vk_l1_s2
      -0.747924995686        0.307579241547       -2.877310301152       -0.000103231654
      -0.258588140474        0.251340162489       -0.662401474017       -0.181366999515
      -0.130595510245        0.127023027268       -0.169657847686        0.041947780505
       0.261793277823        0.115693619959       -0.353955834106        0.150148893917
       0.622969247673       -0.215849151993        0.172368452879        0.222416366991
       2.829572160751       -0.000000063457        0.564599345571        0.340559762196
Diagonalize impurity H:
 
  +ETA --> fort.6
  10% |ETA: 0:00:00.521 @21 May 2019  10:49:48
  20% |ETA: 0:00:00.580
  31% |ETA: 0:00:00.730
  40% |ETA: 0:00:00.602
  50% |ETA: 0:00:00.728 @21 May 2019  10:49:48
  60% |ETA: 0:00:00.597
  70% |ETA: 0:00:00.928
  81% |ETA: 0:00:00.546
  90% |ETA: 0:00:00.589
 100% |ETA: 0:00:00.000
Total time [h:m:s.ms]:   0:00:00.357
#     i               E_i       exp(-(E-E0)/T)       Sect       Dim    Indices:
     1   -5.846055035579   1.000000000000E+00         30       735   3   5
Egs =     -5.846055035579   3   5
Z   =      1.000000000000
Get impurity Greens functions:
Get G_l1_s1
Total time [h:m:s.ms]:   0:00:00.017
Get G_l1_s2
Total time [h:m:s.ms]:   0:00:00.019
dens_ineq0001=    0.999711639778    0.999711639778
docc_ineq0001=    0.125098139376
mag _ineq0001=   -0.568828744919
Total time [h:m:s.ms]:   0:00:00.440
Get local Matsubara Green's function (no print)
Direct Inversion algorithm:
 
  +ETA --> fort.6
  10% |ETA: 0:00:00.744 @21 May 2019  10:49:49
  20% |ETA: 0:00:00.662
  30% |ETA: 0:00:00.589
  40% |ETA: 0:00:00.507
  50% |ETA: 0:00:00.839 @21 May 2019  10:49:49
  60% |ETA: 0:00:00.668
  70% |ETA: 0:00:00.998
  80% |ETA: 0:00:00.663
  90% |ETA: 0:00:00.663
 100% |ETA: 0:00:00.000
Total time [h:m:s.ms]:   0:00:00.833
Gloc matsubara: write spin-orbital diagonal elements. Split.
Store Gloc_l11_s1_iw_indx*.dat in Gloc_l11_s1_iw.tgz
Store Gloc_l11_s2_iw_indx*.dat in Gloc_l11_s2_iw.tgz
Updated impHloc:
chi^2|iter_ineq0001=    1.996936220E-07 |     4  <--  Orb1 Spin1
            #Ek_l1_s1              Vk_l1_s1             #Ek_l1_s2              Vk_l1_s2
      -0.747935279383        0.307588036774       -2.877310301152       -0.000103231654
      -0.258607504334        0.251358144507       -0.662401474017       -0.181366999515
      -0.130612613515        0.127010476007       -0.169657847686        0.041947780505
       0.261806848151        0.115677908399       -0.353955834106        0.150148893917
       0.622983398732       -0.215826171721        0.172368452879        0.222416366991
       2.829572160751       -0.000000063457        0.564599345571        0.340559762196
Updated impHloc:
chi^2|iter_ineq0001=    3.369373678E-06 |     5  <--  Orb1 Spin2
            #Ek_l1_s1              Vk_l1_s1             #Ek_l1_s2              Vk_l1_s2
      -0.747935279383        0.307588036774       -2.877310301142       -0.000103314263
      -0.258607504334        0.251358144507       -0.662424209318       -0.181414834925
      -0.130612613515        0.127010476007       -0.169686352299        0.041933713144
       0.261806848151        0.115677908399       -0.353959272848        0.150069551929
       0.622983398732       -0.215826171721        0.172491004686        0.222536851651
       2.829572160751       -0.000000063457        0.564706596678        0.340448903705
[1;92mmax error=[0m  8.8806581E-06
[1;92m    error=[0m  8.8806581E-06
[1;92mmin error=[0m  8.8806581E-06
=====================================
Total time [h:m:s.ms]:   0:00:01.392


Get local Realaxis Green's function (no print)
Direct Inversion algorithm:
 
  +ETA --> fort.6
  10% |ETA: 0:00:00.735 @21 May 2019  10:49:50
  20% |ETA: 0:00:00.639
  30% |ETA: 0:00:00.564
  40% |ETA: 0:00:00.965
  50% |ETA: 0:00:00.799 @21 May 2019  10:49:50
  60% |ETA: 0:00:00.639
  70% |ETA: 0:00:00.969
  80% |ETA: 0:00:00.649
  90% |ETA: 0:00:00.653
 100% |ETA: 0:00:00.500
Total time [h:m:s.ms]:   0:00:00.411
Gloc real: write spin-orbital diagonal elements. Split.
Store Gloc_l11_s1_realw_indx*.dat in Gloc_l11_s1_realw.tgz
Store Gloc_l11_s2_realw_indx*.dat in Gloc_l11_s2_realw.tgz
