    1  1.0000000E+00
    2  1.2592542E-03
    3  1.6391412E-04
    4  1.4497061E-04
    5  1.2842688E-04
    6  1.1355309E-04
    7  9.9604935E-05
    8  8.8460656E-05
    9  1.2931327E-04
   10  4.3701274E-05
   11  3.8559463E-05
   12  3.4034873E-05
   13  3.0060313E-05
   14  2.6560930E-05
   15  2.3582612E-05
   16  2.0894232E-05
   17  1.8337913E-05
   18  1.6269381E-05
   19  1.4610847E-05
   20  1.2793228E-05
   21  1.1484571E-05
   22  1.0328562E-05
   23  9.3756309E-06
   24  8.6558926E-06
