---------------MPI----------------
rank:     0 of      1 alive
----------------------------------

 warning scalar in parse_cmd array:   ULOC
 expecting a comma separated list of:            5
 wrong dimensions parsing variable:   ULOC
 expecting a comma separated list of:            5
SCIFOR VERSION (GIT): f51d8963e73e1a7f5e05ca328195b114bbdf41ec
Timestamp: +21 May 2019  10:54:19.965
 
CODE VERSION: 30030ed680c7b62ac87f0fc221aa358a61913d81
Timestamp: +21 May 2019  10:54:19.966
 
store size =10240Kb
 Using Neel symmetry to refold BZ
 Using Nineq sites=           1
 Symmetries used are:
 (site=2,l,s)=(site=1,l,-s)
 Using Nk_total=361
Using Reciprocal Lattice vectors:
bk_x = [  3.1416 -3.1416  0.0000]
bk_y = [  0.0000  6.2832  0.0000]
bk_z = [  0.0000  0.0000  6.2832]
Get local Realaxis Green's function (no print)
Direct Inversion algorithm:
 
  +ETA --> fort.6
  10% |ETA: 0:00:00.919 @21 May 2019  10:54:20
  20% |ETA: 0:00:00.816
  30% |ETA: 0:00:00.714
  40% |ETA: 0:00:00.613
  50% |ETA: 0:00:00.511 @21 May 2019  10:54:20
  60% |ETA: 0:00:00.817
  70% |ETA: 0:00:00.613
  80% |ETA: 0:00:00.818
  90% |ETA: 0:00:00.816
 100% |ETA: 0:00:00.000
Total time [h:m:s.ms]:   0:00:01.025
dos_Hk real: write spin-orbital diagonal elements.
 Solving model along the path:
Point1: [ 0.0000 0.0000 0.0000]
Point2: [ 3.1416 0.0000 0.0000]
Point3: [ 3.1416 3.1416 0.0000]
Point4: [ 0.0000 0.0000 0.0000]
INIT SOLVER FOR _ineq0001
Summary:
--------------------------------------------
# of levels/spin      =               7
Total size            =              14
# of impurities       =               1
# of bath/impurity    =               6
# of Bath levels/spin =               6
Number of sectors     =              64
Ns_Orb                =               7
Ns_Ud                 =               1
Largest Sector(s)     =       35        35                1225
--------------------------------------------
Required Lanc_nstates_total=1 => set T=0 calculation
Lanczos ZERO temperature calculation:
Updated impHloc:
Reading bath from filehamiltonian_ineq0001.restart
there are        6 lines in +hamiltonian_ineq0001.restart

-----DMFT-loop    1 (max:  100)-----
 0 SOLVES INEQ SITE: 0001
Updated impHloc:
            #Ek_l1_s1              Vk_l1_s1             #Ek_l1_s2              Vk_l1_s2
      -1.359100116050        0.378521600762       -3.877310301930       -0.000001421664
      -0.183870320065        0.183968111060       -1.640146626651        0.000001320446
      -0.027590222910        0.189898708094       -0.430790287549        0.110267646310
       0.407874843236        0.101361007755       -1.198504450669       -0.015524031900
       1.369340198569       -0.106174060086        0.045800794212        0.230464337889
       3.829572160751       -0.000000063457        0.878040298108        0.356809660380
Diagonalize impurity H:
 
  +ETA --> fort.6
  10% |ETA: 0:00:00.521 @21 May 2019  10:54:23
  20% |ETA: 0:00:00.580
  31% |ETA: 0:00:00.748
  40% |ETA: 0:00:00.613
  50% |ETA: 0:00:00.740 @21 May 2019  10:54:23
  60% |ETA: 0:00:00.610
  70% |ETA: 0:00:00.949
  81% |ETA: 0:00:00.555
  90% |ETA: 0:00:00.597
 100% |ETA: 0:00:00.000
Total time [h:m:s.ms]:   0:00:00.364
#     i               E_i       exp(-(E-E0)/T)       Sect       Dim    Indices:
     1   -9.714748299038   1.000000000000E+00         30       735   3   5
Egs =     -9.714748299038   3   5
Z   =      1.000000000000
Get impurity Greens functions:
Get G_l1_s1
Total time [h:m:s.ms]:   0:00:00.021
Get G_l1_s2
Total time [h:m:s.ms]:   0:00:00.021
dens_ineq0001=    1.000103465595    1.000103465595
docc_ineq0001=    0.046277865547
mag _ineq0001=   -0.717164225077
Total time [h:m:s.ms]:   0:00:00.460
Get local Matsubara Green's function (no print)
Direct Inversion algorithm:
 
  +ETA --> fort.6
  10% |ETA: 0:00:00.805 @21 May 2019  10:54:23
  20% |ETA: 0:00:00.737
  30% |ETA: 0:00:00.686
  40% |ETA: 0:00:00.604
  50% |ETA: 0:00:00.980 @21 May 2019  10:54:23
  60% |ETA: 0:00:00.769
  70% |ETA: 0:00:00.569
  80% |ETA: 0:00:00.753
  90% |ETA: 0:00:00.744
 100% |ETA: 0:00:00.000
Total time [h:m:s.ms]:   0:00:00.925
Gloc matsubara: write spin-orbital diagonal elements. Split.
Store Gloc_l11_s1_iw_indx*.dat in Gloc_l11_s1_iw.tgz
Store Gloc_l11_s2_iw_indx*.dat in Gloc_l11_s2_iw.tgz
Updated impHloc:
chi^2|iter_ineq0001=    4.060080864E-07 |   209  <--  Orb1 Spin1
            #Ek_l1_s1              Vk_l1_s1             #Ek_l1_s2              Vk_l1_s2
      -1.386778240556        0.352883794392       -3.877310301930       -0.000001421664
      -0.206094365845        0.204147715017       -1.640146626651        0.000001320446
      -0.111442308892        0.154019122592       -0.430790287549        0.110267646310
       0.226351203614        0.124764871054       -1.198504450669       -0.015524031900
       1.367719792299       -0.127130822959        0.045800794212        0.230464337889
       3.829572160751       -0.000000063457        0.878040298108        0.356809660380
Updated impHloc:
chi^2|iter_ineq0001=    1.255881712E-05 |    48  <--  Orb1 Spin2
            #Ek_l1_s1              Vk_l1_s1             #Ek_l1_s2              Vk_l1_s2
      -1.386778240556        0.352883794392       -3.877310301930       -0.000001409776
      -0.206094365845        0.204147715017       -1.640146626609        0.000012252556
      -0.111442308892        0.154019122592       -0.241838702506        0.133188724130
       0.226351203614        0.124764871054       -1.198586819195        0.001210748813
       1.367719792299       -0.127130822959        0.141603064644        0.234168295045
       3.829572160751       -0.000000063457        0.936584791014        0.320025975489
[1;91mmax error=[0m  1.0000000E+00
[1;91m    error=[0m  1.0000000E+00
[1;91mmin error=[0m  1.0000000E+00
=====================================
Total time [h:m:s.ms]:   0:00:02.088



-----DMFT-loop    2 (max:  100)-----
 0 SOLVES INEQ SITE: 0001
Updated impHloc:
            #Ek_l1_s1              Vk_l1_s1             #Ek_l1_s2              Vk_l1_s2
      -1.386778240556        0.352883794392       -3.877310301930       -0.000001409776
      -0.206094365845        0.204147715017       -1.640146626609        0.000012252556
      -0.111442308892        0.154019122592       -0.241838702506        0.133188724130
       0.226351203614        0.124764871054       -1.198586819195        0.001210748813
       1.367719792299       -0.127130822959        0.141603064644        0.234168295045
       3.829572160751       -0.000000063457        0.936584791014        0.320025975489
Diagonalize impurity H:
 
  +ETA --> fort.6
  10% |ETA: 0:00:00.521 @21 May 2019  10:54:25
  20% |ETA: 0:00:00.564
  31% |ETA: 0:00:00.695
  40% |ETA: 0:00:00.578
  50% |ETA: 0:00:00.720 @21 May 2019  10:54:25
  60% |ETA: 0:00:00.592
  70% |ETA: 0:00:00.911
  81% |ETA: 0:00:00.535
  90% |ETA: 0:00:00.579
 100% |ETA: 0:00:00.000
Total time [h:m:s.ms]:   0:00:00.352
#     i               E_i       exp(-(E-E0)/T)       Sect       Dim    Indices:
     1   -9.627320994422   1.000000000000E+00         30       735   3   5
Egs =     -9.627320994422   3   5
Z   =      1.000000000000
Get impurity Greens functions:
Get G_l1_s1
Total time [h:m:s.ms]:   0:00:00.018
Get G_l1_s2
Total time [h:m:s.ms]:   0:00:00.019
dens_ineq0001=    1.000578587623    1.000578587623
docc_ineq0001=    0.038603108678
mag _ineq0001=   -0.848042531427
Total time [h:m:s.ms]:   0:00:00.437
Get local Matsubara Green's function (no print)
Direct Inversion algorithm:
 
  +ETA --> fort.6
  10% |ETA: 0:00:00.779 @21 May 2019  10:54:25
  20% |ETA: 0:00:00.690
  30% |ETA: 0:00:00.601
  40% |ETA: 0:00:00.515
  50% |ETA: 0:00:00.869 @21 May 2019  10:54:26
  60% |ETA: 0:00:00.695
  70% |ETA: 0:00:00.529
  80% |ETA: 0:00:00.750
  90% |ETA: 0:00:00.751
 100% |ETA: 0:00:00.000
Total time [h:m:s.ms]:   0:00:00.935
Gloc matsubara: write spin-orbital diagonal elements. Split.
Store Gloc_l11_s1_iw_indx*.dat in Gloc_l11_s1_iw.tgz
Store Gloc_l11_s2_iw_indx*.dat in Gloc_l11_s2_iw.tgz
Updated impHloc:
chi^2|iter_ineq0001=    1.932903045E-07 |   219  <--  Orb1 Spin1
            #Ek_l1_s1              Vk_l1_s1             #Ek_l1_s2              Vk_l1_s2
      -1.468122260004        0.376321604497       -3.877310301930       -0.000001409776
      -0.238310627923        0.181858663248       -1.640146626609        0.000012252556
      -0.120621424203        0.181472158424       -0.241838702506        0.133188724130
       0.282618467719        0.104163122036       -1.198586819195        0.001210748813
       1.364326011822       -0.094908636600        0.141603064644        0.234168295045
       3.829572160751       -0.000000063457        0.936584791014        0.320025975489
Updated impHloc:
chi^2|iter_ineq0001=    9.802022529E-06 |    90  <--  Orb1 Spin2
            #Ek_l1_s1              Vk_l1_s1             #Ek_l1_s2              Vk_l1_s2
      -1.468122260004        0.376321604497       -3.877310301942        0.000044844544
      -0.238310627923        0.181858663248       -1.640146626854       -0.000030949794
      -0.120621424203        0.181472158424       -0.300488346191        0.110614360466
       0.282618467719        0.104163122036       -1.198586306007       -0.000033137763
       1.364326011822       -0.094908636600        0.142325575694        0.234009673460
       3.829572160751       -0.000000063457        1.066707471676        0.354643167969
[1;91mmax error=[0m  1.8462204E-02
[1;91m    error=[0m  1.8462204E-02
[1;91mmin error=[0m  1.8462204E-02
=====================================
Total time [h:m:s.ms]:   0:00:02.240



-----DMFT-loop    3 (max:  100)-----
 0 SOLVES INEQ SITE: 0001
Updated impHloc:
            #Ek_l1_s1              Vk_l1_s1             #Ek_l1_s2              Vk_l1_s2
      -1.427450250280        0.364602699444       -3.877310301936        0.000021717384
      -0.222202496884        0.193003189133       -1.640146626731       -0.000009348619
      -0.116031866547        0.167745640508       -0.271163524349        0.121901542298
       0.254484835666        0.114463996545       -1.198586562601        0.000588805525
       1.366022902061       -0.111019729780        0.141964320169        0.234088984253
       3.829572160751       -0.000000063457        1.001646131345        0.337334571729
Diagonalize impurity H:
 
  +ETA --> fort.6
  10% |ETA: 0:00:00.521 @21 May 2019  10:54:27
  20% |ETA: 0:00:00.564
  31% |ETA: 0:00:00.703
  40% |ETA: 0:00:00.578
  50% |ETA: 0:00:00.720 @21 May 2019  10:54:27
  60% |ETA: 0:00:00.597
  70% |ETA: 0:00:00.918
  81% |ETA: 0:00:00.540
  90% |ETA: 0:00:00.589
 100% |ETA: 0:00:00.000
Total time [h:m:s.ms]:   0:00:00.358
#     i               E_i       exp(-(E-E0)/T)       Sect       Dim    Indices:
     1   -9.722247078992   1.000000000000E+00         30       735   3   5
Egs =     -9.722247078992   3   5
Z   =      1.000000000000
Get impurity Greens functions:
Get G_l1_s1
Total time [h:m:s.ms]:   0:00:00.019
Get G_l1_s2
Total time [h:m:s.ms]:   0:00:00.019
dens_ineq0001=    1.000246482888    1.000246482888
docc_ineq0001=    0.038401719672
mag _ineq0001=   -0.853291036638
Total time [h:m:s.ms]:   0:00:00.445
Get local Matsubara Green's function (no print)
Direct Inversion algorithm:
 
  +ETA --> fort.6
  10% |ETA: 0:00:00.761 @21 May 2019  10:54:27
  20% |ETA: 0:00:00.678
  30% |ETA: 0:00:00.594
  40% |ETA: 0:00:00.510
  50% |ETA: 0:00:00.869 @21 May 2019  10:54:28
  60% |ETA: 0:00:00.732
  70% |ETA: 0:00:00.561
  80% |ETA: 0:00:00.739
  90% |ETA: 0:00:00.733
 100% |ETA: 0:00:00.000
Total time [h:m:s.ms]:   0:00:00.912
Gloc matsubara: write spin-orbital diagonal elements. Split.
Store Gloc_l11_s1_iw_indx*.dat in Gloc_l11_s1_iw.tgz
Store Gloc_l11_s2_iw_indx*.dat in Gloc_l11_s2_iw.tgz
Updated impHloc:
chi^2|iter_ineq0001=    2.837239526E-07 |   106  <--  Orb1 Spin1
            #Ek_l1_s1              Vk_l1_s1             #Ek_l1_s2              Vk_l1_s2
      -1.439716839805        0.377010943143       -3.877310301936        0.000021717384
      -0.230524800625        0.183386449774       -1.640146626731       -0.000009348619
      -0.118719521930        0.177237406853       -0.271163524349        0.121901542298
       0.293238218038        0.102833177998       -1.198586562601        0.000588805525
       1.365235155805       -0.091345875052        0.141964320169        0.234088984253
       3.829572160751       -0.000000063457        1.001646131345        0.337334571729
Updated impHloc:
chi^2|iter_ineq0001=    9.617917796E-06 |    78  <--  Orb1 Spin2
            #Ek_l1_s1              Vk_l1_s1             #Ek_l1_s2              Vk_l1_s2
      -1.439716839805        0.377010943143       -3.877310301842        0.000010085606
      -0.230524800625        0.183386449774       -1.640146626459        0.000011080976
      -0.118719521930        0.177237406853       -0.306437163742        0.107798460263
       0.293238218038        0.102833177998       -1.198586455061        0.000336907760
       1.365235155805       -0.091345875052        0.141170599039        0.233220380750
       3.829572160751       -0.000000063457        1.057326267832        0.355586841045
[1;91mmax error=[0m  1.3265093E-03
[1;91m    error=[0m  1.3265093E-03
[1;91mmin error=[0m  1.3265093E-03
=====================================
Total time [h:m:s.ms]:   0:00:01.873



-----DMFT-loop    4 (max:  100)-----
 0 SOLVES INEQ SITE: 0001
Updated impHloc:
            #Ek_l1_s1              Vk_l1_s1             #Ek_l1_s2              Vk_l1_s2
      -1.433583545043        0.370806821294       -3.877310301889        0.000015901495
      -0.226363648754        0.188194819453       -1.640146626595        0.000000866178
      -0.117375694239        0.172491523681       -0.288800344045        0.114850001280
       0.273861526852        0.108648587271       -1.198586508831        0.000462856642
       1.365629028933       -0.101182802416        0.141567459604        0.233654682501
       3.829572160751       -0.000000063457        1.029486199589        0.346460706387
Diagonalize impurity H:
 
  +ETA --> fort.6
  10% |ETA: 0:00:00.521 @21 May 2019  10:54:29
  20% |ETA: 0:00:00.580
  31% |ETA: 0:00:00.703
  40% |ETA: 0:00:00.584
  50% |ETA: 0:00:00.724 @21 May 2019  10:54:29
  60% |ETA: 0:00:00.594
  70% |ETA: 0:00:00.922
  81% |ETA: 0:00:00.540
  90% |ETA: 0:00:00.585
 100% |ETA: 0:00:00.000
Total time [h:m:s.ms]:   0:00:00.356
#     i               E_i       exp(-(E-E0)/T)       Sect       Dim    Indices:
     1   -9.754073939796   1.000000000000E+00         30       735   3   5
Egs =     -9.754073939796   3   5
Z   =      1.000000000000
Get impurity Greens functions:
Get G_l1_s1
Total time [h:m:s.ms]:   0:00:00.018
Get G_l1_s2
Total time [h:m:s.ms]:   0:00:00.020
dens_ineq0001=    1.000161375778    1.000161375778
docc_ineq0001=    0.038454061406
mag _ineq0001=   -0.855143727448
Total time [h:m:s.ms]:   0:00:00.442
Get local Matsubara Green's function (no print)
Direct Inversion algorithm:
 
  +ETA --> fort.6
  10% |ETA: 0:00:00.744 @21 May 2019  10:54:29
  20% |ETA: 0:00:00.670
  30% |ETA: 0:00:00.587
  40% |ETA: 0:00:00.502
  50% |ETA: 0:00:00.835 @21 May 2019  10:54:30
  60% |ETA: 0:00:00.668
  70% |ETA: 0:00:00.504
  80% |ETA: 0:00:00.673
  90% |ETA: 0:00:00.673
 100% |ETA: 0:00:00.000
Total time [h:m:s.ms]:   0:00:00.844
Gloc matsubara: write spin-orbital diagonal elements. Split.
Store Gloc_l11_s1_iw_indx*.dat in Gloc_l11_s1_iw.tgz
Store Gloc_l11_s2_iw_indx*.dat in Gloc_l11_s2_iw.tgz
Updated impHloc:
chi^2|iter_ineq0001=    2.633693642E-07 |    50  <--  Orb1 Spin1
            #Ek_l1_s1              Vk_l1_s1             #Ek_l1_s2              Vk_l1_s2
      -1.442303978553        0.377274785677       -3.877310301889        0.000015901495
      -0.234147101285        0.181704301460       -1.640146626595        0.000000866178
      -0.119114180101        0.179398869498       -0.288800344045        0.114850001280
       0.296821296236        0.101892014751       -1.198586508831        0.000462856642
       1.365085645241       -0.089653887371        0.141567459604        0.233654682501
       3.829572160751       -0.000000063457        1.029486199589        0.346460706387
Updated impHloc:
chi^2|iter_ineq0001=    9.633021844E-06 |    16  <--  Orb1 Spin2
            #Ek_l1_s1              Vk_l1_s1             #Ek_l1_s2              Vk_l1_s2
      -1.442303978553        0.377274785677       -3.877310301888        0.000015699222
      -0.234147101285        0.181704301460       -1.640146626597       -0.000001750693
      -0.119114180101        0.179398869498       -0.308392207875        0.106016189842
       0.296821296236        0.101892014751       -1.198586490112        0.000514927341
       1.365085645241       -0.089653887371        0.140268482813        0.232076388838
       3.829572160751       -0.000000063457        1.030277141841        0.353555952935
[1;91mmax error=[0m  6.2286815E-04
[1;91m    error=[0m  6.2286815E-04
[1;91mmin error=[0m  6.2286815E-04
=====================================
Total time [h:m:s.ms]:   0:00:01.539



-----DMFT-loop    5 (max:  100)-----
 0 SOLVES INEQ SITE: 0001
Updated impHloc:
            #Ek_l1_s1              Vk_l1_s1             #Ek_l1_s2              Vk_l1_s2
      -1.437943761798        0.374040803485       -3.877310301889        0.000015800359
      -0.230255375019        0.184949560456       -1.640146626596       -0.000000442257
      -0.118244937170        0.175945196589       -0.298596275960        0.110433095561
       0.285341411544        0.105270301011       -1.198586499472        0.000488891992
       1.365357337087       -0.095418344893        0.140917971209        0.232865535670
       3.829572160751       -0.000000063457        1.029881670715        0.350008329661
Diagonalize impurity H:
 
  +ETA --> fort.6
  10% |ETA: 0:00:00.521 @21 May 2019  10:54:30
  20% |ETA: 0:00:00.564
  31% |ETA: 0:00:00.686
  40% |ETA: 0:00:00.567
  50% |ETA: 0:00:00.700 @21 May 2019  10:54:30
  60% |ETA: 0:00:00.576
  70% |ETA: 0:00:00.891
  81% |ETA: 0:00:00.526
  90% |ETA: 0:00:00.572
 100% |ETA: 0:00:00.000
Total time [h:m:s.ms]:   0:00:00.348
#     i               E_i       exp(-(E-E0)/T)       Sect       Dim    Indices:
     1   -9.774183100756   1.000000000000E+00         30       735   3   5
Egs =     -9.774183100756   3   5
Z   =      1.000000000000
Get impurity Greens functions:
Get G_l1_s1
Total time [h:m:s.ms]:   0:00:00.018
Get G_l1_s2
Total time [h:m:s.ms]:   0:00:00.021
dens_ineq0001=    1.000132008730    1.000132008730
docc_ineq0001=    0.038500078272
mag _ineq0001=   -0.855956763925
Total time [h:m:s.ms]:   0:00:00.435
Get local Matsubara Green's function (no print)
Direct Inversion algorithm:
 
  +ETA --> fort.6
  10% |ETA: 0:00:00.788 @21 May 2019  10:54:31
  20% |ETA: 0:00:00.694
  30% |ETA: 0:00:00.619
  40% |ETA: 0:00:00.534
  50% |ETA: 0:00:00.887 @21 May 2019  10:54:31
  60% |ETA: 0:00:00.724
  70% |ETA: 0:00:00.553
  80% |ETA: 0:00:00.764
  90% |ETA: 0:00:00.761
 100% |ETA: 0:00:00.***
Total time [h:m:s.ms]:   0:00:00.950
Gloc matsubara: write spin-orbital diagonal elements. Split.
Store Gloc_l11_s1_iw_indx*.dat in Gloc_l11_s1_iw.tgz
Store Gloc_l11_s2_iw_indx*.dat in Gloc_l11_s2_iw.tgz
Updated impHloc:
chi^2|iter_ineq0001=    2.800115435E-07 |    45  <--  Orb1 Spin1
            #Ek_l1_s1              Vk_l1_s1             #Ek_l1_s2              Vk_l1_s2
      -1.440057180712        0.378706462864       -3.877310301889        0.000015800359
      -0.232384303375        0.181637387874       -1.640146626596       -0.000000442257
      -0.118857008863        0.178792635848       -0.298596275960        0.110433095561
       0.292928187340        0.099722311524       -1.198586499472        0.000488891992
       1.365127547206       -0.095737790730        0.140917971209        0.232865535670
       3.829572160751       -0.000000063457        1.029881670715        0.350008329661
Updated impHloc:
chi^2|iter_ineq0001=    9.680986854E-06 |     9  <--  Orb1 Spin2
            #Ek_l1_s1              Vk_l1_s1             #Ek_l1_s2              Vk_l1_s2
      -1.440057180712        0.378706462864       -3.877310301889        0.000015752700
      -0.232384303375        0.181637387874       -1.640146626596       -0.000000442257
      -0.118857008863        0.178792635848       -0.300011039066        0.103726892390
       0.292928187340        0.099722311524       -1.198586500537        0.000482439875
       1.365127547206       -0.095737790730        0.140170195160        0.232015647611
       3.829572160751       -0.000000063457        1.029800305229        0.353214065977
[1;91mmax error=[0m  2.9898662E-04
[1;91m    error=[0m  2.9898662E-04
[1;91mmin error=[0m  2.9898662E-04
=====================================
Total time [h:m:s.ms]:   0:00:01.614



-----DMFT-loop    6 (max:  100)-----
 0 SOLVES INEQ SITE: 0001
Updated impHloc:
            #Ek_l1_s1              Vk_l1_s1             #Ek_l1_s2              Vk_l1_s2
      -1.439000471255        0.376373633175       -3.877310301889        0.000015776529
      -0.231319839197        0.183293474165       -1.640146626596       -0.000000442257
      -0.118550973017        0.177368916219       -0.299303657513        0.107079993975
       0.289134799442        0.102496306267       -1.198586500004        0.000485665934
       1.365242442146       -0.095578067812        0.140544083185        0.232440591640
       3.829572160751       -0.000000063457        1.029840987972        0.351611197819
Diagonalize impurity H:
 
  +ETA --> fort.6
  10% |ETA: 0:00:00.521 @21 May 2019  10:54:32
  20% |ETA: 0:00:00.643
  31% |ETA: 0:00:00.792
  40% |ETA: 0:00:00.643
  50% |ETA: 0:00:00.768 @21 May 2019  10:54:32
  60% |ETA: 0:00:00.625
  70% |ETA: 0:00:00.955
  81% |ETA: 0:00:00.559
  90% |ETA: 0:00:00.605
 100% |ETA: 0:00:00.000
Total time [h:m:s.ms]:   0:00:00.367
#     i               E_i       exp(-(E-E0)/T)       Sect       Dim    Indices:
     1   -9.778010125376   1.000000000000E+00         30       735   3   5
Egs =     -9.778010125376   3   5
Z   =      1.000000000000
Get impurity Greens functions:
Get G_l1_s1
Total time [h:m:s.ms]:   0:00:00.018
Get G_l1_s2
Total time [h:m:s.ms]:   0:00:00.021
dens_ineq0001=    1.000167552813    1.000167552813
docc_ineq0001=    0.038557981302
mag _ineq0001=   -0.856344281256
Total time [h:m:s.ms]:   0:00:00.459
Get local Matsubara Green's function (no print)
Direct Inversion algorithm:
 
  +ETA --> fort.6
  10% |ETA: 0:00:00.770 @21 May 2019  10:54:32
  20% |ETA: 0:00:00.690
  30% |ETA: 0:00:00.598
  40% |ETA: 0:00:00.509
  50% |ETA: 0:00:00.849 @21 May 2019  10:54:33
  60% |ETA: 0:00:00.679
  70% |ETA: 0:00:00.510
  80% |ETA: 0:00:00.680
  90% |ETA: 0:00:00.678
 100% |ETA: 0:00:00.000
Total time [h:m:s.ms]:   0:00:00.850
Gloc matsubara: write spin-orbital diagonal elements. Split.
Store Gloc_l11_s1_iw_indx*.dat in Gloc_l11_s1_iw.tgz
Store Gloc_l11_s2_iw_indx*.dat in Gloc_l11_s2_iw.tgz
Updated impHloc:
chi^2|iter_ineq0001=    2.857467315E-07 |    12  <--  Orb1 Spin1
            #Ek_l1_s1              Vk_l1_s1             #Ek_l1_s2              Vk_l1_s2
      -1.439333356836        0.378869345807       -3.877310301889        0.000015776529
      -0.232321010981        0.182255810619       -1.640146626596       -0.000000442257
      -0.118497933515        0.178275885244       -0.299303657513        0.107079993975
       0.293650039853        0.099171365219       -1.198586500004        0.000485665934
       1.365115813665       -0.097242961217        0.140544083185        0.232440591640
       3.829572160751       -0.000000063457        1.029840987972        0.351611197819
Updated impHloc:
chi^2|iter_ineq0001=    9.493671339E-06 |    12  <--  Orb1 Spin2
            #Ek_l1_s1              Vk_l1_s1             #Ek_l1_s2              Vk_l1_s2
      -1.439333356836        0.378869345807       -3.877310301884        0.000023500026
      -0.232321010981        0.182255810619       -1.640146626596       -0.000000442257
      -0.118497933515        0.178275885244       -0.311692479062        0.105505416754
       0.293650039853        0.099171365219       -1.198586482879        0.000521870792
       1.365115813665       -0.097242961217        0.140076113936        0.231886621814
       3.829572160751       -0.000000063457        1.031769870593        0.354488837196
[1;91mmax error=[0m  1.6212696E-04
[1;91m    error=[0m  1.6212696E-04
[1;91mmin error=[0m  1.6212696E-04
=====================================
Total time [h:m:s.ms]:   0:00:01.459



-----DMFT-loop    7 (max:  100)-----
 0 SOLVES INEQ SITE: 0001
Updated impHloc:
            #Ek_l1_s1              Vk_l1_s1             #Ek_l1_s2              Vk_l1_s2
      -1.439166914045        0.377621489491       -3.877310301886        0.000019638278
      -0.231820425089        0.182774642392       -1.640146626596       -0.000000442257
      -0.118524453266        0.177822400731       -0.305498068287        0.106292705365
       0.291392419647        0.100833835743       -1.198586491442        0.000503768363
       1.365179127906       -0.096410514514        0.140310098560        0.232163606727
       3.829572160751       -0.000000063457        1.030805429282        0.353050017508
Diagonalize impurity H:
 
  +ETA --> fort.6
  10% |ETA: 0:00:00.521 @21 May 2019  10:54:33
  20% |ETA: 0:00:00.564
  31% |ETA: 0:00:00.695
  40% |ETA: 0:00:00.572
  50% |ETA: 0:00:00.740 @21 May 2019  10:54:34
  60% |ETA: 0:00:00.620
  70% |ETA: 0:00:00.959
  81% |ETA: 0:00:00.561
  90% |ETA: 0:00:00.607
 100% |ETA: 0:00:00.000
Total time [h:m:s.ms]:   0:00:00.369
#     i               E_i       exp(-(E-E0)/T)       Sect       Dim    Indices:
     1   -9.785374411991   1.000000000000E+00         30       735   3   5
Egs =     -9.785374411991   3   5
Z   =      1.000000000000
Get impurity Greens functions:
Get G_l1_s1
Total time [h:m:s.ms]:   0:00:00.019
Get G_l1_s2
Total time [h:m:s.ms]:   0:00:00.021
dens_ineq0001=    1.000166347339    1.000166347339
docc_ineq0001=    0.038604586995
mag _ineq0001=   -0.856479848898
Total time [h:m:s.ms]:   0:00:00.465
Get local Matsubara Green's function (no print)
Direct Inversion algorithm:
 
  +ETA --> fort.6
  10% |ETA: 0:00:00.796 @21 May 2019  10:54:34
  20% |ETA: 0:00:00.706
  30% |ETA: 0:00:00.610
  40% |ETA: 0:00:00.518
  50% |ETA: 0:00:00.861 @21 May 2019  10:54:34
  60% |ETA: 0:00:00.686
  70% |ETA: 0:00:00.513
  80% |ETA: 0:00:00.689
  90% |ETA: 0:00:00.690
 100% |ETA: 0:00:00.000
Total time [h:m:s.ms]:   0:00:00.878
Gloc matsubara: write spin-orbital diagonal elements. Split.
Store Gloc_l11_s1_iw_indx*.dat in Gloc_l11_s1_iw.tgz
Store Gloc_l11_s2_iw_indx*.dat in Gloc_l11_s2_iw.tgz
Updated impHloc:
chi^2|iter_ineq0001=    2.171659668E-07 |    63  <--  Orb1 Spin1
            #Ek_l1_s1              Vk_l1_s1             #Ek_l1_s2              Vk_l1_s2
      -1.449342480502        0.377593840809       -3.877310301886        0.000019638278
      -0.243914815105        0.177546107790       -1.640146626596       -0.000000442257
      -0.120652152787        0.184775736243       -0.305498068287        0.106292705365
       0.299213400171        0.100697037119       -1.198586491442        0.000503768363
       1.364682940308       -0.090504729368        0.140310098560        0.232163606727
       3.829572160751       -0.000000063457        1.030805429282        0.353050017508
Updated impHloc:
chi^2|iter_ineq0001=    9.510816537E-06 |     7  <--  Orb1 Spin2
            #Ek_l1_s1              Vk_l1_s1             #Ek_l1_s2              Vk_l1_s2
      -1.449342480502        0.377593840809       -3.877310301885        0.000020031068
      -0.243914815105        0.177546107790       -1.640146626596       -0.000000442257
      -0.120652152787        0.184775736243       -0.306017820279        0.104298417944
       0.299213400171        0.100697037119       -1.198586491522        0.000501607937
       1.364682940308       -0.090504729368        0.140053736351        0.231847140964
       3.829572160751       -0.000000063457        1.030854572152        0.354147390101
[1;91mmax error=[0m  8.7809726E-05
[1;91m    error=[0m  8.7809726E-05
[1;91mmin error=[0m  8.7809726E-05
=====================================
Total time [h:m:s.ms]:   0:00:01.640



-----DMFT-loop    8 (max:  100)-----
 0 SOLVES INEQ SITE: 0001
Updated impHloc:
            #Ek_l1_s1              Vk_l1_s1             #Ek_l1_s2              Vk_l1_s2
      -1.444254697273        0.377607665150       -3.877310301886        0.000019834673
      -0.237867620097        0.180160375091       -1.640146626596       -0.000000442257
      -0.119588303026        0.181299068487       -0.305757944283        0.105295561654
       0.295302909909        0.100765436431       -1.198586491482        0.000502688150
       1.364931034107       -0.093457621941        0.140181917456        0.232005373846
       3.829572160751       -0.000000063457        1.030830000717        0.353598703804
Diagonalize impurity H:
 
  +ETA --> fort.6
  10% |ETA: 0:00:00.521 @21 May 2019  10:54:35
  20% |ETA: 0:00:00.612
  31% |ETA: 0:00:00.739
  40% |ETA: 0:00:00.613
  50% |ETA: 0:00:00.748 @21 May 2019  10:54:35
  60% |ETA: 0:00:00.617
  70% |ETA: 0:00:00.955
  81% |ETA: 0:00:00.561
  90% |ETA: 0:00:00.622
 100% |ETA: 0:00:00.000
Total time [h:m:s.ms]:   0:00:00.377
#     i               E_i       exp(-(E-E0)/T)       Sect       Dim    Indices:
     1   -9.797946094934   1.000000000000E+00         30       735   3   5
Egs =     -9.797946094934   3   5
Z   =      1.000000000000
Get impurity Greens functions:
Get G_l1_s1
Total time [h:m:s.ms]:   0:00:00.019
Get G_l1_s2
Total time [h:m:s.ms]:   0:00:00.021
dens_ineq0001=    1.000147379729    1.000147379729
docc_ineq0001=    0.038589294662
mag _ineq0001=   -0.856674542932
Total time [h:m:s.ms]:   0:00:00.471
Get local Matsubara Green's function (no print)
Direct Inversion algorithm:
 
  +ETA --> fort.6
  10% |ETA: 0:00:00.788 @21 May 2019  10:54:36
  20% |ETA: 0:00:00.694
  30% |ETA: 0:00:00.612
  40% |ETA: 0:00:00.537
  50% |ETA: 0:00:00.897 @21 May 2019  10:54:36
  60% |ETA: 0:00:00.719
  70% |ETA: 0:00:00.554
  80% |ETA: 0:00:00.757
  90% |ETA: 0:00:00.762
 100% |ETA: 0:00:00.000
Total time [h:m:s.ms]:   0:00:00.954
Gloc matsubara: write spin-orbital diagonal elements. Split.
Store Gloc_l11_s1_iw_indx*.dat in Gloc_l11_s1_iw.tgz
Store Gloc_l11_s2_iw_indx*.dat in Gloc_l11_s2_iw.tgz
Updated impHloc:
chi^2|iter_ineq0001=    2.088984644E-07 |    32  <--  Orb1 Spin1
            #Ek_l1_s1              Vk_l1_s1             #Ek_l1_s2              Vk_l1_s2
      -1.451912233078        0.377960325940       -3.877310301886        0.000019834673
      -0.245041891727        0.177011200040       -1.640146626596       -0.000000442257
      -0.120862575557        0.185415115192       -0.305757944283        0.105295561654
       0.298183446012        0.100168606283       -1.198586491482        0.000502688150
       1.364561649712       -0.092149468699        0.140181917456        0.232005373846
       3.829572160751       -0.000000063457        1.030830000717        0.353598703804
Updated impHloc:
chi^2|iter_ineq0001=    9.431424409E-06 |    10  <--  Orb1 Spin2
            #Ek_l1_s1              Vk_l1_s1             #Ek_l1_s2              Vk_l1_s2
      -1.451912233078        0.377960325940       -3.877310301849        0.000037359024
      -0.245041891727        0.177011200040       -1.640146626596       -0.000000442257
      -0.120862575557        0.185415115192       -0.314014184112        0.105621623547
       0.298183446012        0.100168606283       -1.198586475281        0.000516619817
       1.364561649712       -0.092149468699        0.140027161980        0.231852251883
       3.829572160751       -0.000000063457        1.034257863150        0.355139186253
[1;91mmax error=[0m  5.1666040E-05
[1;91m    error=[0m  5.1666040E-05
[1;91mmin error=[0m  5.1666040E-05
=====================================
Total time [h:m:s.ms]:   0:00:01.644



-----DMFT-loop    9 (max:  100)-----
 0 SOLVES INEQ SITE: 0001
Updated impHloc:
            #Ek_l1_s1              Vk_l1_s1             #Ek_l1_s2              Vk_l1_s2
      -1.448083465176        0.377783995545       -3.877310301867        0.000028596848
      -0.241454755912        0.178585787566       -1.640146626596       -0.000000442257
      -0.120225439292        0.183357091839       -0.309886064197        0.105458592601
       0.296743177961        0.100467021357       -1.198586483381        0.000509653984
       1.364746341909       -0.092803545320        0.140104539718        0.231928812865
       3.829572160751       -0.000000063457        1.032543931934        0.354368945029
Diagonalize impurity H:
 
  +ETA --> fort.6
  10% |ETA: 0:00:00.521 @21 May 2019  10:54:37
  20% |ETA: 0:00:00.627
  31% |ETA: 0:00:00.756
  40% |ETA: 0:00:00.631
  50% |ETA: 0:00:00.764 @21 May 2019  10:54:37
  60% |ETA: 0:00:00.630
  70% |ETA: 0:00:00.972
  81% |ETA: 0:00:00.568
  90% |ETA: 0:00:00.615
 100% |ETA: 0:00:00.000
Total time [h:m:s.ms]:   0:00:00.374
#     i               E_i       exp(-(E-E0)/T)       Sect       Dim    Indices:
     1   -9.810335811112   1.000000000000E+00         30       735   3   5
Egs =     -9.810335811112   3   5
Z   =      1.000000000000
Get impurity Greens functions:
Get G_l1_s1
Total time [h:m:s.ms]:   0:00:00.021
Get G_l1_s2
Total time [h:m:s.ms]:   0:00:00.025
dens_ineq0001=    1.000126903362    1.000126903362
docc_ineq0001=    0.038594652605
mag _ineq0001=   -0.856721533801
Total time [h:m:s.ms]:   0:00:00.487
Get local Matsubara Green's function (no print)
Direct Inversion algorithm:
 
  +ETA --> fort.6
  10% |ETA: 0:00:01.521 @21 May 2019  10:54:37
  20% |ETA: 0:00:00.856
  30% |ETA: 0:00:00.730
  40% |ETA: 0:00:00.619
  50% |ETA: 0:00:00.504 @21 May 2019  10:54:38
  60% |ETA: 0:00:00.797
  70% |ETA: 0:00:00.600
  80% |ETA: 0:00:00.796
  90% |ETA: 0:00:00.784
 100% |ETA: 0:00:00.***
Total time [h:m:s.ms]:   0:00:00.976
Gloc matsubara: write spin-orbital diagonal elements. Split.
Store Gloc_l11_s1_iw_indx*.dat in Gloc_l11_s1_iw.tgz
Store Gloc_l11_s2_iw_indx*.dat in Gloc_l11_s2_iw.tgz
Updated impHloc:
chi^2|iter_ineq0001=    2.192698536E-07 |    15  <--  Orb1 Spin1
            #Ek_l1_s1              Vk_l1_s1             #Ek_l1_s2              Vk_l1_s2
      -1.449856913278        0.378591494367       -3.877310301867        0.000028596848
      -0.242610731876        0.177440725456       -1.640146626596       -0.000000442257
      -0.120579542523        0.184473274185       -0.309886064197        0.105458592601
       0.298264538185        0.099995849506       -1.198586483381        0.000509653984
       1.364626022308       -0.093490168542        0.140104539718        0.231928812865
       3.829572160751       -0.000000063457        1.032543931934        0.354368945029
Updated impHloc:
chi^2|iter_ineq0001=    9.438894048E-06 |     4  <--  Orb1 Spin2
            #Ek_l1_s1              Vk_l1_s1             #Ek_l1_s2              Vk_l1_s2
      -1.449856913278        0.378591494367       -3.877310301867        0.000028653260
      -0.242610731876        0.177440725456       -1.640146626596       -0.000000442257
      -0.120579542523        0.184473274185       -0.310002350394        0.104778644834
       0.298264538185        0.099995849506       -1.198586483518        0.000508857364
       1.364626022308       -0.093490168542        0.140041693211        0.231857384462
       3.829572160751       -0.000000063457        1.032551085051        0.354618565407
[1;91mmax error=[0m  2.8736533E-05
[1;91m    error=[0m  2.8736533E-05
[1;91mmin error=[0m  2.8736533E-05
=====================================
Total time [h:m:s.ms]:   0:00:01.614



-----DMFT-loop   10 (max:  100)-----
 0 SOLVES INEQ SITE: 0001
Updated impHloc:
            #Ek_l1_s1              Vk_l1_s1             #Ek_l1_s2              Vk_l1_s2
      -1.448970189227        0.378187744956       -3.877310301867        0.000028625054
      -0.242032743894        0.178013256511       -1.640146626596       -0.000000442257
      -0.120402490908        0.183915183012       -0.309944207296        0.105118618717
       0.297503858073        0.100231435432       -1.198586483449        0.000509255674
       1.364686182109       -0.093146856931        0.140073116464        0.231893098663
       3.829572160751       -0.000000063457        1.032547508492        0.354493755218
Diagonalize impurity H:
 
  +ETA --> fort.6
  10% |ETA: 0:00:00.521 @21 May 2019  10:54:38
  20% |ETA: 0:00:00.580
  31% |ETA: 0:00:00.712
  40% |ETA: 0:00:00.584
  50% |ETA: 0:00:00.740 @21 May 2019  10:54:38
  60% |ETA: 0:00:00.730
  70% |ETA: 0:00:00.658
  81% |ETA: 0:00:00.756
  90% |ETA: 0:00:00.782
 100% |ETA: 0:00:00.000
Total time [h:m:s.ms]:   0:00:00.475
#     i               E_i       exp(-(E-E0)/T)       Sect       Dim    Indices:
     1   -9.812137047368   1.000000000000E+00         30       735   3   5
Egs =     -9.812137047368   3   5
Z   =      1.000000000000
Get impurity Greens functions:
Get G_l1_s1
Total time [h:m:s.ms]:   0:00:00.019
Get G_l1_s2
Total time [h:m:s.ms]:   0:00:00.020
dens_ineq0001=    1.000139724256    1.000139724256
docc_ineq0001=    0.038609376678
mag _ineq0001=   -0.856735755565
Total time [h:m:s.ms]:   0:00:00.562
Get local Matsubara Green's function (no print)
Direct Inversion algorithm:
 
  +ETA --> fort.6
  10% |ETA: 0:00:00.761 @21 May 2019  10:54:39
  20% |ETA: 0:00:00.674
  30% |ETA: 0:00:00.594
  40% |ETA: 0:00:00.509
  50% |ETA: 0:00:00.847 @21 May 2019  10:54:39
  60% |ETA: 0:00:00.676
  70% |ETA: 0:00:00.509
  80% |ETA: 0:00:00.678
  90% |ETA: 0:00:00.678
 100% |ETA: 0:00:00.***
Total time [h:m:s.ms]:   0:00:00.851
Gloc matsubara: write spin-orbital diagonal elements. Split.
Store Gloc_l11_s1_iw_indx*.dat in Gloc_l11_s1_iw.tgz
Store Gloc_l11_s2_iw_indx*.dat in Gloc_l11_s2_iw.tgz
Updated impHloc:
chi^2|iter_ineq0001=    2.222902661E-07 |     4  <--  Orb1 Spin1
            #Ek_l1_s1              Vk_l1_s1             #Ek_l1_s2              Vk_l1_s2
      -1.448966025262        0.378314052995       -3.877310301867        0.000028625054
      -0.242063584448        0.178037970843       -1.640146626596       -0.000000442257
      -0.120336036320        0.183935487376       -0.309944207296        0.105118618717
       0.297562634751        0.099863441662       -1.198586483449        0.000509255674
       1.364688440707       -0.093084371338        0.140073116464        0.231893098663
       3.829572160751       -0.000000063457        1.032547508492        0.354493755218
Updated impHloc:
chi^2|iter_ineq0001=    9.434889641E-06 |     4  <--  Orb1 Spin2
            #Ek_l1_s1              Vk_l1_s1             #Ek_l1_s2              Vk_l1_s2
      -1.448966025262        0.378314052995       -3.877310301868        0.000028582065
      -0.242063584448        0.178037970843       -1.640146626596       -0.000000442257
      -0.120336036320        0.183935487376       -0.310013906669        0.104756652446
       0.297562634751        0.099863441662       -1.198586483492        0.000508798152
       1.364688440707       -0.093084371338        0.140041372469        0.231845748622
       3.829572160751       -0.000000063457        1.032559818600        0.354638715252
[1;91mmax error=[0m  1.6730834E-05
[1;91m    error=[0m  1.6730834E-05
[1;91mmin error=[0m  1.6730834E-05
=====================================
Total time [h:m:s.ms]:   0:00:01.530



-----DMFT-loop   11 (max:  100)-----
 0 SOLVES INEQ SITE: 0001
Updated impHloc:
            #Ek_l1_s1              Vk_l1_s1             #Ek_l1_s2              Vk_l1_s2
      -1.448968107244        0.378250898975       -3.877310301867        0.000028603560
      -0.242048164171        0.178025613677       -1.640146626596       -0.000000442257
      -0.120369263614        0.183925335194       -0.309979056983        0.104937635581
       0.297533246412        0.100047438547       -1.198586483471        0.000509026913
       1.364687311408       -0.093115614135        0.140057244467        0.231869423642
       3.829572160751       -0.000000063457        1.032553663546        0.354566235235
Diagonalize impurity H:
 
  +ETA --> fort.6
  10% |ETA: 0:00:00.521 @21 May 2019  10:54:40
  20% |ETA: 0:00:00.564
  31% |ETA: 0:00:00.703
  40% |ETA: 0:00:00.578
  50% |ETA: 0:00:00.720 @21 May 2019  10:54:40
  60% |ETA: 0:00:00.612
  70% |ETA: 0:00:00.945
  81% |ETA: 0:00:00.557
  90% |ETA: 0:00:00.607
 100% |ETA: 0:00:00.000
Total time [h:m:s.ms]:   0:00:00.369
#     i               E_i       exp(-(E-E0)/T)       Sect       Dim    Indices:
     1   -9.812180225767   1.000000000000E+00         30       735   3   5
Egs =     -9.812180225767   3   5
Z   =      1.000000000000
Get impurity Greens functions:
Get G_l1_s1
Total time [h:m:s.ms]:   0:00:00.019
Get G_l1_s2
Total time [h:m:s.ms]:   0:00:00.022
dens_ineq0001=    1.000143066012    1.000143066012
docc_ineq0001=    0.038613114898
mag _ineq0001=   -0.856746180440
Total time [h:m:s.ms]:   0:00:00.461
Get local Matsubara Green's function (no print)
Direct Inversion algorithm:
 
  +ETA --> fort.6
  10% |ETA: 0:00:00.779 @21 May 2019  10:54:40
  20% |ETA: 0:00:00.733
  30% |ETA: 0:00:00.638
  40% |ETA: 0:00:00.545
  50% |ETA: 0:00:00.908 @21 May 2019  10:54:41
  60% |ETA: 0:00:00.724
  70% |ETA: 0:00:00.540
  80% |ETA: 0:00:00.716
  90% |ETA: 0:00:00.712
 100% |ETA: 0:00:00.000
Total time [h:m:s.ms]:   0:00:00.889
Gloc matsubara: write spin-orbital diagonal elements. Split.
Store Gloc_l11_s1_iw_indx*.dat in Gloc_l11_s1_iw.tgz
Store Gloc_l11_s2_iw_indx*.dat in Gloc_l11_s2_iw.tgz
Updated impHloc:
chi^2|iter_ineq0001=    2.223889211E-07 |     4  <--  Orb1 Spin1
            #Ek_l1_s1              Vk_l1_s1             #Ek_l1_s2              Vk_l1_s2
      -1.448968552674        0.378316285537       -3.877310301867        0.000028603560
      -0.242067366083        0.178039959423       -1.640146626596       -0.000000442257
      -0.120331330165        0.183938862035       -0.309979056983        0.104937635581
       0.297569074158        0.099842658024       -1.198586483471        0.000509026913
       1.364688347876       -0.093083909745        0.140057244467        0.231869423642
       3.829572160751       -0.000000063457        1.032553663546        0.354566235235
Updated impHloc:
chi^2|iter_ineq0001=    9.432220503E-06 |     4  <--  Orb1 Spin2
            #Ek_l1_s1              Vk_l1_s1             #Ek_l1_s2              Vk_l1_s2
      -1.448968552674        0.378316285537       -3.877310301867        0.000028554397
      -0.242067366083        0.178039959423       -1.640146626596       -0.000000442257
      -0.120331330165        0.183938862035       -0.310037502214        0.104757446390
       0.297569074158        0.099842658024       -1.198586483408        0.000508720432
       1.364688347876       -0.093083909745        0.140037654321        0.231830502309
       3.829572160751       -0.000000063457        1.032585585146        0.354668678467
[1;93mmax error=[0m  8.8160996E-06
[1;93m    error=[0m  8.8160996E-06
[1;93mmin error=[0m  8.8160996E-06
=====================================
Total time [h:m:s.ms]:   0:00:01.464



-----DMFT-loop   12 (max:  100)-----
 0 SOLVES INEQ SITE: 0001
Updated impHloc:
            #Ek_l1_s1              Vk_l1_s1             #Ek_l1_s2              Vk_l1_s2
      -1.448968329959        0.378283592256       -3.877310301867        0.000028578978
      -0.242057765127        0.178032786550       -1.640146626596       -0.000000442257
      -0.120350296889        0.183932098615       -0.310008279599        0.104847540986
       0.297551160285        0.099945048286       -1.198586483439        0.000508873673
       1.364687829642       -0.093099761940        0.140047449394        0.231849962976
       3.829572160751       -0.000000063457        1.032569624346        0.354617456851
Diagonalize impurity H:
 
  +ETA --> fort.6
  10% |ETA: 0:00:00.521 @21 May 2019  10:54:41
  20% |ETA: 0:00:00.612
  31% |ETA: 0:00:00.844
  40% |ETA: 0:00:00.683
  50% |ETA: 0:00:00.860 @21 May 2019  10:54:41
  60% |ETA: 0:00:00.692
  70% |ETA: 0:00:00.531
  81% |ETA: 0:00:00.622
  90% |ETA: 0:00:00.668
 100% |ETA: 0:00:00.000
Total time [h:m:s.ms]:   0:00:00.406
#     i               E_i       exp(-(E-E0)/T)       Sect       Dim    Indices:
     1   -9.812216561521   1.000000000000E+00         30       735   3   5
Egs =     -9.812216561521   3   5
Z   =      1.000000000000
Get impurity Greens functions:
Get G_l1_s1
Total time [h:m:s.ms]:   0:00:00.019
Get G_l1_s2
Total time [h:m:s.ms]:   0:00:00.024
dens_ineq0001=    1.000144965542    1.000144965542
docc_ineq0001=    0.038615141461
mag _ineq0001=   -0.856753646612
Total time [h:m:s.ms]:   0:00:00.502
Get local Matsubara Green's function (no print)
Direct Inversion algorithm:
 
  +ETA --> fort.6
  10% |ETA: 0:00:00.770 @21 May 2019  10:54:42
  20% |ETA: 0:00:00.678
  30% |ETA: 0:00:00.591
  40% |ETA: 0:00:00.507
  50% |ETA: 0:00:00.843 @21 May 2019  10:54:42
  60% |ETA: 0:00:00.675
  70% |ETA: 0:00:00.508
  80% |ETA: 0:00:00.678
  90% |ETA: 0:00:00.679
 100% |ETA: 0:00:00.000
Total time [h:m:s.ms]:   0:00:00.854
Gloc matsubara: write spin-orbital diagonal elements. Split.
Store Gloc_l11_s1_iw_indx*.dat in Gloc_l11_s1_iw.tgz
Store Gloc_l11_s2_iw_indx*.dat in Gloc_l11_s2_iw.tgz
Updated impHloc:
chi^2|iter_ineq0001=    2.197766790E-07 |    10  <--  Orb1 Spin1
            #Ek_l1_s1              Vk_l1_s1             #Ek_l1_s2              Vk_l1_s2
      -1.449470260381        0.378186408945       -3.877310301867        0.000028578978
      -0.242798427526        0.178211367699       -1.640146626596       -0.000000442257
      -0.120288318520        0.184010536668       -0.310008279599        0.104847540986
       0.298086105494        0.099836643291       -1.198586483439        0.000508873673
       1.364647152456       -0.093497975098        0.140047449394        0.231849962976
       3.829572160751       -0.000000063457        1.032569624346        0.354617456851
Updated impHloc:
chi^2|iter_ineq0001=    9.380879119E-06 |    10  <--  Orb1 Spin2
            #Ek_l1_s1              Vk_l1_s1             #Ek_l1_s2              Vk_l1_s2
      -1.449470260381        0.378186408945       -3.877310301872        0.000030211568
      -0.242798427526        0.178211367699       -1.640146626596       -0.000000442257
      -0.120288318520        0.184010536668       -0.317034915942        0.106160058569
       0.298086105494        0.099836643291       -1.198586457337        0.000498030423
       1.364647152456       -0.093497975098        0.140124847351        0.231981385422
       3.829572160751       -0.000000063457        1.040441417307        0.356098351417
[1;92mmax error=[0m  5.7121201E-06
[1;92m    error=[0m  5.7121201E-06
[1;92mmin error=[0m  5.7121201E-06
=====================================
Total time [h:m:s.ms]:   0:00:01.502


Get local Realaxis Green's function (no print)
Direct Inversion algorithm:
 
  +ETA --> fort.6
  10% |ETA: 0:00:00.788 @21 May 2019  10:54:43
  20% |ETA: 0:00:00.702
  30% |ETA: 0:00:00.610
  40% |ETA: 0:00:00.521
  50% |ETA: 0:00:00.863 @21 May 2019  10:54:43
  60% |ETA: 0:00:00.690
  70% |ETA: 0:00:00.515
  80% |ETA: 0:00:00.687
  90% |ETA: 0:00:00.687
 100% |ETA: 0:00:00.000
Total time [h:m:s.ms]:   0:00:00.440
Gloc real: write spin-orbital diagonal elements. Split.
Store Gloc_l11_s1_realw_indx*.dat in Gloc_l11_s1_realw.tgz
Store Gloc_l11_s2_realw_indx*.dat in Gloc_l11_s2_realw.tgz
