    1  1.0000000E+00
    2  4.6045135E-03
    3  1.1175458E-03
    4  1.1221644E-03
    5  1.1501362E-03
    6  1.1327472E-03
    7  1.1558167E-03
    8  1.1714514E-03
    9  1.1851462E-03
   10  1.1994069E-03
   11  1.1803106E-03
   12  1.2246416E-03
   13  1.2353614E-03
   14  1.2518270E-03
   15  1.2706083E-03
   16  1.2703035E-03
   17  1.3086620E-03
   18  1.3328105E-03
   19  1.3667551E-03
   20  1.3948438E-03
   21  1.4247548E-03
   22  1.4441790E-03
   23  1.4764577E-03
   24  1.5254191E-03
   25  1.5496620E-03
   26  1.5883517E-03
   27  1.6099858E-03
   28  1.6700669E-03
   29  1.7164469E-03
   30  1.7511475E-03
   31  1.8358377E-03
   32  1.8963249E-03
   33  1.9403320E-03
   34  2.0055344E-03
   35  2.0949053E-03
   36  2.1503322E-03
   37  2.2518134E-03
   38  2.3445509E-03
   39  2.4067497E-03
   40  2.5352755E-03
   41  2.6398604E-03
   42  2.7313864E-03
   43  2.8794484E-03
   44  3.0110677E-03
   45  3.1513215E-03
   46  3.3006857E-03
   47  3.4596389E-03
   48  3.6236301E-03
   49  3.7975376E-03
   50  3.9795073E-03
   51  4.1668469E-03
   52  4.4065409E-03
   53  4.6243265E-03
   54  4.8432962E-03
   55  5.0639858E-03
   56  5.2857102E-03
   57  5.5039924E-03
   58  5.7013291E-03
   59  5.8980389E-03
   60  6.0531744E-03
   61  6.2166751E-03
   62  6.3612431E-03
   63  6.4008631E-03
   64  6.5010469E-03
   65  6.5280745E-03
   66  6.5346178E-03
   67  6.5229907E-03
   68  6.4464558E-03
   69  6.3862753E-03
   70  6.3062819E-03
   71  6.1924156E-03
   72  6.0111757E-03
   73  5.8666974E-03
   74  5.6419341E-03
   75  5.2937561E-03
   76  4.9207978E-03
   77  4.5278239E-03
   78  3.9762653E-03
   79  3.4151849E-03
   80  2.8090896E-03
   81  2.2494109E-03
   82  1.7129006E-03
   83  1.2863173E-03
   84  9.7120102E-04
   85  7.0008323E-04
   86  4.9012849E-04
   87  3.5146201E-04
   88  2.5370459E-04
   89  2.0211490E-04
   90  1.3591761E-04
   91  1.0235841E-04
   92  7.6956040E-05
   93  5.8192903E-05
   94  4.4619908E-05
   95  3.4748291E-05
   96  2.7301685E-05
   97  2.1289470E-05
   98  2.9968679E-05
   99  1.4866731E-05
  100  1.0728102E-05
