    1  1.0000000E+00
    2  1.2413789E-03
    3  1.7906808E-04
    4  1.6266198E-04
    5  1.4596558E-04
    6  1.3107050E-04
    7  1.1786719E-04
    8  1.0603068E-04
    9  9.5368049E-05
   10  8.5810920E-05
   11  7.7750645E-05
   12  6.7987480E-05
   13  6.2183457E-05
   14  5.6866076E-05
   15  5.1269380E-05
   16  4.3575509E-05
   17  3.9085144E-05
   18  3.5371666E-05
   19  3.1916579E-05
   20  2.8792461E-05
   21  2.5994104E-05
   22  2.3521039E-05
   23  2.1392343E-05
   24  1.9177139E-05
   25  1.7648128E-05
   26  1.5589113E-05
   27  1.4149958E-05
   28  1.2846409E-05
   29  1.1686023E-05
   30  1.0738825E-05
   31  9.6968739E-06
   32  8.9601039E-06
