    1  1.0000000E+00
    2  1.7897038E-03
    3  2.9087430E-04
    4  2.6698373E-04
    5  2.4358331E-04
    6  2.2525635E-04
    7  2.0549956E-04
    8  1.8884288E-04
    9  1.7356466E-04
   10  1.5942218E-04
   11  1.4688599E-04
   12  1.3437029E-04
   13  1.0279246E-04
   14  1.0081337E-04
   15  9.4980249E-05
   16  8.4517071E-05
   17  8.0139825E-05
   18  7.1926519E-05
   19  6.5913408E-05
   20  6.0843091E-05
   21  5.5856766E-05
   22  5.1285199E-05
   23  4.6511284E-05
   24  4.2642328E-05
   25  3.9331332E-05
   26  3.6109673E-05
   27  3.3268120E-05
   28  3.0612020E-05
   29  2.8159796E-05
   30  2.5930410E-05
   31  2.4170271E-05
   32  2.1728553E-05
   33  2.0289270E-05
   34  4.0031630E-05
   35  8.1134476E-06
   36  7.5451743E-06
