    1  1.0000000E+00
    2  1.1064087E-03
    3  2.3626330E-04
    4  1.7690961E-04
    5  1.3314105E-04
    6  9.6920036E-05
    7  6.8472156E-05
    8  4.4959209E-05
    9  3.0229218E-05
   10  3.7199842E-05
   11  5.1347260E-05
   12  5.2531980E-05
   13  5.0623525E-05
   14  4.6208536E-05
   15  4.0892625E-05
   16  3.7104907E-05
   17  3.3128706E-05
   18  2.8940639E-05
   19  2.5829463E-05
   20  2.0099319E-05
   21  1.6411208E-05
   22  1.4249543E-05
   23  6.4850524E-06
   24  9.8115732E-06
