 wrong dimensions parsing variable:   ULOC
 expecting a comma separated list of:            5
SCIFOR VERSION (GIT): f51d8963e73e1a7f5e05ca328195b114bbdf41ec
Timestamp: +21 May 2019  10:19:50.279
 
CODE VERSION: 30030ed680c7b62ac87f0fc221aa358a61913d81
Timestamp: +21 May 2019  10:19:50.280
 
 Build H(k)    :         441
 # of SO-bands :           2
Using Reciprocal Lattice vectors:
bk_x = [  6.2832  0.0000  0.0000]
bk_y = [  0.0000  6.2832  0.0000]
bk_z = [  0.0000  0.0000  6.2832]
Get local Realaxis Green's function (no print)
Direct Inversion algorithm:
 
  +ETA --> fort.6
  10% |ETA: 0:00:00.616 @21 May 2019  10:19:50
  20% |ETA: 0:00:00.549
  30% |ETA: 0:00:00.972
  40% |ETA: 0:00:00.829
  50% |ETA: 0:00:00.688 @21 May 2019  10:19:50
  60% |ETA: 0:00:00.553
  70% |ETA: 0:00:00.832
  80% |ETA: 0:00:00.556
  90% |ETA: 0:00:00.555
 100% |ETA: 0:00:00.000
Total time [h:m:s.ms]:   0:00:00.694
dos_Hk real: write spin-orbital diagonal elements.
Using Reciprocal Lattice vectors:
bk_x = [  6.2832  0.0000  0.0000]
bk_y = [  0.0000  6.2832  0.0000]
bk_z = [  0.0000  0.0000  6.2832]
 Solving model along the path:
Point1: [ 0.0000 0.0000]
Point2: [ 3.1416 0.0000]
Point3: [ 3.1416 3.1416]
Point4: [ 0.0000 0.0000]
INIT SOLVER FOR 
Summary:
--------------------------------------------
# of levels/spin      =               8
Total size            =              16
# of impurities       =               2
# of bath/impurity    =               3
# of Bath levels/spin =               6
Number of sectors     =              81
Ns_Orb                =               8
Ns_Ud                 =               1
Largest Sector(s)     =       70        70                4900
--------------------------------------------
Required Lanc_nstates_total=1 => set T=0 calculation
Lanczos ZERO temperature calculation:
Updated impHloc:
  1.000    0.000
  0.000   -1.000
 
Reading bath from filehamiltonian.restart
there are        3 lines in +hamiltonian.restart
Looking into     45 sectors out of        81

-----DMFT-loop    1 (max:  100)-----
Updated impHloc:
  1.000    0.000
  0.000   -1.000
 
            #Ek_l1_s1              Vk_l1_s1             #Ek_l2_s1              Vk_l2_s1
      -1.229002692523        0.298078392343       -2.776523101373        0.329999847823
      -0.527178991965       -0.178738027427        0.469346046178       -0.145676776238
       2.916960267683        0.342029047795        1.097948277242       -0.308679937292
Diagonalize impurity H:
         1-Solving sector:        1, nup:  0, ndw:  0, dims=     1     1                   1
Total time [h:m:s.ms]:   0:00:00.000
         2-Solving sector:       10, nup:  1, ndw:  0, dims=     8     1                   8
Total time [h:m:s.ms]:   0:00:00.000
         3-Solving sector:       11, nup:  1, ndw:  1, dims=     8     8                  64
Total time [h:m:s.ms]:   0:00:00.001
         4-Solving sector:       19, nup:  2, ndw:  0, dims=    28     1                  28
Total time [h:m:s.ms]:   0:00:00.000
         5-Solving sector:       20, nup:  2, ndw:  1, dims=    28     8                 224
Total time [h:m:s.ms]:   0:00:00.020
         6-Solving sector:       21, nup:  2, ndw:  2, dims=    28    28                 784, Lanc Info:     1   512    10
Total time [h:m:s.ms]:   0:00:00.004
         7-Solving sector:       28, nup:  3, ndw:  0, dims=    56     1                  56
Total time [h:m:s.ms]:   0:00:00.001
         8-Solving sector:       29, nup:  3, ndw:  1, dims=    56     8                 448, Lanc Info:     1   448    10
Total time [h:m:s.ms]:   0:00:00.002
         9-Solving sector:       30, nup:  3, ndw:  2, dims=    56    28                1568, Lanc Info:     1   512    10
Total time [h:m:s.ms]:   0:00:00.009
        10-Solving sector:       31, nup:  3, ndw:  3, dims=    56    56                3136, Lanc Info:     1   512    10
Total time [h:m:s.ms]:   0:00:00.019
        11-Solving sector:       37, nup:  4, ndw:  0, dims=    70     1                  70
Total time [h:m:s.ms]:   0:00:00.001
        12-Solving sector:       38, nup:  4, ndw:  1, dims=    70     8                 560, Lanc Info:     1   512    10
Total time [h:m:s.ms]:   0:00:00.003
        13-Solving sector:       39, nup:  4, ndw:  2, dims=    70    28                1960, Lanc Info:     1   512    10
Total time [h:m:s.ms]:   0:00:00.009
        14-Solving sector:       40, nup:  4, ndw:  3, dims=    70    56                3920, Lanc Info:     1   512    10
Total time [h:m:s.ms]:   0:00:00.020
        15-Solving sector:       41, nup:  4, ndw:  4, dims=    70    70                4900, Lanc Info:     1   512    10
Total time [h:m:s.ms]:   0:00:00.028
        16-Solving sector:       46, nup:  5, ndw:  0, dims=    56     1                  56
Total time [h:m:s.ms]:   0:00:00.000
        17-Solving sector:       47, nup:  5, ndw:  1, dims=    56     8                 448, Lanc Info:     1   448    10
Total time [h:m:s.ms]:   0:00:00.002
        18-Solving sector:       48, nup:  5, ndw:  2, dims=    56    28                1568, Lanc Info:     1   512    10
Total time [h:m:s.ms]:   0:00:00.006
        19-Solving sector:       49, nup:  5, ndw:  3, dims=    56    56                3136, Lanc Info:     1   512    10
Total time [h:m:s.ms]:   0:00:00.013
        20-Solving sector:       50, nup:  5, ndw:  4, dims=    56    70                3920, Lanc Info:     1   512    10
Total time [h:m:s.ms]:   0:00:00.022
        21-Solving sector:       51, nup:  5, ndw:  5, dims=    56    56                3136, Lanc Info:     1   512    10
Total time [h:m:s.ms]:   0:00:00.018
        22-Solving sector:       55, nup:  6, ndw:  0, dims=    28     1                  28
Total time [h:m:s.ms]:   0:00:00.000
        23-Solving sector:       56, nup:  6, ndw:  1, dims=    28     8                 224
Total time [h:m:s.ms]:   0:00:00.020
        24-Solving sector:       57, nup:  6, ndw:  2, dims=    28    28                 784, Lanc Info:     1   512    10
Total time [h:m:s.ms]:   0:00:00.003
        25-Solving sector:       58, nup:  6, ndw:  3, dims=    28    56                1568, Lanc Info:     1   512    10
Total time [h:m:s.ms]:   0:00:00.007
        26-Solving sector:       59, nup:  6, ndw:  4, dims=    28    70                1960, Lanc Info:     1   512    10
Total time [h:m:s.ms]:   0:00:00.009
        27-Solving sector:       60, nup:  6, ndw:  5, dims=    28    56                1568, Lanc Info:     1   512    10
Total time [h:m:s.ms]:   0:00:00.008
        28-Solving sector:       61, nup:  6, ndw:  6, dims=    28    28                 784, Lanc Info:     1   512    10
Total time [h:m:s.ms]:   0:00:00.004
        29-Solving sector:       64, nup:  7, ndw:  0, dims=     8     1                   8
Total time [h:m:s.ms]:   0:00:00.000
        30-Solving sector:       65, nup:  7, ndw:  1, dims=     8     8                  64
Total time [h:m:s.ms]:   0:00:00.001
        31-Solving sector:       66, nup:  7, ndw:  2, dims=     8    28                 224
Total time [h:m:s.ms]:   0:00:00.018
        32-Solving sector:       67, nup:  7, ndw:  3, dims=     8    56                 448, Lanc Info:     1   448    10
Total time [h:m:s.ms]:   0:00:00.002
        33-Solving sector:       68, nup:  7, ndw:  4, dims=     8    70                 560, Lanc Info:     1   512    10
Total time [h:m:s.ms]:   0:00:00.003
        34-Solving sector:       69, nup:  7, ndw:  5, dims=     8    56                 448, Lanc Info:     1   448    10
Total time [h:m:s.ms]:   0:00:00.002
        35-Solving sector:       70, nup:  7, ndw:  6, dims=     8    28                 224
Total time [h:m:s.ms]:   0:00:00.019
        36-Solving sector:       71, nup:  7, ndw:  7, dims=     8     8                  64
Total time [h:m:s.ms]:   0:00:00.001
        37-Solving sector:       73, nup:  8, ndw:  0, dims=     1     1                   1
Total time [h:m:s.ms]:   0:00:00.000
        38-Solving sector:       74, nup:  8, ndw:  1, dims=     1     8                   8
Total time [h:m:s.ms]:   0:00:00.000
        39-Solving sector:       75, nup:  8, ndw:  2, dims=     1    28                  28
Total time [h:m:s.ms]:   0:00:00.000
        40-Solving sector:       76, nup:  8, ndw:  3, dims=     1    56                  56
Total time [h:m:s.ms]:   0:00:00.001
        41-Solving sector:       77, nup:  8, ndw:  4, dims=     1    70                  70
Total time [h:m:s.ms]:   0:00:00.001
        42-Solving sector:       78, nup:  8, ndw:  5, dims=     1    56                  56
Total time [h:m:s.ms]:   0:00:00.001
        43-Solving sector:       79, nup:  8, ndw:  6, dims=     1    28                  28
Total time [h:m:s.ms]:   0:00:00.001
        44-Solving sector:       80, nup:  8, ndw:  7, dims=     1     8                   8
Total time [h:m:s.ms]:   0:00:00.000
        45-Solving sector:       81, nup:  8, ndw:  8, dims=     1     1                   1
Total time [h:m:s.ms]:   0:00:00.000
Total time [h:m:s.ms]:   0:00:00.287
#     i               E_i       exp(-(E-E0)/T)       Sect       Dim    Indices:
     1  -12.102204898355   1.000000000000E+00         49      3136   5   3
     2  -12.102204898355   1.000000000000E+00         33      3136   3   5
Egs =    -12.102204898355   5   3
Egs =    -12.102204898355   3   5
Z   =      2.000000000000
Get impurity Greens functions:
Get G_l1_s1
 add particle:    58
 del particle:    40
 add particle:    42
 del particle:    24
Total time [h:m:s.ms]:   0:00:00.094
Get G_l2_s1
 add particle:    58
 del particle:    40
 add particle:    42
 del particle:    24
Total time [h:m:s.ms]:   0:00:00.094
dens=    0.999925886621    1.000156424495    2.000082311115
docc=    0.006683800108    0.006747685686
<Hint>  =   -2.864691482552
<V>     =    0.960567797461
<E0>    =   -0.000230537874
<Ehf>   =   -3.825259280013
Dust    =    0.013561256367
Dund    =    0.986449096827
Get local Matsubara Green's function (no print)
 
  +ETA --> fort.6
  10% |ETA: 0:00:01.554 @21 May 2019  10:19:54
  20% |ETA: 0:00:00.984
  30% |ETA: 0:00:00.859
  40% |ETA: 0:00:00.738
  50% |ETA: 0:00:00.615 @21 May 2019  10:19:55
  60% |ETA: 0:00:00.982
  70% |ETA: 0:00:00.736
  80% |ETA: 0:00:00.983
  90% |ETA: 0:00:00.984
 100% |ETA: 0:00:00.000
Total time [h:m:s.ms]:   0:00:01.235
Gloc matsubara: write spin-orbital diagonal elements.
\Chi2 fit with CG-nr and CG-weight: 1 on: weiss
chi^2|iter=    1.183718718E-08 |    13  <--  Orb1 Spin1
chi^2|iter=    3.776065247E-08 |    25  <--  Orb2 Spin1
            #Ek_l1_s1              Vk_l1_s1             #Ek_l2_s1              Vk_l2_s1
      -1.232580033829        0.311609336168       -2.786520732501        0.322192373752
      -0.541354934539       -0.142439848401        0.460542983211       -0.109782560164
       2.917616642978        0.332466932011        1.143349665232       -0.319799122868
[1;91merror=[0m  1.0000000E+00
=====================================
Total time [h:m:s.ms]:   0:00:01.903



-----DMFT-loop    2 (max:  100)-----
Updated impHloc:
  1.000    0.000
  0.000   -1.000
 
            #Ek_l1_s1              Vk_l1_s1             #Ek_l2_s1              Vk_l2_s1
      -1.232580033829        0.311609336168       -2.786520732501        0.322192373752
      -0.541354934539       -0.142439848401        0.460542983211       -0.109782560164
       2.917616642978        0.332466932011        1.143349665232       -0.319799122868
Diagonalize impurity H:
         1-Solving sector:        1, nup:  0, ndw:  0, dims=     1     1                   1
Total time [h:m:s.ms]:   0:00:00.000
         2-Solving sector:       10, nup:  1, ndw:  0, dims=     8     1                   8
Total time [h:m:s.ms]:   0:00:00.000
         3-Solving sector:       11, nup:  1, ndw:  1, dims=     8     8                  64
Total time [h:m:s.ms]:   0:00:00.001
         4-Solving sector:       19, nup:  2, ndw:  0, dims=    28     1                  28
Total time [h:m:s.ms]:   0:00:00.000
         5-Solving sector:       20, nup:  2, ndw:  1, dims=    28     8                 224
Total time [h:m:s.ms]:   0:00:00.021
         6-Solving sector:       21, nup:  2, ndw:  2, dims=    28    28                 784, Lanc Info:     1   512    10
Total time [h:m:s.ms]:   0:00:00.004
         7-Solving sector:       28, nup:  3, ndw:  0, dims=    56     1                  56
Total time [h:m:s.ms]:   0:00:00.001
         8-Solving sector:       29, nup:  3, ndw:  1, dims=    56     8                 448, Lanc Info:     1   448    10
Total time [h:m:s.ms]:   0:00:00.002
         9-Solving sector:       30, nup:  3, ndw:  2, dims=    56    28                1568, Lanc Info:     1   512    10
Total time [h:m:s.ms]:   0:00:00.008
        10-Solving sector:       31, nup:  3, ndw:  3, dims=    56    56                3136, Lanc Info:     1   512    10
Total time [h:m:s.ms]:   0:00:00.018
        11-Solving sector:       37, nup:  4, ndw:  0, dims=    70     1                  70
Total time [h:m:s.ms]:   0:00:00.002
        12-Solving sector:       38, nup:  4, ndw:  1, dims=    70     8                 560, Lanc Info:     1   512    10
Total time [h:m:s.ms]:   0:00:00.002
        13-Solving sector:       39, nup:  4, ndw:  2, dims=    70    28                1960, Lanc Info:     1   512    10
Total time [h:m:s.ms]:   0:00:00.009
        14-Solving sector:       40, nup:  4, ndw:  3, dims=    70    56                3920, Lanc Info:     1   512    10
Total time [h:m:s.ms]:   0:00:00.020
        15-Solving sector:       41, nup:  4, ndw:  4, dims=    70    70                4900, Lanc Info:     1   512    10
Total time [h:m:s.ms]:   0:00:00.027
        16-Solving sector:       46, nup:  5, ndw:  0, dims=    56     1                  56
Total time [h:m:s.ms]:   0:00:00.000
        17-Solving sector:       47, nup:  5, ndw:  1, dims=    56     8                 448, Lanc Info:     1   448    10
Total time [h:m:s.ms]:   0:00:00.002
        18-Solving sector:       48, nup:  5, ndw:  2, dims=    56    28                1568, Lanc Info:     1   512    10
Total time [h:m:s.ms]:   0:00:00.005
        19-Solving sector:       49, nup:  5, ndw:  3, dims=    56    56                3136, Lanc Info:     1   512    10
Total time [h:m:s.ms]:   0:00:00.013
        20-Solving sector:       50, nup:  5, ndw:  4, dims=    56    70                3920, Lanc Info:     1   512    10
Total time [h:m:s.ms]:   0:00:00.021
        21-Solving sector:       51, nup:  5, ndw:  5, dims=    56    56                3136, Lanc Info:     1   512    10
Total time [h:m:s.ms]:   0:00:00.018
        22-Solving sector:       55, nup:  6, ndw:  0, dims=    28     1                  28
Total time [h:m:s.ms]:   0:00:00.000
        23-Solving sector:       56, nup:  6, ndw:  1, dims=    28     8                 224
Total time [h:m:s.ms]:   0:00:00.019
        24-Solving sector:       57, nup:  6, ndw:  2, dims=    28    28                 784, Lanc Info:     1   512    10
Total time [h:m:s.ms]:   0:00:00.003
        25-Solving sector:       58, nup:  6, ndw:  3, dims=    28    56                1568, Lanc Info:     1   512    10
Total time [h:m:s.ms]:   0:00:00.006
        26-Solving sector:       59, nup:  6, ndw:  4, dims=    28    70                1960, Lanc Info:     1   512    10
Total time [h:m:s.ms]:   0:00:00.010
        27-Solving sector:       60, nup:  6, ndw:  5, dims=    28    56                1568, Lanc Info:     1   512    10
Total time [h:m:s.ms]:   0:00:00.008
        28-Solving sector:       61, nup:  6, ndw:  6, dims=    28    28                 784, Lanc Info:     1   512    10
Total time [h:m:s.ms]:   0:00:00.004
        29-Solving sector:       64, nup:  7, ndw:  0, dims=     8     1                   8
Total time [h:m:s.ms]:   0:00:00.000
        30-Solving sector:       65, nup:  7, ndw:  1, dims=     8     8                  64
Total time [h:m:s.ms]:   0:00:00.001
        31-Solving sector:       66, nup:  7, ndw:  2, dims=     8    28                 224
Total time [h:m:s.ms]:   0:00:00.018
        32-Solving sector:       67, nup:  7, ndw:  3, dims=     8    56                 448, Lanc Info:     1   448    10
Total time [h:m:s.ms]:   0:00:00.002
        33-Solving sector:       68, nup:  7, ndw:  4, dims=     8    70                 560, Lanc Info:     1   512    10
Total time [h:m:s.ms]:   0:00:00.003
        34-Solving sector:       69, nup:  7, ndw:  5, dims=     8    56                 448, Lanc Info:     1   448    10
Total time [h:m:s.ms]:   0:00:00.002
        35-Solving sector:       70, nup:  7, ndw:  6, dims=     8    28                 224
Total time [h:m:s.ms]:   0:00:00.020
        36-Solving sector:       71, nup:  7, ndw:  7, dims=     8     8                  64
Total time [h:m:s.ms]:   0:00:00.001
        37-Solving sector:       73, nup:  8, ndw:  0, dims=     1     1                   1
Total time [h:m:s.ms]:   0:00:00.000
        38-Solving sector:       74, nup:  8, ndw:  1, dims=     1     8                   8
Total time [h:m:s.ms]:   0:00:00.000
        39-Solving sector:       75, nup:  8, ndw:  2, dims=     1    28                  28
Total time [h:m:s.ms]:   0:00:00.000
        40-Solving sector:       76, nup:  8, ndw:  3, dims=     1    56                  56
Total time [h:m:s.ms]:   0:00:00.001
        41-Solving sector:       77, nup:  8, ndw:  4, dims=     1    70                  70
Total time [h:m:s.ms]:   0:00:00.002
        42-Solving sector:       78, nup:  8, ndw:  5, dims=     1    56                  56
Total time [h:m:s.ms]:   0:00:00.000
        43-Solving sector:       79, nup:  8, ndw:  6, dims=     1    28                  28
Total time [h:m:s.ms]:   0:00:00.000
        44-Solving sector:       80, nup:  8, ndw:  7, dims=     1     8                   8
Total time [h:m:s.ms]:   0:00:00.000
        45-Solving sector:       81, nup:  8, ndw:  8, dims=     1     1                   1
Total time [h:m:s.ms]:   0:00:00.000
Total time [h:m:s.ms]:   0:00:00.284
#     i               E_i       exp(-(E-E0)/T)       Sect       Dim    Indices:
     1  -12.152351521597   1.000000000000E+00         49      3136   5   3
     2  -12.152351521597   1.000000000000E+00         33      3136   3   5
Egs =    -12.152351521597   5   3
Egs =    -12.152351521597   3   5
Z   =      2.000000000000
Get impurity Greens functions:
Get G_l1_s1
 add particle:    58
 del particle:    40
 add particle:    42
 del particle:    24
Total time [h:m:s.ms]:   0:00:00.094
Get G_l2_s1
 add particle:    58
 del particle:    40
 add particle:    42
 del particle:    24
Total time [h:m:s.ms]:   0:00:00.096
dens=    0.999868264909    1.000216488060    2.000084752969
docc=    0.006251643916    0.006398932810
<Hint>  =   -2.868219309729
<V>     =    0.957047662123
<E0>    =   -0.000348223151
<Ehf>   =   -3.825266971852
Dust    =    0.012762220299
Dund    =    0.987259543745
Get local Matsubara Green's function (no print)
 
  +ETA --> fort.6
  10% |ETA: 0:00:01.550 @21 May 2019  10:19:56
  20% |ETA: 0:00:00.984
  30% |ETA: 0:00:00.859
  40% |ETA: 0:00:00.742
  50% |ETA: 0:00:00.621 @21 May 2019  10:19:57
  60% |ETA: 0:00:00.996
  70% |ETA: 0:00:00.747
  80% |ETA: 0:00:00.500
  90% |ETA: 0:00:00.500
 100% |ETA: 0:00:00.000
Total time [h:m:s.ms]:   0:00:01.255
Gloc matsubara: write spin-orbital diagonal elements.
\Chi2 fit with CG-nr and CG-weight: 1 on: weiss
chi^2|iter=    1.193226642E-08 |    26  <--  Orb1 Spin1
chi^2|iter=    3.547723784E-08 |    24  <--  Orb2 Spin1
            #Ek_l1_s1              Vk_l1_s1             #Ek_l2_s1              Vk_l2_s1
      -1.214884848886        0.313656372999       -2.808790021102        0.322785138843
      -0.567058753871       -0.136920173570        0.483301539300       -0.101164874085
       2.931254463186        0.332793024066        1.125313405170       -0.321857044312
[1;91merror=[0m  2.8315401E-04
=====================================
Total time [h:m:s.ms]:   0:00:01.929



-----DMFT-loop    3 (max:  100)-----
Updated impHloc:
  1.000    0.000
  0.000   -1.000
 
            #Ek_l1_s1              Vk_l1_s1             #Ek_l2_s1              Vk_l2_s1
      -1.228156237593        0.312121095376       -2.792088054651        0.322340565025
      -0.547780889372       -0.141059929693        0.466232622233       -0.107628138644
       2.921026098030        0.332548455025        1.138840600217       -0.320313603229
Diagonalize impurity H:
         1-Solving sector:        1, nup:  0, ndw:  0, dims=     1     1                   1
Total time [h:m:s.ms]:   0:00:00.000
         2-Solving sector:       10, nup:  1, ndw:  0, dims=     8     1                   8
Total time [h:m:s.ms]:   0:00:00.000
         3-Solving sector:       11, nup:  1, ndw:  1, dims=     8     8                  64
Total time [h:m:s.ms]:   0:00:00.001
         4-Solving sector:       19, nup:  2, ndw:  0, dims=    28     1                  28
Total time [h:m:s.ms]:   0:00:00.000
         5-Solving sector:       20, nup:  2, ndw:  1, dims=    28     8                 224
Total time [h:m:s.ms]:   0:00:00.020
         6-Solving sector:       21, nup:  2, ndw:  2, dims=    28    28                 784, Lanc Info:     1   512    10
Total time [h:m:s.ms]:   0:00:00.004
         7-Solving sector:       28, nup:  3, ndw:  0, dims=    56     1                  56
Total time [h:m:s.ms]:   0:00:00.001
         8-Solving sector:       29, nup:  3, ndw:  1, dims=    56     8                 448, Lanc Info:     1   448    10
Total time [h:m:s.ms]:   0:00:00.002
         9-Solving sector:       30, nup:  3, ndw:  2, dims=    56    28                1568, Lanc Info:     1   512    10
Total time [h:m:s.ms]:   0:00:00.008
        10-Solving sector:       31, nup:  3, ndw:  3, dims=    56    56                3136, Lanc Info:     1   512    10
Total time [h:m:s.ms]:   0:00:00.018
        11-Solving sector:       37, nup:  4, ndw:  0, dims=    70     1                  70
Total time [h:m:s.ms]:   0:00:00.001
        12-Solving sector:       38, nup:  4, ndw:  1, dims=    70     8                 560, Lanc Info:     1   512    10
Total time [h:m:s.ms]:   0:00:00.003
        13-Solving sector:       39, nup:  4, ndw:  2, dims=    70    28                1960, Lanc Info:     1   512    10
Total time [h:m:s.ms]:   0:00:00.009
        14-Solving sector:       40, nup:  4, ndw:  3, dims=    70    56                3920, Lanc Info:     1   512    10
Total time [h:m:s.ms]:   0:00:00.022
        15-Solving sector:       41, nup:  4, ndw:  4, dims=    70    70                4900, Lanc Info:     1   512    10
Total time [h:m:s.ms]:   0:00:00.028
        16-Solving sector:       46, nup:  5, ndw:  0, dims=    56     1                  56
Total time [h:m:s.ms]:   0:00:00.001
        17-Solving sector:       47, nup:  5, ndw:  1, dims=    56     8                 448, Lanc Info:     1   448    10
Total time [h:m:s.ms]:   0:00:00.002
        18-Solving sector:       48, nup:  5, ndw:  2, dims=    56    28                1568, Lanc Info:     1   512    10
Total time [h:m:s.ms]:   0:00:00.006
        19-Solving sector:       49, nup:  5, ndw:  3, dims=    56    56                3136, Lanc Info:     1   512    10
Total time [h:m:s.ms]:   0:00:00.014
        20-Solving sector:       50, nup:  5, ndw:  4, dims=    56    70                3920, Lanc Info:     1   512    10
Total time [h:m:s.ms]:   0:00:00.022
        21-Solving sector:       51, nup:  5, ndw:  5, dims=    56    56                3136, Lanc Info:     1   512    10
Total time [h:m:s.ms]:   0:00:00.019
        22-Solving sector:       55, nup:  6, ndw:  0, dims=    28     1                  28
Total time [h:m:s.ms]:   0:00:00.000
        23-Solving sector:       56, nup:  6, ndw:  1, dims=    28     8                 224
Total time [h:m:s.ms]:   0:00:00.019
        24-Solving sector:       57, nup:  6, ndw:  2, dims=    28    28                 784, Lanc Info:     1   512    10
Total time [h:m:s.ms]:   0:00:00.003
        25-Solving sector:       58, nup:  6, ndw:  3, dims=    28    56                1568, Lanc Info:     1   512    10
Total time [h:m:s.ms]:   0:00:00.006
        26-Solving sector:       59, nup:  6, ndw:  4, dims=    28    70                1960, Lanc Info:     1   512    10
Total time [h:m:s.ms]:   0:00:00.010
        27-Solving sector:       60, nup:  6, ndw:  5, dims=    28    56                1568, Lanc Info:     1   512    10
Total time [h:m:s.ms]:   0:00:00.008
        28-Solving sector:       61, nup:  6, ndw:  6, dims=    28    28                 784, Lanc Info:     1   512    10
Total time [h:m:s.ms]:   0:00:00.003
        29-Solving sector:       64, nup:  7, ndw:  0, dims=     8     1                   8
Total time [h:m:s.ms]:   0:00:00.000
        30-Solving sector:       65, nup:  7, ndw:  1, dims=     8     8                  64
Total time [h:m:s.ms]:   0:00:00.000
        31-Solving sector:       66, nup:  7, ndw:  2, dims=     8    28                 224
Total time [h:m:s.ms]:   0:00:00.019
        32-Solving sector:       67, nup:  7, ndw:  3, dims=     8    56                 448, Lanc Info:     1   448    10
Total time [h:m:s.ms]:   0:00:00.003
        33-Solving sector:       68, nup:  7, ndw:  4, dims=     8    70                 560, Lanc Info:     1   512    10
Total time [h:m:s.ms]:   0:00:00.003
        34-Solving sector:       69, nup:  7, ndw:  5, dims=     8    56                 448, Lanc Info:     1   448    10
Total time [h:m:s.ms]:   0:00:00.002
        35-Solving sector:       70, nup:  7, ndw:  6, dims=     8    28                 224
Total time [h:m:s.ms]:   0:00:00.020
        36-Solving sector:       71, nup:  7, ndw:  7, dims=     8     8                  64
Total time [h:m:s.ms]:   0:00:00.001
        37-Solving sector:       73, nup:  8, ndw:  0, dims=     1     1                   1
Total time [h:m:s.ms]:   0:00:00.000
        38-Solving sector:       74, nup:  8, ndw:  1, dims=     1     8                   8
Total time [h:m:s.ms]:   0:00:00.000
        39-Solving sector:       75, nup:  8, ndw:  2, dims=     1    28                  28
Total time [h:m:s.ms]:   0:00:00.000
        40-Solving sector:       76, nup:  8, ndw:  3, dims=     1    56                  56
Total time [h:m:s.ms]:   0:00:00.000
        41-Solving sector:       77, nup:  8, ndw:  4, dims=     1    70                  70
Total time [h:m:s.ms]:   0:00:00.002
        42-Solving sector:       78, nup:  8, ndw:  5, dims=     1    56                  56
Total time [h:m:s.ms]:   0:00:00.000
        43-Solving sector:       79, nup:  8, ndw:  6, dims=     1    28                  28
Total time [h:m:s.ms]:   0:00:00.000
        44-Solving sector:       80, nup:  8, ndw:  7, dims=     1     8                   8
Total time [h:m:s.ms]:   0:00:00.000
        45-Solving sector:       81, nup:  8, ndw:  8, dims=     1     1                   1
Total time [h:m:s.ms]:   0:00:00.000
Total time [h:m:s.ms]:   0:00:00.289
#     i               E_i       exp(-(E-E0)/T)       Sect       Dim    Indices:
     1  -12.167415803553   1.000000000000E+00         49      3136   5   3
     2  -12.167415803553   1.000000000000E+00         33      3136   3   5
Egs =    -12.167415803553   5   3
Egs =    -12.167415803553   3   5
Z   =      2.000000000000
Get impurity Greens functions:
Get G_l1_s1
 add particle:    58
 del particle:    40
 add particle:    42
 del particle:    24
Total time [h:m:s.ms]:   0:00:00.095
Get G_l2_s1
 add particle:    58
 del particle:    40
 add particle:    42
 del particle:    24
Total time [h:m:s.ms]:   0:00:00.096
dens=    0.999869290190    1.000212990245    2.000082280435
docc=    0.006245066768    0.006386742147
<Hint>  =   -2.868298467658
<V>     =    0.956960715713
<E0>    =   -0.000343700055
<Ehf>   =   -3.825259183371
Dust    =    0.012742919947
Dund    =    0.987276608573
Get local Matsubara Green's function (no print)
 
  +ETA --> fort.6
  10% |ETA: 0:00:01.576 @21 May 2019  10:19:58
  20% |ETA: 0:00:01.506
  30% |ETA: 0:00:00.886
  40% |ETA: 0:00:00.759
  50% |ETA: 0:00:00.632 @21 May 2019  10:19:59
  60% |ETA: 0:00:00.505
  70% |ETA: 0:00:00.753
  80% |ETA: 0:00:00.502
  90% |ETA: 0:00:00.501
 100% |ETA: 0:00:00.000
Total time [h:m:s.ms]:   0:00:01.255
Gloc matsubara: write spin-orbital diagonal elements.
\Chi2 fit with CG-nr and CG-weight: 1 on: weiss
chi^2|iter=    1.522835519E-08 |     7  <--  Orb1 Spin1
chi^2|iter=    3.938121840E-08 |     7  <--  Orb2 Spin1
            #Ek_l1_s1              Vk_l1_s1             #Ek_l2_s1              Vk_l2_s1
      -1.228804327943        0.316754554611       -2.792265796060        0.322880968249
      -0.550786901513       -0.134094803895        0.468469583324       -0.100325046899
       2.921070796181        0.333297788751        1.139809038099       -0.323819930952
[1;93merror=[0m  8.2272832E-06
=====================================
Total time [h:m:s.ms]:   0:00:01.904



-----DMFT-loop    4 (max:  100)-----
Updated impHloc:
  1.000    0.000
  0.000   -1.000
 
            #Ek_l1_s1              Vk_l1_s1             #Ek_l2_s1              Vk_l2_s1
      -1.228318260181        0.313279460185       -2.792132490003        0.322475665831
      -0.548532392407       -0.139318648244        0.466791862506       -0.105802365708
       2.921037272568        0.332735788456        1.139082709687       -0.321190185160
Diagonalize impurity H:
         1-Solving sector:        1, nup:  0, ndw:  0, dims=     1     1                   1
Total time [h:m:s.ms]:   0:00:00.000
         2-Solving sector:       10, nup:  1, ndw:  0, dims=     8     1                   8
Total time [h:m:s.ms]:   0:00:00.000
         3-Solving sector:       11, nup:  1, ndw:  1, dims=     8     8                  64
Total time [h:m:s.ms]:   0:00:00.000
         4-Solving sector:       19, nup:  2, ndw:  0, dims=    28     1                  28
Total time [h:m:s.ms]:   0:00:00.000
         5-Solving sector:       20, nup:  2, ndw:  1, dims=    28     8                 224
Total time [h:m:s.ms]:   0:00:00.020
         6-Solving sector:       21, nup:  2, ndw:  2, dims=    28    28                 784, Lanc Info:     1   512    10
Total time [h:m:s.ms]:   0:00:00.004
         7-Solving sector:       28, nup:  3, ndw:  0, dims=    56     1                  56
Total time [h:m:s.ms]:   0:00:00.001
         8-Solving sector:       29, nup:  3, ndw:  1, dims=    56     8                 448, Lanc Info:     1   448    10
Total time [h:m:s.ms]:   0:00:00.002
         9-Solving sector:       30, nup:  3, ndw:  2, dims=    56    28                1568, Lanc Info:     1   512    10
Total time [h:m:s.ms]:   0:00:00.008
        10-Solving sector:       31, nup:  3, ndw:  3, dims=    56    56                3136, Lanc Info:     1   512    10
Total time [h:m:s.ms]:   0:00:00.018
        11-Solving sector:       37, nup:  4, ndw:  0, dims=    70     1                  70
Total time [h:m:s.ms]:   0:00:00.002
        12-Solving sector:       38, nup:  4, ndw:  1, dims=    70     8                 560, Lanc Info:     1   512    10
Total time [h:m:s.ms]:   0:00:00.002
        13-Solving sector:       39, nup:  4, ndw:  2, dims=    70    28                1960, Lanc Info:     1   512    10
Total time [h:m:s.ms]:   0:00:00.009
        14-Solving sector:       40, nup:  4, ndw:  3, dims=    70    56                3920, Lanc Info:     1   512    10
Total time [h:m:s.ms]:   0:00:00.020
        15-Solving sector:       41, nup:  4, ndw:  4, dims=    70    70                4900, Lanc Info:     1   512    10
Total time [h:m:s.ms]:   0:00:00.027
        16-Solving sector:       46, nup:  5, ndw:  0, dims=    56     1                  56
Total time [h:m:s.ms]:   0:00:00.000
        17-Solving sector:       47, nup:  5, ndw:  1, dims=    56     8                 448, Lanc Info:     1   448    10
Total time [h:m:s.ms]:   0:00:00.002
        18-Solving sector:       48, nup:  5, ndw:  2, dims=    56    28                1568, Lanc Info:     1   512    10
Total time [h:m:s.ms]:   0:00:00.006
        19-Solving sector:       49, nup:  5, ndw:  3, dims=    56    56                3136, Lanc Info:     1   512    10
Total time [h:m:s.ms]:   0:00:00.013
        20-Solving sector:       50, nup:  5, ndw:  4, dims=    56    70                3920, Lanc Info:     1   512    10
Total time [h:m:s.ms]:   0:00:00.021
        21-Solving sector:       51, nup:  5, ndw:  5, dims=    56    56                3136, Lanc Info:     1   512    10
Total time [h:m:s.ms]:   0:00:00.019
        22-Solving sector:       55, nup:  6, ndw:  0, dims=    28     1                  28
Total time [h:m:s.ms]:   0:00:00.000
        23-Solving sector:       56, nup:  6, ndw:  1, dims=    28     8                 224
Total time [h:m:s.ms]:   0:00:00.019
        24-Solving sector:       57, nup:  6, ndw:  2, dims=    28    28                 784, Lanc Info:     1   512    10
Total time [h:m:s.ms]:   0:00:00.003
        25-Solving sector:       58, nup:  6, ndw:  3, dims=    28    56                1568, Lanc Info:     1   512    10
Total time [h:m:s.ms]:   0:00:00.006
        26-Solving sector:       59, nup:  6, ndw:  4, dims=    28    70                1960, Lanc Info:     1   512    10
Total time [h:m:s.ms]:   0:00:00.009
        27-Solving sector:       60, nup:  6, ndw:  5, dims=    28    56                1568, Lanc Info:     1   512    10
Total time [h:m:s.ms]:   0:00:00.007
        28-Solving sector:       61, nup:  6, ndw:  6, dims=    28    28                 784, Lanc Info:     1   512    10
Total time [h:m:s.ms]:   0:00:00.003
        29-Solving sector:       64, nup:  7, ndw:  0, dims=     8     1                   8
Total time [h:m:s.ms]:   0:00:00.000
        30-Solving sector:       65, nup:  7, ndw:  1, dims=     8     8                  64
Total time [h:m:s.ms]:   0:00:00.001
        31-Solving sector:       66, nup:  7, ndw:  2, dims=     8    28                 224
Total time [h:m:s.ms]:   0:00:00.019
        32-Solving sector:       67, nup:  7, ndw:  3, dims=     8    56                 448, Lanc Info:     1   448    10
Total time [h:m:s.ms]:   0:00:00.002
        33-Solving sector:       68, nup:  7, ndw:  4, dims=     8    70                 560, Lanc Info:     1   512    10
Total time [h:m:s.ms]:   0:00:00.003
        34-Solving sector:       69, nup:  7, ndw:  5, dims=     8    56                 448, Lanc Info:     1   448    10
Total time [h:m:s.ms]:   0:00:00.002
        35-Solving sector:       70, nup:  7, ndw:  6, dims=     8    28                 224
Total time [h:m:s.ms]:   0:00:00.019
        36-Solving sector:       71, nup:  7, ndw:  7, dims=     8     8                  64
Total time [h:m:s.ms]:   0:00:00.001
        37-Solving sector:       73, nup:  8, ndw:  0, dims=     1     1                   1
Total time [h:m:s.ms]:   0:00:00.000
        38-Solving sector:       74, nup:  8, ndw:  1, dims=     1     8                   8
Total time [h:m:s.ms]:   0:00:00.000
        39-Solving sector:       75, nup:  8, ndw:  2, dims=     1    28                  28
Total time [h:m:s.ms]:   0:00:00.001
        40-Solving sector:       76, nup:  8, ndw:  3, dims=     1    56                  56
Total time [h:m:s.ms]:   0:00:00.000
        41-Solving sector:       77, nup:  8, ndw:  4, dims=     1    70                  70
Total time [h:m:s.ms]:   0:00:00.001
        42-Solving sector:       78, nup:  8, ndw:  5, dims=     1    56                  56
Total time [h:m:s.ms]:   0:00:00.001
        43-Solving sector:       79, nup:  8, ndw:  6, dims=     1    28                  28
Total time [h:m:s.ms]:   0:00:00.000
        44-Solving sector:       80, nup:  8, ndw:  7, dims=     1     8                   8
Total time [h:m:s.ms]:   0:00:00.000
        45-Solving sector:       81, nup:  8, ndw:  8, dims=     1     1                   1
Total time [h:m:s.ms]:   0:00:00.000
Total time [h:m:s.ms]:   0:00:00.284
#     i               E_i       exp(-(E-E0)/T)       Sect       Dim    Indices:
     1  -12.169435876314   1.000000000000E+00         49      3136   5   3
     2  -12.169435876314   1.000000000000E+00         33      3136   3   5
Egs =    -12.169435876314   5   3
Egs =    -12.169435876314   3   5
Z   =      2.000000000000
Get impurity Greens functions:
Get G_l1_s1
 add particle:    58
 del particle:    40
 add particle:    42
 del particle:    24
Total time [h:m:s.ms]:   0:00:00.094
Get G_l2_s1
 add particle:    58
 del particle:    40
 add particle:    42
 del particle:    24
Total time [h:m:s.ms]:   0:00:00.094
dens=    0.999863259230    1.000218302868    2.000081562098
docc=    0.006246193253    0.006391975026
<Hint>  =   -2.868268296594
<V>     =    0.956988624014
<E0>    =   -0.000355043639
<Ehf>   =   -3.825256920608
Dust    =    0.012749244269
Dund    =    0.987269531696
Get local Matsubara Green's function (no print)
 
  +ETA --> fort.6
  10% |ETA: 0:00:01.558 @21 May 2019  10:20:00
  20% |ETA: 0:00:00.992
  30% |ETA: 0:00:00.877
  40% |ETA: 0:00:00.757
  50% |ETA: 0:00:00.633 @21 May 2019  10:20:00
  60% |ETA: 0:00:00.506
  70% |ETA: 0:00:00.757
  80% |ETA: 0:00:00.504
  90% |ETA: 0:00:00.504
 100% |ETA: 0:00:00.000
Total time [h:m:s.ms]:   0:00:01.265
Gloc matsubara: write spin-orbital diagonal elements.
\Chi2 fit with CG-nr and CG-weight: 1 on: weiss
chi^2|iter=    1.547472472E-08 |     7  <--  Orb1 Spin1
chi^2|iter=    3.955268121E-08 |     7  <--  Orb2 Spin1
            #Ek_l1_s1              Vk_l1_s1             #Ek_l2_s1              Vk_l2_s1
      -1.228766418163        0.316858308289       -2.792343161920        0.322911117189
      -0.550918191321       -0.133936318672        0.468570008893       -0.100135466553
       2.921120719592        0.333327648870        1.139795488752       -0.323912825607
[1;92merror=[0m  5.5686234E-06
=====================================
Total time [h:m:s.ms]:   0:00:01.905


Get local Realaxis Green's function (no print)
 
  +ETA --> fort.6
  10% |ETA: 0:00:00.536 @21 May 2019  10:20:01
  20% |ETA: 0:00:00.980
  30% |ETA: 0:00:00.856
  40% |ETA: 0:00:00.736
  50% |ETA: 0:00:00.613 @21 May 2019  10:20:01
  60% |ETA: 0:00:00.980
  70% |ETA: 0:00:00.738
  80% |ETA: 0:00:00.987
  90% |ETA: 0:00:00.985
 100% |ETA: 0:00:00.000
Total time [h:m:s.ms]:   0:00:00.618
Gloc real: write spin-orbital diagonal elements.
