    1  1.0000000E+00
    2  9.2030762E-04
    3  9.1492999E-05
    4  6.4419997E-05
    5  4.9772083E-05
    6  3.2825155E-04
    7  1.6599967E-04
    8  1.0228506E-04
    9  9.0650553E-05
   10  1.5660783E-04
   11  1.5241666E-04
   12  1.1012016E-04
   13  1.6890969E-04
   14  1.0640009E-04
   15  1.0087139E-04
   16  1.0858400E-04
   17  8.6190762E-05
   18  9.4711174E-05
   19  7.7448319E-05
   20  7.9334152E-05
   21  5.5153672E-05
   22  3.7931402E-05
   23  5.5940860E-05
   24  3.5245824E-05
   25  4.9817087E-05
   26  3.2165265E-05
   27  3.6913465E-05
   28  2.0751989E-05
   29  4.7125960E-05
   30  3.3636151E-05
   31  3.6274742E-05
   32  3.6061077E-05
   33  2.1107188E-05
   34  9.8208402E-06
   35  1.1364004E-05
   36  6.8295177E-06
   37  8.0079169E-06
