    1  1.0000000E+00
    2  2.6951254E-03
    3  5.5270282E-04
    4  4.9801135E-04
    5  4.7484565E-04
    6  4.7901857E-04
    7  4.2880913E-04
    8  4.3850722E-04
    9  4.2256240E-04
   10  3.9221737E-04
   11  3.9118948E-04
   12  3.7687528E-04
   13  3.3197678E-04
   14  3.3444020E-04
   15  3.0147428E-04
   16  3.0858282E-04
   17  2.9163361E-04
   18  2.7914178E-04
   19  2.8060982E-04
   20  2.4376354E-04
   21  2.3412615E-04
   22  2.4299128E-04
   23  2.3017681E-04
   24  2.2518747E-04
   25  2.1632716E-04
   26  2.0079284E-04
   27  2.0129891E-04
   28  1.9762728E-04
   29  1.8303211E-04
   30  1.7824633E-04
   31  1.7719483E-04
   32  1.7161351E-04
   33  1.6622268E-04
   34  1.6101370E-04
   35  1.5597891E-04
   36  1.5111078E-04
   37  1.4640646E-04
   38  1.4185025E-04
   39  1.2287019E-04
   40  1.3133482E-04
   41  1.2729989E-04
   42  1.2338872E-04
   43  9.8189218E-05
   44  1.1040439E-04
   45  1.0699387E-04
   46  1.0370478E-04
   47  9.3458413E-05
   48  9.6577431E-05
   49  9.3606305E-05
   50  8.3041429E-05
   51  8.7011948E-05
   52  8.4330862E-05
   53  8.1716144E-05
   54  7.0808211E-05
   55  7.5776431E-05
   56  7.3420308E-05
   57  6.2290239E-05
   58  6.8033603E-05
   59  6.6046787E-05
   60  6.4126264E-05
   61  6.2263632E-05
   62  6.0456748E-05
   63  5.8704043E-05
   64  5.7003886E-05
   65  5.5354513E-05
   66  5.3754170E-05
   67  5.2201117E-05
   68  5.0693739E-05
   69  4.9230555E-05
   70  4.7809998E-05
   71  4.6431160E-05
   72  4.5092495E-05
   73  4.3792812E-05
   74  4.2530902E-05
   75  4.1305655E-05
   76  4.0116176E-05
   77  3.8961379E-05
   78  3.7840108E-05
   79  3.6751393E-05
   80  3.5694778E-05
   81  3.4668567E-05
   82  3.3672200E-05
   83  3.2704906E-05
   84  3.1765662E-05
   85  3.0855861E-05
   86  2.9971762E-05
   87  2.9112385E-05
   88  2.8274604E-05
   89  2.7455272E-05
   90  2.6649137E-05
   91  2.5850749E-05
   92  1.6605985E-05
   93  1.7434592E-05
   94  1.6872158E-05
   95  1.6323989E-05
   96  1.5790164E-05
   97  1.5270915E-05
   98  1.4766289E-05
   99  1.4269577E-05
  100  1.3797167E-05
