---------------MPI----------------
rank:     0 of      1 alive
----------------------------------

 warning scalar in parse_cmd array:   ULOC
 expecting a comma separated list of:            5
 wrong dimensions parsing variable:   ULOC
 expecting a comma separated list of:            5
SCIFOR VERSION (GIT): f51d8963e73e1a7f5e05ca328195b114bbdf41ec
Timestamp: +21 May 2019  10:51:02.065
 
CODE VERSION: 30030ed680c7b62ac87f0fc221aa358a61913d81
Timestamp: +21 May 2019  10:51:02.066
 
store size =10240Kb
 Using Neel symmetry to refold BZ
 Using Nineq sites=           1
 Symmetries used are:
 (site=2,l,s)=(site=1,l,-s)
 Using Nk_total=361
Using Reciprocal Lattice vectors:
bk_x = [  3.1416 -3.1416  0.0000]
bk_y = [  0.0000  6.2832  0.0000]
bk_z = [  0.0000  0.0000  6.2832]
Get local Realaxis Green's function (no print)
Direct Inversion algorithm:
 
  +ETA --> fort.6
  10% |ETA: 0:00:00.884 @21 May 2019  10:51:02
  20% |ETA: 0:00:00.777
  30% |ETA: 0:00:00.679
  40% |ETA: 0:00:00.585
  50% |ETA: 0:00:00.972 @21 May 2019  10:51:02
  60% |ETA: 0:00:00.776
  70% |ETA: 0:00:00.583
  80% |ETA: 0:00:00.783
  90% |ETA: 0:00:00.785
 100% |ETA: 0:00:00.500
Total time [h:m:s.ms]:   0:00:00.986
dos_Hk real: write spin-orbital diagonal elements.
 Solving model along the path:
Point1: [ 0.0000 0.0000 0.0000]
Point2: [ 3.1416 0.0000 0.0000]
Point3: [ 3.1416 3.1416 0.0000]
Point4: [ 0.0000 0.0000 0.0000]
INIT SOLVER FOR _ineq0001
Summary:
--------------------------------------------
# of levels/spin      =               7
Total size            =              14
# of impurities       =               1
# of bath/impurity    =               6
# of Bath levels/spin =               6
Number of sectors     =              64
Ns_Orb                =               7
Ns_Ud                 =               1
Largest Sector(s)     =       35        35                1225
--------------------------------------------
Required Lanc_nstates_total=1 => set T=0 calculation
Lanczos ZERO temperature calculation:
Updated impHloc:
Reading bath from filehamiltonian_ineq0001.restart
there are        6 lines in +hamiltonian_ineq0001.restart

-----DMFT-loop    1 (max:  100)-----
 0 SOLVES INEQ SITE: 0001
Updated impHloc:
            #Ek_l1_s1              Vk_l1_s1             #Ek_l1_s2              Vk_l1_s2
      -0.773027963694        0.324197158490       -3.177310301340       -0.000028310222
      -0.184065241024        0.258203629731       -0.944385260697       -0.099062260678
      -0.035417141830        0.125722867331       -0.371705821519        0.075625828034
       0.426997147001        0.121364830998       -0.599267782433        0.160329497247
       0.829111493326       -0.174590393173        0.083243231820        0.222329488706
       3.129572160751       -0.000000063457        0.533187912967        0.355335666918
Diagonalize impurity H:
 
  +ETA --> fort.6
  10% |ETA: 0:00:00.521 @21 May 2019  10:51:05
  20% |ETA: 0:00:00.596
  31% |ETA: 0:00:00.721
  40% |ETA: 0:00:00.602
  50% |ETA: 0:00:00.724 @21 May 2019  10:51:05
  60% |ETA: 0:00:00.592
  70% |ETA: 0:00:00.918
  81% |ETA: 0:00:00.539
  90% |ETA: 0:00:00.584
 100% |ETA: 0:00:00.000
Total time [h:m:s.ms]:   0:00:00.355
#     i               E_i       exp(-(E-E0)/T)       Sect       Dim    Indices:
     1   -6.849286278285   1.000000000000E+00         30       735   3   5
Egs =     -6.849286278285   3   5
Z   =      1.000000000000
Get impurity Greens functions:
Get G_l1_s1
Total time [h:m:s.ms]:   0:00:00.019
Get G_l1_s2
Total time [h:m:s.ms]:   0:00:00.020
dens_ineq0001=    0.999796091468    0.999796091468
docc_ineq0001=    0.101545828853
mag _ineq0001=   -0.563035611354
Total time [h:m:s.ms]:   0:00:00.443
Get local Matsubara Green's function (no print)
Direct Inversion algorithm:
 
  +ETA --> fort.6
  10% |ETA: 0:00:00.761 @21 May 2019  10:51:05
  20% |ETA: 0:00:00.674
  30% |ETA: 0:00:00.587
  40% |ETA: 0:00:00.502
  50% |ETA: 0:00:00.837 @21 May 2019  10:51:05
  60% |ETA: 0:00:00.670
  70% |ETA: 0:00:00.501
  80% |ETA: 0:00:00.666
  90% |ETA: 0:00:00.666
 100% |ETA: 0:00:00.***
Total time [h:m:s.ms]:   0:00:00.835
Gloc matsubara: write spin-orbital diagonal elements. Split.
Store Gloc_l11_s1_iw_indx*.dat in Gloc_l11_s1_iw.tgz
Store Gloc_l11_s2_iw_indx*.dat in Gloc_l11_s2_iw.tgz
Updated impHloc:
chi^2|iter_ineq0001=    7.546956467E-07 |   217  <--  Orb1 Spin1
            #Ek_l1_s1              Vk_l1_s1             #Ek_l1_s2              Vk_l1_s2
      -0.824295053970        0.319185360944       -3.177310301340       -0.000028310222
      -0.225622231108        0.247450454897       -0.944385260697       -0.099062260678
      -0.112698275896        0.104486641518       -0.371705821519        0.075625828034
       0.282425214215        0.148405167020       -0.599267782433        0.160329497247
       0.821071275094       -0.173408368790        0.083243231820        0.222329488706
       3.129572160751       -0.000000063457        0.533187912967        0.355335666918
Updated impHloc:
chi^2|iter_ineq0001=    5.942229295E-06 |   143  <--  Orb1 Spin2
            #Ek_l1_s1              Vk_l1_s1             #Ek_l1_s2              Vk_l1_s2
      -0.824295053970        0.319185360944       -3.177310301171       -0.000035314399
      -0.225622231108        0.247450454897       -0.943193947608       -0.083048435339
      -0.112698275896        0.104486641518       -0.267256450064        0.132291526521
       0.282425214215        0.148405167020       -0.585152772849        0.151241922798
       0.821071275094       -0.173408368790        0.167373143441        0.229638051093
       3.129572160751       -0.000000063457        0.637799742542        0.333200317446
[1;91mmax error=[0m  1.0000000E+00
[1;91m    error=[0m  1.0000000E+00
[1;91mmin error=[0m  1.0000000E+00
=====================================
Total time [h:m:s.ms]:   0:00:02.242



-----DMFT-loop    2 (max:  100)-----
 0 SOLVES INEQ SITE: 0001
Updated impHloc:
            #Ek_l1_s1              Vk_l1_s1             #Ek_l1_s2              Vk_l1_s2
      -0.824295053970        0.319185360944       -3.177310301171       -0.000035314399
      -0.225622231108        0.247450454897       -0.943193947608       -0.083048435339
      -0.112698275896        0.104486641518       -0.267256450064        0.132291526521
       0.282425214215        0.148405167020       -0.585152772849        0.151241922798
       0.821071275094       -0.173408368790        0.167373143441        0.229638051093
       3.129572160751       -0.000000063457        0.637799742542        0.333200317446
Diagonalize impurity H:
 
  +ETA --> fort.6
  10% |ETA: 0:00:00.521 @21 May 2019  10:51:07
  20% |ETA: 0:00:00.580
  31% |ETA: 0:00:00.703
  40% |ETA: 0:00:00.590
  50% |ETA: 0:00:00.728 @21 May 2019  10:51:07
  60% |ETA: 0:00:00.592
  70% |ETA: 0:00:00.911
  81% |ETA: 0:00:00.537
  90% |ETA: 0:00:00.582
 100% |ETA: 0:00:00.000
Total time [h:m:s.ms]:   0:00:00.354
#     i               E_i       exp(-(E-E0)/T)       Sect       Dim    Indices:
     1   -6.856450152528   1.000000000000E+00         30       735   3   5
Egs =     -6.856450152528   3   5
Z   =      1.000000000000
Get impurity Greens functions:
Get G_l1_s1
Total time [h:m:s.ms]:   0:00:00.018
Get G_l1_s2
Total time [h:m:s.ms]:   0:00:00.019
dens_ineq0001=    0.999938469449    0.999938469449
docc_ineq0001=    0.088306825378
mag _ineq0001=   -0.680892797514
Total time [h:m:s.ms]:   0:00:00.439
Get local Matsubara Green's function (no print)
Direct Inversion algorithm:
 
  +ETA --> fort.6
  10% |ETA: 0:00:00.744 @21 May 2019  10:51:07
  20% |ETA: 0:00:00.662
  30% |ETA: 0:00:00.584
  40% |ETA: 0:00:00.502
  50% |ETA: 0:00:00.835 @21 May 2019  10:51:08
  60% |ETA: 0:00:00.666
  70% |ETA: 0:00:00.502
  80% |ETA: 0:00:00.672
  90% |ETA: 0:00:00.675
 100% |ETA: 0:00:00.000
Total time [h:m:s.ms]:   0:00:00.847
Gloc matsubara: write spin-orbital diagonal elements. Split.
Store Gloc_l11_s1_iw_indx*.dat in Gloc_l11_s1_iw.tgz
Store Gloc_l11_s2_iw_indx*.dat in Gloc_l11_s2_iw.tgz
Updated impHloc:
chi^2|iter_ineq0001=    3.642378618E-07 |   281  <--  Orb1 Spin1
            #Ek_l1_s1              Vk_l1_s1             #Ek_l1_s2              Vk_l1_s2
      -0.895016039198        0.332529298559       -3.177310301171       -0.000035314399
      -0.257538182821        0.249671832844       -0.943193947608       -0.083048435339
      -0.126634266331        0.117042515731       -0.267256450064        0.132291526521
       0.323380594288        0.134697694661       -0.585152772849        0.151241922798
       0.808923854754       -0.154624667664        0.167373143441        0.229638051093
       3.129572160751       -0.000000063457        0.637799742542        0.333200317446
Updated impHloc:
chi^2|iter_ineq0001=    5.408838539E-06 |    67  <--  Orb1 Spin2
            #Ek_l1_s1              Vk_l1_s1             #Ek_l1_s2              Vk_l1_s2
      -0.895016039198        0.332529298559       -3.177310301240       -0.000026911567
      -0.257538182821        0.249671832844       -0.942142183893       -0.064448500718
      -0.126634266331        0.117042515731       -0.297163178166        0.111554303100
       0.323380594288        0.134697694661       -0.577365028386        0.145832633003
       0.808923854754       -0.154624667664        0.179428877021        0.227893641347
       3.129572160751       -0.000000063457        0.678114151750        0.350734555958
[1;91mmax error=[0m  1.7434447E-02
[1;91m    error=[0m  1.7434447E-02
[1;91mmin error=[0m  1.7434447E-02
=====================================
Total time [h:m:s.ms]:   0:00:02.250



-----DMFT-loop    3 (max:  100)-----
 0 SOLVES INEQ SITE: 0001
Updated impHloc:
            #Ek_l1_s1              Vk_l1_s1             #Ek_l1_s2              Vk_l1_s2
      -0.859655546584        0.325857329751       -3.177310301205       -0.000031112983
      -0.241580206964        0.248561143871       -0.942668065751       -0.073748468028
      -0.119666271114        0.110764578624       -0.282209814115        0.121922914810
       0.302902904252        0.141551430841       -0.581258900617        0.148537277901
       0.814997564924       -0.164016518227        0.173401010231        0.228765846220
       3.129572160751       -0.000000063457        0.657956947146        0.341967436702
Diagonalize impurity H:
 
  +ETA --> fort.6
  10% |ETA: 0:00:00.521 @21 May 2019  10:51:09
  20% |ETA: 0:00:00.580
  31% |ETA: 0:00:00.712
  40% |ETA: 0:00:00.590
  50% |ETA: 0:00:00.724 @21 May 2019  10:51:09
  60% |ETA: 0:00:00.594
  70% |ETA: 0:00:00.922
  81% |ETA: 0:00:00.540
  90% |ETA: 0:00:00.587
 100% |ETA: 0:00:00.000
Total time [h:m:s.ms]:   0:00:00.356
#     i               E_i       exp(-(E-E0)/T)       Sect       Dim    Indices:
     1   -6.926477162894   1.000000000000E+00         30       735   3   5
Egs =     -6.926477162894   3   5
Z   =      1.000000000000
Get impurity Greens functions:
Get G_l1_s1
Total time [h:m:s.ms]:   0:00:00.017
Get G_l1_s2
Total time [h:m:s.ms]:   0:00:00.021
dens_ineq0001=    0.999874803812    0.999874803812
docc_ineq0001=    0.086893331071
mag _ineq0001=   -0.695271609345
Total time [h:m:s.ms]:   0:00:00.443
Get local Matsubara Green's function (no print)
Direct Inversion algorithm:
 
  +ETA --> fort.6
  10% |ETA: 0:00:00.770 @21 May 2019  10:51:10
  20% |ETA: 0:00:00.678
  30% |ETA: 0:00:00.596
  40% |ETA: 0:00:00.513
  50% |ETA: 0:00:00.851 @21 May 2019  10:51:10
  60% |ETA: 0:00:00.678
  70% |ETA: 0:00:00.508
  80% |ETA: 0:00:00.682
  90% |ETA: 0:00:00.684
 100% |ETA: 0:00:00.000
Total time [h:m:s.ms]:   0:00:00.857
Gloc matsubara: write spin-orbital diagonal elements. Split.
Store Gloc_l11_s1_iw_indx*.dat in Gloc_l11_s1_iw.tgz
Store Gloc_l11_s2_iw_indx*.dat in Gloc_l11_s2_iw.tgz
Updated impHloc:
chi^2|iter_ineq0001=    2.665536783E-07 |   188  <--  Orb1 Spin1
            #Ek_l1_s1              Vk_l1_s1             #Ek_l1_s2              Vk_l1_s2
      -0.916315753526        0.331736754832       -3.177310301205       -0.000031112983
      -0.275708554252        0.248767941325       -0.942668065751       -0.073748468028
      -0.134147046672        0.130204158305       -0.282209814115        0.121922914810
       0.333711330271        0.131297292632       -0.581258900617        0.148537277901
       0.805804982233       -0.153756941124        0.173401010231        0.228765846220
       3.129572160751       -0.000000063457        0.657956947146        0.341967436702
Updated impHloc:
chi^2|iter_ineq0001=    5.326505642E-06 |    69  <--  Orb1 Spin2
            #Ek_l1_s1              Vk_l1_s1             #Ek_l1_s2              Vk_l1_s2
      -0.916315753526        0.331736754832       -3.177310301137       -0.000031637380
      -0.275708554252        0.248767941325       -0.941945299699       -0.062809177382
      -0.134147046672        0.130204158305       -0.302056602510        0.104943019659
       0.333711330271        0.131297292632       -0.576238149852        0.147474557775
       0.805804982233       -0.153756941124        0.180785940988        0.226564771196
       3.129572160751       -0.000000063457        0.680393673665        0.354113216336
[1;91mmax error=[0m  2.8278832E-03
[1;91m    error=[0m  2.8278832E-03
[1;91mmin error=[0m  2.8278832E-03
=====================================
Total time [h:m:s.ms]:   0:00:02.040



-----DMFT-loop    4 (max:  100)-----
 0 SOLVES INEQ SITE: 0001
Updated impHloc:
            #Ek_l1_s1              Vk_l1_s1             #Ek_l1_s2              Vk_l1_s2
      -0.887985650055        0.328797042292       -3.177310301171       -0.000031375181
      -0.258644380608        0.248664542598       -0.942306682725       -0.068278822705
      -0.126906658893        0.120484368465       -0.292133208313        0.113432967235
       0.318307117261        0.136424361736       -0.578748525235        0.148005917838
       0.810401273578       -0.158886729675        0.177093475610        0.227665308708
       3.129572160751       -0.000000063457        0.669175310406        0.348040326519
Diagonalize impurity H:
 
  +ETA --> fort.6
  10% |ETA: 0:00:00.521 @21 May 2019  10:51:11
  20% |ETA: 0:00:00.564
  31% |ETA: 0:00:00.703
  40% |ETA: 0:00:00.590
  50% |ETA: 0:00:00.724 @21 May 2019  10:51:11
  60% |ETA: 0:00:00.594
  70% |ETA: 0:00:00.918
  81% |ETA: 0:00:00.540
  90% |ETA: 0:00:00.585
 100% |ETA: 0:00:00.000
Total time [h:m:s.ms]:   0:00:00.356
#     i               E_i       exp(-(E-E0)/T)       Sect       Dim    Indices:
     1   -6.987163658625   1.000000000000E+00         30       735   3   5
Egs =     -6.987163658625   3   5
Z   =      1.000000000000
Get impurity Greens functions:
Get G_l1_s1
Total time [h:m:s.ms]:   0:00:00.018
Get G_l1_s2
Total time [h:m:s.ms]:   0:00:00.019
dens_ineq0001=    0.999790443429    0.999790443429
docc_ineq0001=    0.086022975832
mag _ineq0001=   -0.703824506092
Total time [h:m:s.ms]:   0:00:00.439
Get local Matsubara Green's function (no print)
Direct Inversion algorithm:
 
  +ETA --> fort.6
  10% |ETA: 0:00:00.753 @21 May 2019  10:51:12
  20% |ETA: 0:00:00.662
  30% |ETA: 0:00:00.587
  40% |ETA: 0:00:00.507
  50% |ETA: 0:00:00.849 @21 May 2019  10:51:12
  60% |ETA: 0:00:00.675
  70% |ETA: 0:00:00.506
  80% |ETA: 0:00:00.675
  90% |ETA: 0:00:00.674
 100% |ETA: 0:00:00.500
Total time [h:m:s.ms]:   0:00:00.842
Gloc matsubara: write spin-orbital diagonal elements. Split.
Store Gloc_l11_s1_iw_indx*.dat in Gloc_l11_s1_iw.tgz
Store Gloc_l11_s2_iw_indx*.dat in Gloc_l11_s2_iw.tgz
Updated impHloc:
chi^2|iter_ineq0001=    2.675250271E-07 |   136  <--  Orb1 Spin1
            #Ek_l1_s1              Vk_l1_s1             #Ek_l1_s2              Vk_l1_s2
      -0.918385689227        0.333684728916       -3.177310301171       -0.000031375181
      -0.277789823018        0.248956154713       -0.942306682725       -0.068278822705
      -0.134478131148        0.129571912676       -0.292133208313        0.113432967235
       0.342116220141        0.130021446632       -0.578748525235        0.148005917838
       0.804475404597       -0.152115352155        0.177093475610        0.227665308708
       3.129572160751       -0.000000063457        0.669175310406        0.348040326519
Updated impHloc:
chi^2|iter_ineq0001=    5.340953568E-06 |    30  <--  Orb1 Spin2
            #Ek_l1_s1              Vk_l1_s1             #Ek_l1_s2              Vk_l1_s2
      -0.918385689227        0.333684728916       -3.177310301180       -0.000030419076
      -0.277789823018        0.248956154713       -0.942279770167       -0.068537602772
      -0.134478131148        0.129571912676       -0.298940145868        0.099370805456
       0.342116220141        0.130021446632       -0.579758783743        0.147508087358
       0.804475404597       -0.152115352155        0.179723883383        0.223149146756
       3.129572160751       -0.000000063457        0.669698109992        0.356563861172
[1;91mmax error=[0m  1.6962063E-03
[1;91m    error=[0m  1.6962063E-03
[1;91mmin error=[0m  1.6962063E-03
=====================================
Total time [h:m:s.ms]:   0:00:01.757



-----DMFT-loop    5 (max:  100)-----
 0 SOLVES INEQ SITE: 0001
Updated impHloc:
            #Ek_l1_s1              Vk_l1_s1             #Ek_l1_s2              Vk_l1_s2
      -0.903185669641        0.331240885604       -3.177310301176       -0.000030897128
      -0.268217101813        0.248810348656       -0.942293226446       -0.068408212739
      -0.130692395020        0.125028140570       -0.295536677090        0.106401886345
       0.330211668701        0.133222904184       -0.579253654489        0.147757002598
       0.807438339088       -0.155501040915        0.178408679496        0.225407227732
       3.129572160751       -0.000000063457        0.669436710199        0.352302093846
Diagonalize impurity H:
 
  +ETA --> fort.6
  10% |ETA: 0:00:00.521 @21 May 2019  10:51:13
  20% |ETA: 0:00:00.580
  31% |ETA: 0:00:00.721
  40% |ETA: 0:00:00.596
  50% |ETA: 0:00:00.720 @21 May 2019  10:51:13
  60% |ETA: 0:00:00.584
  70% |ETA: 0:00:00.901
  81% |ETA: 0:00:00.531
  90% |ETA: 0:00:00.577
 100% |ETA: 0:00:00.000
Total time [h:m:s.ms]:   0:00:00.351
#     i               E_i       exp(-(E-E0)/T)       Sect       Dim    Indices:
     1   -7.020381330090   1.000000000000E+00         30       735   3   5
Egs =     -7.020381330090   3   5
Z   =      1.000000000000
Get impurity Greens functions:
Get G_l1_s1
Total time [h:m:s.ms]:   0:00:00.017
Get G_l1_s2
Total time [h:m:s.ms]:   0:00:00.020
dens_ineq0001=    0.999761586826    0.999761586826
docc_ineq0001=    0.085561664614
mag _ineq0001=   -0.708630062356
Total time [h:m:s.ms]:   0:00:00.435
Get local Matsubara Green's function (no print)
Direct Inversion algorithm:
 
  +ETA --> fort.6
  10% |ETA: 0:00:00.753 @21 May 2019  10:51:13
  20% |ETA: 0:00:00.670
  30% |ETA: 0:00:00.587
  40% |ETA: 0:00:00.503
  50% |ETA: 0:00:00.839 @21 May 2019  10:51:14
  60% |ETA: 0:00:00.671
  70% |ETA: 0:00:00.504
  80% |ETA: 0:00:00.674
  90% |ETA: 0:00:00.677
 100% |ETA: 0:00:00.000
Total time [h:m:s.ms]:   0:00:00.850
Gloc matsubara: write spin-orbital diagonal elements. Split.
Store Gloc_l11_s1_iw_indx*.dat in Gloc_l11_s1_iw.tgz
Store Gloc_l11_s2_iw_indx*.dat in Gloc_l11_s2_iw.tgz
Updated impHloc:
chi^2|iter_ineq0001=    2.388476347E-07 |   135  <--  Orb1 Spin1
            #Ek_l1_s1              Vk_l1_s1             #Ek_l1_s2              Vk_l1_s2
      -0.932937489349        0.331830752994       -3.177310301176       -0.000030897128
      -0.287424981776        0.250473334659       -0.942293226446       -0.068408212739
      -0.136661360507        0.134282283136       -0.295536677090        0.106401886345
       0.350963844241        0.130538111139       -0.579253654489        0.147757002598
       0.801892102933       -0.149468460144        0.178408679496        0.225407227732
       3.129572160751       -0.000000063457        0.669436710199        0.352302093846
Updated impHloc:
chi^2|iter_ineq0001=    5.290823030E-06 |    23  <--  Orb1 Spin2
            #Ek_l1_s1              Vk_l1_s1             #Ek_l1_s2              Vk_l1_s2
      -0.932937489349        0.331830752994       -3.177310301173       -0.000031618922
      -0.287424981776        0.250473334659       -0.942258365615       -0.068645122868
      -0.136661360507        0.134282283136       -0.300389866589        0.096856530860
       0.350963844241        0.130538111139       -0.579920065266        0.147925003002
       0.801892102933       -0.149468460144        0.179855517776        0.222288849898
       3.129572160751       -0.000000063457        0.669899296160        0.358036085139
[1;91mmax error=[0m  9.8721150E-04
[1;91m    error=[0m  9.8721150E-04
[1;91mmin error=[0m  9.8721150E-04
=====================================
Total time [h:m:s.ms]:   0:00:01.769



-----DMFT-loop    6 (max:  100)-----
 0 SOLVES INEQ SITE: 0001
Updated impHloc:
            #Ek_l1_s1              Vk_l1_s1             #Ek_l1_s2              Vk_l1_s2
      -0.918061579495        0.331535819299       -3.177310301174       -0.000031258025
      -0.277821041795        0.249641841657       -0.942275796031       -0.068526667803
      -0.133676877764        0.129655211853       -0.297963271839        0.101629208602
       0.340587756471        0.131880507661       -0.579586859877        0.147841002800
       0.804665221010       -0.152484750530        0.179132098636        0.223848038815
       3.129572160751       -0.000000063457        0.669668003180        0.355169089492
Diagonalize impurity H:
 
  +ETA --> fort.6
  10% |ETA: 0:00:00.521 @21 May 2019  10:51:15
  20% |ETA: 0:00:00.564
  31% |ETA: 0:00:00.703
  40% |ETA: 0:00:00.584
  50% |ETA: 0:00:00.708 @21 May 2019  10:51:15
  60% |ETA: 0:00:00.579
  70% |ETA: 0:00:00.898
  81% |ETA: 0:00:00.529
  90% |ETA: 0:00:00.576
 100% |ETA: 0:00:00.000
Total time [h:m:s.ms]:   0:00:00.350
#     i               E_i       exp(-(E-E0)/T)       Sect       Dim    Indices:
     1   -7.051100200150   1.000000000000E+00         30       735   3   5
Egs =     -7.051100200150   3   5
Z   =      1.000000000000
Get impurity Greens functions:
Get G_l1_s1
Total time [h:m:s.ms]:   0:00:00.017
Get G_l1_s2
Total time [h:m:s.ms]:   0:00:00.020
dens_ineq0001=    0.999722094728    0.999722094728
docc_ineq0001=    0.085267742264
mag _ineq0001=   -0.711561206284
Total time [h:m:s.ms]:   0:00:00.435
Get local Matsubara Green's function (no print)
Direct Inversion algorithm:
 
  +ETA --> fort.6
  10% |ETA: 0:00:00.779 @21 May 2019  10:51:15
  20% |ETA: 0:00:00.690
  30% |ETA: 0:00:00.603
  40% |ETA: 0:00:00.516
  50% |ETA: 0:00:00.857 @21 May 2019  10:51:16
  60% |ETA: 0:00:00.683
  70% |ETA: 0:00:00.511
  80% |ETA: 0:00:00.679
  90% |ETA: 0:00:00.679
 100% |ETA: 0:00:00.000
Total time [h:m:s.ms]:   0:00:00.853
Gloc matsubara: write spin-orbital diagonal elements. Split.
Store Gloc_l11_s1_iw_indx*.dat in Gloc_l11_s1_iw.tgz
Store Gloc_l11_s2_iw_indx*.dat in Gloc_l11_s2_iw.tgz
Updated impHloc:
chi^2|iter_ineq0001=    2.666429663E-07 |    20  <--  Orb1 Spin1
            #Ek_l1_s1              Vk_l1_s1             #Ek_l1_s2              Vk_l1_s2
      -0.917704117367        0.334360864692       -3.177310301174       -0.000031258025
      -0.280874455922        0.250294252299       -0.942275796031       -0.068526667803
      -0.133631819276        0.128205425383       -0.297963271839        0.101629208602
       0.344313597733        0.125842747831       -0.579586859877        0.147841002800
       0.804801092474       -0.154313014296        0.179132098636        0.223848038815
       3.129572160751       -0.000000063457        0.669668003180        0.355169089492
Updated impHloc:
chi^2|iter_ineq0001=    5.249667083E-06 |    21  <--  Orb1 Spin2
            #Ek_l1_s1              Vk_l1_s1             #Ek_l1_s2              Vk_l1_s2
      -0.917704117367        0.334360864692       -3.177310301184       -0.000027427570
      -0.280874455922        0.250294252299       -0.942206815590       -0.068245942142
      -0.133631819276        0.128205425383       -0.301845378391        0.095203047226
       0.344313597733        0.125842747831       -0.579726068314        0.148400748072
       0.804801092474       -0.154313014296        0.180141266010        0.222017463951
       3.129572160751       -0.000000063457        0.670474309072        0.358728188225
[1;91mmax error=[0m  6.0485174E-04
[1;91m    error=[0m  6.0485174E-04
[1;91mmin error=[0m  6.0485174E-04
=====================================
Total time [h:m:s.ms]:   0:00:01.480



-----DMFT-loop    7 (max:  100)-----
 0 SOLVES INEQ SITE: 0001
Updated impHloc:
            #Ek_l1_s1              Vk_l1_s1             #Ek_l1_s2              Vk_l1_s2
      -0.917882848431        0.332948341995       -3.177310301179       -0.000029342798
      -0.279347748858        0.249968046978       -0.942241305810       -0.068386304973
      -0.133654348520        0.128930318618       -0.299904325115        0.098416127914
       0.342450677102        0.128861627746       -0.579656464096        0.148120875436
       0.804733156742       -0.153398882413        0.179636682323        0.222932751383
       3.129572160751       -0.000000063457        0.670071156126        0.356948638859
Diagonalize impurity H:
 
  +ETA --> fort.6
  10% |ETA: 0:00:00.521 @21 May 2019  10:51:16
  20% |ETA: 0:00:00.564
  31% |ETA: 0:00:00.703
  40% |ETA: 0:00:00.584
  50% |ETA: 0:00:00.712 @21 May 2019  10:51:16
  60% |ETA: 0:00:00.587
  70% |ETA: 0:00:00.908
  81% |ETA: 0:00:00.535
  90% |ETA: 0:00:00.580
 100% |ETA: 0:00:00.000
Total time [h:m:s.ms]:   0:00:00.353
#     i               E_i       exp(-(E-E0)/T)       Sect       Dim    Indices:
     1   -7.054783102337   1.000000000000E+00         30       735   3   5
Egs =     -7.054783102337   3   5
Z   =      1.000000000000
Get impurity Greens functions:
Get G_l1_s1
Total time [h:m:s.ms]:   0:00:00.017
Get G_l1_s2
Total time [h:m:s.ms]:   0:00:00.020
dens_ineq0001=    0.999738013795    0.999738013795
docc_ineq0001=    0.085137167829
mag _ineq0001=   -0.713203027446
Total time [h:m:s.ms]:   0:00:00.438
Get local Matsubara Green's function (no print)
Direct Inversion algorithm:
 
  +ETA --> fort.6
  10% |ETA: 0:00:00.753 @21 May 2019  10:51:17
  20% |ETA: 0:00:00.670
  30% |ETA: 0:00:00.587
  40% |ETA: 0:00:00.502
  50% |ETA: 0:00:00.839 @21 May 2019  10:51:17
  60% |ETA: 0:00:00.674
  70% |ETA: 0:00:00.506
  80% |ETA: 0:00:00.676
  90% |ETA: 0:00:00.676
 100% |ETA: 0:00:00.***
Total time [h:m:s.ms]:   0:00:00.846
Gloc matsubara: write spin-orbital diagonal elements. Split.
Store Gloc_l11_s1_iw_indx*.dat in Gloc_l11_s1_iw.tgz
Store Gloc_l11_s2_iw_indx*.dat in Gloc_l11_s2_iw.tgz
Updated impHloc:
chi^2|iter_ineq0001=    2.589801946E-07 |    28  <--  Orb1 Spin1
            #Ek_l1_s1              Vk_l1_s1             #Ek_l1_s2              Vk_l1_s2
      -0.918667323444        0.335697680971       -3.177310301179       -0.000029342798
      -0.280963813119        0.249365190723       -0.942241305810       -0.068386304973
      -0.134393418999        0.128932576908       -0.299904325115        0.098416127914
       0.345258170571        0.125000843782       -0.579656464096        0.148120875436
       0.804722628028       -0.155014454992        0.179636682323        0.222932751383
       3.129572160751       -0.000000063457        0.670071156126        0.356948638859
Updated impHloc:
chi^2|iter_ineq0001=    5.223989334E-06 |    15  <--  Orb1 Spin2
            #Ek_l1_s1              Vk_l1_s1             #Ek_l1_s2              Vk_l1_s2
      -0.918667323444        0.335697680971       -3.177310301183       -0.000031634496
      -0.280963813119        0.249365190723       -0.942203065358       -0.068324181219
      -0.134393418999        0.128932576908       -0.302277388379        0.094301782604
       0.345258170571        0.125000843782       -0.579823302581        0.148508309291
       0.804722628028       -0.155014454992        0.180014058108        0.221498683171
       3.129572160751       -0.000000063457        0.670484476847        0.359448491715
[1;91mmax error=[0m  3.5482483E-04
[1;91m    error=[0m  3.5482483E-04
[1;91mmin error=[0m  3.5482483E-04
=====================================
Total time [h:m:s.ms]:   0:00:01.485



-----DMFT-loop    8 (max:  100)-----
 0 SOLVES INEQ SITE: 0001
Updated impHloc:
            #Ek_l1_s1              Vk_l1_s1             #Ek_l1_s2              Vk_l1_s2
      -0.918275085937        0.334323011483       -3.177310301181       -0.000030488647
      -0.280155780989        0.249666618851       -0.942222185584       -0.068355243096
      -0.134023883760        0.128931447763       -0.301090856747        0.096358955259
       0.343854423836        0.126931235764       -0.579739883338        0.148314592364
       0.804727892385       -0.154206668702        0.179825370216        0.222215717277
       3.129572160751       -0.000000063457        0.670277816487        0.358198565287
Diagonalize impurity H:
 
  +ETA --> fort.6
  10% |ETA: 0:00:00.521 @21 May 2019  10:51:18
  20% |ETA: 0:00:00.580
  31% |ETA: 0:00:00.712
  40% |ETA: 0:00:00.590
  50% |ETA: 0:00:00.720 @21 May 2019  10:51:18
  60% |ETA: 0:00:00.589
  70% |ETA: 0:00:00.915
  81% |ETA: 0:00:00.540
  90% |ETA: 0:00:00.584
 100% |ETA: 0:00:00.000
Total time [h:m:s.ms]:   0:00:00.355
#     i               E_i       exp(-(E-E0)/T)       Sect       Dim    Indices:
     1   -7.057914630337   1.000000000000E+00         30       735   3   5
Egs =     -7.057914630337   3   5
Z   =      1.000000000000
Get impurity Greens functions:
Get G_l1_s1
Total time [h:m:s.ms]:   0:00:00.018
Get G_l1_s2
Total time [h:m:s.ms]:   0:00:00.020
dens_ineq0001=    0.999752118917    0.999752118917
docc_ineq0001=    0.085059955636
mag _ineq0001=   -0.714244919622
Total time [h:m:s.ms]:   0:00:00.439
Get local Matsubara Green's function (no print)
Direct Inversion algorithm:
 
  +ETA --> fort.6
  10% |ETA: 0:00:00.744 @21 May 2019  10:51:18
  20% |ETA: 0:00:00.658
  30% |ETA: 0:00:00.575
  40% |ETA: 0:00:00.992
  50% |ETA: 0:00:00.835 @21 May 2019  10:51:18
  60% |ETA: 0:00:00.671
  70% |ETA: 0:00:00.505
  80% |ETA: 0:00:00.675
  90% |ETA: 0:00:00.675
 100% |ETA: 0:00:00.000
Total time [h:m:s.ms]:   0:00:00.845
Gloc matsubara: write spin-orbital diagonal elements. Split.
Store Gloc_l11_s1_iw_indx*.dat in Gloc_l11_s1_iw.tgz
Store Gloc_l11_s2_iw_indx*.dat in Gloc_l11_s2_iw.tgz
Updated impHloc:
chi^2|iter_ineq0001=    2.612904153E-07 |    14  <--  Orb1 Spin1
            #Ek_l1_s1              Vk_l1_s1             #Ek_l1_s2              Vk_l1_s2
      -0.918211466119        0.335468278875       -3.177310301181       -0.000030488647
      -0.281582470136        0.249935444666       -0.942222185584       -0.068355243096
      -0.133911899449        0.128409087580       -0.301090856747        0.096358955259
       0.345551471593        0.124390016512       -0.579739883338        0.148314592364
       0.804773203610       -0.155233253160        0.179825370216        0.222215717277
       3.129572160751       -0.000000063457        0.670277816487        0.358198565287
Updated impHloc:
chi^2|iter_ineq0001=    5.145767569E-06 |    33  <--  Orb1 Spin2
            #Ek_l1_s1              Vk_l1_s1             #Ek_l1_s2              Vk_l1_s2
      -0.918211466119        0.335468278875       -3.177310301312       -0.000043448812
      -0.281582470136        0.249935444666       -0.941522808100       -0.058969963538
      -0.133911899449        0.128409087580       -0.310612100512        0.094602322956
       0.345551471593        0.124390016512       -0.574121751837        0.150564749871
       0.804773203610       -0.155233253160        0.181040667302        0.222753876957
       3.129572160751       -0.000000063457        0.677580422370        0.359621156150
[1;91mmax error=[0m  2.2653973E-04
[1;91m    error=[0m  2.2653973E-04
[1;91mmin error=[0m  2.2653973E-04
=====================================
Total time [h:m:s.ms]:   0:00:01.484



-----DMFT-loop    9 (max:  100)-----
 0 SOLVES INEQ SITE: 0001
Updated impHloc:
            #Ek_l1_s1              Vk_l1_s1             #Ek_l1_s2              Vk_l1_s2
      -0.918243276028        0.334895645179       -3.177310301247       -0.000036968730
      -0.280869125562        0.249801031758       -0.941872496842       -0.063662603317
      -0.133967891604        0.128670267671       -0.305851478629        0.095480639108
       0.344702947715        0.125660626138       -0.576930817587        0.149439671117
       0.804750547998       -0.154719960931        0.180433018759        0.222484797117
       3.129572160751       -0.000000063457        0.673929119428        0.358909860718
Diagonalize impurity H:
 
  +ETA --> fort.6
  10% |ETA: 0:00:00.521 @21 May 2019  10:51:19
  20% |ETA: 0:00:00.580
  31% |ETA: 0:00:00.703
  40% |ETA: 0:00:00.578
  50% |ETA: 0:00:00.708 @21 May 2019  10:51:19
  60% |ETA: 0:00:00.584
  70% |ETA: 0:00:00.901
  81% |ETA: 0:00:00.533
  90% |ETA: 0:00:00.579
 100% |ETA: 0:00:00.000
Total time [h:m:s.ms]:   0:00:00.352
#     i               E_i       exp(-(E-E0)/T)       Sect       Dim    Indices:
     1   -7.060348754553   1.000000000000E+00         30       735   3   5
Egs =     -7.060348754553   3   5
Z   =      1.000000000000
Get impurity Greens functions:
Get G_l1_s1
Total time [h:m:s.ms]:   0:00:00.017
Get G_l1_s2
Total time [h:m:s.ms]:   0:00:00.020
dens_ineq0001=    0.999784498671    0.999784498671
docc_ineq0001=    0.085010662921
mag _ineq0001=   -0.714970451856
Total time [h:m:s.ms]:   0:00:00.437
Get local Matsubara Green's function (no print)
Direct Inversion algorithm:
 
  +ETA --> fort.6
  10% |ETA: 0:00:00.761 @21 May 2019  10:51:20
  20% |ETA: 0:00:00.670
  30% |ETA: 0:00:00.594
  40% |ETA: 0:00:00.507
  50% |ETA: 0:00:00.843 @21 May 2019  10:51:20
  60% |ETA: 0:00:00.670
  70% |ETA: 0:00:00.500
  80% |ETA: 0:00:00.664
  90% |ETA: 0:00:00.662
 100% |ETA: 0:00:00.500
Total time [h:m:s.ms]:   0:00:00.831
Gloc matsubara: write spin-orbital diagonal elements. Split.
Store Gloc_l11_s1_iw_indx*.dat in Gloc_l11_s1_iw.tgz
Store Gloc_l11_s2_iw_indx*.dat in Gloc_l11_s2_iw.tgz
Updated impHloc:
chi^2|iter_ineq0001=    2.563967529E-07 |    23  <--  Orb1 Spin1
            #Ek_l1_s1              Vk_l1_s1             #Ek_l1_s2              Vk_l1_s2
      -0.919616598207        0.336195183018       -3.177310301247       -0.000036968730
      -0.281979816811        0.249167276458       -0.941872496842       -0.063662603317
      -0.134781612081        0.129503919181       -0.305851478629        0.095480639108
       0.346253288380        0.124058834027       -0.576930817587        0.149439671117
       0.804638857395       -0.155596381954        0.180433018759        0.222484797117
       3.129572160751       -0.000000063457        0.673929119428        0.358909860718
Updated impHloc:
chi^2|iter_ineq0001=    5.151453461E-06 |    10  <--  Orb1 Spin2
            #Ek_l1_s1              Vk_l1_s1             #Ek_l1_s2              Vk_l1_s2
      -0.919616598207        0.336195183018       -3.177310301254       -0.000035457513
      -0.281979816811        0.249167276458       -0.941865237958       -0.063470430498
      -0.134781612081        0.129503919181       -0.306388119891        0.094182038330
       0.346253288380        0.124058834027       -0.577000352147        0.149054710777
       0.804638857395       -0.155596381954        0.180479167102        0.221799987078
       3.129572160751       -0.000000063457        0.674001238206        0.359869694283
[1;91mmax error=[0m  1.5746587E-04
[1;91m    error=[0m  1.5746587E-04
[1;91mmin error=[0m  1.5746587E-04
=====================================
Total time [h:m:s.ms]:   0:00:01.442



-----DMFT-loop   10 (max:  100)-----
 0 SOLVES INEQ SITE: 0001
Updated impHloc:
            #Ek_l1_s1              Vk_l1_s1             #Ek_l1_s2              Vk_l1_s2
      -0.918929937118        0.335545414098       -3.177310301250       -0.000036213121
      -0.281424471187        0.249484154108       -0.941868867400       -0.063566516907
      -0.134374751843        0.129087093426       -0.306119799260        0.094831338719
       0.345478118047        0.124859730083       -0.576965584867        0.149247190947
       0.804694702696       -0.155158171443        0.180456092930        0.222142392097
       3.129572160751       -0.000000063457        0.673965178817        0.359389777501
Diagonalize impurity H:
 
  +ETA --> fort.6
  10% |ETA: 0:00:00.521 @21 May 2019  10:51:21
  20% |ETA: 0:00:00.580
  31% |ETA: 0:00:00.703
  40% |ETA: 0:00:00.584
  50% |ETA: 0:00:00.704 @21 May 2019  10:51:21
  60% |ETA: 0:00:00.574
  70% |ETA: 0:00:00.891
  81% |ETA: 0:00:00.524
  90% |ETA: 0:00:00.571
 100% |ETA: 0:00:00.000
Total time [h:m:s.ms]:   0:00:00.347
#     i               E_i       exp(-(E-E0)/T)       Sect       Dim    Indices:
     1   -7.062416539256   1.000000000000E+00         30       735   3   5
Egs =     -7.062416539256   3   5
Z   =      1.000000000000
Get impurity Greens functions:
Get G_l1_s1
Total time [h:m:s.ms]:   0:00:00.018
Get G_l1_s2
Total time [h:m:s.ms]:   0:00:00.019
dens_ineq0001=    0.999805089397    0.999805089397
docc_ineq0001=    0.084981815378
mag _ineq0001=   -0.715410141645
Total time [h:m:s.ms]:   0:00:00.431
Get local Matsubara Green's function (no print)
Direct Inversion algorithm:
 
  +ETA --> fort.6
  10% |ETA: 0:00:00.761 @21 May 2019  10:51:21
  20% |ETA: 0:00:00.662
  30% |ETA: 0:00:00.577
  40% |ETA: 0:00:00.500
  50% |ETA: 0:00:00.839 @21 May 2019  10:51:21
  60% |ETA: 0:00:00.674
  70% |ETA: 0:00:00.507
  80% |ETA: 0:00:00.677
  90% |ETA: 0:00:00.679
 100% |ETA: 0:00:00.000
Total time [h:m:s.ms]:   0:00:00.853
Gloc matsubara: write spin-orbital diagonal elements. Split.
Store Gloc_l11_s1_iw_indx*.dat in Gloc_l11_s1_iw.tgz
Store Gloc_l11_s2_iw_indx*.dat in Gloc_l11_s2_iw.tgz
Updated impHloc:
chi^2|iter_ineq0001=    2.572331458E-07 |    12  <--  Orb1 Spin1
            #Ek_l1_s1              Vk_l1_s1             #Ek_l1_s2              Vk_l1_s2
      -0.919001598011        0.335933948709       -3.177310301250       -0.000036213121
      -0.282154985598        0.249641399448       -0.941868867400       -0.063566516907
      -0.134295196222        0.128935981052       -0.306119799260        0.094831338719
       0.346202513268        0.123797224622       -0.576965584867        0.149247190947
       0.804706953069       -0.155591878178        0.180456092930        0.222142392097
       3.129572160751       -0.000000063457        0.673965178817        0.359389777501
Updated impHloc:
chi^2|iter_ineq0001=    5.138101607E-06 |    12  <--  Orb1 Spin2
            #Ek_l1_s1              Vk_l1_s1             #Ek_l1_s2              Vk_l1_s2
      -0.919001598011        0.335933948709       -3.177310301263       -0.000035210467
      -0.282154985598        0.249641399448       -0.941839280564       -0.063447101237
      -0.134295196222        0.128935981052       -0.307065154235        0.093568002526
       0.346202513268        0.123797224622       -0.576929046473        0.149697247510
       0.804706953069       -0.155591878178        0.180520020915        0.221714485880
       3.129572160751       -0.000000063457        0.673906573388        0.360055309019
[1;91mmax error=[0m  9.4135873E-05
[1;91m    error=[0m  9.4135873E-05
[1;91mmin error=[0m  9.4135873E-05
=====================================
Total time [h:m:s.ms]:   0:00:01.437



-----DMFT-loop   11 (max:  100)-----
 0 SOLVES INEQ SITE: 0001
Updated impHloc:
            #Ek_l1_s1              Vk_l1_s1             #Ek_l1_s2              Vk_l1_s2
      -0.918965767564        0.335739681404       -3.177310301257       -0.000035711794
      -0.281789728393        0.249562776778       -0.941854073982       -0.063506809072
      -0.134334974032        0.129011537239       -0.306592476748        0.094199670622
       0.345840315658        0.124328477352       -0.576947315670        0.149472219228
       0.804700827882       -0.155375024810        0.180488056923        0.221928438988
       3.129572160751       -0.000000063457        0.673935876103        0.359722543260
Diagonalize impurity H:
 
  +ETA --> fort.6
  10% |ETA: 0:00:00.521 @21 May 2019  10:51:22
  20% |ETA: 0:00:00.580
  31% |ETA: 0:00:00.712
  40% |ETA: 0:00:00.596
  50% |ETA: 0:00:00.720 @21 May 2019  10:51:22
  60% |ETA: 0:00:00.587
  70% |ETA: 0:00:00.908
  81% |ETA: 0:00:00.535
  90% |ETA: 0:00:00.582
 100% |ETA: 0:00:00.000
Total time [h:m:s.ms]:   0:00:00.354
#     i               E_i       exp(-(E-E0)/T)       Sect       Dim    Indices:
     1   -7.063289072900   1.000000000000E+00         30       735   3   5
Egs =     -7.063289072900   3   5
Z   =      1.000000000000
Get impurity Greens functions:
Get G_l1_s1
Total time [h:m:s.ms]:   0:00:00.018
Get G_l1_s2
Total time [h:m:s.ms]:   0:00:00.021
dens_ineq0001=    0.999809174794    0.999809174794
docc_ineq0001=    0.084964864751
mag _ineq0001=   -0.715654071516
Total time [h:m:s.ms]:   0:00:00.443
Get local Matsubara Green's function (no print)
Direct Inversion algorithm:
 
  +ETA --> fort.6
  10% |ETA: 0:00:00.796 @21 May 2019  10:51:23
  20% |ETA: 0:00:00.694
  30% |ETA: 0:00:00.605
  40% |ETA: 0:00:00.518
  50% |ETA: 0:00:00.861 @21 May 2019  10:51:23
  60% |ETA: 0:00:00.690
  70% |ETA: 0:00:00.515
  80% |ETA: 0:00:00.687
  90% |ETA: 0:00:00.684
 100% |ETA: 0:00:00.000
Total time [h:m:s.ms]:   0:00:00.857
Gloc matsubara: write spin-orbital diagonal elements. Split.
Store Gloc_l11_s1_iw_indx*.dat in Gloc_l11_s1_iw.tgz
Store Gloc_l11_s2_iw_indx*.dat in Gloc_l11_s2_iw.tgz
Updated impHloc:
chi^2|iter_ineq0001=    2.358572409E-07 |    28  <--  Orb1 Spin1
            #Ek_l1_s1              Vk_l1_s1             #Ek_l1_s2              Vk_l1_s2
      -0.924445661369        0.335374369212       -3.177310301257       -0.000035711794
      -0.285966755422        0.249093091746       -0.941854073982       -0.063506809072
      -0.136252119617        0.132464931956       -0.306592476748        0.094199670622
       0.347308567788        0.123944832705       -0.576947315670        0.149472219228
       0.804234909509       -0.155484132824        0.180488056923        0.221928438988
       3.129572160751       -0.000000063457        0.673935876103        0.359722543260
Updated impHloc:
chi^2|iter_ineq0001=    5.137918914E-06 |     4  <--  Orb1 Spin2
            #Ek_l1_s1              Vk_l1_s1             #Ek_l1_s2              Vk_l1_s2
      -0.924445661369        0.335374369212       -3.177310301257       -0.000035728450
      -0.285966755422        0.249093091746       -0.941856688373       -0.063418612719
      -0.136252119617        0.132464931956       -0.306670789870        0.093759914142
       0.347308567788        0.123944832705       -0.576994963160        0.149135054010
       0.804234909509       -0.155484132824        0.180650330383        0.221801860931
       3.129572160751       -0.000000063457        0.673948014130        0.359892566035
[1;91mmax error=[0m  5.4254744E-05
[1;91m    error=[0m  5.4254744E-05
[1;91mmin error=[0m  5.4254744E-05
=====================================
Total time [h:m:s.ms]:   0:00:01.480



-----DMFT-loop   12 (max:  100)-----
 0 SOLVES INEQ SITE: 0001
Updated impHloc:
            #Ek_l1_s1              Vk_l1_s1             #Ek_l1_s2              Vk_l1_s2
      -0.921705714466        0.335557025308       -3.177310301257       -0.000035720122
      -0.283878241907        0.249327934262       -0.941855381177       -0.063462710896
      -0.135293546825        0.130738234598       -0.306631633309        0.093979792382
       0.346574441723        0.124136655029       -0.576971139415        0.149303636619
       0.804467868696       -0.155429578817        0.180569193653        0.221865149960
       3.129572160751       -0.000000063457        0.673941945116        0.359807554647
Diagonalize impurity H:
 
  +ETA --> fort.6
  10% |ETA: 0:00:00.521 @21 May 2019  10:51:23
  20% |ETA: 0:00:00.580
  31% |ETA: 0:00:00.695
  40% |ETA: 0:00:00.578
  50% |ETA: 0:00:00.704 @21 May 2019  10:51:24
  60% |ETA: 0:00:00.576
  70% |ETA: 0:00:00.898
  81% |ETA: 0:00:00.529
  90% |ETA: 0:00:00.577
 100% |ETA: 0:00:00.000
Total time [h:m:s.ms]:   0:00:00.351
#     i               E_i       exp(-(E-E0)/T)       Sect       Dim    Indices:
     1   -7.069170903232   1.000000000000E+00         30       735   3   5
Egs =     -7.069170903232   3   5
Z   =      1.000000000000
Get impurity Greens functions:
Get G_l1_s1
Total time [h:m:s.ms]:   0:00:00.018
Get G_l1_s2
Total time [h:m:s.ms]:   0:00:00.021
dens_ineq0001=    0.999816937393    0.999816937393
docc_ineq0001=    0.084948830016
mag _ineq0001=   -0.715838985307
Total time [h:m:s.ms]:   0:00:00.437
Get local Matsubara Green's function (no print)
Direct Inversion algorithm:
 
  +ETA --> fort.6
  10% |ETA: 0:00:00.761 @21 May 2019  10:51:24
  20% |ETA: 0:00:00.674
  30% |ETA: 0:00:00.594
  40% |ETA: 0:00:00.509
  50% |ETA: 0:00:00.847 @21 May 2019  10:51:24
  60% |ETA: 0:00:00.680
  70% |ETA: 0:00:00.509
  80% |ETA: 0:00:00.680
  90% |ETA: 0:00:00.679
 100% |ETA: 0:00:00.000
Total time [h:m:s.ms]:   0:00:00.850
Gloc matsubara: write spin-orbital diagonal elements. Split.
Store Gloc_l11_s1_iw_indx*.dat in Gloc_l11_s1_iw.tgz
Store Gloc_l11_s2_iw_indx*.dat in Gloc_l11_s2_iw.tgz
Updated impHloc:
chi^2|iter_ineq0001=    2.472896006E-07 |     4  <--  Orb1 Spin1
            #Ek_l1_s1              Vk_l1_s1             #Ek_l1_s2              Vk_l1_s2
      -0.921705843808        0.335673850559       -3.177310301257       -0.000035720122
      -0.283967238101        0.249333869090       -0.941855381177       -0.063462710896
      -0.135326164124        0.130668808425       -0.306631633309        0.093979792382
       0.346639688044        0.123796891212       -0.576971139415        0.149303636619
       0.804486193173       -0.155267735872        0.180569193653        0.221865149960
       3.129572160751       -0.000000063457        0.673941945116        0.359807554647
Updated impHloc:
chi^2|iter_ineq0001=    5.137027714E-06 |     4  <--  Orb1 Spin2
            #Ek_l1_s1              Vk_l1_s1             #Ek_l1_s2              Vk_l1_s2
      -0.921705843808        0.335673850559       -3.177310301257       -0.000035675039
      -0.283967238101        0.249333869090       -0.941856726320       -0.063405967750
      -0.135326164124        0.130668808425       -0.306688926544        0.093694163148
       0.346639688044        0.123796891212       -0.577000321408        0.149096628555
       0.804486193173       -0.155267735872        0.180660821853        0.221778817155
       3.129572160751       -0.000000063457        0.673950822882        0.359918620171
[1;91mmax error=[0m  3.6949258E-05
[1;91m    error=[0m  3.6949258E-05
[1;91mmin error=[0m  3.6949258E-05
=====================================
Total time [h:m:s.ms]:   0:00:01.405



-----DMFT-loop   13 (max:  100)-----
 0 SOLVES INEQ SITE: 0001
Updated impHloc:
            #Ek_l1_s1              Vk_l1_s1             #Ek_l1_s2              Vk_l1_s2
      -0.921705779137        0.335615437933       -3.177310301257       -0.000035697580
      -0.283922740004        0.249330901676       -0.941856053749       -0.063434339323
      -0.135309855474        0.130703521511       -0.306660279926        0.093836977765
       0.346607064883        0.123966773120       -0.576985730412        0.149200132587
       0.804477030935       -0.155348657344        0.180615007753        0.221821983558
       3.129572160751       -0.000000063457        0.673946383999        0.359863087409
Diagonalize impurity H:
 
  +ETA --> fort.6
  10% |ETA: 0:00:00.521 @21 May 2019  10:51:25
  20% |ETA: 0:00:00.596
  31% |ETA: 0:00:00.721
  40% |ETA: 0:00:00.596
  50% |ETA: 0:00:00.728 @21 May 2019  10:51:25
  60% |ETA: 0:00:00.594
  70% |ETA: 0:00:00.918
  81% |ETA: 0:00:00.540
  90% |ETA: 0:00:00.585
 100% |ETA: 0:00:00.000
Total time [h:m:s.ms]:   0:00:00.356
#     i               E_i       exp(-(E-E0)/T)       Sect       Dim    Indices:
     1   -7.069265596959   1.000000000000E+00         30       735   3   5
Egs =     -7.069265596959   3   5
Z   =      1.000000000000
Get impurity Greens functions:
Get G_l1_s1
Total time [h:m:s.ms]:   0:00:00.017
Get G_l1_s2
Total time [h:m:s.ms]:   0:00:00.020
dens_ineq0001=    0.999819535453    0.999819535453
docc_ineq0001=    0.084935567421
mag _ineq0001=   -0.715953406015
Total time [h:m:s.ms]:   0:00:00.439
Get local Matsubara Green's function (no print)
Direct Inversion algorithm:
 
  +ETA --> fort.6
  10% |ETA: 0:00:00.735 @21 May 2019  10:51:25
  20% |ETA: 0:00:00.670
  30% |ETA: 0:00:00.596
  40% |ETA: 0:00:00.515
  50% |ETA: 0:00:00.857 @21 May 2019  10:51:26
  60% |ETA: 0:00:00.686
  70% |ETA: 0:00:00.513
  80% |ETA: 0:00:00.681
  90% |ETA: 0:00:00.678
 100% |ETA: 0:00:00.000
Total time [h:m:s.ms]:   0:00:00.848
Gloc matsubara: write spin-orbital diagonal elements. Split.
Store Gloc_l11_s1_iw_indx*.dat in Gloc_l11_s1_iw.tgz
Store Gloc_l11_s2_iw_indx*.dat in Gloc_l11_s2_iw.tgz
Updated impHloc:
chi^2|iter_ineq0001=    2.476408571E-07 |     4  <--  Orb1 Spin1
            #Ek_l1_s1              Vk_l1_s1             #Ek_l1_s2              Vk_l1_s2
      -0.921707631538        0.335690631381       -3.177310301257       -0.000035697580
      -0.283986468328        0.249332685681       -0.941856053749       -0.063434339323
      -0.135321344946        0.130661096321       -0.306660279926        0.093836977765
       0.346651987373        0.123751769997       -0.576985730412        0.149200132587
       0.804488236560       -0.155252454458        0.180615007753        0.221821983558
       3.129572160751       -0.000000063457        0.673946383999        0.359863087409
Updated impHloc:
chi^2|iter_ineq0001=    5.136364733E-06 |     4  <--  Orb1 Spin2
            #Ek_l1_s1              Vk_l1_s1             #Ek_l1_s2              Vk_l1_s2
      -0.921707631538        0.335690631381       -3.177310301256       -0.000035682101
      -0.283986468328        0.249332685681       -0.941856401249       -0.063397794256
      -0.135321344946        0.130661096321       -0.306706895256        0.093651318059
       0.346651987373        0.123751769997       -0.577001955186        0.149082540977
       0.804488236560       -0.155252454458        0.180663394357        0.221758188556
       3.129572160751       -0.000000063457        0.673952832993        0.359939969804
[1;91mmax error=[0m  2.2073923E-05
[1;91m    error=[0m  2.2073923E-05
[1;91mmin error=[0m  2.2073923E-05
=====================================
Total time [h:m:s.ms]:   0:00:01.404



-----DMFT-loop   14 (max:  100)-----
 0 SOLVES INEQ SITE: 0001
Updated impHloc:
            #Ek_l1_s1              Vk_l1_s1             #Ek_l1_s2              Vk_l1_s2
      -0.921706705337        0.335653034657       -3.177310301257       -0.000035689841
      -0.283954604166        0.249331793678       -0.941856227499       -0.063416066790
      -0.135315600210        0.130682308916       -0.306683587591        0.093744147912
       0.346629526128        0.123859271559       -0.576993842799        0.149141336782
       0.804482633747       -0.155300555901        0.180639201055        0.221790086057
       3.129572160751       -0.000000063457        0.673949608496        0.359901528607
Diagonalize impurity H:
 
  +ETA --> fort.6
  10% |ETA: 0:00:00.521 @21 May 2019  10:51:26
  20% |ETA: 0:00:00.564
  31% |ETA: 0:00:00.695
  40% |ETA: 0:00:00.584
  50% |ETA: 0:00:00.712 @21 May 2019  10:51:26
  60% |ETA: 0:00:00.582
  70% |ETA: 0:00:00.905
  81% |ETA: 0:00:00.533
  90% |ETA: 0:00:00.580
 100% |ETA: 0:00:00.000
Total time [h:m:s.ms]:   0:00:00.353
#     i               E_i       exp(-(E-E0)/T)       Sect       Dim    Indices:
     1   -7.069329140863   1.000000000000E+00         30       735   3   5
Egs =     -7.069329140863   3   5
Z   =      1.000000000000
Get impurity Greens functions:
Get G_l1_s1
Total time [h:m:s.ms]:   0:00:00.017
Get G_l1_s2
Total time [h:m:s.ms]:   0:00:00.021
dens_ineq0001=    0.999821295648    0.999821295648
docc_ineq0001=    0.084927122988
mag _ineq0001=   -0.716026175748
Total time [h:m:s.ms]:   0:00:00.442
Get local Matsubara Green's function (no print)
Direct Inversion algorithm:
 
  +ETA --> fort.6
  10% |ETA: 0:00:00.788 @21 May 2019  10:51:27
  20% |ETA: 0:00:00.694
  30% |ETA: 0:00:00.601
  40% |ETA: 0:00:00.510
  50% |ETA: 0:00:00.847 @21 May 2019  10:51:27
  60% |ETA: 0:00:00.679
  70% |ETA: 0:00:00.509
  80% |ETA: 0:00:00.677
  90% |ETA: 0:00:00.674
 100% |ETA: 0:00:00.000
Total time [h:m:s.ms]:   0:00:00.844
Gloc matsubara: write spin-orbital diagonal elements. Split.
Store Gloc_l11_s1_iw_indx*.dat in Gloc_l11_s1_iw.tgz
Store Gloc_l11_s2_iw_indx*.dat in Gloc_l11_s2_iw.tgz
Updated impHloc:
chi^2|iter_ineq0001=    1.998362872E-07 |    36  <--  Orb1 Spin1
            #Ek_l1_s1              Vk_l1_s1             #Ek_l1_s2              Vk_l1_s2
      -0.935588487781        0.332677228356       -3.177310301257       -0.000035689841
      -0.294440134002        0.250103787422       -0.941856227499       -0.063416066790
      -0.138449313251        0.137523285575       -0.306683587591        0.093744147912
       0.348444240667        0.124136250044       -0.576993842799        0.149141336782
       0.803525084348       -0.154974887196        0.180639201055        0.221790086057
       3.129572160751       -0.000000063457        0.673949608496        0.359901528607
Updated impHloc:
chi^2|iter_ineq0001=    5.131000788E-06 |     7  <--  Orb1 Spin2
            #Ek_l1_s1              Vk_l1_s1             #Ek_l1_s2              Vk_l1_s2
      -0.935588487781        0.332677228356       -3.177310301252       -0.000035043590
      -0.294440134002        0.250103787422       -0.941838384103       -0.063352329422
      -0.138449313251        0.137523285575       -0.307083530746        0.093429416768
       0.348444240667        0.124136250044       -0.576922579478        0.149508127374
       0.803525084348       -0.154974887196        0.180468144236        0.221522573291
       3.129572160751       -0.000000063457        0.673948217398        0.360299692833
[1;91mmax error=[0m  1.3944513E-05
[1;91m    error=[0m  1.3944513E-05
[1;91mmin error=[0m  1.3944513E-05
=====================================
Total time [h:m:s.ms]:   0:00:01.496



-----DMFT-loop   15 (max:  100)-----
 0 SOLVES INEQ SITE: 0001
Updated impHloc:
            #Ek_l1_s1              Vk_l1_s1             #Ek_l1_s2              Vk_l1_s2
      -0.928647596559        0.334165131507       -3.177310301254       -0.000035366715
      -0.289197369084        0.249717790550       -0.941847305801       -0.063384198106
      -0.136882456730        0.134102797246       -0.306883559168        0.093586782340
       0.347536883398        0.123997760801       -0.576958211138        0.149324732078
       0.804003859047       -0.155137721548        0.180553672646        0.221656329674
       3.129572160751       -0.000000063457        0.673948912947        0.360100610720
Diagonalize impurity H:
 
  +ETA --> fort.6
  10% |ETA: 0:00:00.521 @21 May 2019  10:51:28
  20% |ETA: 0:00:00.596
  31% |ETA: 0:00:00.730
  40% |ETA: 0:00:00.608
  50% |ETA: 0:00:00.724 @21 May 2019  10:51:28
  60% |ETA: 0:00:00.589
  70% |ETA: 0:00:00.911
  81% |ETA: 0:00:00.537
  90% |ETA: 0:00:00.582
 100% |ETA: 0:00:00.000
Total time [h:m:s.ms]:   0:00:00.353
#     i               E_i       exp(-(E-E0)/T)       Sect       Dim    Indices:
     1   -7.083262297800   1.000000000000E+00         30       735   3   5
Egs =     -7.083262297800   3   5
Z   =      1.000000000000
Get impurity Greens functions:
Get G_l1_s1
Total time [h:m:s.ms]:   0:00:00.017
Get G_l1_s2
Total time [h:m:s.ms]:   0:00:00.019
dens_ineq0001=    0.999807560271    0.999807560271
docc_ineq0001=    0.084914475318
mag _ineq0001=   -0.716091025974
Total time [h:m:s.ms]:   0:00:00.439
Get local Matsubara Green's function (no print)
Direct Inversion algorithm:
 
  +ETA --> fort.6
  10% |ETA: 0:00:00.753 @21 May 2019  10:51:28
  20% |ETA: 0:00:00.662
  30% |ETA: 0:00:00.577
  40% |ETA: 0:00:00.502
  50% |ETA: 0:00:00.843 @21 May 2019  10:51:29
  60% |ETA: 0:00:00.682
  70% |ETA: 0:00:00.514
  80% |ETA: 0:00:00.687
  90% |ETA: 0:00:00.685
 100% |ETA: 0:00:00.000
Total time [h:m:s.ms]:   0:00:00.858
Gloc matsubara: write spin-orbital diagonal elements. Split.
Store Gloc_l11_s1_iw_indx*.dat in Gloc_l11_s1_iw.tgz
Store Gloc_l11_s2_iw_indx*.dat in Gloc_l11_s2_iw.tgz
Updated impHloc:
chi^2|iter_ineq0001=    2.206341564E-07 |     4  <--  Orb1 Spin1
            #Ek_l1_s1              Vk_l1_s1             #Ek_l1_s2              Vk_l1_s2
      -0.928652461906        0.334202498642       -3.177310301254       -0.000035366715
      -0.289210741452        0.249734176612       -0.941847305801       -0.063384198106
      -0.136881177505        0.134109401914       -0.306883559168        0.093586782340
       0.347552802801        0.123910914138       -0.576958211138        0.149324732078
       0.804008348435       -0.155094586991        0.180553672646        0.221656329674
       3.129572160751       -0.000000063457        0.673948912947        0.360100610720
Updated impHloc:
chi^2|iter_ineq0001=    5.126863484E-06 |     6  <--  Orb1 Spin2
            #Ek_l1_s1              Vk_l1_s1             #Ek_l1_s2              Vk_l1_s2
      -0.928652461906        0.334202498642       -3.177310301256       -0.000033754058
      -0.289210741452        0.249734176612       -0.941822041803       -0.063261254137
      -0.136881177505        0.134109401914       -0.307404978300        0.093191184127
       0.347552802801        0.123910914138       -0.576848245923        0.149779805139
       0.804008348435       -0.155094586991        0.180556290739        0.221603563792
       3.129572160751       -0.000000063457        0.673877805707        0.360212904591
[1;91mmax error=[0m  1.3292476E-05
[1;91m    error=[0m  1.3292476E-05
[1;91mmin error=[0m  1.3292476E-05
=====================================
Total time [h:m:s.ms]:   0:00:01.422



-----DMFT-loop   16 (max:  100)-----
 0 SOLVES INEQ SITE: 0001
Updated impHloc:
            #Ek_l1_s1              Vk_l1_s1             #Ek_l1_s2              Vk_l1_s2
      -0.928650029233        0.334183815074       -3.177310301255       -0.000034560387
      -0.289204055268        0.249725983581       -0.941834673802       -0.063322726121
      -0.136881817117        0.134106099580       -0.307144268734        0.093388983234
       0.347544843100        0.123954337470       -0.576903228531        0.149552268608
       0.804006103741       -0.155116154269        0.180554981692        0.221629946733
       3.129572160751       -0.000000063457        0.673913359327        0.360156757655
Diagonalize impurity H:
 
  +ETA --> fort.6
  10% |ETA: 0:00:00.521 @21 May 2019  10:51:29
  20% |ETA: 0:00:00.596
  31% |ETA: 0:00:00.730
  40% |ETA: 0:00:00.631
  50% |ETA: 0:00:00.756 @21 May 2019  10:51:29
  60% |ETA: 0:00:00.615
  70% |ETA: 0:00:00.945
  81% |ETA: 0:00:00.555
  90% |ETA: 0:00:00.600
 100% |ETA: 0:00:00.000
Total time [h:m:s.ms]:   0:00:00.365
#     i               E_i       exp(-(E-E0)/T)       Sect       Dim    Indices:
     1   -7.083487907893   1.000000000000E+00         30       735   3   5
Egs =     -7.083487907893   3   5
Z   =      1.000000000000
Get impurity Greens functions:
Get G_l1_s1
Total time [h:m:s.ms]:   0:00:00.018
Get G_l1_s2
Total time [h:m:s.ms]:   0:00:00.020
dens_ineq0001=    0.999805793984    0.999805793984
docc_ineq0001=    0.084916521409
mag _ineq0001=   -0.716091806134
Total time [h:m:s.ms]:   0:00:00.451
Get local Matsubara Green's function (no print)
Direct Inversion algorithm:
 
  +ETA --> fort.6
  10% |ETA: 0:00:00.779 @21 May 2019  10:51:30
  20% |ETA: 0:00:00.678
  30% |ETA: 0:00:00.589
  40% |ETA: 0:00:00.502
  50% |ETA: 0:00:00.833 @21 May 2019  10:51:30
  60% |ETA: 0:00:00.666
  70% |ETA: 0:00:00.995
  80% |ETA: 0:00:00.662
  90% |ETA: 0:00:00.661
 100% |ETA: 0:00:00.500
Total time [h:m:s.ms]:   0:00:00.827
Gloc matsubara: write spin-orbital diagonal elements. Split.
Store Gloc_l11_s1_iw_indx*.dat in Gloc_l11_s1_iw.tgz
Store Gloc_l11_s2_iw_indx*.dat in Gloc_l11_s2_iw.tgz
Updated impHloc:
chi^2|iter_ineq0001=    2.206192111E-07 |     4  <--  Orb1 Spin1
            #Ek_l1_s1              Vk_l1_s1             #Ek_l1_s2              Vk_l1_s2
      -0.928658052109        0.334207503064       -3.177310301255       -0.000034560387
      -0.289215865174        0.249732569327       -0.941834673802       -0.063322726121
      -0.136880500116        0.134110587691       -0.307144268734        0.093388983234
       0.347555336777        0.123904230243       -0.576903228531        0.149552268608
       0.804008383537       -0.155093464456        0.180554981692        0.221629946733
       3.129572160751       -0.000000063457        0.673913359327        0.360156757655
Updated impHloc:
chi^2|iter_ineq0001=    5.125240879E-06 |     6  <--  Orb1 Spin2
            #Ek_l1_s1              Vk_l1_s1             #Ek_l1_s2              Vk_l1_s2
      -0.928658052109        0.334207503064       -3.177310301238       -0.000035564718
      -0.289215865174        0.249732569327       -0.941802940169       -0.062987481086
      -0.136880500116        0.134110587691       -0.307566352653        0.093255342787
       0.347555336777        0.123904230243       -0.576688429633        0.149817806379
       0.804008383537       -0.155093464456        0.180444912431        0.221476929983
       3.129572160751       -0.000000063457        0.673905152015        0.360379450748
[1;93mmax error=[0m  3.1425193E-06
[1;93m    error=[0m  3.1425193E-06
[1;93mmin error=[0m  3.1425193E-06
=====================================
Total time [h:m:s.ms]:   0:00:01.400



-----DMFT-loop   17 (max:  100)-----
 0 SOLVES INEQ SITE: 0001
Updated impHloc:
            #Ek_l1_s1              Vk_l1_s1             #Ek_l1_s2              Vk_l1_s2
      -0.928654040671        0.334195659069       -3.177310301246       -0.000035062553
      -0.289209960221        0.249729276454       -0.941818806985       -0.063155103604
      -0.136881158617        0.134108343636       -0.307355310694        0.093322163010
       0.347550089938        0.123929283856       -0.576795829082        0.149685037494
       0.804007243639       -0.155104809363        0.180499947062        0.221553438358
       3.129572160751       -0.000000063457        0.673909255671        0.360268104202
Diagonalize impurity H:
 
  +ETA --> fort.6
  10% |ETA: 0:00:00.521 @21 May 2019  10:51:31
  20% |ETA: 0:00:00.580
  31% |ETA: 0:00:00.703
  40% |ETA: 0:00:00.590
  50% |ETA: 0:00:00.708 @21 May 2019  10:51:31
  60% |ETA: 0:00:00.584
  70% |ETA: 0:00:00.905
  81% |ETA: 0:00:00.533
  90% |ETA: 0:00:00.580
 100% |ETA: 0:00:00.000
Total time [h:m:s.ms]:   0:00:00.352
#     i               E_i       exp(-(E-E0)/T)       Sect       Dim    Indices:
     1   -7.083608380354   1.000000000000E+00         30       735   3   5
Egs =     -7.083608380354   3   5
Z   =      1.000000000000
Get impurity Greens functions:
Get G_l1_s1
Total time [h:m:s.ms]:   0:00:00.017
Get G_l1_s2
Total time [h:m:s.ms]:   0:00:00.019
dens_ineq0001=    0.999805024601    0.999805024601
docc_ineq0001=    0.084917564515
mag _ineq0001=   -0.716102275421
Total time [h:m:s.ms]:   0:00:00.435
Get local Matsubara Green's function (no print)
Direct Inversion algorithm:
 
  +ETA --> fort.6
  10% |ETA: 0:00:00.744 @21 May 2019  10:51:31
  20% |ETA: 0:00:00.666
  30% |ETA: 0:00:00.589
  40% |ETA: 0:00:00.507
  50% |ETA: 0:00:00.845 @21 May 2019  10:51:31
  60% |ETA: 0:00:00.675
  70% |ETA: 0:00:00.503
  80% |ETA: 0:00:00.669
  90% |ETA: 0:00:00.668
 100% |ETA: 0:00:00.000
Total time [h:m:s.ms]:   0:00:00.838
Gloc matsubara: write spin-orbital diagonal elements. Split.
Store Gloc_l11_s1_iw_indx*.dat in Gloc_l11_s1_iw.tgz
Store Gloc_l11_s2_iw_indx*.dat in Gloc_l11_s2_iw.tgz
Updated impHloc:
chi^2|iter_ineq0001=    5.527798402E-08 |   197  <--  Orb1 Spin1
            #Ek_l1_s1              Vk_l1_s1             #Ek_l1_s2              Vk_l1_s2
      -1.029822851985        0.325006421823       -3.177310301246       -0.000035062553
      -0.327018589671        0.258588886782       -0.941818806985       -0.063155103604
      -0.145520800561        0.152952456263       -0.307355310694        0.093322163010
       0.342550112036        0.121162517333       -0.576795829082        0.149685037494
       0.802947228335       -0.159880058045        0.180499947062        0.221553438358
       3.129572160751       -0.000000063457        0.673909255671        0.360268104202
Updated impHloc:
chi^2|iter_ineq0001=    5.124162191E-06 |     3  <--  Orb1 Spin2
            #Ek_l1_s1              Vk_l1_s1             #Ek_l1_s2              Vk_l1_s2
      -1.029822851985        0.325006421823       -3.177310301247       -0.000035040296
      -0.327018589671        0.258588886782       -0.941818107026       -0.063138563329
      -0.145520800561        0.152952456263       -0.307370960481        0.093289523493
       0.342550112036        0.121162517333       -0.576792930601        0.149666563173
       0.802947228335       -0.159880058045        0.180512512406        0.221547819554
       3.129572160751       -0.000000063457        0.673908637786        0.360267926234
[1;92mmax error=[0m  5.0058207E-06
[1;92m    error=[0m  5.0058207E-06
[1;92mmin error=[0m  5.0058207E-06
=====================================
Total time [h:m:s.ms]:   0:00:01.861


Get local Realaxis Green's function (no print)
Direct Inversion algorithm:
 
  +ETA --> fort.6
  10% |ETA: 0:00:00.735 @21 May 2019  10:51:32
  20% |ETA: 0:00:00.670
  30% |ETA: 0:00:00.582
  40% |ETA: 0:00:00.995
  50% |ETA: 0:00:00.827 @21 May 2019  10:51:33
  60% |ETA: 0:00:00.660
  70% |ETA: 0:00:00.990
  80% |ETA: 0:00:00.657
  90% |ETA: 0:00:00.657
 100% |ETA: 0:00:00.500
Total time [h:m:s.ms]:   0:00:00.411
Gloc real: write spin-orbital diagonal elements. Split.
Store Gloc_l11_s1_realw_indx*.dat in Gloc_l11_s1_realw.tgz
Store Gloc_l11_s2_realw_indx*.dat in Gloc_l11_s2_realw.tgz
