    1  1.0000000E+00
    2  3.0035671E-03
    3  6.6704879E-04
    4  6.5253415E-04
    5  6.3878062E-04
    6  6.2538343E-04
    7  6.1207485E-04
    8  5.9934166E-04
    9  5.8651010E-04
   10  5.7312554E-04
   11  5.3458836E-04
   12  5.4104413E-04
   13  5.2908550E-04
   14  5.1772038E-04
   15  5.0676108E-04
   16  4.7442865E-04
   17  4.6195786E-04
   18  4.7058241E-04
   19  4.6128452E-04
   20  4.5284307E-04
   21  4.4406320E-04
   22  4.3661997E-04
   23  4.2903607E-04
   24  4.1386970E-04
   25  3.9159825E-04
   26  4.0192358E-04
   27  3.7464645E-04
   28  3.8560550E-04
   29  3.7884078E-04
   30  3.7295963E-04
   31  3.6720150E-04
   32  3.6176971E-04
   33  3.5622810E-04
   34  3.5092512E-04
   35  3.2812575E-04
   36  3.3753298E-04
   37  3.1551329E-04
   38  3.2469442E-04
   39  3.2027110E-04
   40  3.1654092E-04
   41  3.1242692E-04
   42  3.0837128E-04
   43  3.0454520E-04
   44  3.0085204E-04
   45  2.9721799E-04
   46  2.9365599E-04
   47  2.9020038E-04
   48  2.7062960E-04
   49  2.8052490E-04
   50  2.7749616E-04
   51  2.7451668E-04
   52  2.7160683E-04
   53  2.6874982E-04
   54  2.6597158E-04
   55  2.6293736E-04
   56  2.6026983E-04
   57  2.5556216E-04
   58  2.5847802E-04
   59  2.5514393E-04
   60  2.5226410E-04
   61  2.3207108E-04
   62  2.2731998E-04
   63  2.3686129E-04
   64  2.3494053E-04
   65  2.3298873E-04
   66  2.3103726E-04
   67  2.2918342E-04
   68  2.2736365E-04
   69  2.2559058E-04
   70  2.2385568E-04
   71  2.2219397E-04
   72  2.2729974E-04
   73  2.1944715E-04
   74  2.1786154E-04
   75  2.2345815E-04
   76  2.1529372E-04
   77  2.1381424E-04
   78  2.1983900E-04
   79  2.1147193E-04
   80  2.1788950E-04
   81  2.0923826E-04
   82  2.0790993E-04
   83  2.1460344E-04
   84  2.0589832E-04
   85  2.1290980E-04
   86  2.0400988E-04
   87  2.1130393E-04
   88  2.0221498E-04
   89  2.0107776E-04
   90  2.0850807E-04
   91  1.9952170E-04
   92  2.0717080E-04
   93  1.9806622E-04
   94  2.0592932E-04
   95  1.9672256E-04
   96  2.0477185E-04
   97  1.9549330E-04
   98  2.0370752E-04
   99  1.9435883E-04
  100  2.0273883E-04
