---------------MPI----------------
rank:     0 of      1 alive
----------------------------------

 warning scalar in parse_cmd array:   ULOC
 expecting a comma separated list of:            5
 wrong dimensions parsing variable:   ULOC
 expecting a comma separated list of:            5
SCIFOR VERSION (GIT): f51d8963e73e1a7f5e05ca328195b114bbdf41ec
Timestamp: +21 May 2019  10:52:58.271
 
CODE VERSION: 30030ed680c7b62ac87f0fc221aa358a61913d81
Timestamp: +21 May 2019  10:52:58.271
 
store size =10240Kb
 Using Neel symmetry to refold BZ
 Using Nineq sites=           1
 Symmetries used are:
 (site=2,l,s)=(site=1,l,-s)
 Using Nk_total=361
Using Reciprocal Lattice vectors:
bk_x = [  3.1416 -3.1416  0.0000]
bk_y = [  0.0000  6.2832  0.0000]
bk_z = [  0.0000  0.0000  6.2832]
Get local Realaxis Green's function (no print)
Direct Inversion algorithm:
 
  +ETA --> fort.6
  10% |ETA: 0:00:00.919 @21 May 2019  10:52:58
  20% |ETA: 0:00:00.812
  30% |ETA: 0:00:00.705
  40% |ETA: 0:00:00.600
  50% |ETA: 0:00:00.998 @21 May 2019  10:52:58
  60% |ETA: 0:00:00.797
  70% |ETA: 0:00:00.596
  80% |ETA: 0:00:00.799
  90% |ETA: 0:00:00.801
 100% |ETA: 0:00:00.000
Total time [h:m:s.ms]:   0:00:01.003
dos_Hk real: write spin-orbital diagonal elements.
 Solving model along the path:
Point1: [ 0.0000 0.0000 0.0000]
Point2: [ 3.1416 0.0000 0.0000]
Point3: [ 3.1416 3.1416 0.0000]
Point4: [ 0.0000 0.0000 0.0000]
INIT SOLVER FOR _ineq0001
Summary:
--------------------------------------------
# of levels/spin      =               7
Total size            =              14
# of impurities       =               1
# of bath/impurity    =               6
# of Bath levels/spin =               6
Number of sectors     =              64
Ns_Orb                =               7
Ns_Ud                 =               1
Largest Sector(s)     =       35        35                1225
--------------------------------------------
Required Lanc_nstates_total=1 => set T=0 calculation
Lanczos ZERO temperature calculation:
Updated impHloc:
Reading bath from filehamiltonian_ineq0001.restart
there are        6 lines in +hamiltonian_ineq0001.restart

-----DMFT-loop    1 (max:  100)-----
 0 SOLVES INEQ SITE: 0001
Updated impHloc:
            #Ek_l1_s1              Vk_l1_s1             #Ek_l1_s2              Vk_l1_s2
      -1.160150823330        0.357498577459       -3.577310301914        0.000024994602
      -0.229788823546        0.220825200606       -1.340135356843       -0.005743216770
      -0.040701797268        0.177836804712       -0.437985293062        0.110046298290
       0.438162506707        0.110699152104       -0.907663052286        0.100282650777
       1.117675874779       -0.127794481684        0.064195544651        0.225305647330
       3.529572160751       -0.000000063457        0.721719858018        0.363804753831
Diagonalize impurity H:
 
  +ETA --> fort.6
  10% |ETA: 0:00:00.521 @21 May 2019  10:53:01
  20% |ETA: 0:00:00.564
  31% |ETA: 0:00:00.703
  40% |ETA: 0:00:00.584
  50% |ETA: 0:00:00.704 @21 May 2019  10:53:01
  60% |ETA: 0:00:00.576
  70% |ETA: 0:00:00.891
  81% |ETA: 0:00:00.524
  90% |ETA: 0:00:00.571
 100% |ETA: 0:00:00.000
Total time [h:m:s.ms]:   0:00:00.347
#     i               E_i       exp(-(E-E0)/T)       Sect       Dim    Indices:
     1   -8.580935129858   1.000000000000E+00         30       735   3   5
Egs =     -8.580935129858   3   5
Z   =      1.000000000000
Get impurity Greens functions:
Get G_l1_s1
Total time [h:m:s.ms]:   0:00:00.019
Get G_l1_s2
Total time [h:m:s.ms]:   0:00:00.020
dens_ineq0001=    0.999853100248    0.999853100248
docc_ineq0001=    0.063366134122
mag _ineq0001=   -0.692482666122
Total time [h:m:s.ms]:   0:00:00.436
Get local Matsubara Green's function (no print)
Direct Inversion algorithm:
 
  +ETA --> fort.6
  10% |ETA: 0:00:00.779 @21 May 2019  10:53:01
  20% |ETA: 0:00:00.674
  30% |ETA: 0:00:00.587
  40% |ETA: 0:00:00.502
  50% |ETA: 0:00:00.835 @21 May 2019  10:53:02
  60% |ETA: 0:00:00.668
  70% |ETA: 0:00:00.502
  80% |ETA: 0:00:00.667
  90% |ETA: 0:00:00.665
 100% |ETA: 0:00:00.000
Total time [h:m:s.ms]:   0:00:00.833
Gloc matsubara: write spin-orbital diagonal elements. Split.
Store Gloc_l11_s1_iw_indx*.dat in Gloc_l11_s1_iw.tgz
Store Gloc_l11_s2_iw_indx*.dat in Gloc_l11_s2_iw.tgz
Updated impHloc:
chi^2|iter_ineq0001=    2.503933869E-07 |   211  <--  Orb1 Spin1
            #Ek_l1_s1              Vk_l1_s1             #Ek_l1_s2              Vk_l1_s2
      -1.209937598410        0.344567190511       -3.577310301914        0.000024994602
      -0.247854393479        0.221845115002       -1.340135356843       -0.005743216770
      -0.124628366065        0.153771076448       -0.437985293062        0.110046298290
       0.264060603066        0.130782167781       -0.907663052286        0.100282650777
       1.111284489933       -0.138245816106        0.064195544651        0.225305647330
       3.529572160751       -0.000000063457        0.721719858018        0.363804753831
Updated impHloc:
chi^2|iter_ineq0001=    9.171553415E-06 |   184  <--  Orb1 Spin2
            #Ek_l1_s1              Vk_l1_s1             #Ek_l1_s2              Vk_l1_s2
      -1.209937598410        0.344567190511       -3.577310301999       -0.000003854586
      -0.247854393479        0.221845115002       -1.340146753021        0.001610196555
      -0.124628366065        0.153771076448       -0.262381542950        0.130074002103
       0.264060603066        0.130782167781       -0.907378519819       -0.110695250499
       1.111284489933       -0.138245816106        0.158959535526        0.234107491872
       3.529572160751       -0.000000063457        0.831222828387        0.337882745998
[1;91mmax error=[0m  1.0000000E+00
[1;91m    error=[0m  1.0000000E+00
[1;91mmin error=[0m  1.0000000E+00
=====================================
Total time [h:m:s.ms]:   0:00:02.293



-----DMFT-loop    2 (max:  100)-----
 0 SOLVES INEQ SITE: 0001
Updated impHloc:
            #Ek_l1_s1              Vk_l1_s1             #Ek_l1_s2              Vk_l1_s2
      -1.209937598410        0.344567190511       -3.577310301999       -0.000003854586
      -0.247854393479        0.221845115002       -1.340146753021        0.001610196555
      -0.124628366065        0.153771076448       -0.262381542950        0.130074002103
       0.264060603066        0.130782167781       -0.907378519819       -0.110695250499
       1.111284489933       -0.138245816106        0.158959535526        0.234107491872
       3.529572160751       -0.000000063457        0.831222828387        0.337882745998
Diagonalize impurity H:
 
  +ETA --> fort.6
  10% |ETA: 0:00:00.521 @21 May 2019  10:53:03
  20% |ETA: 0:00:00.580
  31% |ETA: 0:00:00.712
  40% |ETA: 0:00:00.590
  50% |ETA: 0:00:00.716 @21 May 2019  10:53:03
  60% |ETA: 0:00:00.584
  70% |ETA: 0:00:00.905
  81% |ETA: 0:00:00.531
  90% |ETA: 0:00:00.577
 100% |ETA: 0:00:00.000
Total time [h:m:s.ms]:   0:00:00.351
#     i               E_i       exp(-(E-E0)/T)       Sect       Dim    Indices:
     1   -8.524292401977   1.000000000000E+00         30       735   3   5
Egs =     -8.524292401977   3   5
Z   =      1.000000000000
Get impurity Greens functions:
Get G_l1_s1
Total time [h:m:s.ms]:   0:00:00.018
Get G_l1_s2
Total time [h:m:s.ms]:   0:00:00.020
dens_ineq0001=    1.000033937552    1.000033937552
docc_ineq0001=    0.053937897135
mag _ineq0001=   -0.802098750216
Total time [h:m:s.ms]:   0:00:00.439
Get local Matsubara Green's function (no print)
Direct Inversion algorithm:
 
  +ETA --> fort.6
  10% |ETA: 0:00:00.753 @21 May 2019  10:53:04
  20% |ETA: 0:00:00.662
  30% |ETA: 0:00:00.580
  40% |ETA: 0:00:00.500
  50% |ETA: 0:00:00.833 @21 May 2019  10:53:04
  60% |ETA: 0:00:00.664
  70% |ETA: 0:00:00.997
  80% |ETA: 0:00:00.666
  90% |ETA: 0:00:00.668
 100% |ETA: 0:00:00.***
Total time [h:m:s.ms]:   0:00:00.840
Gloc matsubara: write spin-orbital diagonal elements. Split.
Store Gloc_l11_s1_iw_indx*.dat in Gloc_l11_s1_iw.tgz
Store Gloc_l11_s2_iw_indx*.dat in Gloc_l11_s2_iw.tgz
Updated impHloc:
chi^2|iter_ineq0001=    2.259844690E-07 |    93  <--  Orb1 Spin1
            #Ek_l1_s1              Vk_l1_s1             #Ek_l1_s2              Vk_l1_s2
      -1.226047413151        0.362070709176       -3.577310301999       -0.000003854586
      -0.267388039665        0.210880728390       -1.340146753021        0.001610196555
      -0.130525697384        0.164234539119       -0.262381542950        0.130074002103
       0.319325990443        0.114963906260       -0.907378519819       -0.110695250499
       1.107834347899       -0.113548051546        0.158959535526        0.234107491872
       3.529572160751       -0.000000063457        0.831222828387        0.337882745998
Updated impHloc:
chi^2|iter_ineq0001=    8.613414069E-06 |    63  <--  Orb1 Spin2
            #Ek_l1_s1              Vk_l1_s1             #Ek_l1_s2              Vk_l1_s2
      -1.226047413151        0.362070709176       -3.577310302009        0.000011665528
      -0.267388039665        0.210880728390       -1.340146461454        0.000817517202
      -0.130525697384        0.164234539119       -0.327884522595        0.117884359777
       0.319325990443        0.114963906260       -0.901501743672       -0.080360303680
       1.107834347899       -0.113548051546        0.160423122701        0.230233967676
       3.529572160751       -0.000000063457        0.881655190029        0.358313616785
[1;91mmax error=[0m  1.5949450E-02
[1;91m    error=[0m  1.5949450E-02
[1;91mmin error=[0m  1.5949450E-02
=====================================
Total time [h:m:s.ms]:   0:00:01.749



-----DMFT-loop    3 (max:  100)-----
 0 SOLVES INEQ SITE: 0001
Updated impHloc:
            #Ek_l1_s1              Vk_l1_s1             #Ek_l1_s2              Vk_l1_s2
      -1.217992505780        0.353318949844       -3.577310302004        0.000003905471
      -0.257621216572        0.216362921696       -1.340146607237        0.001213856879
      -0.127577031724        0.159002807783       -0.295133032772        0.123979180940
       0.291693296755        0.122873037021       -0.904440131745       -0.095527777090
       1.109559418916       -0.125896933826        0.159691329114        0.232170729774
       3.529572160751       -0.000000063457        0.856439009208        0.348098181391
Diagonalize impurity H:
 
  +ETA --> fort.6
  10% |ETA: 0:00:00.521 @21 May 2019  10:53:05
  20% |ETA: 0:00:00.580
  31% |ETA: 0:00:00.703
  40% |ETA: 0:00:00.578
  50% |ETA: 0:00:00.708 @21 May 2019  10:53:05
  60% |ETA: 0:00:00.579
  70% |ETA: 0:00:00.898
  81% |ETA: 0:00:00.528
  90% |ETA: 0:00:00.572
 100% |ETA: 0:00:00.000
Total time [h:m:s.ms]:   0:00:00.348
#     i               E_i       exp(-(E-E0)/T)       Sect       Dim    Indices:
     1   -8.576894812970   1.000000000000E+00         30       735   3   5
Egs =     -8.576894812970   3   5
Z   =      1.000000000000
Get impurity Greens functions:
Get G_l1_s1
Total time [h:m:s.ms]:   0:00:00.018
Get G_l1_s2
Total time [h:m:s.ms]:   0:00:00.021
dens_ineq0001=    0.999954376318    0.999954376318
docc_ineq0001=    0.053418922326
mag _ineq0001=   -0.809051490743
Total time [h:m:s.ms]:   0:00:00.436
Get local Matsubara Green's function (no print)
Direct Inversion algorithm:
 
  +ETA --> fort.6
  10% |ETA: 0:00:00.753 @21 May 2019  10:53:05
  20% |ETA: 0:00:00.662
  30% |ETA: 0:00:00.580
  40% |ETA: 0:00:00.995
  50% |ETA: 0:00:00.827 @21 May 2019  10:53:06
  60% |ETA: 0:00:00.663
  70% |ETA: 0:00:00.500
  80% |ETA: 0:00:00.665
  90% |ETA: 0:00:00.665
 100% |ETA: 0:00:00.000
Total time [h:m:s.ms]:   0:00:00.834
Gloc matsubara: write spin-orbital diagonal elements. Split.
Store Gloc_l11_s1_iw_indx*.dat in Gloc_l11_s1_iw.tgz
Store Gloc_l11_s2_iw_indx*.dat in Gloc_l11_s2_iw.tgz
Updated impHloc:
chi^2|iter_ineq0001=    1.170724383E-07 |   230  <--  Orb1 Spin1
            #Ek_l1_s1              Vk_l1_s1             #Ek_l1_s2              Vk_l1_s2
      -1.271068517245        0.364553171867       -3.577310302004        0.000003905471
      -0.284936884900        0.209190598536       -1.340146607237        0.001213856879
      -0.132946768881        0.171824543977       -0.295133032772        0.123979180940
       0.327453658826        0.112886127209       -0.904440131745       -0.095527777090
       1.104747933913       -0.113716503950        0.159691329114        0.232170729774
       3.529572160751       -0.000000063457        0.856439009208        0.348098181391
Updated impHloc:
chi^2|iter_ineq0001=    8.412489294E-06 |    68  <--  Orb1 Spin2
            #Ek_l1_s1              Vk_l1_s1             #Ek_l1_s2              Vk_l1_s2
      -1.271068517245        0.364553171867       -3.577310302013        0.000007996441
      -0.284936884900        0.209190598536       -1.340146446584        0.000799559317
      -0.132946768881        0.171824543977       -0.331988560403        0.114791014552
       0.327453658826        0.112886127209       -0.901093589267       -0.080307828099
       1.104747933913       -0.113716503950        0.159686058758        0.229298203802
       3.529572160751       -0.000000063457        0.883426782400        0.360363908394
[1;91mmax error=[0m  1.4896868E-03
[1;91m    error=[0m  1.4896868E-03
[1;91mmin error=[0m  1.4896868E-03
=====================================
Total time [h:m:s.ms]:   0:00:02.051



-----DMFT-loop    4 (max:  100)-----
 0 SOLVES INEQ SITE: 0001
Updated impHloc:
            #Ek_l1_s1              Vk_l1_s1             #Ek_l1_s2              Vk_l1_s2
      -1.244530511513        0.358936060855       -3.577310302008        0.000005950956
      -0.271279050736        0.212776760116       -1.340146526910        0.001006708098
      -0.130261900303        0.165413675880       -0.313560796587        0.119385097746
       0.309573477790        0.117879582115       -0.902766860506       -0.087917802594
       1.107153676414       -0.119806718888        0.159688693936        0.230734466788
       3.529572160751       -0.000000063457        0.869932895804        0.354231044893
Diagonalize impurity H:
 
  +ETA --> fort.6
  10% |ETA: 0:00:00.521 @21 May 2019  10:53:07
  20% |ETA: 0:00:00.580
  31% |ETA: 0:00:00.703
  40% |ETA: 0:00:00.578
  50% |ETA: 0:00:00.704 @21 May 2019  10:53:07
  60% |ETA: 0:00:00.579
  70% |ETA: 0:00:00.895
  81% |ETA: 0:00:00.526
  90% |ETA: 0:00:00.571
 100% |ETA: 0:00:00.000
Total time [h:m:s.ms]:   0:00:00.347
#     i               E_i       exp(-(E-E0)/T)       Sect       Dim    Indices:
     1   -8.638050467195   1.000000000000E+00         30       735   3   5
Egs =     -8.638050467195   3   5
Z   =      1.000000000000
Get impurity Greens functions:
Get G_l1_s1
Total time [h:m:s.ms]:   0:00:00.018
Get G_l1_s2
Total time [h:m:s.ms]:   0:00:00.020
dens_ineq0001=    0.999908481716    0.999908481716
docc_ineq0001=    0.053155405401
mag _ineq0001=   -0.812767482625
Total time [h:m:s.ms]:   0:00:00.435
Get local Matsubara Green's function (no print)
Direct Inversion algorithm:
 
  +ETA --> fort.6
  10% |ETA: 0:00:00.744 @21 May 2019  10:53:07
  20% |ETA: 0:00:00.678
  30% |ETA: 0:00:00.589
  40% |ETA: 0:00:00.507
  50% |ETA: 0:00:00.839 @21 May 2019  10:53:08
  60% |ETA: 0:00:00.671
  70% |ETA: 0:00:00.502
  80% |ETA: 0:00:00.668
  90% |ETA: 0:00:00.669
 100% |ETA: 0:00:00.500
Total time [h:m:s.ms]:   0:00:00.842
Gloc matsubara: write spin-orbital diagonal elements. Split.
Store Gloc_l11_s1_iw_indx*.dat in Gloc_l11_s1_iw.tgz
Store Gloc_l11_s2_iw_indx*.dat in Gloc_l11_s2_iw.tgz
Updated impHloc:
chi^2|iter_ineq0001=    1.586790289E-07 |    87  <--  Orb1 Spin1
            #Ek_l1_s1              Vk_l1_s1             #Ek_l1_s2              Vk_l1_s2
      -1.255133621378        0.363446805508       -3.577310302008        0.000005950956
      -0.290865638700        0.205878520909       -1.340146526910        0.001006708098
      -0.134181796678        0.175258771763       -0.313560796587        0.119385097746
       0.338542829651        0.113956547990       -0.902766860506       -0.087917802594
       1.105043099232       -0.107312029734        0.159688693936        0.230734466788
       3.529572160751       -0.000000063457        0.869932895804        0.354231044893
Updated impHloc:
chi^2|iter_ineq0001=    8.291816683E-06 |    29  <--  Orb1 Spin2
            #Ek_l1_s1              Vk_l1_s1             #Ek_l1_s2              Vk_l1_s2
      -1.255133621378        0.363446805508       -3.577310302007       -0.000062087754
      -0.290865638700        0.205878520909       -1.340146443197        0.000833339435
      -0.134181796678        0.175258771763       -0.333203652440        0.112213599375
       0.338542829651        0.113956547990       -0.901084002587       -0.083341453366
       1.105043099232       -0.107312029734        0.158784167727        0.228191500790
       3.529572160751       -0.000000063457        0.878670418857        0.361586704882
[1;91mmax error=[0m  8.1091563E-04
[1;91m    error=[0m  8.1091563E-04
[1;91mmin error=[0m  8.1091563E-04
=====================================
Total time [h:m:s.ms]:   0:00:01.664



-----DMFT-loop    5 (max:  100)-----
 0 SOLVES INEQ SITE: 0001
Updated impHloc:
            #Ek_l1_s1              Vk_l1_s1             #Ek_l1_s2              Vk_l1_s2
      -1.249832066445        0.361191433182       -3.577310302008       -0.000028068399
      -0.281072344718        0.209327640512       -1.340146485054        0.000920023767
      -0.132221848491        0.170336223822       -0.323382224514        0.115799348561
       0.324058153720        0.115918065053       -0.901925431547       -0.085629627980
       1.106098387823       -0.113559374311        0.159236430831        0.229462983789
       3.529572160751       -0.000000063457        0.874301657331        0.357908874887
Diagonalize impurity H:
 
  +ETA --> fort.6
  10% |ETA: 0:00:00.521 @21 May 2019  10:53:09
  20% |ETA: 0:00:00.580
  31% |ETA: 0:00:00.703
  40% |ETA: 0:00:00.578
  50% |ETA: 0:00:00.704 @21 May 2019  10:53:09
  60% |ETA: 0:00:00.584
  70% |ETA: 0:00:00.908
  81% |ETA: 0:00:00.533
  90% |ETA: 0:00:00.580
 100% |ETA: 0:00:00.000
Total time [h:m:s.ms]:   0:00:00.353
#     i               E_i       exp(-(E-E0)/T)       Sect       Dim    Indices:
     1   -8.664872728837   1.000000000000E+00         30       735   3   5
Egs =     -8.664872728837   3   5
Z   =      1.000000000000
Get impurity Greens functions:
Get G_l1_s1
Total time [h:m:s.ms]:   0:00:00.017
Get G_l1_s2
Total time [h:m:s.ms]:   0:00:00.019
dens_ineq0001=    0.999864409270    0.999864409270
docc_ineq0001=    0.053023202364
mag _ineq0001=   -0.814640837216
Total time [h:m:s.ms]:   0:00:00.439
Get local Matsubara Green's function (no print)
Direct Inversion algorithm:
 
  +ETA --> fort.6
  10% |ETA: 0:00:00.779 @21 May 2019  10:53:09
  20% |ETA: 0:00:00.690
  30% |ETA: 0:00:00.605
  40% |ETA: 0:00:00.515
  50% |ETA: 0:00:00.857 @21 May 2019  10:53:09
  60% |ETA: 0:00:00.682
  70% |ETA: 0:00:00.510
  80% |ETA: 0:00:00.678
  90% |ETA: 0:00:00.677
 100% |ETA: 0:00:00.000
Total time [h:m:s.ms]:   0:00:00.847
Gloc matsubara: write spin-orbital diagonal elements. Split.
Store Gloc_l11_s1_iw_indx*.dat in Gloc_l11_s1_iw.tgz
Store Gloc_l11_s2_iw_indx*.dat in Gloc_l11_s2_iw.tgz
Updated impHloc:
chi^2|iter_ineq0001=    1.525612899E-07 |    17  <--  Orb1 Spin1
            #Ek_l1_s1              Vk_l1_s1             #Ek_l1_s2              Vk_l1_s2
      -1.249969237481        0.366217611266       -3.577310302008       -0.000028068399
      -0.282285564552        0.207059226546       -1.340146485054        0.000920023767
      -0.132300077280        0.171078457741       -0.323382224514        0.115799348561
       0.328746546420        0.109357707228       -0.901925431547       -0.085629627980
       1.105951486384       -0.115793479881        0.159236430831        0.229462983789
       3.529572160751       -0.000000063457        0.874301657331        0.357908874887
Updated impHloc:
chi^2|iter_ineq0001=    8.254430232E-06 |    15  <--  Orb1 Spin2
            #Ek_l1_s1              Vk_l1_s1             #Ek_l1_s2              Vk_l1_s2
      -1.249969237481        0.366217611266       -3.577310302006       -0.000025764273
      -0.282285564552        0.207059226546       -1.340146470977        0.000916759519
      -0.132300077280        0.171078457741       -0.329237508843        0.109437065765
       0.328746546420        0.109357707228       -0.901722118885       -0.087010115835
       1.105951486384       -0.115793479881        0.158317776920        0.227577291841
       3.529572160751       -0.000000063457        0.874216541398        0.361801643833
[1;91mmax error=[0m  4.2753770E-04
[1;91m    error=[0m  4.2753770E-04
[1;91mmin error=[0m  4.2753770E-04
=====================================
Total time [h:m:s.ms]:   0:00:01.462



-----DMFT-loop    6 (max:  100)-----
 0 SOLVES INEQ SITE: 0001
Updated impHloc:
            #Ek_l1_s1              Vk_l1_s1             #Ek_l1_s2              Vk_l1_s2
      -1.249900651963        0.363704522224       -3.577310302007       -0.000026916336
      -0.281678954635        0.208193433529       -1.340146478015        0.000918391643
      -0.132260962885        0.170707340781       -0.326309866679        0.112618207163
       0.326402350070        0.112637886141       -0.901823775216       -0.086319871907
       1.106024937103       -0.114676427096        0.158777103876        0.228520137815
       3.529572160751       -0.000000063457        0.874259099365        0.359855259360
Diagonalize impurity H:
 
  +ETA --> fort.6
  10% |ETA: 0:00:00.521 @21 May 2019  10:53:10
  20% |ETA: 0:00:00.580
  31% |ETA: 0:00:00.703
  40% |ETA: 0:00:00.584
  50% |ETA: 0:00:00.708 @21 May 2019  10:53:10
  60% |ETA: 0:00:00.576
  70% |ETA: 0:00:00.895
  81% |ETA: 0:00:00.526
  90% |ETA: 0:00:00.572
 100% |ETA: 0:00:00.000
Total time [h:m:s.ms]:   0:00:00.348
#     i               E_i       exp(-(E-E0)/T)       Sect       Dim    Indices:
     1   -8.669025231575   1.000000000000E+00         30       735   3   5
Egs =     -8.669025231575   3   5
Z   =      1.000000000000
Get impurity Greens functions:
Get G_l1_s1
Total time [h:m:s.ms]:   0:00:00.018
Get G_l1_s2
Total time [h:m:s.ms]:   0:00:00.020
dens_ineq0001=    0.999883829504    0.999883829504
docc_ineq0001=    0.053009858275
mag _ineq0001=   -0.815488554415
Total time [h:m:s.ms]:   0:00:00.434
Get local Matsubara Green's function (no print)
Direct Inversion algorithm:
 
  +ETA --> fort.6
  10% |ETA: 0:00:00.735 @21 May 2019  10:53:11
  20% |ETA: 0:00:00.662
  30% |ETA: 0:00:00.587
  40% |ETA: 0:00:00.506
  50% |ETA: 0:00:00.845 @21 May 2019  10:53:11
  60% |ETA: 0:00:00.674
  70% |ETA: 0:00:00.504
  80% |ETA: 0:00:00.671
  90% |ETA: 0:00:00.670
 100% |ETA: 0:00:00.***
Total time [h:m:s.ms]:   0:00:00.840
Gloc matsubara: write spin-orbital diagonal elements. Split.
Store Gloc_l11_s1_iw_indx*.dat in Gloc_l11_s1_iw.tgz
Store Gloc_l11_s2_iw_indx*.dat in Gloc_l11_s2_iw.tgz
Updated impHloc:
chi^2|iter_ineq0001=    1.509500660E-07 |    23  <--  Orb1 Spin1
            #Ek_l1_s1              Vk_l1_s1             #Ek_l1_s2              Vk_l1_s2
      -1.250165611482        0.366729191772       -3.577310302007       -0.000026916336
      -0.282871166429        0.206689889545       -1.340146478015        0.000918391643
      -0.132323349683        0.171383124614       -0.326309866679        0.112618207163
       0.329511387093        0.108814149833       -0.901823775216       -0.086319871907
       1.105897481242       -0.116330236987        0.158777103876        0.228520137815
       3.529572160751       -0.000000063457        0.874259099365        0.359855259360
Updated impHloc:
chi^2|iter_ineq0001=    8.190799784E-06 |    17  <--  Orb1 Spin2
            #Ek_l1_s1              Vk_l1_s1             #Ek_l1_s2              Vk_l1_s2
      -1.250165611482        0.366729191772       -3.577310302009       -0.000027042442
      -0.282871166429        0.206689889545       -1.340146462316        0.000903862104
      -0.132323349683        0.171383124614       -0.331196014316        0.109271940901
       0.329511387093        0.108814149833       -0.901540781800       -0.087068750036
       1.105897481242       -0.116330236987        0.158174393837        0.227364436690
       3.529572160751       -0.000000063457        0.874661214553        0.362335286572
[1;91mmax error=[0m  2.2323015E-04
[1;91m    error=[0m  2.2323015E-04
[1;91mmin error=[0m  2.2323015E-04
=====================================
Total time [h:m:s.ms]:   0:00:01.465



-----DMFT-loop    7 (max:  100)-----
 0 SOLVES INEQ SITE: 0001
Updated impHloc:
            #Ek_l1_s1              Vk_l1_s1             #Ek_l1_s2              Vk_l1_s2
      -1.250033131723        0.365216856998       -3.577310302008       -0.000026979389
      -0.282275060532        0.207441661537       -1.340146470166        0.000911126873
      -0.132292156284        0.171045232698       -0.328752940497        0.110945074032
       0.327956868582        0.110726017987       -0.901682278508       -0.086694310972
       1.105961209173       -0.115503332042        0.158475748856        0.227942287252
       3.529572160751       -0.000000063457        0.874460156959        0.361095272966
Diagonalize impurity H:
 
  +ETA --> fort.6
  10% |ETA: 0:00:00.521 @21 May 2019  10:53:12
  20% |ETA: 0:00:00.580
  31% |ETA: 0:00:00.703
  40% |ETA: 0:00:00.578
  50% |ETA: 0:00:00.708 @21 May 2019  10:53:12
  60% |ETA: 0:00:00.582
  70% |ETA: 0:00:00.901
  81% |ETA: 0:00:00.529
  90% |ETA: 0:00:00.576
 100% |ETA: 0:00:00.000
Total time [h:m:s.ms]:   0:00:00.350
#     i               E_i       exp(-(E-E0)/T)       Sect       Dim    Indices:
     1   -8.672487087392   1.000000000000E+00         30       735   3   5
Egs =     -8.672487087392   3   5
Z   =      1.000000000000
Get impurity Greens functions:
Get G_l1_s1
Total time [h:m:s.ms]:   0:00:00.020
Get G_l1_s2
Total time [h:m:s.ms]:   0:00:00.019
dens_ineq0001=    0.999894451514    0.999894451514
docc_ineq0001=    0.053008958165
mag _ineq0001=   -0.815954871492
Total time [h:m:s.ms]:   0:00:00.437
Get local Matsubara Green's function (no print)
Direct Inversion algorithm:
 
  +ETA --> fort.6
  10% |ETA: 0:00:00.753 @21 May 2019  10:53:12
  20% |ETA: 0:00:00.662
  30% |ETA: 0:00:00.584
  40% |ETA: 0:00:00.506
  50% |ETA: 0:00:00.847 @21 May 2019  10:53:12
  60% |ETA: 0:00:00.676
  70% |ETA: 0:00:00.506
  80% |ETA: 0:00:00.672
  90% |ETA: 0:00:00.670
 100% |ETA: 0:00:00.***
Total time [h:m:s.ms]:   0:00:00.840
Gloc matsubara: write spin-orbital diagonal elements. Split.
Store Gloc_l11_s1_iw_indx*.dat in Gloc_l11_s1_iw.tgz
Store Gloc_l11_s2_iw_indx*.dat in Gloc_l11_s2_iw.tgz
Updated impHloc:
chi^2|iter_ineq0001=    1.535899575E-07 |    12  <--  Orb1 Spin1
            #Ek_l1_s1              Vk_l1_s1             #Ek_l1_s2              Vk_l1_s2
      -1.250069323098        0.366643787313       -3.577310302008       -0.000026979389
      -0.283248733709        0.207084462692       -1.340146470166        0.000911126873
      -0.132081770994        0.171141772893       -0.328752940497        0.110945074032
       0.329899037189        0.108404605046       -0.901682278508       -0.086694310972
       1.105883972751       -0.116766748331        0.158475748856        0.227942287252
       3.529572160751       -0.000000063457        0.874460156959        0.361095272966
Updated impHloc:
chi^2|iter_ineq0001=    8.143296912E-06 |    12  <--  Orb1 Spin2
            #Ek_l1_s1              Vk_l1_s1             #Ek_l1_s2              Vk_l1_s2
      -1.250069323098        0.366643787313       -3.577310301990       -0.000018197885
      -0.283248733709        0.207084462692       -1.340146450837        0.000880305937
      -0.132081770994        0.171141772893       -0.333410673120        0.109480701490
       0.329899037189        0.108404605046       -0.901286207159       -0.086572375328
       1.105883972751       -0.116766748331        0.158134387309        0.227301840310
       3.529572160751       -0.000000063457        0.875431478328        0.362623964909
[1;91mmax error=[0m  1.2806687E-04
[1;91m    error=[0m  1.2806687E-04
[1;91mmin error=[0m  1.2806687E-04
=====================================
Total time [h:m:s.ms]:   0:00:01.429



-----DMFT-loop    8 (max:  100)-----
 0 SOLVES INEQ SITE: 0001
Updated impHloc:
            #Ek_l1_s1              Vk_l1_s1             #Ek_l1_s2              Vk_l1_s2
      -1.250051227410        0.365930322156       -3.577310301999       -0.000022588637
      -0.282761897121        0.207263062114       -1.340146460502        0.000895716405
      -0.132186963639        0.171093502795       -0.331081806808        0.110212887761
       0.328927952885        0.109565311517       -0.901484242833       -0.086633343150
       1.105922590962       -0.116135040186        0.158305068082        0.227622063781
       3.529572160751       -0.000000063457        0.874945817643        0.361859618937
Diagonalize impurity H:
 
  +ETA --> fort.6
  10% |ETA: 0:00:00.521 @21 May 2019  10:53:13
  20% |ETA: 0:00:00.580
  31% |ETA: 0:00:00.703
  40% |ETA: 0:00:00.578
  50% |ETA: 0:00:00.704 @21 May 2019  10:53:13
  60% |ETA: 0:00:00.579
  70% |ETA: 0:00:00.895
  81% |ETA: 0:00:00.528
  90% |ETA: 0:00:00.571
 100% |ETA: 0:00:00.000
Total time [h:m:s.ms]:   0:00:00.347
#     i               E_i       exp(-(E-E0)/T)       Sect       Dim    Indices:
     1   -8.675251152827   1.000000000000E+00         30       735   3   5
Egs =     -8.675251152827   3   5
Z   =      1.000000000000
Get impurity Greens functions:
Get G_l1_s1
Total time [h:m:s.ms]:   0:00:00.018
Get G_l1_s2
Total time [h:m:s.ms]:   0:00:00.020
dens_ineq0001=    0.999901767530    0.999901767530
docc_ineq0001=    0.053011495174
mag _ineq0001=   -0.816206434670
Total time [h:m:s.ms]:   0:00:00.433
Get local Matsubara Green's function (no print)
Direct Inversion algorithm:
 
  +ETA --> fort.6
  10% |ETA: 0:00:00.753 @21 May 2019  10:53:13
  20% |ETA: 0:00:00.654
  30% |ETA: 0:00:00.573
  40% |ETA: 0:00:00.986
  50% |ETA: 0:00:00.827 @21 May 2019  10:53:14
  60% |ETA: 0:00:00.667
  70% |ETA: 0:00:00.502
  80% |ETA: 0:00:00.671
  90% |ETA: 0:00:00.669
 100% |ETA: 0:00:00.***
Total time [h:m:s.ms]:   0:00:00.840
Gloc matsubara: write spin-orbital diagonal elements. Split.
Store Gloc_l11_s1_iw_indx*.dat in Gloc_l11_s1_iw.tgz
Store Gloc_l11_s2_iw_indx*.dat in Gloc_l11_s2_iw.tgz
Updated impHloc:
chi^2|iter_ineq0001=    1.503005380E-07 |    12  <--  Orb1 Spin1
            #Ek_l1_s1              Vk_l1_s1             #Ek_l1_s2              Vk_l1_s2
      -1.250279608737        0.367102655389       -3.577310301999       -0.000022588637
      -0.283504661112        0.206504630749       -1.340146460502        0.000895716405
      -0.132307003690        0.171602325996       -0.331081806808        0.110212887761
       0.330430070536        0.108267189270       -0.901484242833       -0.086633343150
       1.105837484146       -0.117139498408        0.158305068082        0.227622063781
       3.529572160751       -0.000000063457        0.874945817643        0.361859618937
Updated impHloc:
chi^2|iter_ineq0001=    8.128502688E-06 |     7  <--  Orb1 Spin2
            #Ek_l1_s1              Vk_l1_s1             #Ek_l1_s2              Vk_l1_s2
      -1.250279608737        0.367102655389       -3.577310302001       -0.000022379015
      -0.283504661112        0.206504630749       -1.340146460792        0.000891568096
      -0.132307003690        0.171602325996       -0.331349665910        0.109017740540
       0.330430070536        0.108267189270       -0.901488272274       -0.086200205583
       1.105837484146       -0.117139498408        0.158101731251        0.227247192413
       3.529572160751       -0.000000063457        0.875005673845        0.362501234695
[1;91mmax error=[0m  7.2158026E-05
[1;91m    error=[0m  7.2158026E-05
[1;91mmin error=[0m  7.2158026E-05
=====================================
Total time [h:m:s.ms]:   0:00:01.415



-----DMFT-loop    9 (max:  100)-----
 0 SOLVES INEQ SITE: 0001
Updated impHloc:
            #Ek_l1_s1              Vk_l1_s1             #Ek_l1_s2              Vk_l1_s2
      -1.250165418074        0.366516488772       -3.577310302000       -0.000022483826
      -0.283133279116        0.206883846432       -1.340146460647        0.000893642251
      -0.132246983665        0.171347914396       -0.331215736359        0.109615314151
       0.329679011711        0.108916250393       -0.901486257554       -0.086416774366
       1.105880037554       -0.116637269297        0.158203399667        0.227434628097
       3.529572160751       -0.000000063457        0.874975745744        0.362180426816
Diagonalize impurity H:
 
  +ETA --> fort.6
  10% |ETA: 0:00:00.521 @21 May 2019  10:53:14
  20% |ETA: 0:00:00.580
  31% |ETA: 0:00:00.703
  40% |ETA: 0:00:00.578
  50% |ETA: 0:00:00.704 @21 May 2019  10:53:15
  60% |ETA: 0:00:00.576
  70% |ETA: 0:00:00.895
  81% |ETA: 0:00:00.526
  90% |ETA: 0:00:00.572
 100% |ETA: 0:00:00.000
Total time [h:m:s.ms]:   0:00:00.348
#     i               E_i       exp(-(E-E0)/T)       Sect       Dim    Indices:
     1   -8.676057753920   1.000000000000E+00         30       735   3   5
Egs =     -8.676057753920   3   5
Z   =      1.000000000000
Get impurity Greens functions:
Get G_l1_s1
Total time [h:m:s.ms]:   0:00:00.018
Get G_l1_s2
Total time [h:m:s.ms]:   0:00:00.019
dens_ineq0001=    0.999918363111    0.999918363111
docc_ineq0001=    0.053015507966
mag _ineq0001=   -0.816365619986
Total time [h:m:s.ms]:   0:00:00.435
Get local Matsubara Green's function (no print)
Direct Inversion algorithm:
 
  +ETA --> fort.6
  10% |ETA: 0:00:00.761 @21 May 2019  10:53:15
  20% |ETA: 0:00:00.662
  30% |ETA: 0:00:00.577
  40% |ETA: 0:00:00.998
  50% |ETA: 0:00:00.837 @21 May 2019  10:53:15
  60% |ETA: 0:00:00.672
  70% |ETA: 0:00:00.504
  80% |ETA: 0:00:00.670
  90% |ETA: 0:00:00.669
 100% |ETA: 0:00:00.***
Total time [h:m:s.ms]:   0:00:00.836
Gloc matsubara: write spin-orbital diagonal elements. Split.
Store Gloc_l11_s1_iw_indx*.dat in Gloc_l11_s1_iw.tgz
Store Gloc_l11_s2_iw_indx*.dat in Gloc_l11_s2_iw.tgz
Updated impHloc:
chi^2|iter_ineq0001=    1.532666467E-07 |     7  <--  Orb1 Spin1
            #Ek_l1_s1              Vk_l1_s1             #Ek_l1_s2              Vk_l1_s2
      -1.250174438309        0.366885852887       -3.577310302000       -0.000022483826
      -0.283306537033        0.206807884893       -1.340146460647        0.000893642251
      -0.132122426852        0.171305382644       -0.331215736359        0.109615314151
       0.329846921266        0.108189642514       -0.901486257554       -0.086416774366
       1.105886956962       -0.116458283394        0.158203399667        0.227434628097
       3.529572160751       -0.000000063457        0.874975745744        0.362180426816
Updated impHloc:
chi^2|iter_ineq0001=    8.118796430E-06 |     4  <--  Orb1 Spin2
            #Ek_l1_s1              Vk_l1_s1             #Ek_l1_s2              Vk_l1_s2
      -1.250174438309        0.366885852887       -3.577310302000       -0.000022423599
      -0.283306537033        0.206807884893       -1.340146461063        0.000892078564
      -0.132122426852        0.171305382644       -0.331352566073        0.108858024425
       0.329846921266        0.108189642514       -0.901495247512       -0.086205560718
       1.105886956962       -0.116458283394        0.158146023670        0.227282054930
       3.529572160751       -0.000000063457        0.874994926618        0.362404357923
[1;91mmax error=[0m  4.3618777E-05
[1;91m    error=[0m  4.3618777E-05
[1;91mmin error=[0m  4.3618777E-05
=====================================
Total time [h:m:s.ms]:   0:00:01.395



-----DMFT-loop   10 (max:  100)-----
 0 SOLVES INEQ SITE: 0001
Updated impHloc:
            #Ek_l1_s1              Vk_l1_s1             #Ek_l1_s2              Vk_l1_s2
      -1.250169928191        0.366701170830       -3.577310302000       -0.000022453713
      -0.283219908074        0.206845865662       -1.340146460855        0.000892860407
      -0.132184705258        0.171326648520       -0.331284151216        0.109236669288
       0.329762966488        0.108552946454       -0.901490752533       -0.086311167542
       1.105883497258       -0.116547776346        0.158174711668        0.227358341513
       3.529572160751       -0.000000063457        0.874985336181        0.362292392369
Diagonalize impurity H:
 
  +ETA --> fort.6
  10% |ETA: 0:00:00.521 @21 May 2019  10:53:16
  20% |ETA: 0:00:00.564
  31% |ETA: 0:00:00.703
  40% |ETA: 0:00:00.578
  50% |ETA: 0:00:00.708 @21 May 2019  10:53:16
  60% |ETA: 0:00:00.579
  70% |ETA: 0:00:00.895
  81% |ETA: 0:00:00.526
  90% |ETA: 0:00:00.571
 100% |ETA: 0:00:00.000
Total time [h:m:s.ms]:   0:00:00.347
#     i               E_i       exp(-(E-E0)/T)       Sect       Dim    Indices:
     1   -8.676184062697   1.000000000000E+00         30       735   3   5
Egs =     -8.676184062697   3   5
Z   =      1.000000000000
Get impurity Greens functions:
Get G_l1_s1
Total time [h:m:s.ms]:   0:00:00.019
Get G_l1_s2
Total time [h:m:s.ms]:   0:00:00.019
dens_ineq0001=    0.999923987310    0.999923987310
docc_ineq0001=    0.053009691919
mag _ineq0001=   -0.816466244114
Total time [h:m:s.ms]:   0:00:00.434
Get local Matsubara Green's function (no print)
Direct Inversion algorithm:
 
  +ETA --> fort.6
  10% |ETA: 0:00:00.770 @21 May 2019  10:53:16
  20% |ETA: 0:00:00.666
  30% |ETA: 0:00:00.580
  40% |ETA: 0:00:00.502
  50% |ETA: 0:00:00.841 @21 May 2019  10:53:17
  60% |ETA: 0:00:00.676
  70% |ETA: 0:00:00.506
  80% |ETA: 0:00:00.675
  90% |ETA: 0:00:00.674
 100% |ETA: 0:00:00.000
Total time [h:m:s.ms]:   0:00:00.843
Gloc matsubara: write spin-orbital diagonal elements. Split.
Store Gloc_l11_s1_iw_indx*.dat in Gloc_l11_s1_iw.tgz
Store Gloc_l11_s2_iw_indx*.dat in Gloc_l11_s2_iw.tgz
Updated impHloc:
chi^2|iter_ineq0001=    1.539617743E-07 |     4  <--  Orb1 Spin1
            #Ek_l1_s1              Vk_l1_s1             #Ek_l1_s2              Vk_l1_s2
      -1.250167144515        0.366839621775       -3.577310302000       -0.000022453713
      -0.283273075842        0.206821786352       -1.340146460855        0.000892860407
      -0.132117492919        0.171295820326       -0.331284151216        0.109236669288
       0.329839706256        0.108107558359       -0.901490752533       -0.086311167542
       1.105890673796       -0.116428344591        0.158174711668        0.227358341513
       3.529572160751       -0.000000063457        0.874985336181        0.362292392369
Updated impHloc:
chi^2|iter_ineq0001=    8.114167970E-06 |     4  <--  Orb1 Spin2
            #Ek_l1_s1              Vk_l1_s1             #Ek_l1_s2              Vk_l1_s2
      -1.250167144515        0.366839621775       -3.577310302000       -0.000022442611
      -0.283273075842        0.206821786352       -1.340146461044        0.000891819839
      -0.132117492919        0.171295820326       -0.331369290056        0.108811722812
       0.329839706256        0.108107558359       -0.901494587290       -0.086185269979
       1.105890673796       -0.116428344591        0.158129413206        0.227258734331
       3.529572160751       -0.000000063457        0.875000529867        0.362433705745
[1;91mmax error=[0m  2.3181118E-05
[1;91m    error=[0m  2.3181118E-05
[1;91mmin error=[0m  2.3181118E-05
=====================================
Total time [h:m:s.ms]:   0:00:01.394



-----DMFT-loop   11 (max:  100)-----
 0 SOLVES INEQ SITE: 0001
Updated impHloc:
            #Ek_l1_s1              Vk_l1_s1             #Ek_l1_s2              Vk_l1_s2
      -1.250168536353        0.366770396302       -3.577310302000       -0.000022448162
      -0.283246491958        0.206833826007       -1.340146460949        0.000892340123
      -0.132151099089        0.171311234423       -0.331326720636        0.109024196050
       0.329801336372        0.108330252406       -0.901492669912       -0.086248218761
       1.105887085527       -0.116488060468        0.158152062437        0.227308537922
       3.529572160751       -0.000000063457        0.874992933024        0.362363049057
Diagonalize impurity H:
 
  +ETA --> fort.6
  10% |ETA: 0:00:00.521 @21 May 2019  10:53:17
  20% |ETA: 0:00:00.564
  31% |ETA: 0:00:00.695
  40% |ETA: 0:00:00.578
  50% |ETA: 0:00:00.704 @21 May 2019  10:53:17
  60% |ETA: 0:00:00.574
  70% |ETA: 0:00:00.891
  81% |ETA: 0:00:00.524
  90% |ETA: 0:00:00.571
 100% |ETA: 0:00:00.000
Total time [h:m:s.ms]:   0:00:00.347
#     i               E_i       exp(-(E-E0)/T)       Sect       Dim    Indices:
     1   -8.676226490638   1.000000000000E+00         30       735   3   5
Egs =     -8.676226490638   3   5
Z   =      1.000000000000
Get impurity Greens functions:
Get G_l1_s1
Total time [h:m:s.ms]:   0:00:00.018
Get G_l1_s2
Total time [h:m:s.ms]:   0:00:00.020
dens_ineq0001=    0.999925972428    0.999925972428
docc_ineq0001=    0.053004812509
mag _ineq0001=   -0.816523825151
Total time [h:m:s.ms]:   0:00:00.433
Get local Matsubara Green's function (no print)
Direct Inversion algorithm:
 
  +ETA --> fort.6
  10% |ETA: 0:00:00.770 @21 May 2019  10:53:18
  20% |ETA: 0:00:00.678
  30% |ETA: 0:00:00.596
  40% |ETA: 0:00:00.512
  50% |ETA: 0:00:00.847 @21 May 2019  10:53:18
  60% |ETA: 0:00:00.671
  70% |ETA: 0:00:00.502
  80% |ETA: 0:00:00.669
  90% |ETA: 0:00:00.669
 100% |ETA: 0:00:00.000
Total time [h:m:s.ms]:   0:00:00.838
Gloc matsubara: write spin-orbital diagonal elements. Split.
Store Gloc_l11_s1_iw_indx*.dat in Gloc_l11_s1_iw.tgz
Store Gloc_l11_s2_iw_indx*.dat in Gloc_l11_s2_iw.tgz
Updated impHloc:
chi^2|iter_ineq0001=    1.542304184E-07 |     4  <--  Orb1 Spin1
            #Ek_l1_s1              Vk_l1_s1             #Ek_l1_s2              Vk_l1_s2
      -1.250168388879        0.366851512760       -3.577310302000       -0.000022448162
      -0.283279485598        0.206815508544       -1.340146460949        0.000892340123
      -0.132108923828        0.171297142937       -0.331326720636        0.109024196050
       0.329848931340        0.108075393621       -0.901492669912       -0.086248218761
       1.105890846906       -0.116422894772        0.158152062437        0.227308537922
       3.529572160751       -0.000000063457        0.874992933024        0.362363049057
Updated impHloc:
chi^2|iter_ineq0001=    8.109177255E-06 |     6  <--  Orb1 Spin2
            #Ek_l1_s1              Vk_l1_s1             #Ek_l1_s2              Vk_l1_s2
      -1.250168388879        0.366851512760       -3.577310301998       -0.000022140044
      -0.283279485598        0.206815508544       -1.340146460260        0.000889565925
      -0.132108923828        0.171297142937       -0.331494005794        0.108887747425
       0.329848931340        0.108075393621       -0.901474462936       -0.086101038927
       1.105890846906       -0.116422894772        0.158049512426        0.227164499098
       3.529572160751       -0.000000063457        0.875057276527        0.362630758036
[1;91mmax error=[0m  1.2880748E-05
[1;91m    error=[0m  1.2880748E-05
[1;91mmin error=[0m  1.2880748E-05
=====================================
Total time [h:m:s.ms]:   0:00:01.393



-----DMFT-loop   12 (max:  100)-----
 0 SOLVES INEQ SITE: 0001
Updated impHloc:
            #Ek_l1_s1              Vk_l1_s1             #Ek_l1_s2              Vk_l1_s2
      -1.250168462616        0.366810954531       -3.577310301999       -0.000022294103
      -0.283262988778        0.206824667276       -1.340146460605        0.000890953024
      -0.132130011458        0.171304188680       -0.331410363215        0.108955971737
       0.329825133856        0.108202823014       -0.901483566424       -0.086174628844
       1.105888966217       -0.116455477620        0.158100787432        0.227236518510
       3.529572160751       -0.000000063457        0.875025104775        0.362496903547
Diagonalize impurity H:
 
  +ETA --> fort.6
  10% |ETA: 0:00:00.521 @21 May 2019  10:53:19
  20% |ETA: 0:00:00.580
  31% |ETA: 0:00:00.703
  40% |ETA: 0:00:00.584
  50% |ETA: 0:00:00.712 @21 May 2019  10:53:19
  60% |ETA: 0:00:00.584
  70% |ETA: 0:00:00.908
  81% |ETA: 0:00:00.533
  90% |ETA: 0:00:00.579
 100% |ETA: 0:00:00.000
Total time [h:m:s.ms]:   0:00:00.352
#     i               E_i       exp(-(E-E0)/T)       Sect       Dim    Indices:
     1   -8.676316931916   1.000000000000E+00         30       735   3   5
Egs =     -8.676316931916   3   5
Z   =      1.000000000000
Get impurity Greens functions:
Get G_l1_s1
Total time [h:m:s.ms]:   0:00:00.018
Get G_l1_s2
Total time [h:m:s.ms]:   0:00:00.020
dens_ineq0001=    0.999924246936    0.999924246936
docc_ineq0001=    0.053002351847
mag _ineq0001=   -0.816558838655
Total time [h:m:s.ms]:   0:00:00.439
Get local Matsubara Green's function (no print)
Direct Inversion algorithm:
 
  +ETA --> fort.6
  10% |ETA: 0:00:00.761 @21 May 2019  10:53:19
  20% |ETA: 0:00:00.670
  30% |ETA: 0:00:00.587
  40% |ETA: 0:00:00.507
  50% |ETA: 0:00:00.843 @21 May 2019  10:53:19
  60% |ETA: 0:00:00.672
  70% |ETA: 0:00:00.503
  80% |ETA: 0:00:00.672
  90% |ETA: 0:00:00.676
 100% |ETA: 0:00:00.000
Total time [h:m:s.ms]:   0:00:00.848
Gloc matsubara: write spin-orbital diagonal elements. Split.
Store Gloc_l11_s1_iw_indx*.dat in Gloc_l11_s1_iw.tgz
Store Gloc_l11_s2_iw_indx*.dat in Gloc_l11_s2_iw.tgz
Updated impHloc:
chi^2|iter_ineq0001=    1.485289744E-07 |    11  <--  Orb1 Spin1
            #Ek_l1_s1              Vk_l1_s1             #Ek_l1_s2              Vk_l1_s2
      -1.250632386597        0.367510046533       -3.577310301999       -0.000022294103
      -0.284116714271        0.205899564564       -1.340146460605        0.000890953024
      -0.132536333566        0.172184331190       -0.331410363215        0.108955971737
       0.331034361617        0.108110127241       -0.901483566424       -0.086174628844
       1.105776719678       -0.117442660346        0.158100787432        0.227236518510
       3.529572160751       -0.000000063457        0.875025104775        0.362496903547
Updated impHloc:
chi^2|iter_ineq0001=    8.050773568E-06 |    11  <--  Orb1 Spin2
            #Ek_l1_s1              Vk_l1_s1             #Ek_l1_s2              Vk_l1_s2
      -1.250632386597        0.367510046533       -3.577310301820       -0.000048639389
      -0.284116714271        0.205899564564       -1.340146392017        0.000729644391
      -0.132536333566        0.172184331190       -0.343573005244        0.112182978157
       0.331034361617        0.108110127241       -0.899866988407       -0.081381469018
       1.105776719678       -0.117442660346        0.158237539585        0.227444179530
       3.529572160751       -0.000000063457        0.880062606536        0.363332174604
[1;93mmax error=[0m  9.6436337E-06
[1;93m    error=[0m  9.6436337E-06
[1;93mmin error=[0m  9.6436337E-06
=====================================
Total time [h:m:s.ms]:   0:00:01.444



-----DMFT-loop   13 (max:  100)-----
 0 SOLVES INEQ SITE: 0001
Updated impHloc:
            #Ek_l1_s1              Vk_l1_s1             #Ek_l1_s2              Vk_l1_s2
      -1.250400424606        0.367160500532       -3.577310301909       -0.000035466746
      -0.283689851525        0.206362115920       -1.340146426311        0.000810298707
      -0.132333172512        0.171744259935       -0.337491684230        0.110569474947
       0.330429747737        0.108156475127       -0.900675277415       -0.083778048931
       1.105832842947       -0.116949068983        0.158169163508        0.227340349020
       3.529572160751       -0.000000063457        0.877543855656        0.362914539075
Diagonalize impurity H:
 
  +ETA --> fort.6
  10% |ETA: 0:00:00.521 @21 May 2019  10:53:20
  20% |ETA: 0:00:00.564
  31% |ETA: 0:00:00.712
  40% |ETA: 0:00:00.584
  50% |ETA: 0:00:00.712 @21 May 2019  10:53:20
  60% |ETA: 0:00:00.584
  70% |ETA: 0:00:00.905
  81% |ETA: 0:00:00.531
  90% |ETA: 0:00:00.579
 100% |ETA: 0:00:00.000
Total time [h:m:s.ms]:   0:00:00.352
#     i               E_i       exp(-(E-E0)/T)       Sect       Dim    Indices:
     1   -8.682610952085   1.000000000000E+00         30       735   3   5
Egs =     -8.682610952085   3   5
Z   =      1.000000000000
Get impurity Greens functions:
Get G_l1_s1
Total time [h:m:s.ms]:   0:00:00.018
Get G_l1_s2
Total time [h:m:s.ms]:   0:00:00.020
dens_ineq0001=    0.999927233094    0.999927233094
docc_ineq0001=    0.053014927293
mag _ineq0001=   -0.816582453393
Total time [h:m:s.ms]:   0:00:00.438
Get local Matsubara Green's function (no print)
Direct Inversion algorithm:
 
  +ETA --> fort.6
  10% |ETA: 0:00:00.770 @21 May 2019  10:53:21
  20% |ETA: 0:00:00.682
  30% |ETA: 0:00:00.596
  40% |ETA: 0:00:00.510
  50% |ETA: 0:00:00.845 @21 May 2019  10:53:21
  60% |ETA: 0:00:00.671
  70% |ETA: 0:00:00.502
  80% |ETA: 0:00:00.670
  90% |ETA: 0:00:00.672
 100% |ETA: 0:00:00.500
Total time [h:m:s.ms]:   0:00:00.842
Gloc matsubara: write spin-orbital diagonal elements. Split.
Store Gloc_l11_s1_iw_indx*.dat in Gloc_l11_s1_iw.tgz
Store Gloc_l11_s2_iw_indx*.dat in Gloc_l11_s2_iw.tgz
Updated impHloc:
chi^2|iter_ineq0001=    1.492677401E-07 |     4  <--  Orb1 Spin1
            #Ek_l1_s1              Vk_l1_s1             #Ek_l1_s2              Vk_l1_s2
      -1.250403211010        0.367193084640       -3.577310301909       -0.000035466746
      -0.283706788928        0.206355707173       -1.340146426311        0.000810298707
      -0.132316835707        0.171744802184       -0.337491684230        0.110569474947
       0.330450019963        0.108047493693       -0.900675277415       -0.083778048931
       1.105834306612       -0.116918362222        0.158169163508        0.227340349020
       3.529572160751       -0.000000063457        0.877543855656        0.362914539075
Updated impHloc:
chi^2|iter_ineq0001=    8.046641275E-06 |    10  <--  Orb1 Spin2
            #Ek_l1_s1              Vk_l1_s1             #Ek_l1_s2              Vk_l1_s2
      -1.250403211010        0.367193084640       -3.577310301900       -0.000034916171
      -0.283706788928        0.206355707173       -1.340146417785        0.000769614523
      -0.132316835707        0.171744802184       -0.337810806524        0.111094979120
       0.330450019963        0.108047493693       -0.900440402864       -0.080997430292
       1.105834306612       -0.116918362222        0.158253780980        0.227446976877
       3.529572160751       -0.000000063457        0.878339705562        0.362652147234
[1;91mmax error=[0m  1.6040947E-05
[1;91m    error=[0m  1.6040947E-05
[1;91mmin error=[0m  1.6040947E-05
=====================================
Total time [h:m:s.ms]:   0:00:01.410



-----DMFT-loop   14 (max:  100)-----
 0 SOLVES INEQ SITE: 0001
Updated impHloc:
            #Ek_l1_s1              Vk_l1_s1             #Ek_l1_s2              Vk_l1_s2
      -1.250401817808        0.367176792586       -3.577310301905       -0.000035191459
      -0.283698320227        0.206358911546       -1.340146422048        0.000789956615
      -0.132325004110        0.171744531060       -0.337651245377        0.110832227034
       0.330439883850        0.108101984410       -0.900557840140       -0.082387739611
       1.105833574780       -0.116933715602        0.158211472244        0.227393662948
       3.529572160751       -0.000000063457        0.877941780609        0.362783343155
Diagonalize impurity H:
 
  +ETA --> fort.6
  10% |ETA: 0:00:00.521 @21 May 2019  10:53:21
  20% |ETA: 0:00:00.580
  31% |ETA: 0:00:00.695
  40% |ETA: 0:00:00.578
  50% |ETA: 0:00:00.708 @21 May 2019  10:53:22
  60% |ETA: 0:00:00.582
  70% |ETA: 0:00:00.905
  81% |ETA: 0:00:00.533
  90% |ETA: 0:00:00.579
 100% |ETA: 0:00:00.000
Total time [h:m:s.ms]:   0:00:00.352
#     i               E_i       exp(-(E-E0)/T)       Sect       Dim    Indices:
     1   -8.682609267996   1.000000000000E+00         30       735   3   5
Egs =     -8.682609267996   3   5
Z   =      1.000000000000
Get impurity Greens functions:
Get G_l1_s1
Total time [h:m:s.ms]:   0:00:00.019
Get G_l1_s2
Total time [h:m:s.ms]:   0:00:00.020
dens_ineq0001=    0.999943714342    0.999943714342
docc_ineq0001=    0.053011313934
mag _ineq0001=   -0.816631119754
Total time [h:m:s.ms]:   0:00:00.441
Get local Matsubara Green's function (no print)
Direct Inversion algorithm:
 
  +ETA --> fort.6
  10% |ETA: 0:00:00.761 @21 May 2019  10:53:22
  20% |ETA: 0:00:00.670
  30% |ETA: 0:00:00.584
  40% |ETA: 0:00:00.507
  50% |ETA: 0:00:00.849 @21 May 2019  10:53:22
  60% |ETA: 0:00:00.679
  70% |ETA: 0:00:00.507
  80% |ETA: 0:00:00.671
  90% |ETA: 0:00:00.669
 100% |ETA: 0:00:00.***
Total time [h:m:s.ms]:   0:00:00.840
Gloc matsubara: write spin-orbital diagonal elements. Split.
Store Gloc_l11_s1_iw_indx*.dat in Gloc_l11_s1_iw.tgz
Store Gloc_l11_s2_iw_indx*.dat in Gloc_l11_s2_iw.tgz
Updated impHloc:
chi^2|iter_ineq0001=    1.493331193E-07 |     4  <--  Orb1 Spin1
            #Ek_l1_s1              Vk_l1_s1             #Ek_l1_s2              Vk_l1_s2
      -1.250406716645        0.367196661443       -3.577310301905       -0.000035191459
      -0.283712745489        0.206351160556       -1.340146422048        0.000789956615
      -0.132309709381        0.171752631870       -0.337651245377        0.110832227034
       0.330455353606        0.108032375981       -0.900557840140       -0.082387739611
       1.105834158315       -0.116914426512        0.158211472244        0.227393662948
       3.529572160751       -0.000000063457        0.877941780609        0.362783343155
Updated impHloc:
chi^2|iter_ineq0001=    8.049676693E-06 |     4  <--  Orb1 Spin2
            #Ek_l1_s1              Vk_l1_s1             #Ek_l1_s2              Vk_l1_s2
      -1.250406716645        0.367196661443       -3.577310301905       -0.000035117237
      -0.283712745489        0.206351160556       -1.340146421906        0.000789302280
      -0.132309709381        0.171752631870       -0.337689384168        0.110773893882
       0.330455353606        0.108032375981       -0.900554007705       -0.082349518126
       1.105834158315       -0.116914426512        0.158195878325        0.227373084436
       3.529572160751       -0.000000063457        0.877950951106        0.362790608247
[1;93mmax error=[0m  8.9102871E-06
[1;93m    error=[0m  8.9102871E-06
[1;93mmin error=[0m  8.9102871E-06
=====================================
Total time [h:m:s.ms]:   0:00:01.401



-----DMFT-loop   15 (max:  100)-----
 0 SOLVES INEQ SITE: 0001
Updated impHloc:
            #Ek_l1_s1              Vk_l1_s1             #Ek_l1_s2              Vk_l1_s2
      -1.250404267226        0.367186727015       -3.577310301905       -0.000035154348
      -0.283705532858        0.206355036051       -1.340146421977        0.000789629448
      -0.132317356746        0.171748581465       -0.337670314772        0.110803060458
       0.330447618728        0.108067180196       -0.900555923922       -0.082368628869
       1.105833866547       -0.116924071057        0.158203675285        0.227383373692
       3.529572160751       -0.000000063457        0.877946365857        0.362786975701
Diagonalize impurity H:
 
  +ETA --> fort.6
  10% |ETA: 0:00:00.521 @21 May 2019  10:53:23
  20% |ETA: 0:00:00.580
  31% |ETA: 0:00:00.712
  40% |ETA: 0:00:00.584
  50% |ETA: 0:00:00.708 @21 May 2019  10:53:23
  60% |ETA: 0:00:00.584
  70% |ETA: 0:00:00.905
  81% |ETA: 0:00:00.533
  90% |ETA: 0:00:00.577
 100% |ETA: 0:00:00.000
Total time [h:m:s.ms]:   0:00:00.351
#     i               E_i       exp(-(E-E0)/T)       Sect       Dim    Indices:
     1   -8.682627107928   1.000000000000E+00         30       735   3   5
Egs =     -8.682627107928   3   5
Z   =      1.000000000000
Get impurity Greens functions:
Get G_l1_s1
Total time [h:m:s.ms]:   0:00:00.019
Get G_l1_s2
Total time [h:m:s.ms]:   0:00:00.019
dens_ineq0001=    0.999945499147    0.999945499147
docc_ineq0001=    0.053011015083
mag _ineq0001=   -0.816638753350
Total time [h:m:s.ms]:   0:00:00.438
Get local Matsubara Green's function (no print)
Direct Inversion algorithm:
 
  +ETA --> fort.6
  10% |ETA: 0:00:00.761 @21 May 2019  10:53:23
  20% |ETA: 0:00:00.670
  30% |ETA: 0:00:00.580
  40% |ETA: 0:00:00.995
  50% |ETA: 0:00:00.835 @21 May 2019  10:53:24
  60% |ETA: 0:00:00.670
  70% |ETA: 0:00:00.502
  80% |ETA: 0:00:00.667
  90% |ETA: 0:00:00.671
 100% |ETA: 0:00:00.500
Total time [h:m:s.ms]:   0:00:00.842
Gloc matsubara: write spin-orbital diagonal elements. Split.
Store Gloc_l11_s1_iw_indx*.dat in Gloc_l11_s1_iw.tgz
Store Gloc_l11_s2_iw_indx*.dat in Gloc_l11_s2_iw.tgz
Updated impHloc:
chi^2|iter_ineq0001=    1.131624107E-07 |    61  <--  Orb1 Spin1
            #Ek_l1_s1              Vk_l1_s1             #Ek_l1_s2              Vk_l1_s2
      -1.262514672836        0.364056293607       -3.577310301905       -0.000035154348
      -0.304401317590        0.202981871426       -1.340146421977        0.000789629448
      -0.136043866834        0.180749532788       -0.337670314772        0.110803060458
       0.334768865406        0.109494686537       -0.900555923922       -0.082368628869
       1.104729156505       -0.113138930908        0.158203675285        0.227383373692
       3.529572160751       -0.000000063457        0.877946365857        0.362786975701
Updated impHloc:
chi^2|iter_ineq0001=    8.048997895E-06 |     4  <--  Orb1 Spin2
            #Ek_l1_s1              Vk_l1_s1             #Ek_l1_s2              Vk_l1_s2
      -1.262514672836        0.364056293607       -3.577310301904       -0.000035130127
      -0.304401317590        0.202981871426       -1.340146421869        0.000789214514
      -0.136043866834        0.180749532788       -0.337694457968        0.110771421169
       0.334768865406        0.109494686537       -0.900553277335       -0.082344864252
       1.104729156505       -0.113138930908        0.158195016162        0.227369810069
       3.529572160751       -0.000000063457        0.877952319391        0.362790842220
[1;92mmax error=[0m  2.0716292E-06
[1;92m    error=[0m  2.0716292E-06
[1;92mmin error=[0m  2.0716292E-06
=====================================
Total time [h:m:s.ms]:   0:00:01.554


Get local Realaxis Green's function (no print)
Direct Inversion algorithm:
 
  +ETA --> fort.6
  10% |ETA: 0:00:00.753 @21 May 2019  10:53:24
  20% |ETA: 0:00:00.662
  30% |ETA: 0:00:00.573
  40% |ETA: 0:00:00.995
  50% |ETA: 0:00:00.831 @21 May 2019  10:53:25
  60% |ETA: 0:00:00.666
  70% |ETA: 0:00:00.500
  80% |ETA: 0:00:00.665
  90% |ETA: 0:00:00.666
 100% |ETA: 0:00:00.500
Total time [h:m:s.ms]:   0:00:00.417
Gloc real: write spin-orbital diagonal elements. Split.
Store Gloc_l11_s1_realw_indx*.dat in Gloc_l11_s1_realw.tgz
Store Gloc_l11_s2_realw_indx*.dat in Gloc_l11_s2_realw.tgz
