---------------MPI----------------
rank:     0 of      1 alive
----------------------------------

 warning scalar in parse_cmd array:   ULOC
 expecting a comma separated list of:            5
 wrong dimensions parsing variable:   ULOC
 expecting a comma separated list of:            5
SCIFOR VERSION (GIT): f51d8963e73e1a7f5e05ca328195b114bbdf41ec
Timestamp: +21 May 2019  10:52:31.520
 
CODE VERSION: 30030ed680c7b62ac87f0fc221aa358a61913d81
Timestamp: +21 May 2019  10:52:31.520
 
store size =10240Kb
 Using Neel symmetry to refold BZ
 Using Nineq sites=           1
 Symmetries used are:
 (site=2,l,s)=(site=1,l,-s)
 Using Nk_total=361
Using Reciprocal Lattice vectors:
bk_x = [  3.1416 -3.1416  0.0000]
bk_y = [  0.0000  6.2832  0.0000]
bk_z = [  0.0000  0.0000  6.2832]
Get local Realaxis Green's function (no print)
Direct Inversion algorithm:
 
  +ETA --> fort.6
  10% |ETA: 0:00:00.919 @21 May 2019  10:52:31
  20% |ETA: 0:00:00.808
  30% |ETA: 0:00:00.705
  40% |ETA: 0:00:00.598
  50% |ETA: 0:00:00.500 @21 May 2019  10:52:32
  60% |ETA: 0:00:00.804
  70% |ETA: 0:00:00.607
  80% |ETA: 0:00:00.815
  90% |ETA: 0:00:00.816
 100% |ETA: 0:00:00.000
Total time [h:m:s.ms]:   0:00:01.020
dos_Hk real: write spin-orbital diagonal elements.
 Solving model along the path:
Point1: [ 0.0000 0.0000 0.0000]
Point2: [ 3.1416 0.0000 0.0000]
Point3: [ 3.1416 3.1416 0.0000]
Point4: [ 0.0000 0.0000 0.0000]
INIT SOLVER FOR _ineq0001
Summary:
--------------------------------------------
# of levels/spin      =               7
Total size            =              14
# of impurities       =               1
# of bath/impurity    =               6
# of Bath levels/spin =               6
Number of sectors     =              64
Ns_Orb                =               7
Ns_Ud                 =               1
Largest Sector(s)     =       35        35                1225
--------------------------------------------
Required Lanc_nstates_total=1 => set T=0 calculation
Lanczos ZERO temperature calculation:
Updated impHloc:
Reading bath from filehamiltonian_ineq0001.restart
there are        6 lines in +hamiltonian_ineq0001.restart

-----DMFT-loop    1 (max:  100)-----
 0 SOLVES INEQ SITE: 0001
Updated impHloc:
            #Ek_l1_s1              Vk_l1_s1             #Ek_l1_s2              Vk_l1_s2
      -1.016890185587        0.348969474338       -3.477310301968        0.000066520567
      -0.213857430491        0.229518300964       -1.240174820299       -0.009801770983
      -0.041033950989        0.164545886552       -0.436147646901        0.107802930863
       0.450474104135        0.116996095703       -0.819094993206        0.118237735504
       1.046032112868       -0.131489299082        0.070402534027        0.223725155145
       3.429572160751       -0.000000063457        0.671392048599        0.364077714407
Diagonalize impurity H:
 
  +ETA --> fort.6
  10% |ETA: 0:00:00.521 @21 May 2019  10:52:34
  20% |ETA: 0:00:00.564
  31% |ETA: 0:00:00.703
  40% |ETA: 0:00:00.578
  50% |ETA: 0:00:00.708 @21 May 2019  10:52:34
  60% |ETA: 0:00:00.576
  70% |ETA: 0:00:00.891
  81% |ETA: 0:00:00.526
  90% |ETA: 0:00:00.571
 100% |ETA: 0:00:00.000
Total time [h:m:s.ms]:   0:00:00.346
#     i               E_i       exp(-(E-E0)/T)       Sect       Dim    Indices:
     1   -8.097319457805   1.000000000000E+00         30       735   3   5
Egs =     -8.097319457805   3   5
Z   =      1.000000000000
Get impurity Greens functions:
Get G_l1_s1
Total time [h:m:s.ms]:   0:00:00.018
Get G_l1_s2
Total time [h:m:s.ms]:   0:00:00.019
dens_ineq0001=    0.999843223730    0.999843223730
docc_ineq0001=    0.070942823974
mag _ineq0001=   -0.672567217949
Total time [h:m:s.ms]:   0:00:00.432
Get local Matsubara Green's function (no print)
Direct Inversion algorithm:
 
  +ETA --> fort.6
  10% |ETA: 0:00:00.761 @21 May 2019  10:52:35
  20% |ETA: 0:00:00.678
  30% |ETA: 0:00:00.589
  40% |ETA: 0:00:00.506
  50% |ETA: 0:00:00.843 @21 May 2019  10:52:35
  60% |ETA: 0:00:00.672
  70% |ETA: 0:00:00.504
  80% |ETA: 0:00:00.671
  90% |ETA: 0:00:00.670
 100% |ETA: 0:00:00.000
Total time [h:m:s.ms]:   0:00:00.839
Gloc matsubara: write spin-orbital diagonal elements. Split.
Store Gloc_l11_s1_iw_indx*.dat in Gloc_l11_s1_iw.tgz
Store Gloc_l11_s2_iw_indx*.dat in Gloc_l11_s2_iw.tgz
Updated impHloc:
chi^2|iter_ineq0001=    2.250102754E-07 |   494  <--  Orb1 Spin1
            #Ek_l1_s1              Vk_l1_s1             #Ek_l1_s2              Vk_l1_s2
      -1.148991017520        0.335672362561       -3.477310301968        0.000066520567
      -0.269906468641        0.225809862984       -1.240174820299       -0.009801770983
      -0.131824577944        0.160926836576       -0.436147646901        0.107802930863
       0.274421170973        0.134259695368       -0.819094993206        0.118237735504
       1.028984589186       -0.144045940790        0.070402534027        0.223725155145
       3.429572160751       -0.000000063457        0.671392048599        0.364077714407
Updated impHloc:
chi^2|iter_ineq0001=    8.326261484E-06 |   279  <--  Orb1 Spin2
            #Ek_l1_s1              Vk_l1_s1             #Ek_l1_s2              Vk_l1_s2
      -1.148991017520        0.335672362561       -3.477310301755        0.000043931138
      -0.269906468641        0.225809862984       -1.240151436764       -0.010213647634
      -0.131824577944        0.160926836576       -0.274127490873        0.133291656092
       0.274421170973        0.134259695368       -0.816118625591        0.117517075687
       1.028984589186       -0.144045940790        0.163881251304        0.233420021859
       3.429572160751       -0.000000063457        0.778554837483        0.338059185532
[1;91mmax error=[0m  1.0000000E+00
[1;91m    error=[0m  1.0000000E+00
[1;91mmin error=[0m  1.0000000E+00
=====================================
Total time [h:m:s.ms]:   0:00:03.195



-----DMFT-loop    2 (max:  100)-----
 0 SOLVES INEQ SITE: 0001
Updated impHloc:
            #Ek_l1_s1              Vk_l1_s1             #Ek_l1_s2              Vk_l1_s2
      -1.148991017520        0.335672362561       -3.477310301755        0.000043931138
      -0.269906468641        0.225809862984       -1.240151436764       -0.010213647634
      -0.131824577944        0.160926836576       -0.274127490873        0.133291656092
       0.274421170973        0.134259695368       -0.816118625591        0.117517075687
       1.028984589186       -0.144045940790        0.163881251304        0.233420021859
       3.429572160751       -0.000000063457        0.778554837483        0.338059185532
Diagonalize impurity H:
 
  +ETA --> fort.6
  10% |ETA: 0:00:00.521 @21 May 2019  10:52:37
  20% |ETA: 0:00:00.596
  31% |ETA: 0:00:00.712
  40% |ETA: 0:00:00.590
  50% |ETA: 0:00:00.712 @21 May 2019  10:52:37
  60% |ETA: 0:00:00.587
  70% |ETA: 0:00:00.908
  81% |ETA: 0:00:00.537
  90% |ETA: 0:00:00.580
 100% |ETA: 0:00:00.000
Total time [h:m:s.ms]:   0:00:00.353
#     i               E_i       exp(-(E-E0)/T)       Sect       Dim    Indices:
     1   -8.177425733456   1.000000000000E+00         30       735   3   5
Egs =     -8.177425733456   3   5
Z   =      1.000000000000
Get impurity Greens functions:
Get G_l1_s1
Total time [h:m:s.ms]:   0:00:00.018
Get G_l1_s2
Total time [h:m:s.ms]:   0:00:00.020
dens_ineq0001=    1.000018099040    1.000018099040
docc_ineq0001=    0.060657575614
mag _ineq0001=   -0.780428325686
Total time [h:m:s.ms]:   0:00:00.439
Get local Matsubara Green's function (no print)
Direct Inversion algorithm:
 
  +ETA --> fort.6
  10% |ETA: 0:00:00.753 @21 May 2019  10:52:38
  20% |ETA: 0:00:00.666
  30% |ETA: 0:00:00.587
  40% |ETA: 0:00:00.995
  50% |ETA: 0:00:00.827 @21 May 2019  10:52:38
  60% |ETA: 0:00:00.664
  70% |ETA: 0:00:00.500
  80% |ETA: 0:00:00.668
  90% |ETA: 0:00:00.668
 100% |ETA: 0:00:00.500
Total time [h:m:s.ms]:   0:00:00.837
Gloc matsubara: write spin-orbital diagonal elements. Split.
Store Gloc_l11_s1_iw_indx*.dat in Gloc_l11_s1_iw.tgz
Store Gloc_l11_s2_iw_indx*.dat in Gloc_l11_s2_iw.tgz
Updated impHloc:
chi^2|iter_ineq0001=    5.015211257E-08 |   270  <--  Orb1 Spin1
            #Ek_l1_s1              Vk_l1_s1             #Ek_l1_s2              Vk_l1_s2
      -1.367224875200        0.352417172324       -3.477310301755        0.000043931138
      -0.346535966441        0.228467471613       -1.240151436764       -0.010213647634
      -0.143568179522        0.183114336150       -0.274127490873        0.133291656092
       0.321458860846        0.116536212220       -0.816118625591        0.117517075687
       1.011167738646       -0.130931924781        0.163881251304        0.233420021859
       3.429572160751       -0.000000063457        0.778554837483        0.338059185532
Updated impHloc:
chi^2|iter_ineq0001=    7.951001499E-06 |    67  <--  Orb1 Spin2
            #Ek_l1_s1              Vk_l1_s1             #Ek_l1_s2              Vk_l1_s2
      -1.367224875200        0.352417172324       -3.477310302008        0.000003999469
      -0.346535966441        0.228467471613       -1.240136021475       -0.005529892362
      -0.143568179522        0.183114336150       -0.330318246794        0.119885728203
       0.321458860846        0.116536212220       -0.808488348719        0.094946803072
       1.011167738646       -0.130931924781        0.167020354435        0.229683778921
       3.429572160751       -0.000000063457        0.831404742879        0.358334024962
[1;91mmax error=[0m  1.5728415E-02
[1;91m    error=[0m  1.5728415E-02
[1;91mmin error=[0m  1.5728415E-02
=====================================
Total time [h:m:s.ms]:   0:00:02.225



-----DMFT-loop    3 (max:  100)-----
 0 SOLVES INEQ SITE: 0001
Updated impHloc:
            #Ek_l1_s1              Vk_l1_s1             #Ek_l1_s2              Vk_l1_s2
      -1.258107946360        0.344044767443       -3.477310301881        0.000023965304
      -0.308221217541        0.227138667299       -1.240143729120       -0.007871769998
      -0.137696378733        0.172020586363       -0.302222868833        0.126588692147
       0.297940015910        0.125397953794       -0.812303487155        0.106231939379
       1.020076163916       -0.137488932785        0.165450802869        0.231551900390
       3.429572160751       -0.000000063457        0.804979790181        0.348196605247
Diagonalize impurity H:
 
  +ETA --> fort.6
  10% |ETA: 0:00:00.521 @21 May 2019  10:52:40
  20% |ETA: 0:00:00.564
  31% |ETA: 0:00:00.695
  40% |ETA: 0:00:00.572
  50% |ETA: 0:00:00.696 @21 May 2019  10:52:40
  60% |ETA: 0:00:00.569
  70% |ETA: 0:00:00.881
  81% |ETA: 0:00:00.520
  90% |ETA: 0:00:00.564
 100% |ETA: 0:00:00.000
Total time [h:m:s.ms]:   0:00:00.343
#     i               E_i       exp(-(E-E0)/T)       Sect       Dim    Indices:
     1   -8.357417310961   1.000000000000E+00         30       735   3   5
Egs =     -8.357417310961   3   5
Z   =      1.000000000000
Get impurity Greens functions:
Get G_l1_s1
Total time [h:m:s.ms]:   0:00:00.018
Get G_l1_s2
Total time [h:m:s.ms]:   0:00:00.020
dens_ineq0001=    0.999818263045    0.999818263045
docc_ineq0001=    0.059824709577
mag _ineq0001=   -0.789310845169
Total time [h:m:s.ms]:   0:00:00.428
Get local Matsubara Green's function (no print)
Direct Inversion algorithm:
 
  +ETA --> fort.6
  10% |ETA: 0:00:00.761 @21 May 2019  10:52:40
  20% |ETA: 0:00:00.678
  30% |ETA: 0:00:00.598
  40% |ETA: 0:00:00.515
  50% |ETA: 0:00:00.857 @21 May 2019  10:52:40
  60% |ETA: 0:00:00.684
  70% |ETA: 0:00:00.512
  80% |ETA: 0:00:00.683
  90% |ETA: 0:00:00.684
 100% |ETA: 0:00:00.000
Total time [h:m:s.ms]:   0:00:00.857
Gloc matsubara: write spin-orbital diagonal elements. Split.
Store Gloc_l11_s1_iw_indx*.dat in Gloc_l11_s1_iw.tgz
Store Gloc_l11_s2_iw_indx*.dat in Gloc_l11_s2_iw.tgz
Updated impHloc:
chi^2|iter_ineq0001=    4.227783510E-08 |    83  <--  Orb1 Spin1
            #Ek_l1_s1              Vk_l1_s1             #Ek_l1_s2              Vk_l1_s2
      -1.259966682921        0.357645164057       -3.477310301881        0.000023965304
      -0.313377086797        0.223027587508       -1.240143729120       -0.007871769998
      -0.138871784754        0.172285223188       -0.302222868833        0.126588692147
       0.327659517622        0.113664148990       -0.812303487155        0.106231939379
       1.018163893963       -0.129627009295        0.165450802869        0.231551900390
       3.429572160751       -0.000000063457        0.804979790181        0.348196605247
Updated impHloc:
chi^2|iter_ineq0001=    7.785230465E-06 |    68  <--  Orb1 Spin2
            #Ek_l1_s1              Vk_l1_s1             #Ek_l1_s2              Vk_l1_s2
      -1.259966682921        0.357645164057       -3.477310301871        0.000031072539
      -0.313377086797        0.223027587508       -1.240136207518       -0.005765100719
      -0.138871784754        0.172285223188       -0.332520157238        0.114719828700
       0.327659517622        0.113664148990       -0.808247603865        0.097737346668
       1.018163893963       -0.129627009295        0.165655713369        0.227815497658
       3.429572160751       -0.000000063457        0.826599794190        0.360637353752
[1;91mmax error=[0m  1.7567576E-03
[1;91m    error=[0m  1.7567576E-03
[1;91mmin error=[0m  1.7567576E-03
=====================================
Total time [h:m:s.ms]:   0:00:01.726



-----DMFT-loop    4 (max:  100)-----
 0 SOLVES INEQ SITE: 0001
Updated impHloc:
            #Ek_l1_s1              Vk_l1_s1             #Ek_l1_s2              Vk_l1_s2
      -1.259037314640        0.350844965750       -3.477310301876        0.000027518921
      -0.310799152169        0.225083127403       -1.240139968319       -0.006818435358
      -0.138284081744        0.172152904776       -0.317371513036        0.120654260424
       0.312799766766        0.119531051392       -0.810275545510        0.101984643024
       1.019120028939       -0.133557971040        0.165553258119        0.229683699024
       3.429572160751       -0.000000063457        0.815789792185        0.354416979499
Diagonalize impurity H:
 
  +ETA --> fort.6
  10% |ETA: 0:00:00.521 @21 May 2019  10:52:41
  20% |ETA: 0:00:00.564
  31% |ETA: 0:00:00.695
  40% |ETA: 0:00:00.572
  50% |ETA: 0:00:00.708 @21 May 2019  10:52:41
  60% |ETA: 0:00:00.579
  70% |ETA: 0:00:00.898
  81% |ETA: 0:00:00.528
  90% |ETA: 0:00:00.572
 100% |ETA: 0:00:00.000
Total time [h:m:s.ms]:   0:00:00.348
#     i               E_i       exp(-(E-E0)/T)       Sect       Dim    Indices:
     1   -8.376105979919   1.000000000000E+00         30       735   3   5
Egs =     -8.376105979919   3   5
Z   =      1.000000000000
Get impurity Greens functions:
Get G_l1_s1
Total time [h:m:s.ms]:   0:00:00.018
Get G_l1_s2
Total time [h:m:s.ms]:   0:00:00.020
dens_ineq0001=    0.999835577406    0.999835577406
docc_ineq0001=    0.059561292903
mag _ineq0001=   -0.793239662190
Total time [h:m:s.ms]:   0:00:00.435
Get local Matsubara Green's function (no print)
Direct Inversion algorithm:
 
  +ETA --> fort.6
  10% |ETA: 0:00:00.753 @21 May 2019  10:52:42
  20% |ETA: 0:00:00.666
  30% |ETA: 0:00:00.589
  40% |ETA: 0:00:00.504
  50% |ETA: 0:00:00.839 @21 May 2019  10:52:42
  60% |ETA: 0:00:00.668
  70% |ETA: 0:00:00.502
  80% |ETA: 0:00:00.668
  90% |ETA: 0:00:00.667
 100% |ETA: 0:00:00.***
Total time [h:m:s.ms]:   0:00:00.835
Gloc matsubara: write spin-orbital diagonal elements. Split.
Store Gloc_l11_s1_iw_indx*.dat in Gloc_l11_s1_iw.tgz
Store Gloc_l11_s2_iw_indx*.dat in Gloc_l11_s2_iw.tgz
Updated impHloc:
chi^2|iter_ineq0001=    3.783201801E-08 |    61  <--  Orb1 Spin1
            #Ek_l1_s1              Vk_l1_s1             #Ek_l1_s2              Vk_l1_s2
      -1.260136765900        0.357001026409       -3.477310301876        0.000027518921
      -0.320805636040        0.222193861370       -1.240139968319       -0.006818435358
      -0.139740455161        0.174850866487       -0.317371513036        0.120654260424
       0.336305908484        0.113883279089       -0.810275545510        0.101984643024
       1.017590443214       -0.125973172279        0.165553258119        0.229683699024
       3.429572160751       -0.000000063457        0.815789792185        0.354416979499
Updated impHloc:
chi^2|iter_ineq0001=    7.732228184E-06 |    30  <--  Orb1 Spin2
            #Ek_l1_s1              Vk_l1_s1             #Ek_l1_s2              Vk_l1_s2
      -1.260136765900        0.357001026409       -3.477310301829        0.000030883127
      -0.320805636040        0.222193861370       -1.240138503016       -0.006713320174
      -0.139740455161        0.174850866487       -0.327808880096        0.109715637972
       0.336305908484        0.113883279089       -0.809694890442        0.104359632341
       1.017590443214       -0.125973172279        0.164486441369        0.225934705218
       3.429572160751       -0.000000063457        0.816758006007        0.361883509402
[1;91mmax error=[0m  8.8019269E-04
[1;91m    error=[0m  8.8019269E-04
[1;91mmin error=[0m  8.8019269E-04
=====================================
Total time [h:m:s.ms]:   0:00:01.582



-----DMFT-loop    5 (max:  100)-----
 0 SOLVES INEQ SITE: 0001
Updated impHloc:
            #Ek_l1_s1              Vk_l1_s1             #Ek_l1_s2              Vk_l1_s2
      -1.259587040270        0.353922996080       -3.477310301853        0.000029201024
      -0.315802394104        0.223638494387       -1.240139235668       -0.006765877766
      -0.139012268452        0.173501885631       -0.322590196566        0.115184949198
       0.324552837625        0.116707165240       -0.809985217976        0.103172137683
       1.018355236077       -0.129765571660        0.165019849744        0.227809202121
       3.429572160751       -0.000000063457        0.816273899096        0.358150244451
Diagonalize impurity H:
 
  +ETA --> fort.6
  10% |ETA: 0:00:00.521 @21 May 2019  10:52:43
  20% |ETA: 0:00:00.580
  31% |ETA: 0:00:00.721
  40% |ETA: 0:00:00.596
  50% |ETA: 0:00:00.732 @21 May 2019  10:52:43
  60% |ETA: 0:00:00.602
  70% |ETA: 0:00:00.932
  81% |ETA: 0:00:00.548
  90% |ETA: 0:00:00.594
 100% |ETA: 0:00:00.000
Total time [h:m:s.ms]:   0:00:00.360
#     i               E_i       exp(-(E-E0)/T)       Sect       Dim    Indices:
     1   -8.388140095751   1.000000000000E+00         30       735   3   5
Egs =     -8.388140095751   3   5
Z   =      1.000000000000
Get impurity Greens functions:
Get G_l1_s1
Total time [h:m:s.ms]:   0:00:00.018
Get G_l1_s2
Total time [h:m:s.ms]:   0:00:00.020
dens_ineq0001=    0.999808267582    0.999808267582
docc_ineq0001=    0.059416582635
mag _ineq0001=   -0.795335369076
Total time [h:m:s.ms]:   0:00:00.448
Get local Matsubara Green's function (no print)
Direct Inversion algorithm:
 
  +ETA --> fort.6
  10% |ETA: 0:00:00.761 @21 May 2019  10:52:43
  20% |ETA: 0:00:00.682
  30% |ETA: 0:00:00.594
  40% |ETA: 0:00:00.513
  50% |ETA: 0:00:00.855 @21 May 2019  10:52:44
  60% |ETA: 0:00:00.683
  70% |ETA: 0:00:00.511
  80% |ETA: 0:00:00.679
  90% |ETA: 0:00:00.678
 100% |ETA: 0:00:00.***
Total time [h:m:s.ms]:   0:00:00.851
Gloc matsubara: write spin-orbital diagonal elements. Split.
Store Gloc_l11_s1_iw_indx*.dat in Gloc_l11_s1_iw.tgz
Store Gloc_l11_s2_iw_indx*.dat in Gloc_l11_s2_iw.tgz
Updated impHloc:
chi^2|iter_ineq0001=    5.014313957E-08 |    23  <--  Orb1 Spin1
            #Ek_l1_s1              Vk_l1_s1             #Ek_l1_s2              Vk_l1_s2
      -1.259277882112        0.359326593911       -3.477310301853        0.000029201024
      -0.317947273555        0.222011895094       -1.240139235668       -0.006765877766
      -0.139036027986        0.173545502356       -0.322590196566        0.115184949198
       0.329789847085        0.109950348529       -0.809985217976        0.103172137683
       1.018184639180       -0.131812203073        0.165019849744        0.227809202121
       3.429572160751       -0.000000063457        0.816273899096        0.358150244451
Updated impHloc:
chi^2|iter_ineq0001=    7.645246349E-06 |    14  <--  Orb1 Spin2
            #Ek_l1_s1              Vk_l1_s1             #Ek_l1_s2              Vk_l1_s2
      -1.259277882112        0.359326593911       -3.477310301841        0.000033930002
      -0.317947273555        0.222011895094       -1.240138583722       -0.006744175710
      -0.139036027986        0.173545502356       -0.328001718980        0.108462618965
       0.329789847085        0.109950348529       -0.809766060283        0.104540723957
       1.018184639180       -0.131812203073        0.164266695011        0.225522777797
       3.429572160751       -0.000000063457        0.816427976944        0.362437715037
[1;91mmax error=[0m  4.8087208E-04
[1;91m    error=[0m  4.8087208E-04
[1;91mmin error=[0m  4.8087208E-04
=====================================
Total time [h:m:s.ms]:   0:00:01.482



-----DMFT-loop    6 (max:  100)-----
 0 SOLVES INEQ SITE: 0001
Updated impHloc:
            #Ek_l1_s1              Vk_l1_s1             #Ek_l1_s2              Vk_l1_s2
      -1.259432461191        0.356624794995       -3.477310301847        0.000031565513
      -0.316874833830        0.222825194741       -1.240138909695       -0.006755026738
      -0.139024148219        0.173523693993       -0.325295957773        0.111823784082
       0.327171342355        0.113328756885       -0.809875639129        0.103856430820
       1.018269937628       -0.130788887367        0.164643272377        0.226665989959
       3.429572160751       -0.000000063457        0.816350938020        0.360293979744
Diagonalize impurity H:
 
  +ETA --> fort.6
  10% |ETA: 0:00:00.521 @21 May 2019  10:52:44
  20% |ETA: 0:00:00.580
  31% |ETA: 0:00:00.712
  40% |ETA: 0:00:00.584
  50% |ETA: 0:00:00.712 @21 May 2019  10:52:44
  60% |ETA: 0:00:00.584
  70% |ETA: 0:00:00.908
  81% |ETA: 0:00:00.535
  90% |ETA: 0:00:00.580
 100% |ETA: 0:00:00.000
Total time [h:m:s.ms]:   0:00:00.353
#     i               E_i       exp(-(E-E0)/T)       Sect       Dim    Indices:
     1   -8.392283665435   1.000000000000E+00         30       735   3   5
Egs =     -8.392283665435   3   5
Z   =      1.000000000000
Get impurity Greens functions:
Get G_l1_s1
Total time [h:m:s.ms]:   0:00:00.018
Get G_l1_s2
Total time [h:m:s.ms]:   0:00:00.020
dens_ineq0001=    0.999822477184    0.999822477184
docc_ineq0001=    0.059367534407
mag _ineq0001=   -0.796467278719
Total time [h:m:s.ms]:   0:00:00.437
Get local Matsubara Green's function (no print)
Direct Inversion algorithm:
 
  +ETA --> fort.6
  10% |ETA: 0:00:00.761 @21 May 2019  10:52:45
  20% |ETA: 0:00:00.674
  30% |ETA: 0:00:00.591
  40% |ETA: 0:00:00.506
  50% |ETA: 0:00:00.841 @21 May 2019  10:52:45
  60% |ETA: 0:00:00.674
  70% |ETA: 0:00:00.505
  80% |ETA: 0:00:00.673
  90% |ETA: 0:00:00.672
 100% |ETA: 0:00:00.000
Total time [h:m:s.ms]:   0:00:00.843
Gloc matsubara: write spin-orbital diagonal elements. Split.
Store Gloc_l11_s1_iw_indx*.dat in Gloc_l11_s1_iw.tgz
Store Gloc_l11_s2_iw_indx*.dat in Gloc_l11_s2_iw.tgz
Updated impHloc:
chi^2|iter_ineq0001=    3.398210353E-08 |    40  <--  Orb1 Spin1
            #Ek_l1_s1              Vk_l1_s1             #Ek_l1_s2              Vk_l1_s2
      -1.259590425953        0.357146682497       -3.477310301847        0.000031565513
      -0.327287062990        0.220938638998       -1.240138909695       -0.006755026738
      -0.140658868267        0.177256037430       -0.325295957773        0.111823784082
       0.337905150931        0.111999874724       -0.809875639129        0.103856430820
       1.017603533373       -0.126566033954        0.164643272377        0.226665989959
       3.429572160751       -0.000000063457        0.816350938020        0.360293979744
Updated impHloc:
chi^2|iter_ineq0001=    7.469889543E-06 |    28  <--  Orb1 Spin2
            #Ek_l1_s1              Vk_l1_s1             #Ek_l1_s2              Vk_l1_s2
      -1.259590425953        0.357146682497       -3.477310302007        0.000020744009
      -0.327287062990        0.220938638998       -1.240132860712       -0.005001941452
      -0.140658868267        0.177256037430       -0.344941638678        0.113213998031
       0.337905150931        0.111999874724       -0.806069645551        0.097279243331
       1.017603533373       -0.126566033954        0.164702015281        0.226147415871
       3.429572160751       -0.000000063457        0.826961658033        0.363726737697
[1;91mmax error=[0m  2.7206513E-04
[1;91m    error=[0m  2.7206513E-04
[1;91mmin error=[0m  2.7206513E-04
=====================================
Total time [h:m:s.ms]:   0:00:01.548



-----DMFT-loop    7 (max:  100)-----
 0 SOLVES INEQ SITE: 0001
Updated impHloc:
            #Ek_l1_s1              Vk_l1_s1             #Ek_l1_s2              Vk_l1_s2
      -1.259511443572        0.356885738746       -3.477310301927        0.000026154761
      -0.322080948410        0.221881916869       -1.240135885204       -0.005878484095
      -0.139841508243        0.175389865712       -0.335118798226        0.112518891056
       0.332538246643        0.112664315804       -0.807972642340        0.100567837075
       1.017936735501       -0.128677460660        0.164672643829        0.226406702915
       3.429572160751       -0.000000063457        0.821656298027        0.362010358720
Diagonalize impurity H:
 
  +ETA --> fort.6
  10% |ETA: 0:00:00.521 @21 May 2019  10:52:46
  20% |ETA: 0:00:00.564
  31% |ETA: 0:00:00.695
  40% |ETA: 0:00:00.572
  50% |ETA: 0:00:00.704 @21 May 2019  10:52:46
  60% |ETA: 0:00:00.574
  70% |ETA: 0:00:00.895
  81% |ETA: 0:00:00.526
  90% |ETA: 0:00:00.571
 100% |ETA: 0:00:00.000
Total time [h:m:s.ms]:   0:00:00.347
#     i               E_i       exp(-(E-E0)/T)       Sect       Dim    Indices:
     1   -8.406621020695   1.000000000000E+00         30       735   3   5
Egs =     -8.406621020695   3   5
Z   =      1.000000000000
Get impurity Greens functions:
Get G_l1_s1
Total time [h:m:s.ms]:   0:00:00.018
Get G_l1_s2
Total time [h:m:s.ms]:   0:00:00.019
dens_ineq0001=    0.999812125393    0.999812125393
docc_ineq0001=    0.059309108196
mag _ineq0001=   -0.797235510249
Total time [h:m:s.ms]:   0:00:00.433
Get local Matsubara Green's function (no print)
Direct Inversion algorithm:
 
  +ETA --> fort.6
  10% |ETA: 0:00:00.744 @21 May 2019  10:52:46
  20% |ETA: 0:00:00.658
  30% |ETA: 0:00:00.580
  40% |ETA: 0:00:00.998
  50% |ETA: 0:00:00.831 @21 May 2019  10:52:47
  60% |ETA: 0:00:00.662
  70% |ETA: 0:00:00.997
  80% |ETA: 0:00:00.667
  90% |ETA: 0:00:00.669
 100% |ETA: 0:00:00.***
Total time [h:m:s.ms]:   0:00:00.841
Gloc matsubara: write spin-orbital diagonal elements. Split.
Store Gloc_l11_s1_iw_indx*.dat in Gloc_l11_s1_iw.tgz
Store Gloc_l11_s2_iw_indx*.dat in Gloc_l11_s2_iw.tgz
Updated impHloc:
chi^2|iter_ineq0001=    4.202405043E-08 |    12  <--  Orb1 Spin1
            #Ek_l1_s1              Vk_l1_s1             #Ek_l1_s2              Vk_l1_s2
      -1.259316757858        0.358182383142       -3.477310301927        0.000026154761
      -0.323058779991        0.222180117098       -1.240135885204       -0.005878484095
      -0.139357585778        0.174860601234       -0.335118798226        0.112518891056
       0.334195021482        0.110071367624       -0.807972642340        0.100567837075
       1.017905839849       -0.129579823104        0.164672643829        0.226406702915
       3.429572160751       -0.000000063457        0.821656298027        0.362010358720
Updated impHloc:
chi^2|iter_ineq0001=    7.460593284E-06 |    12  <--  Orb1 Spin2
            #Ek_l1_s1              Vk_l1_s1             #Ek_l1_s2              Vk_l1_s2
      -1.259316757858        0.358182383142       -3.477310301892        0.000030480462
      -0.323058779991        0.222180117098       -1.240135456818       -0.005791948271
      -0.139357585778        0.174860601234       -0.337637986986        0.110311174026
       0.334195021482        0.110071367624       -0.807738612984        0.100682219279
       1.017905839849       -0.129579823104        0.164319016881        0.225543672634
       3.429572160751       -0.000000063457        0.821628092301        0.363468716698
[1;91mmax error=[0m  1.7626967E-04
[1;91m    error=[0m  1.7626967E-04
[1;91mmin error=[0m  1.7626967E-04
=====================================
Total time [h:m:s.ms]:   0:00:01.424



-----DMFT-loop    8 (max:  100)-----
 0 SOLVES INEQ SITE: 0001
Updated impHloc:
            #Ek_l1_s1              Vk_l1_s1             #Ek_l1_s2              Vk_l1_s2
      -1.259414100715        0.357534060944       -3.477310301909        0.000028317611
      -0.322569864201        0.222031016983       -1.240135671011       -0.005835216183
      -0.139599547011        0.175125233473       -0.336378392606        0.111415032541
       0.333366634062        0.111367841714       -0.807855627662        0.100625028177
       1.017921287675       -0.129128641882        0.164495830355        0.225975187775
       3.429572160751       -0.000000063457        0.821642195164        0.362739537709
Diagonalize impurity H:
 
  +ETA --> fort.6
  10% |ETA: 0:00:00.521 @21 May 2019  10:52:47
  20% |ETA: 0:00:00.564
  31% |ETA: 0:00:00.703
  40% |ETA: 0:00:00.578
  50% |ETA: 0:00:00.708 @21 May 2019  10:52:47
  60% |ETA: 0:00:00.582
  70% |ETA: 0:00:00.901
  81% |ETA: 0:00:00.531
  90% |ETA: 0:00:00.577
 100% |ETA: 0:00:00.000
Total time [h:m:s.ms]:   0:00:00.351
#     i               E_i       exp(-(E-E0)/T)       Sect       Dim    Indices:
     1   -8.408096700869   1.000000000000E+00         30       735   3   5
Egs =     -8.408096700869   3   5
Z   =      1.000000000000
Get impurity Greens functions:
Get G_l1_s1
Total time [h:m:s.ms]:   0:00:00.018
Get G_l1_s2
Total time [h:m:s.ms]:   0:00:00.020
dens_ineq0001=    0.999824497629    0.999824497629
docc_ineq0001=    0.059295888748
mag _ineq0001=   -0.797600992861
Total time [h:m:s.ms]:   0:00:00.437
Get local Matsubara Green's function (no print)
Direct Inversion algorithm:
 
  +ETA --> fort.6
  10% |ETA: 0:00:00.744 @21 May 2019  10:52:48
  20% |ETA: 0:00:00.662
  30% |ETA: 0:00:00.584
  40% |ETA: 0:00:00.503
  50% |ETA: 0:00:00.837 @21 May 2019  10:52:48
  60% |ETA: 0:00:00.674
  70% |ETA: 0:00:00.505
  80% |ETA: 0:00:00.672
  90% |ETA: 0:00:00.672
 100% |ETA: 0:00:00.***
Total time [h:m:s.ms]:   0:00:00.841
Gloc matsubara: write spin-orbital diagonal elements. Split.
Store Gloc_l11_s1_iw_indx*.dat in Gloc_l11_s1_iw.tgz
Store Gloc_l11_s2_iw_indx*.dat in Gloc_l11_s2_iw.tgz
Updated impHloc:
chi^2|iter_ineq0001=    3.864804842E-08 |    16  <--  Orb1 Spin1
            #Ek_l1_s1              Vk_l1_s1             #Ek_l1_s2              Vk_l1_s2
      -1.259397459289        0.358937374332       -3.477310301909        0.000028317611
      -0.323434468116        0.221300395636       -1.240135671011       -0.005835216183
      -0.139716399187        0.175503342819       -0.336378392606        0.111415032541
       0.334976578582        0.109945454640       -0.807855627662        0.100625028177
       1.017848924409       -0.129940206468        0.164495830355        0.225975187775
       3.429572160751       -0.000000063457        0.821642195164        0.362739537709
Updated impHloc:
chi^2|iter_ineq0001=    7.443892013E-06 |     7  <--  Orb1 Spin2
            #Ek_l1_s1              Vk_l1_s1             #Ek_l1_s2              Vk_l1_s2
      -1.259397459289        0.358937374332       -3.477310301908        0.000028491712
      -0.323434468116        0.221300395636       -1.240135683705       -0.005808105282
      -0.139716399187        0.175503342819       -0.336686662813        0.110118717296
       0.334976578582        0.109945454640       -0.807866107326        0.100111522390
       1.017848924409       -0.129940206468        0.164290525173        0.225483277924
       3.429572160751       -0.000000063457        0.821683774523        0.363468449914
[1;91mmax error=[0m  9.0345772E-05
[1;91m    error=[0m  9.0345772E-05
[1;91mmin error=[0m  9.0345772E-05
=====================================
Total time [h:m:s.ms]:   0:00:01.427



-----DMFT-loop    9 (max:  100)-----
 0 SOLVES INEQ SITE: 0001
Updated impHloc:
            #Ek_l1_s1              Vk_l1_s1             #Ek_l1_s2              Vk_l1_s2
      -1.259405780002        0.358235717638       -3.477310301909        0.000028404661
      -0.323002166158        0.221665706310       -1.240135677358       -0.005821660733
      -0.139657973099        0.175314288146       -0.336532527710        0.110766874918
       0.334171606322        0.110656648177       -0.807860867494        0.100368275283
       1.017885106042       -0.129534424175        0.164393177764        0.225729232849
       3.429572160751       -0.000000063457        0.821662984844        0.363103993812
Diagonalize impurity H:
 
  +ETA --> fort.6
  10% |ETA: 0:00:00.521 @21 May 2019  10:52:49
  20% |ETA: 0:00:00.564
  31% |ETA: 0:00:00.695
  40% |ETA: 0:00:00.578
  50% |ETA: 0:00:00.708 @21 May 2019  10:52:49
  60% |ETA: 0:00:00.576
  70% |ETA: 0:00:00.891
  81% |ETA: 0:00:00.524
  90% |ETA: 0:00:00.574
 100% |ETA: 0:00:00.000
Total time [h:m:s.ms]:   0:00:00.349
#     i               E_i       exp(-(E-E0)/T)       Sect       Dim    Indices:
     1   -8.408864717796   1.000000000000E+00         30       735   3   5
Egs =     -8.408864717796   3   5
Z   =      1.000000000000
Get impurity Greens functions:
Get G_l1_s1
Total time [h:m:s.ms]:   0:00:00.018
Get G_l1_s2
Total time [h:m:s.ms]:   0:00:00.019
dens_ineq0001=    0.999843554305    0.999843554305
docc_ineq0001=    0.059291811277
mag _ineq0001=   -0.797833494468
Total time [h:m:s.ms]:   0:00:00.433
Get local Matsubara Green's function (no print)
Direct Inversion algorithm:
 
  +ETA --> fort.6
  10% |ETA: 0:00:00.753 @21 May 2019  10:52:49
  20% |ETA: 0:00:00.670
  30% |ETA: 0:00:00.584
  40% |ETA: 0:00:00.502
  50% |ETA: 0:00:00.835 @21 May 2019  10:52:50
  60% |ETA: 0:00:00.667
  70% |ETA: 0:00:00.998
  80% |ETA: 0:00:00.665
  90% |ETA: 0:00:00.668
 100% |ETA: 0:00:00.500
Total time [h:m:s.ms]:   0:00:00.837
Gloc matsubara: write spin-orbital diagonal elements. Split.
Store Gloc_l11_s1_iw_indx*.dat in Gloc_l11_s1_iw.tgz
Store Gloc_l11_s2_iw_indx*.dat in Gloc_l11_s2_iw.tgz
Updated impHloc:
chi^2|iter_ineq0001=    4.273804310E-08 |     7  <--  Orb1 Spin1
            #Ek_l1_s1              Vk_l1_s1             #Ek_l1_s2              Vk_l1_s2
      -1.259376615207        0.358641910285       -3.477310301909        0.000028404661
      -0.323220723499        0.221680668691       -1.240135677358       -0.005821660733
      -0.139493541388        0.175162000816       -0.336532527710        0.110766874918
       0.334376261654        0.109838238821       -0.807860867494        0.100368275283
       1.017900118022       -0.129320845771        0.164393177764        0.225729232849
       3.429572160751       -0.000000063457        0.821662984844        0.363103993812
Updated impHloc:
chi^2|iter_ineq0001=    7.434647651E-06 |     4  <--  Orb1 Spin2
            #Ek_l1_s1              Vk_l1_s1             #Ek_l1_s2              Vk_l1_s2
      -1.259376615207        0.358641910285       -3.477310301909        0.000028312513
      -0.323220723499        0.221680668691       -1.240135700509       -0.005810197983
      -0.139493541388        0.175162000816       -0.336688587301        0.109922154604
       0.334376261654        0.109838238821       -0.807878821502        0.100075377684
       1.017900118022       -0.129320845771        0.164362368318        0.225536534912
       3.429572160751       -0.000000063457        0.821685603601        0.363340949291
[1;91mmax error=[0m  5.6589730E-05
[1;91m    error=[0m  5.6589730E-05
[1;91mmin error=[0m  5.6589730E-05
=====================================
Total time [h:m:s.ms]:   0:00:01.395



-----DMFT-loop   10 (max:  100)-----
 0 SOLVES INEQ SITE: 0001
Updated impHloc:
            #Ek_l1_s1              Vk_l1_s1             #Ek_l1_s2              Vk_l1_s2
      -1.259391197604        0.358438813961       -3.477310301909        0.000028358587
      -0.323111444829        0.221673187500       -1.240135688934       -0.005815929358
      -0.139575757243        0.175238144481       -0.336610557505        0.110344514761
       0.334273933988        0.110247443499       -0.807869844498        0.100221826484
       1.017892612032       -0.129427634973        0.164377773041        0.225632883881
       3.429572160751       -0.000000063457        0.821674294222        0.363222471551
Diagonalize impurity H:
 
  +ETA --> fort.6
  10% |ETA: 0:00:00.521 @21 May 2019  10:52:50
  20% |ETA: 0:00:00.596
  31% |ETA: 0:00:00.703
  40% |ETA: 0:00:00.578
  50% |ETA: 0:00:00.708 @21 May 2019  10:52:50
  60% |ETA: 0:00:00.584
  70% |ETA: 0:00:00.905
  81% |ETA: 0:00:00.533
  90% |ETA: 0:00:00.587
 100% |ETA: 0:00:00.000
Total time [h:m:s.ms]:   0:00:00.357
#     i               E_i       exp(-(E-E0)/T)       Sect       Dim    Indices:
     1   -8.408979135433   1.000000000000E+00         30       735   3   5
Egs =     -8.408979135433   3   5
Z   =      1.000000000000
Get impurity Greens functions:
Get G_l1_s1
Total time [h:m:s.ms]:   0:00:00.018
Get G_l1_s2
Total time [h:m:s.ms]:   0:00:00.021
dens_ineq0001=    0.999850895833    0.999850895833
docc_ineq0001=    0.059280351907
mag _ineq0001=   -0.797978042168
Total time [h:m:s.ms]:   0:00:00.446
Get local Matsubara Green's function (no print)
Direct Inversion algorithm:
 
  +ETA --> fort.6
  10% |ETA: 0:00:00.753 @21 May 2019  10:52:51
  20% |ETA: 0:00:00.678
  30% |ETA: 0:00:00.591
  40% |ETA: 0:00:00.509
  50% |ETA: 0:00:00.855 @21 May 2019  10:52:51
  60% |ETA: 0:00:00.683
  70% |ETA: 0:00:00.512
  80% |ETA: 0:00:00.681
  90% |ETA: 0:00:00.679
 100% |ETA: 0:00:00.000
Total time [h:m:s.ms]:   0:00:00.848
Gloc matsubara: write spin-orbital diagonal elements. Split.
Store Gloc_l11_s1_iw_indx*.dat in Gloc_l11_s1_iw.tgz
Store Gloc_l11_s2_iw_indx*.dat in Gloc_l11_s2_iw.tgz
Updated impHloc:
chi^2|iter_ineq0001=    3.875890834E-08 |    16  <--  Orb1 Spin1
            #Ek_l1_s1              Vk_l1_s1             #Ek_l1_s2              Vk_l1_s2
      -1.259405185069        0.359056416205       -3.477310301909        0.000028358587
      -0.323971447205        0.221189254671       -1.240135688934       -0.005815929358
      -0.139765834635        0.175695014175       -0.336610557505        0.110344514761
       0.335563383537        0.109747618087       -0.807869844498        0.100221826484
       1.017815933682       -0.130184299524        0.164377773041        0.225632883881
       3.429572160751       -0.000000063457        0.821674294222        0.363222471551
Updated impHloc:
chi^2|iter_ineq0001=    7.429951160E-06 |     4  <--  Orb1 Spin2
            #Ek_l1_s1              Vk_l1_s1             #Ek_l1_s2              Vk_l1_s2
      -1.259405185069        0.359056416205       -3.477310301909        0.000028349777
      -0.323971447205        0.221189254671       -1.240135699493       -0.005808622555
      -0.139765834635        0.175695014175       -0.336709785995        0.109860410997
       0.335563383537        0.109747618087       -0.807878330034        0.100052348253
       1.017815933682       -0.130184299524        0.164342220836        0.225503999286
       3.429572160751       -0.000000063457        0.821688877802        0.363377460942
[1;91mmax error=[0m  3.0555275E-05
[1;91m    error=[0m  3.0555275E-05
[1;91mmin error=[0m  3.0555275E-05
=====================================
Total time [h:m:s.ms]:   0:00:01.436



-----DMFT-loop   11 (max:  100)-----
 0 SOLVES INEQ SITE: 0001
Updated impHloc:
            #Ek_l1_s1              Vk_l1_s1             #Ek_l1_s2              Vk_l1_s2
      -1.259398191337        0.358747615083       -3.477310301909        0.000028354182
      -0.323541446017        0.221431221085       -1.240135694213       -0.005812275957
      -0.139670795939        0.175466579328       -0.336660171750        0.110102462879
       0.334918658763        0.109997530793       -0.807874087266        0.100137087368
       1.017854272857       -0.129805967249        0.164359996938        0.225568441584
       3.429572160751       -0.000000063457        0.821681586012        0.363299966247
Diagonalize impurity H:
 
  +ETA --> fort.6
  10% |ETA: 0:00:00.521 @21 May 2019  10:52:52
  20% |ETA: 0:00:00.564
  31% |ETA: 0:00:00.695
  40% |ETA: 0:00:00.578
  50% |ETA: 0:00:00.704 @21 May 2019  10:52:52
  60% |ETA: 0:00:00.579
  70% |ETA: 0:00:00.895
  81% |ETA: 0:00:00.528
  90% |ETA: 0:00:00.576
 100% |ETA: 0:00:00.000
Total time [h:m:s.ms]:   0:00:00.350
#     i               E_i       exp(-(E-E0)/T)       Sect       Dim    Indices:
     1   -8.409621056698   1.000000000000E+00         30       735   3   5
Egs =     -8.409621056698   3   5
Z   =      1.000000000000
Get impurity Greens functions:
Get G_l1_s1
Total time [h:m:s.ms]:   0:00:00.018
Get G_l1_s2
Total time [h:m:s.ms]:   0:00:00.020
dens_ineq0001=    0.999865376412    0.999865376412
docc_ineq0001=    0.059285377499
mag _ineq0001=   -0.798046544080
Total time [h:m:s.ms]:   0:00:00.436
Get local Matsubara Green's function (no print)
Direct Inversion algorithm:
 
  +ETA --> fort.6
  10% |ETA: 0:00:00.770 @21 May 2019  10:52:52
  20% |ETA: 0:00:00.678
  30% |ETA: 0:00:00.598
  40% |ETA: 0:00:00.512
  50% |ETA: 0:00:00.849 @21 May 2019  10:52:52
  60% |ETA: 0:00:00.675
  70% |ETA: 0:00:00.505
  80% |ETA: 0:00:00.671
  90% |ETA: 0:00:00.669
 100% |ETA: 0:00:00.500
Total time [h:m:s.ms]:   0:00:00.842
Gloc matsubara: write spin-orbital diagonal elements. Split.
Store Gloc_l11_s1_iw_indx*.dat in Gloc_l11_s1_iw.tgz
Store Gloc_l11_s2_iw_indx*.dat in Gloc_l11_s2_iw.tgz
Updated impHloc:
chi^2|iter_ineq0001=    3.977378842E-08 |     4  <--  Orb1 Spin1
            #Ek_l1_s1              Vk_l1_s1             #Ek_l1_s2              Vk_l1_s2
      -1.259394477276        0.358836218954       -3.477310301909        0.000028354182
      -0.323582204818        0.221425773343       -1.240135694213       -0.005812275957
      -0.139629867675        0.175433987964       -0.336660171750        0.110102462879
       0.334970622549        0.109701634262       -0.807874087266        0.100137087368
       1.017861655952       -0.129707154273        0.164359996938        0.225568441584
       3.429572160751       -0.000000063457        0.821681586012        0.363299966247
Updated impHloc:
chi^2|iter_ineq0001=    7.423285270E-06 |     6  <--  Orb1 Spin2
            #Ek_l1_s1              Vk_l1_s1             #Ek_l1_s2              Vk_l1_s2
      -1.259394477276        0.358836218954       -3.477310301909        0.000028521135
      -0.323582204818        0.221425773343       -1.240135659014       -0.005799414474
      -0.139629867675        0.175433987964       -0.336841107599        0.109920550022
       0.334970622549        0.109701634262       -0.807851479475        0.100058271448
       1.017861655952       -0.129707154273        0.164218390551        0.225359736649
       3.429572160751       -0.000000063457        0.821693204993        0.363631763566
[1;91mmax error=[0m  1.8570384E-05
[1;91m    error=[0m  1.8570384E-05
[1;91mmin error=[0m  1.8570384E-05
=====================================
Total time [h:m:s.ms]:   0:00:01.401



-----DMFT-loop   12 (max:  100)-----
 0 SOLVES INEQ SITE: 0001
Updated impHloc:
            #Ek_l1_s1              Vk_l1_s1             #Ek_l1_s2              Vk_l1_s2
      -1.259396334307        0.358791917019       -3.477310301909        0.000028437659
      -0.323561825417        0.221428497214       -1.240135676614       -0.005805845215
      -0.139650331807        0.175450283646       -0.336750639674        0.110011506450
       0.334944640656        0.109849582528       -0.807862783370        0.100097679408
       1.017857964405       -0.129756560761        0.164289193745        0.225464089116
       3.429572160751       -0.000000063457        0.821687395503        0.363465864907
Diagonalize impurity H:
 
  +ETA --> fort.6
  10% |ETA: 0:00:00.521 @21 May 2019  10:52:53
  20% |ETA: 0:00:00.564
  31% |ETA: 0:00:00.686
  40% |ETA: 0:00:00.567
  50% |ETA: 0:00:00.692 @21 May 2019  10:52:53
  60% |ETA: 0:00:00.574
  70% |ETA: 0:00:00.884
  81% |ETA: 0:00:00.520
  90% |ETA: 0:00:00.567
 100% |ETA: 0:00:00.000
Total time [h:m:s.ms]:   0:00:00.345
#     i               E_i       exp(-(E-E0)/T)       Sect       Dim    Indices:
     1   -8.409719701890   1.000000000000E+00         30       735   3   5
Egs =     -8.409719701890   3   5
Z   =      1.000000000000
Get impurity Greens functions:
Get G_l1_s1
Total time [h:m:s.ms]:   0:00:00.018
Get G_l1_s2
Total time [h:m:s.ms]:   0:00:00.019
dens_ineq0001=    0.999863293182    0.999863293182
docc_ineq0001=    0.059280970429
mag _ineq0001=   -0.798096883012
Total time [h:m:s.ms]:   0:00:00.431
Get local Matsubara Green's function (no print)
Direct Inversion algorithm:
 
  +ETA --> fort.6
  10% |ETA: 0:00:00.726 @21 May 2019  10:52:53
  20% |ETA: 0:00:00.654
  30% |ETA: 0:00:00.571
  40% |ETA: 0:00:00.977
  50% |ETA: 0:00:00.819 @21 May 2019  10:52:54
  60% |ETA: 0:00:00.662
  70% |ETA: 0:00:00.998
  80% |ETA: 0:00:00.666
  90% |ETA: 0:00:00.667
 100% |ETA: 0:00:00.***
Total time [h:m:s.ms]:   0:00:00.835
Gloc matsubara: write spin-orbital diagonal elements. Split.
Store Gloc_l11_s1_iw_indx*.dat in Gloc_l11_s1_iw.tgz
Store Gloc_l11_s2_iw_indx*.dat in Gloc_l11_s2_iw.tgz
Updated impHloc:
chi^2|iter_ineq0001=    3.988419567E-08 |     4  <--  Orb1 Spin1
            #Ek_l1_s1              Vk_l1_s1             #Ek_l1_s2              Vk_l1_s2
      -1.259393806430        0.358847980807       -3.477310301909        0.000028437659
      -0.323590262354        0.221424965387       -1.240135676614       -0.005805845215
      -0.139620699621        0.175431275609       -0.336750639674        0.110011506450
       0.334978457495        0.109672635574       -0.807862783370        0.100097679408
       1.017862177752       -0.129699243881        0.164289193745        0.225464089116
       3.429572160751       -0.000000063457        0.821687395503        0.363465864907
Updated impHloc:
chi^2|iter_ineq0001=    7.417523946E-06 |     6  <--  Orb1 Spin2
            #Ek_l1_s1              Vk_l1_s1             #Ek_l1_s2              Vk_l1_s2
      -1.259393806430        0.358847980807       -3.477310301906        0.000027599654
      -0.323590262354        0.221424965387       -1.240135605966       -0.005789289457
      -0.139620699621        0.175431275609       -0.337043064803        0.109938391585
       0.334978457495        0.109672635574       -0.807818334103        0.100093607884
       1.017862177752       -0.129699243881        0.164180032546        0.225308116228
       3.429572160751       -0.000000063457        0.821697639202        0.363725691156
[1;91mmax error=[0m  1.2674794E-05
[1;91m    error=[0m  1.2674794E-05
[1;91mmin error=[0m  1.2674794E-05
=====================================
Total time [h:m:s.ms]:   0:00:01.387



-----DMFT-loop   13 (max:  100)-----
 0 SOLVES INEQ SITE: 0001
Updated impHloc:
            #Ek_l1_s1              Vk_l1_s1             #Ek_l1_s2              Vk_l1_s2
      -1.259395070368        0.358819948913       -3.477310301907        0.000028018656
      -0.323576043886        0.221426731301       -1.240135641290       -0.005797567336
      -0.139635515714        0.175440779627       -0.336896852239        0.109974949018
       0.334961549076        0.109761109051       -0.807840558737        0.100095643646
       1.017860071078       -0.129727902321        0.164234613145        0.225386102672
       3.429572160751       -0.000000063457        0.821692517352        0.363595778031
Diagonalize impurity H:
 
  +ETA --> fort.6
  10% |ETA: 0:00:00.521 @21 May 2019  10:52:54
  20% |ETA: 0:00:00.564
  31% |ETA: 0:00:00.703
  40% |ETA: 0:00:00.578
  50% |ETA: 0:00:00.708 @21 May 2019  10:52:55
  60% |ETA: 0:00:00.579
  70% |ETA: 0:00:00.895
  81% |ETA: 0:00:00.528
  90% |ETA: 0:00:00.574
 100% |ETA: 0:00:00.000
Total time [h:m:s.ms]:   0:00:00.349
#     i               E_i       exp(-(E-E0)/T)       Sect       Dim    Indices:
     1   -8.409861276066   1.000000000000E+00         30       735   3   5
Egs =     -8.409861276066   3   5
Z   =      1.000000000000
Get impurity Greens functions:
Get G_l1_s1
Total time [h:m:s.ms]:   0:00:00.018
Get G_l1_s2
Total time [h:m:s.ms]:   0:00:00.020
dens_ineq0001=    0.999860988307    0.999860988307
docc_ineq0001=    0.059278684256
mag _ineq0001=   -0.798126280008
Total time [h:m:s.ms]:   0:00:00.432
Get local Matsubara Green's function (no print)
Direct Inversion algorithm:
 
  +ETA --> fort.6
  10% |ETA: 0:00:00.753 @21 May 2019  10:52:55
  20% |ETA: 0:00:00.658
  30% |ETA: 0:00:00.582
  40% |ETA: 0:00:00.502
  50% |ETA: 0:00:00.835 @21 May 2019  10:52:55
  60% |ETA: 0:00:00.670
  70% |ETA: 0:00:00.504
  80% |ETA: 0:00:00.672
  90% |ETA: 0:00:00.673
 100% |ETA: 0:00:00.***
Total time [h:m:s.ms]:   0:00:00.841
Gloc matsubara: write spin-orbital diagonal elements. Split.
Store Gloc_l11_s1_iw_indx*.dat in Gloc_l11_s1_iw.tgz
Store Gloc_l11_s2_iw_indx*.dat in Gloc_l11_s2_iw.tgz
Updated impHloc:
chi^2|iter_ineq0001=    3.874696814E-08 |    10  <--  Orb1 Spin1
            #Ek_l1_s1              Vk_l1_s1             #Ek_l1_s2              Vk_l1_s2
      -1.259383366867        0.358905922537       -3.477310301907        0.000028018656
      -0.323963667085        0.221437368738       -1.240135641290       -0.005797567336
      -0.139620572015        0.175507905193       -0.336896852239        0.109974949018
       0.335392438549        0.109650379866       -0.807840558737        0.100095643646
       1.017834072279       -0.130011096693        0.164234613145        0.225386102672
       3.429572160751       -0.000000063457        0.821692517352        0.363595778031
Updated impHloc:
chi^2|iter_ineq0001=    7.405316500E-06 |     7  <--  Orb1 Spin2
            #Ek_l1_s1              Vk_l1_s1             #Ek_l1_s2              Vk_l1_s2
      -1.259383366867        0.358905922537       -3.477310301920        0.000021960306
      -0.323963667085        0.221437368738       -1.240135072517       -0.005690316302
      -0.139620572015        0.175507905193       -0.339058736092        0.110174326686
       0.335392438549        0.109650379866       -0.807485557189        0.100494185686
       1.017834072279       -0.130011096693        0.164114309116        0.225227773680
       3.429572160751       -0.000000063457        0.821749732846        0.363978863396
[1;93mmax error=[0m  8.1575315E-06
[1;93m    error=[0m  8.1575315E-06
[1;93mmin error=[0m  8.1575315E-06
=====================================
Total time [h:m:s.ms]:   0:00:01.407



-----DMFT-loop   14 (max:  100)-----
 0 SOLVES INEQ SITE: 0001
Updated impHloc:
            #Ek_l1_s1              Vk_l1_s1             #Ek_l1_s2              Vk_l1_s2
      -1.259389218617        0.358862935725       -3.477310301914        0.000024989481
      -0.323769855486        0.221432050019       -1.240135356903       -0.005743941819
      -0.139628043865        0.175474342410       -0.337977794165        0.110074637852
       0.335176993812        0.109705744458       -0.807663057963        0.100294914666
       1.017847071679       -0.129869499507        0.164174461131        0.225306938176
       3.429572160751       -0.000000063457        0.821721125099        0.363787320714
Diagonalize impurity H:
 
  +ETA --> fort.6
  10% |ETA: 0:00:00.521 @21 May 2019  10:52:56
  20% |ETA: 0:00:00.580
  31% |ETA: 0:00:00.703
  40% |ETA: 0:00:00.584
  50% |ETA: 0:00:00.712 @21 May 2019  10:52:56
  60% |ETA: 0:00:00.582
  70% |ETA: 0:00:00.898
  81% |ETA: 0:00:00.528
  90% |ETA: 0:00:00.576
 100% |ETA: 0:00:00.000
Total time [h:m:s.ms]:   0:00:00.350
#     i               E_i       exp(-(E-E0)/T)       Sect       Dim    Indices:
     1   -8.411006654294   1.000000000000E+00         30       735   3   5
Egs =     -8.411006654294   3   5
Z   =      1.000000000000
Get impurity Greens functions:
Get G_l1_s1
Total time [h:m:s.ms]:   0:00:00.018
Get G_l1_s2
Total time [h:m:s.ms]:   0:00:00.020
dens_ineq0001=    0.999855458365    0.999855458365
docc_ineq0001=    0.059284338258
mag _ineq0001=   -0.798118902113
Total time [h:m:s.ms]:   0:00:00.436
Get local Matsubara Green's function (no print)
Direct Inversion algorithm:
 
  +ETA --> fort.6
  10% |ETA: 0:00:00.761 @21 May 2019  10:52:56
  20% |ETA: 0:00:00.682
  30% |ETA: 0:00:00.596
  40% |ETA: 0:00:00.507
  50% |ETA: 0:00:00.841 @21 May 2019  10:52:57
  60% |ETA: 0:00:00.671
  70% |ETA: 0:00:00.502
  80% |ETA: 0:00:00.668
  90% |ETA: 0:00:00.668
 100% |ETA: 0:00:00.500
Total time [h:m:s.ms]:   0:00:00.837
Gloc matsubara: write spin-orbital diagonal elements. Split.
Store Gloc_l11_s1_iw_indx*.dat in Gloc_l11_s1_iw.tgz
Store Gloc_l11_s2_iw_indx*.dat in Gloc_l11_s2_iw.tgz
Updated impHloc:
chi^2|iter_ineq0001=    3.096524296E-08 |    30  <--  Orb1 Spin1
            #Ek_l1_s1              Vk_l1_s1             #Ek_l1_s2              Vk_l1_s2
      -1.260150823330        0.357498577459       -3.477310301914        0.000024989481
      -0.329788823546        0.220825200606       -1.240135356903       -0.005743941819
      -0.140701797268        0.177836804712       -0.337977794165        0.110074637852
       0.338162506707        0.110699152104       -0.807663057963        0.100294914666
       1.017675874779       -0.127794481684        0.164174461131        0.225306938176
       3.429572160751       -0.000000063457        0.821721125099        0.363787320714
Updated impHloc:
chi^2|iter_ineq0001=    7.404220615E-06 |     2  <--  Orb1 Spin2
            #Ek_l1_s1              Vk_l1_s1             #Ek_l1_s2              Vk_l1_s2
      -1.260150823330        0.357498577459       -3.477310301914        0.000024994602
      -0.329788823546        0.220825200606       -1.240135356843       -0.005743216770
      -0.140701797268        0.177836804712       -0.337985293062        0.110046298290
       0.338162506707        0.110699152104       -0.807663052286        0.100282650777
       1.017675874779       -0.127794481684        0.164195544651        0.225305647330
       3.429572160751       -0.000000063457        0.821719858018        0.363804753831
[1;92mmax error=[0m  4.1821645E-06
[1;92m    error=[0m  4.1821645E-06
[1;92mmin error=[0m  4.1821645E-06
=====================================
Total time [h:m:s.ms]:   0:00:01.454


Get local Realaxis Green's function (no print)
Direct Inversion algorithm:
 
  +ETA --> fort.6
  10% |ETA: 0:00:00.735 @21 May 2019  10:52:57
  20% |ETA: 0:00:00.654
  30% |ETA: 0:00:00.568
  40% |ETA: 0:00:00.971
  50% |ETA: 0:00:00.815 @21 May 2019  10:52:57
  60% |ETA: 0:00:00.658
  70% |ETA: 0:00:00.986
  80% |ETA: 0:00:00.659
  90% |ETA: 0:00:00.659
 100% |ETA: 0:00:00.000
Total time [h:m:s.ms]:   0:00:00.412
Gloc real: write spin-orbital diagonal elements. Split.
Store Gloc_l11_s1_realw_indx*.dat in Gloc_l11_s1_realw.tgz
Store Gloc_l11_s2_realw_indx*.dat in Gloc_l11_s2_realw.tgz
