    1  1.0000000E+00
    2  4.6328700E-04
    3  2.3424918E-04
    4  1.1846178E-04
    5  5.9912474E-05
    6  3.0302479E-05
    7  1.5326832E-05
    8  7.7523892E-06
    9  3.9212585E-06
    1  1.0000000E+00
    2  1.6547148E-04
    3  3.8268985E-07
    4  8.5472154E-10
    1  1.0000000E+00
    2  2.7750928E-05
    3  4.8836768E-08
    4  1.0169904E-10
    1  1.0000000E+00
    2  3.3915430E-05
    3  5.9644550E-08
    4  1.1256245E-10
    1  1.0000000E+00
    2  2.4258591E-05
    3  3.7291598E-08
    4  6.6502114E-11
    1  1.0000000E+00
    2  3.4799897E-05
    3  5.0190120E-08
    4  5.7967266E-11
    1  1.0000000E+00
    2  2.4517502E-05
    3  2.6485265E-08
    4  3.0148135E-11
    1  1.0000000E+00
    2  2.9268981E-05
    3  4.0719477E-08
    4  2.1894330E-11
    1  1.0000000E+00
    2  2.0180203E-05
    3  1.1085343E-08
    4  1.1508266E-11
    1  1.0000000E+00
    2  2.2901194E-05
    3  4.2981183E-08
    4  2.6711185E-11
    1  1.0000000E+00
    2  2.5717830E-05
    3  3.3172950E-08
    4  2.8645121E-11
    1  1.0000000E+00
    2  4.3551825E-05
    3  6.7498577E-08
    4  5.4487939E-11
    1  1.0000000E+00
    2  6.0904238E-05
    3  6.1710694E-08
    4  3.3355284E-11
    1  1.0000000E+00
    2  8.3560840E-05
    3  1.0342852E-07
    4  8.1674034E-11
    1  1.0000000E+00
    2  8.5251190E-05
    3  8.6144384E-08
    4  3.8983670E-11
    1  1.0000000E+00
    2  8.8017161E-05
    3  1.1579295E-07
    4  8.2110751E-11
    1  1.0000000E+00
    2  7.8946263E-05
    3  8.7729728E-08
    4  4.1208254E-11
    1  1.0000000E+00
    2  7.7304125E-05
    3  1.1609247E-07
    4  7.4815619E-11
    1  1.0000000E+00
    2  6.8987251E-05
    3  8.4870246E-08
    4  4.3967592E-11
    1  1.0000000E+00
    2  6.9252998E-05
    3  1.1682791E-07
    4  7.3940641E-11
    1  1.0000000E+00
    2  6.7793010E-05
    3  8.6309808E-08
    4  5.0798806E-11
    1  1.0000000E+00
    2  7.2417512E-05
    3  1.2090077E-07
    4  8.2736681E-11
    1  1.0000000E+00
    2  7.0750845E-05
    3  9.2413058E-08
    4  6.2809519E-11
    1  1.0000000E+00
    2  7.1484728E-05
    3  1.2896379E-07
    4  9.4997595E-11
    1  1.0000000E+00
    2  6.7115278E-05
    3  9.8893272E-08
    4  7.6353231E-11
    1  1.0000000E+00
    2  6.6450315E-05
    3  1.3423078E-07
    4  1.0437209E-10
    1  1.0000000E+00
    2  6.2461381E-05
    3  1.0318843E-07
    4  8.7967477E-11
    1  1.0000000E+00
    2  6.1895387E-05
    3  1.3714610E-07
    4  1.1163065E-10
    1  1.0000000E+00
    2  5.8607531E-05
    3  1.0589411E-07
    4  9.5512334E-11
    1  1.0000000E+00
    2  5.7997261E-05
    3  1.3852366E-07
    4  1.1653785E-10
    1  1.0000000E+00
    2  5.5292592E-05
    3  1.0662938E-07
    4  9.8313383E-11
    1  1.0000000E+00
    2  5.4675003E-05
    3  1.3824015E-07
    4  1.1867070E-10
    1  1.0000000E+00
    2  5.2184942E-05
    3  1.0551749E-07
    4  9.7143851E-11
    1  1.0000000E+00
    2  5.1588680E-05
    3  1.3608595E-07
    4  1.1797481E-10
    1  1.0000000E+00
    2  4.9347127E-05
    3  1.0388788E-07
    4  9.4085095E-11
    1  1.0000000E+00
    2  4.9319041E-05
    3  1.3303576E-07
    4  1.1564587E-10
    1  1.0000000E+00
    2  4.8194476E-05
    3  1.0241491E-07
    4  9.0550601E-11
    1  1.0000000E+00
    2  4.9238861E-05
    3  1.3088062E-07
    4  1.1306560E-10
    1  1.0000000E+00
    2  4.9906833E-05
    3  1.0210546E-07
    4  8.7381827E-11
    1  1.0000000E+00
    2  5.2910544E-05
    3  1.3011833E-07
    4  1.1071041E-10
    1  1.0000000E+00
    2  5.5626763E-05
    3  1.0464293E-07
    4  8.5867058E-11
    1  1.0000000E+00
    2  6.0422766E-05
    3  1.3143926E-07
    4  1.1123000E-10
    1  1.0000000E+00
    2  6.4332911E-05
    3  1.1097034E-07
    4  9.3077568E-11
    1  1.0000000E+00
    2  6.9358449E-05
    3  1.3731677E-07
    4  1.2449176E-10
    1  1.0000000E+00
    2  7.2503855E-05
    3  1.2108716E-07
    4  1.0469712E-10
    1  1.0000000E+00
    2  7.5714846E-05
    3  1.4695482E-07
    4  1.3596558E-10
    1  1.0000000E+00
    2  7.5272833E-05
    3  1.2905466E-07
    4  1.1143823E-10
    1  1.0000000E+00
    2  7.4578553E-05
    3  1.4925941E-07
    4  1.3588581E-10
    1  1.0000000E+00
    2  7.2301897E-05
    3  1.3047685E-07
    4  1.1117825E-10
    1  1.0000000E+00
    2  7.1178249E-05
    3  1.4857887E-07
    4  1.3248059E-10
    1  1.0000000E+00
    2  6.9372445E-05
    3  1.3092894E-07
    4  1.1093218E-10
    1  1.0000000E+00
    2  6.9370705E-05
    3  1.4807086E-07
    4  1.3114417E-10
    1  1.0000000E+00
    2  6.9449764E-05
    3  1.3202467E-07
    4  1.1298144E-10
    1  1.0000000E+00
    2  7.0262646E-05
    3  1.4875566E-07
    4  1.3401515E-10
    1  1.0000000E+00
    2  6.9698426E-05
    3  1.3432596E-07
    4  1.1793162E-10
    1  1.0000000E+00
    2  6.9625902E-05
    3  1.5012609E-07
    4  1.3717701E-10
    1  1.0000000E+00
    2  6.8807533E-05
    3  1.3654038E-07
    4  1.2189958E-10
    1  1.0000000E+00
    2  6.8682776E-05
    3  1.5118746E-07
    4  1.3961928E-10
    1  1.0000000E+00
    2  6.7963823E-05
    3  1.3847089E-07
    4  1.2551163E-10
    1  1.0000000E+00
    2  6.7883537E-05
    3  1.5208394E-07
    4  1.4202940E-10
    1  1.0000000E+00
    2  6.7277310E-05
    3  1.4015599E-07
    4  1.2897608E-10
    1  1.0000000E+00
    2  6.7250773E-05
    3  1.5264663E-07
    4  1.4428874E-10
    1  1.0000000E+00
    2  6.6718447E-05
    3  1.4146932E-07
    4  1.3212440E-10
    1  1.0000000E+00
    2  6.6663226E-05
    3  1.5283200E-07
    4  1.4616611E-10
    1  1.0000000E+00
    2  6.6130832E-05
    3  1.4224900E-07
    4  1.3451405E-10
    1  1.0000000E+00
    2  6.6002174E-05
    3  1.5266952E-07
    4  1.4732705E-10
    1  1.0000000E+00
    2  6.5474126E-05
    3  1.4264204E-07
    4  1.3595794E-10
    1  1.0000000E+00
    2  6.5401251E-05
    3  1.5220344E-07
    4  1.4739763E-10
    1  1.0000000E+00
    2  6.5004289E-05
    3  1.4300075E-07
    4  1.3646869E-10
    1  1.0000000E+00
    2  6.5240101E-05
    3  1.5178002E-07
    4  1.4647509E-10
    1  1.0000000E+00
    2  6.5572649E-05
    3  1.4356585E-07
    4  1.3620169E-10
    1  1.0000000E+00
    2  6.6566850E-05
    3  1.5191100E-07
    4  1.4522596E-10
    1  1.0000000E+00
    2  6.7560441E-05
    3  1.4476354E-07
    4  1.3595661E-10
    1  1.0000000E+00
    2  6.8984152E-05
    3  1.5295000E-07
    4  1.4700591E-10
    1  1.0000000E+00
    2  7.0102679E-05
    3  1.4724215E-07
    4  1.4148500E-10
    1  1.0000000E+00
    2  7.1302903E-05
    3  1.5543992E-07
    4  1.5260918E-10
    1  1.0000000E+00
    2  7.1891390E-05
    3  1.5079167E-07
    4  1.4691562E-10
    1  1.0000000E+00
    2  7.2161253E-05
    3  1.5800746E-07
    4  1.5595939E-10
    1  1.0000000E+00
    2  7.1562425E-05
    3  1.5237883E-07
    4  1.4849459E-10
    1  1.0000000E+00
    2  7.1033026E-05
    3  1.5796630E-07
    4  1.5518617E-10
    1  1.0000000E+00
    2  7.0296193E-05
    3  1.5255630E-07
    4  1.4793788E-10
    1  1.0000000E+00
    2  6.9895499E-05
    3  1.5763546E-07
    4  1.5398966E-10
    1  1.0000000E+00
    2  6.9489562E-05
    3  1.5275051E-07
    4  1.4772670E-10
    1  1.0000000E+00
    2  6.9679526E-05
    3  1.5757674E-07
    4  1.5371789E-10
    1  1.0000000E+00
    2  6.9734896E-05
    3  1.5334268E-07
    4  1.4881940E-10
    1  1.0000000E+00
    2  6.9815545E-05
    3  1.5801647E-07
    4  1.5496472E-10
    1  1.0000000E+00
    2  6.9641734E-05
    3  1.5418314E-07
    4  1.5045184E-10
    1  1.0000000E+00
    2  6.9606569E-05
    3  1.5843088E-07
    4  1.5598146E-10
    1  1.0000000E+00
    2  6.9417130E-05
    3  1.5490782E-07
    4  1.5185272E-10
    1  1.0000000E+00
    2  6.9372462E-05
    3  1.5881596E-07
    4  1.5694762E-10
    1  1.0000000E+00
    2  6.9198974E-05
    3  1.5560096E-07
    4  1.5322181E-10
    1  1.0000000E+00
    2  6.9163494E-05
    3  1.5918617E-07
    4  1.5795443E-10
    1  1.0000000E+00
    2  6.9014517E-05
    3  1.5622494E-07
    4  1.5457523E-10
    1  1.0000000E+00
    2  6.8982954E-05
    3  1.5949574E-07
    4  1.5894885E-10
    1  1.0000000E+00
    2  6.8836618E-05
    3  1.5674275E-07
    4  1.5583038E-10
    1  1.0000000E+00
    2  6.8789811E-05
    3  1.5969594E-07
    4  1.5978223E-10
    1  1.0000000E+00
    2  6.8631884E-05
    3  1.5716114E-07
    4  1.5687271E-10
    1  1.0000000E+00
    2  6.8566035E-05
    3  1.5982340E-07
    4  1.6037109E-10
    1  1.0000000E+00
    2  6.8412496E-05
    3  1.5749371E-07
    4  1.5757723E-10
    1  1.0000000E+00
    2  6.8343824E-05
    3  1.5994314E-07
    4  1.6064180E-10
