 TS=1.000000000                                !hopping
 NX=21                                         !Number of k-points
 SOLVE_NEQ=T                                   !Flag to solve the non-equilibrium dynamics
 NORB=1                                        !Number of impurity orbitals.
 NSPIN=1                                       !Number of spin degeneracy (max 2)
 NTIME=100                                     !Number of Real-Time steps
 NTAU=50                                       !Number of Imag-Time steps
 NIW=4096                                      !Number of Matsubara Frequencies
 DT=1.000000000E-01                            !Real-time step
 BETA=10.000000000                             !Inverse temperature
 UI=2.000000000                                !equilibrium local interaction
 U=2.000000000                                 !non-equilibrium local interaction
 XMU=0.d0                                      !chemical potential
 EPS=1.000000000E-02                           !broadening
 NLOOP=30                                      !Max number of DMFT loop
 DMFT_ERROR=1.000000000E-05                    !DMFT convergence threshold
 NSUCCESS=1                                    !number of consecutive successes on convergence
 VBATH=5.000000000E-02                         !coupling to the thermostat
 LBATH=1000                                    !number of frequencies in the thermostat DOS
 BATH_TYPE=flat                                !thermostat DOS type [flat,gauss,bethe,...]
 WBATH=20.000000000                            !Width of the thermostat DOS
 WALPHA=1.000000000                            !exponent of the pseudo-gapped thermostat
 WGAP=5.000000000                              !gap of the gapped thermostat
 FIELD_TYPE=dc                                 !profile type of the electric field
 EFIELD=2.000000000                            !electric field strength
 EVECT=1.000000000,0.d0,0.d0                   !electric field direction (normalized)
 TON=0.d0                                      !turn on time or center of the pulse
 TOFF=10000.000000000                          !turn off time
 NCYCLES=1                                     !number of cycles in pulsed light signal
 OMEGA0=3.141592654                            !parameter for the Oscilatting field and Pulsed light
 E1=0.d0                                       !Electric field strenght for the AC+DC case (tune to resonate)
 SIGMA_FILE=Sigma.restart                      !File with Sigma(iw) + header
SCIFOR VERSION (GIT): f40d12bb505d9282b2a3fc74bede17f3de331f8e
Timestamp: + 9 May 2018  16:09:09.569
 
CODE VERSION: c467677e526ee1edf256ae1bfa0b157255461de6
Timestamp: + 9 May 2018  16:09:09.570
 
     Ntime=            100
      Ntau=             50
       Niw=           4096
       Nt =              1
      time=     0.00000000
        dt=     0.10000000
      dtau=     0.20000000
      beta=    10.00000000
      tmax=     9.90000000
         t=     0.00000000     0.10000000     0.20000000   ...      9.70000000     9.80000000     9.90000000
       tau=     0.00000000     0.20000000     0.40000000   ...      9.60000000     9.80000000    10.00000000
 Using Nk_total=441
Using Reciprocal Lattice vectors:
bk_x = [  6.2832  0.0000  0.0000]
bk_y = [  0.0000  6.2832  0.0000]
bk_z = [  0.0000  0.0000  6.2832]
Using Reciprocal Lattice vectors:
bk_x = [  6.2832  0.0000  0.0000]
bk_y = [  0.0000  6.2832  0.0000]
bk_z = [  0.0000  0.0000  6.2832]
dmft loop= 1 
Get local Matsubara Green's function (no print)
 
  +ETA --> fort.6
  10% |ETA: 0:00:00.800 @ 9 May 2018  16:09:09
  20% |ETA: 0:00:00.719
  30% |ETA: 0:00:00.625
  40% |ETA: 0:00:00.538
  50% |ETA: 0:00:00.899 @ 9 May 2018  16:09:10
  60% |ETA: 0:00:00.721
  70% |ETA: 0:00:00.540
  80% |ETA: 0:00:00.720
  90% |ETA: 0:00:00.722
 100% |ETA: 0:00:00.000
Total time [h:m:s.ms]:   0:00:00.905
Gloc matsubara: write spin-orbital diagonal elements.
    0.500014477
[1;91merror=[0m  1.0000000E+00
dmft loop= 2 
Get local Matsubara Green's function (no print)
 
  +ETA --> fort.6
  10% |ETA: 0:00:00.800 @ 9 May 2018  16:09:10
  20% |ETA: 0:00:00.715
  30% |ETA: 0:00:00.625
  40% |ETA: 0:00:00.539
  50% |ETA: 0:00:00.895 @ 9 May 2018  16:09:10
  60% |ETA: 0:00:00.718
  70% |ETA: 0:00:00.538
  80% |ETA: 0:00:00.718
  90% |ETA: 0:00:00.720
 100% |ETA: 0:00:00.000
Total time [h:m:s.ms]:   0:00:00.903
Gloc matsubara: write spin-orbital diagonal elements.
    0.500010549
[1;91merror=[0m  4.6328700E-04
dmft loop= 3 
Get local Matsubara Green's function (no print)
 
  +ETA --> fort.6
  10% |ETA: 0:00:00.835 @ 9 May 2018  16:09:11
  20% |ETA: 0:00:00.743
  30% |ETA: 0:00:00.648
  40% |ETA: 0:00:00.556
  50% |ETA: 0:00:00.927 @ 9 May 2018  16:09:11
  60% |ETA: 0:00:00.741
  70% |ETA: 0:00:00.555
  80% |ETA: 0:00:00.739
  90% |ETA: 0:00:00.740
 100% |ETA: 0:00:00.***
Total time [h:m:s.ms]:   0:00:00.928
Gloc matsubara: write spin-orbital diagonal elements.
    0.500011108
[1;91merror=[0m  2.3424918E-04
dmft loop= 4 
Get local Matsubara Green's function (no print)
 
  +ETA --> fort.6
  10% |ETA: 0:00:00.792 @ 9 May 2018  16:09:12
  20% |ETA: 0:00:00.700
  30% |ETA: 0:00:00.613
  40% |ETA: 0:00:00.529
  50% |ETA: 0:00:00.880 @ 9 May 2018  16:09:12
  60% |ETA: 0:00:00.705
  70% |ETA: 0:00:00.528
  80% |ETA: 0:00:00.703
  90% |ETA: 0:00:00.704
 100% |ETA: 0:00:00.000
Total time [h:m:s.ms]:   0:00:00.884
Gloc matsubara: write spin-orbital diagonal elements.
    0.500011392
[1;91merror=[0m  1.1846178E-04
dmft loop= 5 
Get local Matsubara Green's function (no print)
 
  +ETA --> fort.6
  10% |ETA: 0:00:00.835 @ 9 May 2018  16:09:13
  20% |ETA: 0:00:00.751
  30% |ETA: 0:00:00.655
  40% |ETA: 0:00:00.559
  50% |ETA: 0:00:00.925 @ 9 May 2018  16:09:13
  60% |ETA: 0:00:00.742
  70% |ETA: 0:00:00.557
  80% |ETA: 0:00:00.741
  90% |ETA: 0:00:00.738
 100% |ETA: 0:00:00.***
Total time [h:m:s.ms]:   0:00:00.926
Gloc matsubara: write spin-orbital diagonal elements.
    0.500011537
[1;91merror=[0m  5.9912474E-05
dmft loop= 6 
Get local Matsubara Green's function (no print)
 
  +ETA --> fort.6
  10% |ETA: 0:00:00.818 @ 9 May 2018  16:09:14
  20% |ETA: 0:00:00.707
  30% |ETA: 0:00:00.627
  40% |ETA: 0:00:00.541
  50% |ETA: 0:00:00.913 @ 9 May 2018  16:09:14
  60% |ETA: 0:00:00.734
  70% |ETA: 0:00:00.552
  80% |ETA: 0:00:00.737
  90% |ETA: 0:00:00.736
 100% |ETA: 0:00:00.***
Total time [h:m:s.ms]:   0:00:00.924
Gloc matsubara: write spin-orbital diagonal elements.
    0.500011611
[1;91merror=[0m  3.0302479E-05
dmft loop= 7 
Get local Matsubara Green's function (no print)
 
  +ETA --> fort.6
  10% |ETA: 0:00:00.818 @ 9 May 2018  16:09:15
  20% |ETA: 0:00:00.794
  30% |ETA: 0:00:00.731
  40% |ETA: 0:00:00.613
  50% |ETA: 0:00:00.505 @ 9 May 2018  16:09:15
  60% |ETA: 0:00:00.808
  70% |ETA: 0:00:00.607
  80% |ETA: 0:00:00.803
  90% |ETA: 0:00:00.794
 100% |ETA: 0:00:00.***
Total time [h:m:s.ms]:   0:00:00.993
Gloc matsubara: write spin-orbital diagonal elements.
    0.500011648
[1;91merror=[0m  1.5326832E-05
dmft loop= 8 
Get local Matsubara Green's function (no print)
 
  +ETA --> fort.6
  10% |ETA: 0:00:00.941 @ 9 May 2018  16:09:16
  20% |ETA: 0:00:00.826
  30% |ETA: 0:00:00.715
  40% |ETA: 0:00:00.602
  50% |ETA: 0:00:00.999 @ 9 May 2018  16:09:16
  60% |ETA: 0:00:00.795
  70% |ETA: 0:00:00.590
  80% |ETA: 0:00:00.778
  90% |ETA: 0:00:00.772
 100% |ETA: 0:00:00.***
Total time [h:m:s.ms]:   0:00:00.958
Gloc matsubara: write spin-orbital diagonal elements.
    0.500011667
[1;93merror=[0m  7.7523892E-06
dmft loop= 9 
Get local Matsubara Green's function (no print)
 
  +ETA --> fort.6
  10% |ETA: 0:00:00.827 @ 9 May 2018  16:09:17
  20% |ETA: 0:00:00.735
  30% |ETA: 0:00:00.641
  40% |ETA: 0:00:00.548
  50% |ETA: 0:00:00.919 @ 9 May 2018  16:09:17
  60% |ETA: 0:00:00.738
  70% |ETA: 0:00:00.554
  80% |ETA: 0:00:00.739
  90% |ETA: 0:00:00.739
 100% |ETA: 0:00:00.***
Total time [h:m:s.ms]:   0:00:00.927
Gloc matsubara: write spin-orbital diagonal elements.
    0.500011677
[1;92merror=[0m  3.9212585E-06
 |E|=E0=2.000000
Bath coupling is:0.050000
Bath hopping, width are:1.414214,40.000000
Bath levels are:1000
 
 time step=           2
dmft loop= 1 [1;91merror=[0m  1.0000000E+00
dmft loop= 2 [1;91merror=[0m  1.6547148E-04
dmft loop= 3 [1;93merror=[0m  3.8268985E-07
dmft loop= 4 [1;92merror=[0m  8.5472154E-10
 
 time step=           3
dmft loop= 1 [1;91merror=[0m  1.0000000E+00
dmft loop= 2 [1;91merror=[0m  2.7750928E-05
dmft loop= 3 [1;93merror=[0m  4.8836768E-08
dmft loop= 4 [1;92merror=[0m  1.0169904E-10
 
 time step=           4
dmft loop= 1 [1;91merror=[0m  1.0000000E+00
dmft loop= 2 [1;91merror=[0m  3.3915430E-05
dmft loop= 3 [1;93merror=[0m  5.9644550E-08
dmft loop= 4 [1;92merror=[0m  1.1256245E-10
 
 time step=           5
dmft loop= 1 [1;91merror=[0m  1.0000000E+00
dmft loop= 2 [1;91merror=[0m  2.4258591E-05
dmft loop= 3 [1;93merror=[0m  3.7291598E-08
dmft loop= 4 [1;92merror=[0m  6.6502114E-11
 
 time step=           6
dmft loop= 1 [1;91merror=[0m  1.0000000E+00
dmft loop= 2 [1;91merror=[0m  3.4799897E-05
dmft loop= 3 [1;93merror=[0m  5.0190120E-08
dmft loop= 4 [1;92merror=[0m  5.7967266E-11
 
 time step=           7
dmft loop= 1 [1;91merror=[0m  1.0000000E+00
dmft loop= 2 [1;91merror=[0m  2.4517502E-05
dmft loop= 3 [1;93merror=[0m  2.6485265E-08
dmft loop= 4 [1;92merror=[0m  3.0148135E-11
 
 time step=           8
dmft loop= 1 [1;91merror=[0m  1.0000000E+00
dmft loop= 2 [1;91merror=[0m  2.9268981E-05
dmft loop= 3 [1;93merror=[0m  4.0719477E-08
dmft loop= 4 [1;92merror=[0m  2.1894330E-11
 
 time step=           9
dmft loop= 1 [1;91merror=[0m  1.0000000E+00
dmft loop= 2 [1;91merror=[0m  2.0180203E-05
dmft loop= 3 [1;93merror=[0m  1.1085343E-08
dmft loop= 4 [1;92merror=[0m  1.1508266E-11
 
 time step=          10
dmft loop= 1 [1;91merror=[0m  1.0000000E+00
dmft loop= 2 [1;91merror=[0m  2.2901194E-05
dmft loop= 3 [1;93merror=[0m  4.2981183E-08
dmft loop= 4 [1;92merror=[0m  2.6711185E-11
 
 time step=          11
dmft loop= 1 [1;91merror=[0m  1.0000000E+00
dmft loop= 2 [1;91merror=[0m  2.5717830E-05
dmft loop= 3 [1;93merror=[0m  3.3172950E-08
dmft loop= 4 [1;92merror=[0m  2.8645121E-11
 
 time step=          12
dmft loop= 1 [1;91merror=[0m  1.0000000E+00
dmft loop= 2 [1;91merror=[0m  4.3551825E-05
dmft loop= 3 [1;93merror=[0m  6.7498577E-08
dmft loop= 4 [1;92merror=[0m  5.4487939E-11
 
 time step=          13
dmft loop= 1 [1;91merror=[0m  1.0000000E+00
dmft loop= 2 [1;91merror=[0m  6.0904238E-05
dmft loop= 3 [1;93merror=[0m  6.1710694E-08
dmft loop= 4 [1;92merror=[0m  3.3355284E-11
 
 time step=          14
dmft loop= 1 [1;91merror=[0m  1.0000000E+00
dmft loop= 2 [1;91merror=[0m  8.3560840E-05
dmft loop= 3 [1;93merror=[0m  1.0342852E-07
dmft loop= 4 [1;92merror=[0m  8.1674034E-11
 
 time step=          15
dmft loop= 1 [1;91merror=[0m  1.0000000E+00
dmft loop= 2 [1;91merror=[0m  8.5251190E-05
dmft loop= 3 [1;93merror=[0m  8.6144384E-08
dmft loop= 4 [1;92merror=[0m  3.8983670E-11
 
 time step=          16
dmft loop= 1 [1;91merror=[0m  1.0000000E+00
dmft loop= 2 [1;91merror=[0m  8.8017161E-05
dmft loop= 3 [1;93merror=[0m  1.1579295E-07
dmft loop= 4 [1;92merror=[0m  8.2110751E-11
 
 time step=          17
dmft loop= 1 [1;91merror=[0m  1.0000000E+00
dmft loop= 2 [1;91merror=[0m  7.8946263E-05
dmft loop= 3 [1;93merror=[0m  8.7729728E-08
dmft loop= 4 [1;92merror=[0m  4.1208254E-11
 
 time step=          18
dmft loop= 1 [1;91merror=[0m  1.0000000E+00
dmft loop= 2 [1;91merror=[0m  7.7304125E-05
dmft loop= 3 [1;93merror=[0m  1.1609247E-07
dmft loop= 4 [1;92merror=[0m  7.4815619E-11
 
 time step=          19
dmft loop= 1 [1;91merror=[0m  1.0000000E+00
dmft loop= 2 [1;91merror=[0m  6.8987251E-05
dmft loop= 3 [1;93merror=[0m  8.4870246E-08
dmft loop= 4 [1;92merror=[0m  4.3967592E-11
 
 time step=          20
dmft loop= 1 [1;91merror=[0m  1.0000000E+00
dmft loop= 2 [1;91merror=[0m  6.9252998E-05
dmft loop= 3 [1;93merror=[0m  1.1682791E-07
dmft loop= 4 [1;92merror=[0m  7.3940641E-11
 
 time step=          21
dmft loop= 1 [1;91merror=[0m  1.0000000E+00
dmft loop= 2 [1;91merror=[0m  6.7793010E-05
dmft loop= 3 [1;93merror=[0m  8.6309808E-08
dmft loop= 4 [1;92merror=[0m  5.0798806E-11
 
 time step=          22
dmft loop= 1 [1;91merror=[0m  1.0000000E+00
dmft loop= 2 [1;91merror=[0m  7.2417512E-05
dmft loop= 3 [1;93merror=[0m  1.2090077E-07
dmft loop= 4 [1;92merror=[0m  8.2736681E-11
 
 time step=          23
dmft loop= 1 [1;91merror=[0m  1.0000000E+00
dmft loop= 2 [1;91merror=[0m  7.0750845E-05
dmft loop= 3 [1;93merror=[0m  9.2413058E-08
dmft loop= 4 [1;92merror=[0m  6.2809519E-11
 
 time step=          24
dmft loop= 1 [1;91merror=[0m  1.0000000E+00
dmft loop= 2 [1;91merror=[0m  7.1484728E-05
dmft loop= 3 [1;93merror=[0m  1.2896379E-07
dmft loop= 4 [1;92merror=[0m  9.4997595E-11
 
 time step=          25
dmft loop= 1 [1;91merror=[0m  1.0000000E+00
dmft loop= 2 [1;91merror=[0m  6.7115278E-05
dmft loop= 3 [1;93merror=[0m  9.8893272E-08
dmft loop= 4 [1;92merror=[0m  7.6353231E-11
 
 time step=          26
dmft loop= 1 [1;91merror=[0m  1.0000000E+00
dmft loop= 2 [1;91merror=[0m  6.6450315E-05
dmft loop= 3 [1;93merror=[0m  1.3423078E-07
dmft loop= 4 [1;92merror=[0m  1.0437209E-10
 
 time step=          27
dmft loop= 1 [1;91merror=[0m  1.0000000E+00
dmft loop= 2 [1;91merror=[0m  6.2461381E-05
dmft loop= 3 [1;93merror=[0m  1.0318843E-07
dmft loop= 4 [1;92merror=[0m  8.7967477E-11
 
 time step=          28
dmft loop= 1 [1;91merror=[0m  1.0000000E+00
dmft loop= 2 [1;91merror=[0m  6.1895387E-05
dmft loop= 3 [1;93merror=[0m  1.3714610E-07
dmft loop= 4 [1;92merror=[0m  1.1163065E-10
 
 time step=          29
dmft loop= 1 [1;91merror=[0m  1.0000000E+00
dmft loop= 2 [1;91merror=[0m  5.8607531E-05
dmft loop= 3 [1;93merror=[0m  1.0589411E-07
dmft loop= 4 [1;92merror=[0m  9.5512334E-11
 
 time step=          30
dmft loop= 1 [1;91merror=[0m  1.0000000E+00
dmft loop= 2 [1;91merror=[0m  5.7997261E-05
dmft loop= 3 [1;93merror=[0m  1.3852366E-07
dmft loop= 4 [1;92merror=[0m  1.1653785E-10
 
 time step=          31
dmft loop= 1 [1;91merror=[0m  1.0000000E+00
dmft loop= 2 [1;91merror=[0m  5.5292592E-05
dmft loop= 3 [1;93merror=[0m  1.0662938E-07
dmft loop= 4 [1;92merror=[0m  9.8313383E-11
 
 time step=          32
dmft loop= 1 [1;91merror=[0m  1.0000000E+00
dmft loop= 2 [1;91merror=[0m  5.4675003E-05
dmft loop= 3 [1;93merror=[0m  1.3824015E-07
dmft loop= 4 [1;92merror=[0m  1.1867070E-10
 
 time step=          33
dmft loop= 1 [1;91merror=[0m  1.0000000E+00
dmft loop= 2 [1;91merror=[0m  5.2184942E-05
dmft loop= 3 [1;93merror=[0m  1.0551749E-07
dmft loop= 4 [1;92merror=[0m  9.7143851E-11
 
 time step=          34
dmft loop= 1 [1;91merror=[0m  1.0000000E+00
dmft loop= 2 [1;91merror=[0m  5.1588680E-05
dmft loop= 3 [1;93merror=[0m  1.3608595E-07
dmft loop= 4 [1;92merror=[0m  1.1797481E-10
 
 time step=          35
dmft loop= 1 [1;91merror=[0m  1.0000000E+00
dmft loop= 2 [1;91merror=[0m  4.9347127E-05
dmft loop= 3 [1;93merror=[0m  1.0388788E-07
dmft loop= 4 [1;92merror=[0m  9.4085095E-11
 
 time step=          36
dmft loop= 1 [1;91merror=[0m  1.0000000E+00
dmft loop= 2 [1;91merror=[0m  4.9319041E-05
dmft loop= 3 [1;93merror=[0m  1.3303576E-07
dmft loop= 4 [1;92merror=[0m  1.1564587E-10
 
 time step=          37
dmft loop= 1 [1;91merror=[0m  1.0000000E+00
dmft loop= 2 [1;91merror=[0m  4.8194476E-05
dmft loop= 3 [1;93merror=[0m  1.0241491E-07
dmft loop= 4 [1;92merror=[0m  9.0550601E-11
 
 time step=          38
dmft loop= 1 [1;91merror=[0m  1.0000000E+00
dmft loop= 2 [1;91merror=[0m  4.9238861E-05
dmft loop= 3 [1;93merror=[0m  1.3088062E-07
dmft loop= 4 [1;92merror=[0m  1.1306560E-10
 
 time step=          39
dmft loop= 1 [1;91merror=[0m  1.0000000E+00
dmft loop= 2 [1;91merror=[0m  4.9906833E-05
dmft loop= 3 [1;93merror=[0m  1.0210546E-07
dmft loop= 4 [1;92merror=[0m  8.7381827E-11
 
 time step=          40
dmft loop= 1 [1;91merror=[0m  1.0000000E+00
dmft loop= 2 [1;91merror=[0m  5.2910544E-05
dmft loop= 3 [1;93merror=[0m  1.3011833E-07
dmft loop= 4 [1;92merror=[0m  1.1071041E-10
 
 time step=          41
dmft loop= 1 [1;91merror=[0m  1.0000000E+00
dmft loop= 2 [1;91merror=[0m  5.5626763E-05
dmft loop= 3 [1;93merror=[0m  1.0464293E-07
dmft loop= 4 [1;92merror=[0m  8.5867058E-11
 
 time step=          42
dmft loop= 1 [1;91merror=[0m  1.0000000E+00
dmft loop= 2 [1;91merror=[0m  6.0422766E-05
dmft loop= 3 [1;93merror=[0m  1.3143926E-07
dmft loop= 4 [1;92merror=[0m  1.1123000E-10
 
 time step=          43
dmft loop= 1 [1;91merror=[0m  1.0000000E+00
dmft loop= 2 [1;91merror=[0m  6.4332911E-05
dmft loop= 3 [1;93merror=[0m  1.1097034E-07
dmft loop= 4 [1;92merror=[0m  9.3077568E-11
 
 time step=          44
dmft loop= 1 [1;91merror=[0m  1.0000000E+00
dmft loop= 2 [1;91merror=[0m  6.9358449E-05
dmft loop= 3 [1;93merror=[0m  1.3731677E-07
dmft loop= 4 [1;92merror=[0m  1.2449176E-10
 
 time step=          45
dmft loop= 1 [1;91merror=[0m  1.0000000E+00
dmft loop= 2 [1;91merror=[0m  7.2503855E-05
dmft loop= 3 [1;93merror=[0m  1.2108716E-07
dmft loop= 4 [1;92merror=[0m  1.0469712E-10
 
 time step=          46
dmft loop= 1 [1;91merror=[0m  1.0000000E+00
dmft loop= 2 [1;91merror=[0m  7.5714846E-05
dmft loop= 3 [1;93merror=[0m  1.4695482E-07
dmft loop= 4 [1;92merror=[0m  1.3596558E-10
 
 time step=          47
dmft loop= 1 [1;91merror=[0m  1.0000000E+00
dmft loop= 2 [1;91merror=[0m  7.5272833E-05
dmft loop= 3 [1;93merror=[0m  1.2905466E-07
dmft loop= 4 [1;92merror=[0m  1.1143823E-10
 
 time step=          48
dmft loop= 1 [1;91merror=[0m  1.0000000E+00
dmft loop= 2 [1;91merror=[0m  7.4578553E-05
dmft loop= 3 [1;93merror=[0m  1.4925941E-07
dmft loop= 4 [1;92merror=[0m  1.3588581E-10
 
 time step=          49
dmft loop= 1 [1;91merror=[0m  1.0000000E+00
dmft loop= 2 [1;91merror=[0m  7.2301897E-05
dmft loop= 3 [1;93merror=[0m  1.3047685E-07
dmft loop= 4 [1;92merror=[0m  1.1117825E-10
 
 time step=          50
dmft loop= 1 [1;91merror=[0m  1.0000000E+00
dmft loop= 2 [1;91merror=[0m  7.1178249E-05
dmft loop= 3 [1;93merror=[0m  1.4857887E-07
dmft loop= 4 [1;92merror=[0m  1.3248059E-10
 
 time step=          51
dmft loop= 1 [1;91merror=[0m  1.0000000E+00
dmft loop= 2 [1;91merror=[0m  6.9372445E-05
dmft loop= 3 [1;93merror=[0m  1.3092894E-07
dmft loop= 4 [1;92merror=[0m  1.1093218E-10
 
 time step=          52
dmft loop= 1 [1;91merror=[0m  1.0000000E+00
dmft loop= 2 [1;91merror=[0m  6.9370705E-05
dmft loop= 3 [1;93merror=[0m  1.4807086E-07
dmft loop= 4 [1;92merror=[0m  1.3114417E-10
 
 time step=          53
dmft loop= 1 [1;91merror=[0m  1.0000000E+00
dmft loop= 2 [1;91merror=[0m  6.9449764E-05
dmft loop= 3 [1;93merror=[0m  1.3202467E-07
dmft loop= 4 [1;92merror=[0m  1.1298144E-10
 
 time step=          54
dmft loop= 1 [1;91merror=[0m  1.0000000E+00
dmft loop= 2 [1;91merror=[0m  7.0262646E-05
dmft loop= 3 [1;93merror=[0m  1.4875566E-07
dmft loop= 4 [1;92merror=[0m  1.3401515E-10
 
 time step=          55
dmft loop= 1 [1;91merror=[0m  1.0000000E+00
dmft loop= 2 [1;91merror=[0m  6.9698426E-05
dmft loop= 3 [1;93merror=[0m  1.3432596E-07
dmft loop= 4 [1;92merror=[0m  1.1793162E-10
 
 time step=          56
dmft loop= 1 [1;91merror=[0m  1.0000000E+00
dmft loop= 2 [1;91merror=[0m  6.9625902E-05
dmft loop= 3 [1;93merror=[0m  1.5012609E-07
dmft loop= 4 [1;92merror=[0m  1.3717701E-10
 
 time step=          57
dmft loop= 1 [1;91merror=[0m  1.0000000E+00
dmft loop= 2 [1;91merror=[0m  6.8807533E-05
dmft loop= 3 [1;93merror=[0m  1.3654038E-07
dmft loop= 4 [1;92merror=[0m  1.2189958E-10
 
 time step=          58
dmft loop= 1 [1;91merror=[0m  1.0000000E+00
dmft loop= 2 [1;91merror=[0m  6.8682776E-05
dmft loop= 3 [1;93merror=[0m  1.5118746E-07
dmft loop= 4 [1;92merror=[0m  1.3961928E-10
 
 time step=          59
dmft loop= 1 [1;91merror=[0m  1.0000000E+00
dmft loop= 2 [1;91merror=[0m  6.7963823E-05
dmft loop= 3 [1;93merror=[0m  1.3847089E-07
dmft loop= 4 [1;92merror=[0m  1.2551163E-10
 
 time step=          60
dmft loop= 1 [1;91merror=[0m  1.0000000E+00
dmft loop= 2 [1;91merror=[0m  6.7883537E-05
dmft loop= 3 [1;93merror=[0m  1.5208394E-07
dmft loop= 4 [1;92merror=[0m  1.4202940E-10
 
 time step=          61
dmft loop= 1 [1;91merror=[0m  1.0000000E+00
dmft loop= 2 [1;91merror=[0m  6.7277310E-05
dmft loop= 3 [1;93merror=[0m  1.4015599E-07
dmft loop= 4 [1;92merror=[0m  1.2897608E-10
 
 time step=          62
dmft loop= 1 [1;91merror=[0m  1.0000000E+00
dmft loop= 2 [1;91merror=[0m  6.7250773E-05
dmft loop= 3 [1;93merror=[0m  1.5264663E-07
dmft loop= 4 [1;92merror=[0m  1.4428874E-10
 
 time step=          63
dmft loop= 1 [1;91merror=[0m  1.0000000E+00
dmft loop= 2 [1;91merror=[0m  6.6718447E-05
dmft loop= 3 [1;93merror=[0m  1.4146932E-07
dmft loop= 4 [1;92merror=[0m  1.3212440E-10
 
 time step=          64
dmft loop= 1 [1;91merror=[0m  1.0000000E+00
dmft loop= 2 [1;91merror=[0m  6.6663226E-05
dmft loop= 3 [1;93merror=[0m  1.5283200E-07
dmft loop= 4 [1;92merror=[0m  1.4616611E-10
 
 time step=          65
dmft loop= 1 [1;91merror=[0m  1.0000000E+00
dmft loop= 2 [1;91merror=[0m  6.6130832E-05
dmft loop= 3 [1;93merror=[0m  1.4224900E-07
dmft loop= 4 [1;92merror=[0m  1.3451405E-10
 
 time step=          66
dmft loop= 1 [1;91merror=[0m  1.0000000E+00
dmft loop= 2 [1;91merror=[0m  6.6002174E-05
dmft loop= 3 [1;93merror=[0m  1.5266952E-07
dmft loop= 4 [1;92merror=[0m  1.4732705E-10
 
 time step=          67
dmft loop= 1 [1;91merror=[0m  1.0000000E+00
dmft loop= 2 [1;91merror=[0m  6.5474126E-05
dmft loop= 3 [1;93merror=[0m  1.4264204E-07
dmft loop= 4 [1;92merror=[0m  1.3595794E-10
 
 time step=          68
dmft loop= 1 [1;91merror=[0m  1.0000000E+00
dmft loop= 2 [1;91merror=[0m  6.5401251E-05
dmft loop= 3 [1;93merror=[0m  1.5220344E-07
dmft loop= 4 [1;92merror=[0m  1.4739763E-10
 
 time step=          69
dmft loop= 1 [1;91merror=[0m  1.0000000E+00
dmft loop= 2 [1;91merror=[0m  6.5004289E-05
dmft loop= 3 [1;93merror=[0m  1.4300075E-07
dmft loop= 4 [1;92merror=[0m  1.3646869E-10
 
 time step=          70
dmft loop= 1 [1;91merror=[0m  1.0000000E+00
dmft loop= 2 [1;91merror=[0m  6.5240101E-05
dmft loop= 3 [1;93merror=[0m  1.5178002E-07
dmft loop= 4 [1;92merror=[0m  1.4647509E-10
 
 time step=          71
dmft loop= 1 [1;91merror=[0m  1.0000000E+00
dmft loop= 2 [1;91merror=[0m  6.5572649E-05
dmft loop= 3 [1;93merror=[0m  1.4356585E-07
dmft loop= 4 [1;92merror=[0m  1.3620169E-10
 
 time step=          72
dmft loop= 1 [1;91merror=[0m  1.0000000E+00
dmft loop= 2 [1;91merror=[0m  6.6566850E-05
dmft loop= 3 [1;93merror=[0m  1.5191100E-07
dmft loop= 4 [1;92merror=[0m  1.4522596E-10
 
 time step=          73
dmft loop= 1 [1;91merror=[0m  1.0000000E+00
dmft loop= 2 [1;91merror=[0m  6.7560441E-05
dmft loop= 3 [1;93merror=[0m  1.4476354E-07
dmft loop= 4 [1;92merror=[0m  1.3595661E-10
 
 time step=          74
dmft loop= 1 [1;91merror=[0m  1.0000000E+00
dmft loop= 2 [1;91merror=[0m  6.8984152E-05
dmft loop= 3 [1;93merror=[0m  1.5295000E-07
dmft loop= 4 [1;92merror=[0m  1.4700591E-10
 
 time step=          75
dmft loop= 1 [1;91merror=[0m  1.0000000E+00
dmft loop= 2 [1;91merror=[0m  7.0102679E-05
dmft loop= 3 [1;93merror=[0m  1.4724215E-07
dmft loop= 4 [1;92merror=[0m  1.4148500E-10
 
 time step=          76
dmft loop= 1 [1;91merror=[0m  1.0000000E+00
dmft loop= 2 [1;91merror=[0m  7.1302903E-05
dmft loop= 3 [1;93merror=[0m  1.5543992E-07
dmft loop= 4 [1;92merror=[0m  1.5260918E-10
 
 time step=          77
dmft loop= 1 [1;91merror=[0m  1.0000000E+00
dmft loop= 2 [1;91merror=[0m  7.1891390E-05
dmft loop= 3 [1;93merror=[0m  1.5079167E-07
dmft loop= 4 [1;92merror=[0m  1.4691562E-10
 
 time step=          78
dmft loop= 1 [1;91merror=[0m  1.0000000E+00
dmft loop= 2 [1;91merror=[0m  7.2161253E-05
dmft loop= 3 [1;93merror=[0m  1.5800746E-07
dmft loop= 4 [1;92merror=[0m  1.5595939E-10
 
 time step=          79
dmft loop= 1 [1;91merror=[0m  1.0000000E+00
dmft loop= 2 [1;91merror=[0m  7.1562425E-05
dmft loop= 3 [1;93merror=[0m  1.5237883E-07
dmft loop= 4 [1;92merror=[0m  1.4849459E-10
 
 time step=          80
dmft loop= 1 [1;91merror=[0m  1.0000000E+00
dmft loop= 2 [1;91merror=[0m  7.1033026E-05
dmft loop= 3 [1;93merror=[0m  1.5796630E-07
dmft loop= 4 [1;92merror=[0m  1.5518617E-10
 
 time step=          81
dmft loop= 1 [1;91merror=[0m  1.0000000E+00
dmft loop= 2 [1;91merror=[0m  7.0296193E-05
dmft loop= 3 [1;93merror=[0m  1.5255630E-07
dmft loop= 4 [1;92merror=[0m  1.4793788E-10
 
 time step=          82
dmft loop= 1 [1;91merror=[0m  1.0000000E+00
dmft loop= 2 [1;91merror=[0m  6.9895499E-05
dmft loop= 3 [1;93merror=[0m  1.5763546E-07
dmft loop= 4 [1;92merror=[0m  1.5398966E-10
 
 time step=          83
dmft loop= 1 [1;91merror=[0m  1.0000000E+00
dmft loop= 2 [1;91merror=[0m  6.9489562E-05
dmft loop= 3 [1;93merror=[0m  1.5275051E-07
dmft loop= 4 [1;92merror=[0m  1.4772670E-10
 
 time step=          84
dmft loop= 1 [1;91merror=[0m  1.0000000E+00
dmft loop= 2 [1;91merror=[0m  6.9679526E-05
dmft loop= 3 [1;93merror=[0m  1.5757674E-07
dmft loop= 4 [1;92merror=[0m  1.5371789E-10
 
 time step=          85
dmft loop= 1 [1;91merror=[0m  1.0000000E+00
dmft loop= 2 [1;91merror=[0m  6.9734896E-05
dmft loop= 3 [1;93merror=[0m  1.5334268E-07
dmft loop= 4 [1;92merror=[0m  1.4881940E-10
 
 time step=          86
dmft loop= 1 [1;91merror=[0m  1.0000000E+00
dmft loop= 2 [1;91merror=[0m  6.9815545E-05
dmft loop= 3 [1;93merror=[0m  1.5801647E-07
dmft loop= 4 [1;92merror=[0m  1.5496472E-10
 
 time step=          87
dmft loop= 1 [1;91merror=[0m  1.0000000E+00
dmft loop= 2 [1;91merror=[0m  6.9641734E-05
dmft loop= 3 [1;93merror=[0m  1.5418314E-07
dmft loop= 4 [1;92merror=[0m  1.5045184E-10
 
 time step=          88
dmft loop= 1 [1;91merror=[0m  1.0000000E+00
dmft loop= 2 [1;91merror=[0m  6.9606569E-05
dmft loop= 3 [1;93merror=[0m  1.5843088E-07
dmft loop= 4 [1;92merror=[0m  1.5598146E-10
 
 time step=          89
dmft loop= 1 [1;91merror=[0m  1.0000000E+00
dmft loop= 2 [1;91merror=[0m  6.9417130E-05
dmft loop= 3 [1;93merror=[0m  1.5490782E-07
dmft loop= 4 [1;92merror=[0m  1.5185272E-10
 
 time step=          90
dmft loop= 1 [1;91merror=[0m  1.0000000E+00
dmft loop= 2 [1;91merror=[0m  6.9372462E-05
dmft loop= 3 [1;93merror=[0m  1.5881596E-07
dmft loop= 4 [1;92merror=[0m  1.5694762E-10
 
 time step=          91
dmft loop= 1 [1;91merror=[0m  1.0000000E+00
dmft loop= 2 [1;91merror=[0m  6.9198974E-05
dmft loop= 3 [1;93merror=[0m  1.5560096E-07
dmft loop= 4 [1;92merror=[0m  1.5322181E-10
 
 time step=          92
dmft loop= 1 [1;91merror=[0m  1.0000000E+00
dmft loop= 2 [1;91merror=[0m  6.9163494E-05
dmft loop= 3 [1;93merror=[0m  1.5918617E-07
dmft loop= 4 [1;92merror=[0m  1.5795443E-10
 
 time step=          93
dmft loop= 1 [1;91merror=[0m  1.0000000E+00
dmft loop= 2 [1;91merror=[0m  6.9014517E-05
dmft loop= 3 [1;93merror=[0m  1.5622494E-07
dmft loop= 4 [1;92merror=[0m  1.5457523E-10
 
 time step=          94
dmft loop= 1 [1;91merror=[0m  1.0000000E+00
dmft loop= 2 [1;91merror=[0m  6.8982954E-05
dmft loop= 3 [1;93merror=[0m  1.5949574E-07
dmft loop= 4 [1;92merror=[0m  1.5894885E-10
 
 time step=          95
dmft loop= 1 [1;91merror=[0m  1.0000000E+00
dmft loop= 2 [1;91merror=[0m  6.8836618E-05
dmft loop= 3 [1;93merror=[0m  1.5674275E-07
dmft loop= 4 [1;92merror=[0m  1.5583038E-10
 
 time step=          96
dmft loop= 1 [1;91merror=[0m  1.0000000E+00
dmft loop= 2 [1;91merror=[0m  6.8789811E-05
dmft loop= 3 [1;93merror=[0m  1.5969594E-07
dmft loop= 4 [1;92merror=[0m  1.5978223E-10
 
 time step=          97
dmft loop= 1 [1;91merror=[0m  1.0000000E+00
dmft loop= 2 [1;91merror=[0m  6.8631884E-05
dmft loop= 3 [1;93merror=[0m  1.5716114E-07
dmft loop= 4 [1;92merror=[0m  1.5687271E-10
 
 time step=          98
dmft loop= 1 [1;91merror=[0m  1.0000000E+00
dmft loop= 2 [1;91merror=[0m  6.8566035E-05
dmft loop= 3 [1;93merror=[0m  1.5982340E-07
dmft loop= 4 [1;92merror=[0m  1.6037109E-10
 
 time step=          99
dmft loop= 1 [1;91merror=[0m  1.0000000E+00
dmft loop= 2 [1;91merror=[0m  6.8412496E-05
dmft loop= 3 [1;93merror=[0m  1.5749371E-07
dmft loop= 4 [1;92merror=[0m  1.5757723E-10
 
 time step=         100
dmft loop= 1 [1;91merror=[0m  1.0000000E+00
dmft loop= 2 [1;91merror=[0m  6.8343824E-05
dmft loop= 3 [1;93merror=[0m  1.5994314E-07
dmft loop= 4 [1;92merror=[0m  1.6064180E-10
 splot3d_animate 3dFSVSpiVSt.neqipt (21,21,100)
 BRAVO
