    1  1.0000000E+00
    2  3.7431572E-03
    3  3.9733273E-03
    4  6.0092369E-03
    5  8.1460771E-03
    6  1.0149230E-02
    7  1.1537110E-02
    8  1.1844549E-02
    9  1.0995433E-02
   10  9.2342159E-03
   11  7.2840481E-03
   12  5.5648616E-03
   13  4.1244203E-03
   14  3.0127399E-03
   15  2.2179557E-03
   16  1.5948498E-03
   17  1.1606559E-03
   18  8.5374484E-04
   19  6.0877626E-04
   20  4.5381400E-04
   21  3.2834249E-04
   22  2.2862279E-04
   23  1.6885050E-04
   24  1.1855225E-04
   25  9.0565841E-05
   26  7.8901939E-05
   27  5.6736105E-05
   28  3.6507778E-05
   29  2.6212556E-05
   30  2.1133665E-05
   31  1.3531449E-05
   32  1.0787906E-05
   33  6.2423261E-06
   34  5.4255638E-06
