    1  1.0000000E+00
    2  2.5380709E-03
    3  1.5480138E-03
    4  1.4191532E-03
    5  1.5145537E-03
    6  1.6715478E-03
    7  1.8624254E-03
    8  2.1153529E-03
    9  2.4561101E-03
   10  2.9339543E-03
   11  3.6348034E-03
   12  4.2314359E-02
   13  2.5701778E-02
   14  2.7612304E-02
   15  6.2056869E-03
   16  5.0411934E-03
   17  4.7404502E-03
   18  4.4750590E-03
   19  4.1832119E-03
   20  3.8360113E-03
   21  3.4940772E-03
   22  3.0183392E-03
   23  2.6022227E-03
   24  2.1879903E-03
   25  1.8086131E-03
   26  1.5142348E-03
   27  1.2426411E-03
   28  1.0246529E-03
   29  8.4776794E-04
   30  6.9445242E-04
   31  5.6507393E-04
   32  4.4417792E-04
   33  3.4235439E-04
   34  2.7301461E-04
   35  2.1281915E-04
   36  1.8673869E-04
   37  1.3201721E-04
   38  1.0073095E-04
   39  7.8283132E-05
   40  6.0202367E-05
   41  4.5593517E-05
   42  6.6685086E-05
   43  6.7326184E-05
   44  3.6555511E-05
   45  3.0467732E-05
   46  2.7235663E-05
   47  2.2627730E-05
   48  1.8747189E-05
   49  1.5488942E-05
   50  1.2757629E-05
   51  1.0472698E-05
   52  8.5662397E-06
   53  6.9809999E-06
