    1  1.0000000E+00
    2  3.2417842E-03
    3  3.5735922E-04
    4  2.9752756E-04
    5  2.3655507E-04
    6  1.9958853E-04
    7  1.7273506E-04
    8  1.5141891E-04
    9  1.3064505E-04
   10  1.1291194E-04
   11  9.7670231E-05
   12  8.3576326E-05
   13  6.6216444E-05
   14  6.3290947E-05
   15  5.5055672E-05
   16  7.6558239E-05
   17  2.5080692E-05
   18  2.1386634E-05
   19  1.8495507E-05
   20  1.6016877E-05
   21  1.3889013E-05
   22  1.2109642E-05
   23  1.0534087E-05
   24  9.2477659E-06
   25  8.1693304E-06
