    1  1.0000000E+00
    2  1.3641864E-03
    3  1.8921712E-04
    4  1.6872536E-04
    5  1.5057559E-04
    6  1.6718304E-04
    7  9.6219626E-05
    8  9.0151831E-05
    9  5.9912956E-05
   10  5.3615532E-05
   11  4.7965942E-05
   12  4.3000963E-05
   13  3.8330726E-05
   14  3.4227234E-05
   15  3.0538771E-05
   16  2.7311432E-05
   17  2.4552929E-05
   18  2.1805325E-05
   19  1.9353569E-05
   20  1.7527026E-05
   21  1.5515680E-05
   22  1.3972406E-05
   23  1.2593818E-05
   24  1.1609753E-05
   25  5.9232194E-06
   26  8.4533995E-06
