    1  1.0000000E+00
    2  2.1716536E-03
    3  3.9515436E-04
    4  3.7070228E-04
    5  3.1079803E-04
    6  3.1670898E-04
    7  2.9686862E-04
    8  2.4044490E-04
    9  2.5448235E-04
   10  2.3892953E-04
   11  2.2435191E-04
   12  2.1068236E-04
   13  1.9785595E-04
   14  1.8581122E-04
   15  1.5775397E-04
   16  1.3158126E-04
   17  1.4386265E-04
   18  1.1093733E-04
   19  1.2077106E-04
   20  1.1334445E-04
   21  1.0637718E-04
   22  1.0126304E-04
   23  9.3807324E-05
   24  8.8124162E-05
   25  8.2849196E-05
   26  7.9146553E-05
   27  7.3287452E-05
   28  6.9616963E-05
   29  6.4895034E-05
   30  6.0140120E-05
   31  5.7648071E-05
   32  5.4167402E-05
   33  5.0909963E-05
   34  4.7855785E-05
   35  4.4988854E-05
   36  4.2249903E-05
   37  3.9771960E-05
   38  3.7447019E-05
   39  3.5245643E-05
   40  3.3163554E-05
   41  3.1199037E-05
   42  2.9348963E-05
   43  2.7608689E-05
   44  2.5974233E-05
   45  2.4435313E-05
   46  2.2992275E-05
   47  2.1638752E-05
   48  2.0372095E-05
   49  1.9194653E-05
   50  1.8122411E-05
   51  1.6774835E-05
   52  1.5707491E-05
   53  1.4864593E-05
   54  7.5254102E-06
   55  1.1687919E-05
   56  1.0993491E-05
   57  1.0281801E-05
   58  9.6371887E-06
   59  9.0620638E-06
