---------------MPI----------------
rank:     0 of      1 alive
----------------------------------

 warning scalar in parse_cmd array:   ULOC
 expecting a comma separated list of:            5
 wrong dimensions parsing variable:   ULOC
 expecting a comma separated list of:            5
SCIFOR VERSION (GIT): f51d8963e73e1a7f5e05ca328195b114bbdf41ec
Timestamp: +21 May 2019  10:48:26.099
 
CODE VERSION: 30030ed680c7b62ac87f0fc221aa358a61913d81
Timestamp: +21 May 2019  10:48:26.100
 
store size =10240Kb
 Using Neel symmetry to refold BZ
 Using Nineq sites=           1
 Symmetries used are:
 (site=2,l,s)=(site=1,l,-s)
 Using Nk_total=361
Using Reciprocal Lattice vectors:
bk_x = [  3.1416 -3.1416  0.0000]
bk_y = [  0.0000  6.2832  0.0000]
bk_z = [  0.0000  0.0000  6.2832]
Get local Realaxis Green's function (no print)
Direct Inversion algorithm:
 
  +ETA --> fort.6
  10% |ETA: 0:00:00.972 @21 May 2019  10:48:26
  20% |ETA: 0:00:00.864
  30% |ETA: 0:00:00.756
  40% |ETA: 0:00:00.643
  50% |ETA: 0:00:00.537 @21 May 2019  10:48:26
  60% |ETA: 0:00:00.857
  70% |ETA: 0:00:00.641
  80% |ETA: 0:00:00.854
  90% |ETA: 0:00:00.848
 100% |ETA: 0:00:00.000
Total time [h:m:s.ms]:   0:00:01.059
dos_Hk real: write spin-orbital diagonal elements.
 Solving model along the path:
Point1: [ 0.0000 0.0000 0.0000]
Point2: [ 3.1416 0.0000 0.0000]
Point3: [ 3.1416 3.1416 0.0000]
Point4: [ 0.0000 0.0000 0.0000]
INIT SOLVER FOR _ineq0001
Summary:
--------------------------------------------
# of levels/spin      =               7
Total size            =              14
# of impurities       =               1
# of bath/impurity    =               6
# of Bath levels/spin =               6
Number of sectors     =              64
Ns_Orb                =               7
Ns_Ud                 =               1
Largest Sector(s)     =       35        35                1225
--------------------------------------------
Required Lanc_nstates_total=1 => set T=0 calculation
Lanczos ZERO temperature calculation:
Updated impHloc:
Reading bath from filehamiltonian_ineq0001.restart
there are        6 lines in +hamiltonian_ineq0001.restart

-----DMFT-loop    1 (max:  100)-----
 0 SOLVES INEQ SITE: 0001
Updated impHloc:
            #Ek_l1_s1              Vk_l1_s1             #Ek_l1_s2              Vk_l1_s2
      -0.532184288771        0.301308752672       -2.777310246197       -0.001150745169
      -0.115756940682        0.212909458018       -0.640340749837       -0.245542855302
       0.004452901621        0.135615122839       -0.212866721653        0.035569094932
       0.293383122773        0.128813877931       -0.311352825244        0.122997805761
       0.681127806248       -0.254941862574        0.016678772553        0.190059972560
       2.729572160751       -0.000000063457        0.364484340821        0.329397205463
Diagonalize impurity H:
 
  +ETA --> fort.6
  10% |ETA: 0:00:00.521 @21 May 2019  10:48:29
  20% |ETA: 0:00:00.564
  31% |ETA: 0:00:00.703
  40% |ETA: 0:00:00.584
  50% |ETA: 0:00:00.720 @21 May 2019  10:48:29
  60% |ETA: 0:00:00.597
  70% |ETA: 0:00:00.925
  81% |ETA: 0:00:00.544
  90% |ETA: 0:00:00.585
 100% |ETA: 0:00:00.000
Total time [h:m:s.ms]:   0:00:00.356
#     i               E_i       exp(-(E-E0)/T)       Sect       Dim    Indices:
     1   -5.275924859461   1.000000000000E+00         30       735   3   5
Egs =     -5.275924859461   3   5
Z   =      1.000000000000
Get impurity Greens functions:
Get G_l1_s1
Total time [h:m:s.ms]:   0:00:00.018
Get G_l1_s2
Total time [h:m:s.ms]:   0:00:00.019
dens_ineq0001=    0.999593919671    0.999593919671
docc_ineq0001=    0.164707196980
mag _ineq0001=   -0.196057517014
Total time [h:m:s.ms]:   0:00:00.443
Get local Matsubara Green's function (no print)
Direct Inversion algorithm:
 
  +ETA --> fort.6
  10% |ETA: 0:00:00.779 @21 May 2019  10:48:29
  20% |ETA: 0:00:00.690
  30% |ETA: 0:00:00.603
  40% |ETA: 0:00:00.518
  50% |ETA: 0:00:00.867 @21 May 2019  10:48:30
  60% |ETA: 0:00:00.695
  70% |ETA: 0:00:00.522
  80% |ETA: 0:00:00.699
  90% |ETA: 0:00:00.703
 100% |ETA: 0:00:00.***
Total time [h:m:s.ms]:   0:00:00.890
Gloc matsubara: write spin-orbital diagonal elements. Split.
Store Gloc_l11_s1_iw_indx*.dat in Gloc_l11_s1_iw.tgz
Store Gloc_l11_s2_iw_indx*.dat in Gloc_l11_s2_iw.tgz
Updated impHloc:
chi^2|iter_ineq0001=    3.479181651E-06 |   208  <--  Orb1 Spin1
            #Ek_l1_s1              Vk_l1_s1             #Ek_l1_s2              Vk_l1_s2
      -0.613123623903        0.288610125839       -2.777310246197       -0.001150745169
      -0.182481622996        0.198831179963       -0.640340749837       -0.245542855302
      -0.052828244690        0.118198216064       -0.212866721653        0.035569094932
       0.126839479826        0.118863790822       -0.311352825244        0.122997805761
       0.478841816515       -0.272192301711        0.016678772553        0.190059972560
       2.729572160751       -0.000000063457        0.364484340821        0.329397205463
Updated impHloc:
chi^2|iter_ineq0001=    4.383315039E-05 |   125  <--  Orb1 Spin2
            #Ek_l1_s1              Vk_l1_s1             #Ek_l1_s2              Vk_l1_s2
      -0.613123623903        0.288610125839       -2.777310300882       -0.000546886726
      -0.182481622996        0.198831179963       -0.583740582725       -0.211248043333
      -0.052828244690        0.118198216064       -0.090518218908        0.073214779576
       0.126839479826        0.118863790822       -0.267980813185        0.183260097781
       0.478841816515       -0.272192301711        0.063435160280        0.147811825238
       2.729572160751       -0.000000063457        0.367385065800        0.312712911712
[1;91mmax error=[0m  1.0000000E+00
[1;91m    error=[0m  1.0000000E+00
[1;91mmin error=[0m  1.0000000E+00
=====================================
Total time [h:m:s.ms]:   0:00:02.261



-----DMFT-loop    2 (max:  100)-----
 0 SOLVES INEQ SITE: 0001
Updated impHloc:
            #Ek_l1_s1              Vk_l1_s1             #Ek_l1_s2              Vk_l1_s2
      -0.613123623903        0.288610125839       -2.777310300882       -0.000546886726
      -0.182481622996        0.198831179963       -0.583740582725       -0.211248043333
      -0.052828244690        0.118198216064       -0.090518218908        0.073214779576
       0.126839479826        0.118863790822       -0.267980813185        0.183260097781
       0.478841816515       -0.272192301711        0.063435160280        0.147811825238
       2.729572160751       -0.000000063457        0.367385065800        0.312712911712
Diagonalize impurity H:
 
  +ETA --> fort.6
  10% |ETA: 0:00:00.521 @21 May 2019  10:48:31
  20% |ETA: 0:00:00.580
  31% |ETA: 0:00:00.695
  40% |ETA: 0:00:00.584
  50% |ETA: 0:00:00.724 @21 May 2019  10:48:31
  60% |ETA: 0:00:00.605
  70% |ETA: 0:00:00.928
  81% |ETA: 0:00:00.546
  90% |ETA: 0:00:00.610
 100% |ETA: 0:00:00.000
Total time [h:m:s.ms]:   0:00:00.370
#     i               E_i       exp(-(E-E0)/T)       Sect       Dim    Indices:
     1   -5.179586172488   1.000000000000E+00         30       735   3   5
Egs =     -5.179586172488   3   5
Z   =      1.000000000000
Get impurity Greens functions:
Get G_l1_s1
Total time [h:m:s.ms]:   0:00:00.017
Get G_l1_s2
Total time [h:m:s.ms]:   0:00:00.019
dens_ineq0001=    0.999129839976    0.999129839976
docc_ineq0001=    0.152988321718
mag _ineq0001=   -0.341776927745
Total time [h:m:s.ms]:   0:00:00.454
Get local Matsubara Green's function (no print)
Direct Inversion algorithm:
 
  +ETA --> fort.6
  10% |ETA: 0:00:00.770 @21 May 2019  10:48:32
  20% |ETA: 0:00:00.678
  30% |ETA: 0:00:00.598
  40% |ETA: 0:00:00.515
  50% |ETA: 0:00:00.857 @21 May 2019  10:48:32
  60% |ETA: 0:00:00.688
  70% |ETA: 0:00:00.515
  80% |ETA: 0:00:00.684
  90% |ETA: 0:00:00.683
 100% |ETA: 0:00:00.***
Total time [h:m:s.ms]:   0:00:00.856
Gloc matsubara: write spin-orbital diagonal elements. Split.
Store Gloc_l11_s1_iw_indx*.dat in Gloc_l11_s1_iw.tgz
Store Gloc_l11_s2_iw_indx*.dat in Gloc_l11_s2_iw.tgz
Updated impHloc:
chi^2|iter_ineq0001=    1.000965918E-06 |   129  <--  Orb1 Spin1
            #Ek_l1_s1              Vk_l1_s1             #Ek_l1_s2              Vk_l1_s2
      -0.613493891547        0.303567483018       -2.777310300882       -0.000546886726
      -0.194522526253        0.201748924046       -0.583740582725       -0.211248043333
      -0.078004445900        0.125722972478       -0.090518218908        0.073214779576
       0.156894931427        0.122300034833       -0.267980813185        0.183260097781
       0.529112023713       -0.253322930624        0.063435160280        0.147811825238
       2.729572160751       -0.000000063457        0.367385065800        0.312712911712
Updated impHloc:
chi^2|iter_ineq0001=    1.492946669E-05 |   134  <--  Orb1 Spin2
            #Ek_l1_s1              Vk_l1_s1             #Ek_l1_s2              Vk_l1_s2
      -0.613493891547        0.303567483018       -2.777310298999       -0.000479818303
      -0.194522526253        0.201748924046       -0.591718431197       -0.218544574032
      -0.078004445900        0.125722972478       -0.119299899291        0.074384603554
       0.156894931427        0.122300034833       -0.268479250994        0.151844405242
       0.529112023713       -0.253322930624        0.096282899262        0.174953916066
       2.729572160751       -0.000000063457        0.440634367846        0.327565532467
[1;91mmax error=[0m  2.7647262E-02
[1;91m    error=[0m  2.7647262E-02
[1;91mmin error=[0m  2.7647262E-02
=====================================
Total time [h:m:s.ms]:   0:00:02.055



-----DMFT-loop    3 (max:  100)-----
 0 SOLVES INEQ SITE: 0001
Updated impHloc:
            #Ek_l1_s1              Vk_l1_s1             #Ek_l1_s2              Vk_l1_s2
      -0.613308757725        0.296088804429       -2.777310299941       -0.000513352514
      -0.188502074624        0.200290052005       -0.587729506961       -0.214896308682
      -0.065416345295        0.121960594271       -0.104909059099        0.073799691565
       0.141867205626        0.120581912828       -0.268230032089        0.167552251512
       0.503976920114       -0.262757616167        0.079859029771        0.161382870652
       2.729572160751       -0.000000063457        0.404009716823        0.320139222089
Diagonalize impurity H:
 
  +ETA --> fort.6
  10% |ETA: 0:00:00.521 @21 May 2019  10:48:33
  20% |ETA: 0:00:00.580
  31% |ETA: 0:00:00.721
  40% |ETA: 0:00:00.602
  50% |ETA: 0:00:00.744 @21 May 2019  10:48:33
  60% |ETA: 0:00:00.620
  70% |ETA: 0:00:00.955
  81% |ETA: 0:00:00.561
  90% |ETA: 0:00:00.604
 100% |ETA: 0:00:00.000
Total time [h:m:s.ms]:   0:00:00.366
#     i               E_i       exp(-(E-E0)/T)       Sect       Dim    Indices:
     1   -5.218797000913   1.000000000000E+00         30       735   3   5
Egs =     -5.218797000913   3   5
Z   =      1.000000000000
Get impurity Greens functions:
Get G_l1_s1
Total time [h:m:s.ms]:   0:00:00.017
Get G_l1_s2
Total time [h:m:s.ms]:   0:00:00.020
dens_ineq0001=    0.999193032874    0.999193032874
docc_ineq0001=    0.150371220385
mag _ineq0001=   -0.388722541964
Total time [h:m:s.ms]:   0:00:00.453
Get local Matsubara Green's function (no print)
Direct Inversion algorithm:
 
  +ETA --> fort.6
  10% |ETA: 0:00:00.788 @21 May 2019  10:48:34
  20% |ETA: 0:00:00.706
  30% |ETA: 0:00:00.614
  40% |ETA: 0:00:00.527
  50% |ETA: 0:00:00.877 @21 May 2019  10:48:34
  60% |ETA: 0:00:00.699
  70% |ETA: 0:00:00.522
  80% |ETA: 0:00:00.698
  90% |ETA: 0:00:00.698
 100% |ETA: 0:00:00.000
Total time [h:m:s.ms]:   0:00:00.874
Gloc matsubara: write spin-orbital diagonal elements. Split.
Store Gloc_l11_s1_iw_indx*.dat in Gloc_l11_s1_iw.tgz
Store Gloc_l11_s2_iw_indx*.dat in Gloc_l11_s2_iw.tgz
Updated impHloc:
chi^2|iter_ineq0001=    5.928532008E-07 |   258  <--  Orb1 Spin1
            #Ek_l1_s1              Vk_l1_s1             #Ek_l1_s2              Vk_l1_s2
      -0.648794577975        0.304917584997       -2.777310299941       -0.000513352514
      -0.211239825634        0.211386794677       -0.587729506961       -0.214896308682
      -0.091482004188        0.132401887950       -0.104909059099        0.073799691565
       0.186479010133        0.133606283851       -0.268230032089        0.167552251512
       0.596411148350       -0.246799607152        0.079859029771        0.161382870652
       2.729572160751       -0.000000063457        0.404009716823        0.320139222089
Updated impHloc:
chi^2|iter_ineq0001=    9.211246697E-06 |   132  <--  Orb1 Spin2
            #Ek_l1_s1              Vk_l1_s1             #Ek_l1_s2              Vk_l1_s2
      -0.648794577975        0.304917584997       -2.777310298308       -0.000439465370
      -0.211239825634        0.211386794677       -0.594680337398       -0.220024814048
      -0.091482004188        0.132401887950       -0.128296256386        0.065444472409
       0.186479010133        0.133606283851       -0.265888244876        0.145102721126
       0.596411148350       -0.246799607152        0.112711441522        0.188099761327
       2.729572160751       -0.000000063457        0.471327523969        0.330210458915
[1;91mmax error=[0m  1.0047049E-02
[1;91m    error=[0m  1.0047049E-02
[1;91mmin error=[0m  1.0047049E-02
=====================================
Total time [h:m:s.ms]:   0:00:02.402



-----DMFT-loop    4 (max:  100)-----
 0 SOLVES INEQ SITE: 0001
Updated impHloc:
            #Ek_l1_s1              Vk_l1_s1             #Ek_l1_s2              Vk_l1_s2
      -0.631051667850        0.300503194713       -2.777310299124       -0.000476408942
      -0.199870950129        0.205838423341       -0.591204922179       -0.217460561365
      -0.078449174742        0.127181241110       -0.116602657742        0.069622081987
       0.164173107880        0.127094098339       -0.267059138483        0.156327486319
       0.550194034232       -0.254778611660        0.096285235646        0.174741315990
       2.729572160751       -0.000000063457        0.437668620396        0.325174840502
Diagonalize impurity H:
 
  +ETA --> fort.6
  10% |ETA: 0:00:00.521 @21 May 2019  10:48:35
  20% |ETA: 0:00:00.596
  31% |ETA: 0:00:00.739
  40% |ETA: 0:00:00.619
  50% |ETA: 0:00:00.756 @21 May 2019  10:48:36
  60% |ETA: 0:00:00.625
  70% |ETA: 0:00:00.962
  81% |ETA: 0:00:00.570
  90% |ETA: 0:00:00.642
 100% |ETA: 0:00:00.000
Total time [h:m:s.ms]:   0:00:00.390
#     i               E_i       exp(-(E-E0)/T)       Sect       Dim    Indices:
     1   -5.277695699949   1.000000000000E+00         30       735   3   5
Egs =     -5.277695699949   3   5
Z   =      1.000000000000
Get impurity Greens functions:
Get G_l1_s1
Total time [h:m:s.ms]:   0:00:00.018
Get G_l1_s2
Total time [h:m:s.ms]:   0:00:00.020
dens_ineq0001=    0.999305610646    0.999305610646
docc_ineq0001=    0.148349706456
mag _ineq0001=   -0.421991516126
Total time [h:m:s.ms]:   0:00:00.477
Get local Matsubara Green's function (no print)
Direct Inversion algorithm:
 
  +ETA --> fort.6
  10% |ETA: 0:00:00.788 @21 May 2019  10:48:36
  20% |ETA: 0:00:00.698
  30% |ETA: 0:00:00.603
  40% |ETA: 0:00:00.515
  50% |ETA: 0:00:00.861 @21 May 2019  10:48:36
  60% |ETA: 0:00:00.696
  70% |ETA: 0:00:00.525
  80% |ETA: 0:00:00.702
  90% |ETA: 0:00:00.703
 100% |ETA: 0:00:00.000
Total time [h:m:s.ms]:   0:00:00.885
Gloc matsubara: write spin-orbital diagonal elements. Split.
Store Gloc_l11_s1_iw_indx*.dat in Gloc_l11_s1_iw.tgz
Store Gloc_l11_s2_iw_indx*.dat in Gloc_l11_s2_iw.tgz
Updated impHloc:
chi^2|iter_ineq0001=    5.926507425E-07 |   119  <--  Orb1 Spin1
            #Ek_l1_s1              Vk_l1_s1             #Ek_l1_s2              Vk_l1_s2
      -0.631051385903        0.308083283001       -2.777310299124       -0.000476408942
      -0.205594782080        0.212783401592       -0.591204922179       -0.217460561365
      -0.098087941901        0.126907704316       -0.116602657742        0.069622081987
       0.187667298687        0.120077801742       -0.267059138483        0.156327486319
       0.554372797970       -0.243286131132        0.096285235646        0.174741315990
       2.729572160751       -0.000000063457        0.437668620396        0.325174840502
Updated impHloc:
chi^2|iter_ineq0001=    6.789483605E-06 |    87  <--  Orb1 Spin2
            #Ek_l1_s1              Vk_l1_s1             #Ek_l1_s2              Vk_l1_s2
      -0.631051385903        0.308083283001       -2.777310299412       -0.000432149473
      -0.205594782080        0.212783401592       -0.591383583111       -0.216665998372
      -0.098087941901        0.126907704316       -0.125219850379        0.054452257603
       0.187667298687        0.120077801742       -0.271851203163        0.145335720700
       0.554372797970       -0.243286131132        0.123739537656        0.195095766102
       2.729572160751       -0.000000063457        0.483667376849        0.331226616337
[1;91mmax error=[0m  6.9925067E-03
[1;91m    error=[0m  6.9925067E-03
[1;91mmin error=[0m  6.9925067E-03
=====================================
Total time [h:m:s.ms]:   0:00:01.964



-----DMFT-loop    5 (max:  100)-----
 0 SOLVES INEQ SITE: 0001
Updated impHloc:
            #Ek_l1_s1              Vk_l1_s1             #Ek_l1_s2              Vk_l1_s2
      -0.631051526877        0.304293238857       -2.777310299268       -0.000454279207
      -0.202732866105        0.209310912466       -0.591294252645       -0.217063279868
      -0.088268558322        0.127044472713       -0.120911254061        0.062037169795
       0.175920203283        0.123585950040       -0.269455170823        0.150831603509
       0.552283416101       -0.249032371396        0.110012386651        0.184918541046
       2.729572160751       -0.000000063457        0.460667998622        0.328200728419
Diagonalize impurity H:
 
  +ETA --> fort.6
  10% |ETA: 0:00:00.521 @21 May 2019  10:48:37
  20% |ETA: 0:00:00.580
  31% |ETA: 0:00:00.703
  40% |ETA: 0:00:00.596
  50% |ETA: 0:00:00.732 @21 May 2019  10:48:38
  60% |ETA: 0:00:00.610
  70% |ETA: 0:00:00.939
  81% |ETA: 0:00:00.553
  90% |ETA: 0:00:00.597
 100% |ETA: 0:00:00.000
Total time [h:m:s.ms]:   0:00:00.363
#     i               E_i       exp(-(E-E0)/T)       Sect       Dim    Indices:
     1   -5.298880107900   1.000000000000E+00         30       735   3   5
Egs =     -5.298880107900   3   5
Z   =      1.000000000000
Get impurity Greens functions:
Get G_l1_s1
Total time [h:m:s.ms]:   0:00:00.017
Get G_l1_s2
Total time [h:m:s.ms]:   0:00:00.021
dens_ineq0001=    0.999327753292    0.999327753292
docc_ineq0001=    0.146757195549
mag _ineq0001=   -0.444986764895
Total time [h:m:s.ms]:   0:00:00.449
Get local Matsubara Green's function (no print)
Direct Inversion algorithm:
 
  +ETA --> fort.6
  10% |ETA: 0:00:00.779 @21 May 2019  10:48:38
  20% |ETA: 0:00:00.682
  30% |ETA: 0:00:00.591
  40% |ETA: 0:00:00.509
  50% |ETA: 0:00:00.853 @21 May 2019  10:48:38
  60% |ETA: 0:00:00.684
  70% |ETA: 0:00:00.514
  80% |ETA: 0:00:00.686
  90% |ETA: 0:00:00.685
 100% |ETA: 0:00:00.000
Total time [h:m:s.ms]:   0:00:00.857
Gloc matsubara: write spin-orbital diagonal elements. Split.
Store Gloc_l11_s1_iw_indx*.dat in Gloc_l11_s1_iw.tgz
Store Gloc_l11_s2_iw_indx*.dat in Gloc_l11_s2_iw.tgz
Updated impHloc:
chi^2|iter_ineq0001=    6.223629082E-07 |    36  <--  Orb1 Spin1
            #Ek_l1_s1              Vk_l1_s1             #Ek_l1_s2              Vk_l1_s2
      -0.630900642396        0.309381921138       -2.777310299268       -0.000454279207
      -0.206195739718        0.217285295342       -0.591294252645       -0.217063279868
      -0.102569573504        0.122773625640       -0.120911254061        0.062037169795
       0.195026594475        0.116065349039       -0.269455170823        0.150831603509
       0.550433547468       -0.240716286059        0.110012386651        0.184918541046
       2.729572160751       -0.000000063457        0.460667998622        0.328200728419
Updated impHloc:
chi^2|iter_ineq0001=    5.500890545E-06 |    86  <--  Orb1 Spin2
            #Ek_l1_s1              Vk_l1_s1             #Ek_l1_s2              Vk_l1_s2
      -0.630900642396        0.309381921138       -2.777310299558       -0.000416463615
      -0.206195739718        0.217285295342       -0.591126773910       -0.216707518953
      -0.102569573504        0.122773625640       -0.128336321895        0.048412703946
       0.195026594475        0.116065349039       -0.273355054611        0.142536668544
       0.550433547468       -0.240716286059        0.132895922202        0.202188403243
       2.729572160751       -0.000000063457        0.501207272032        0.332002930645
[1;91mmax error=[0m  4.7856377E-03
[1;91m    error=[0m  4.7856377E-03
[1;91mmin error=[0m  4.7856377E-03
=====================================
Total time [h:m:s.ms]:   0:00:01.697



-----DMFT-loop    6 (max:  100)-----
 0 SOLVES INEQ SITE: 0001
Updated impHloc:
            #Ek_l1_s1              Vk_l1_s1             #Ek_l1_s2              Vk_l1_s2
      -0.630976084636        0.306837579998       -2.777310299413       -0.000435371411
      -0.204464302911        0.213298103904       -0.591210513278       -0.216885399411
      -0.095419065913        0.124909049176       -0.124623787978        0.055224936870
       0.185473398879        0.119825649540       -0.271405112717        0.146684136026
       0.551358481785       -0.244874328728        0.121454154427        0.193553472144
       2.729572160751       -0.000000063457        0.480937635327        0.330101829532
Diagonalize impurity H:
 
  +ETA --> fort.6
  10% |ETA: 0:00:00.521 @21 May 2019  10:48:39
  20% |ETA: 0:00:00.564
  31% |ETA: 0:00:00.695
  40% |ETA: 0:00:00.584
  50% |ETA: 0:00:00.724 @21 May 2019  10:48:39
  60% |ETA: 0:00:00.602
  70% |ETA: 0:00:00.935
  81% |ETA: 0:00:00.552
  90% |ETA: 0:00:00.594
 100% |ETA: 0:00:00.000
Total time [h:m:s.ms]:   0:00:00.361
#     i               E_i       exp(-(E-E0)/T)       Sect       Dim    Indices:
     1   -5.314647571676   1.000000000000E+00         30       735   3   5
Egs =     -5.314647571676   3   5
Z   =      1.000000000000
Get impurity Greens functions:
Get G_l1_s1
Total time [h:m:s.ms]:   0:00:00.017
Get G_l1_s2
Total time [h:m:s.ms]:   0:00:00.019
dens_ineq0001=    0.999362296300    0.999362296300
docc_ineq0001=    0.145582016178
mag _ineq0001=   -0.460850126133
Total time [h:m:s.ms]:   0:00:00.446
Get local Matsubara Green's function (no print)
Direct Inversion algorithm:
 
  +ETA --> fort.6
  10% |ETA: 0:00:00.779 @21 May 2019  10:48:40
  20% |ETA: 0:00:00.690
  30% |ETA: 0:00:00.605
  40% |ETA: 0:00:00.518
  50% |ETA: 0:00:00.861 @21 May 2019  10:48:40
  60% |ETA: 0:00:00.688
  70% |ETA: 0:00:00.516
  80% |ETA: 0:00:00.684
  90% |ETA: 0:00:00.682
 100% |ETA: 0:00:00.000
Total time [h:m:s.ms]:   0:00:00.853
Gloc matsubara: write spin-orbital diagonal elements. Split.
Store Gloc_l11_s1_iw_indx*.dat in Gloc_l11_s1_iw.tgz
Store Gloc_l11_s2_iw_indx*.dat in Gloc_l11_s2_iw.tgz
Updated impHloc:
chi^2|iter_ineq0001=    2.955228463E-07 |    79  <--  Orb1 Spin1
            #Ek_l1_s1              Vk_l1_s1             #Ek_l1_s2              Vk_l1_s2
      -0.667463847540        0.307059940465       -2.777310299413       -0.000435371411
      -0.224479573270        0.223490627447       -0.591210513278       -0.216885399411
      -0.110489054497        0.133153304752       -0.124623787978        0.055224936870
       0.224337974542        0.135110444328       -0.271405112717        0.146684136026
       0.630100095345       -0.235355894785        0.121454154427        0.193553472144
       2.729572160751       -0.000000063457        0.480937635327        0.330101829532
Updated impHloc:
chi^2|iter_ineq0001=    4.819635548E-06 |    72  <--  Orb1 Spin2
            #Ek_l1_s1              Vk_l1_s1             #Ek_l1_s2              Vk_l1_s2
      -0.667463847540        0.307059940465       -2.777310299160       -0.000406303863
      -0.224479573270        0.223490627447       -0.591832669524       -0.217062884146
      -0.110489054497        0.133153304752       -0.130441352065        0.044286971951
       0.224337974542        0.135110444328       -0.273905424449        0.139880707786
       0.630100095345       -0.235355894785        0.138685951503        0.205835844868
       2.729572160751       -0.000000063457        0.508714752283        0.332527520349
[1;91mmax error=[0m  3.2754630E-03
[1;91m    error=[0m  3.2754630E-03
[1;91mmin error=[0m  3.2754630E-03
=====================================
Total time [h:m:s.ms]:   0:00:01.747



-----DMFT-loop    7 (max:  100)-----
 0 SOLVES INEQ SITE: 0001
Updated impHloc:
            #Ek_l1_s1              Vk_l1_s1             #Ek_l1_s2              Vk_l1_s2
      -0.649219966088        0.306948760231       -2.777310299286       -0.000420837637
      -0.214471938091        0.218394365676       -0.591521591401       -0.216974141779
      -0.102954060205        0.129031176964       -0.127532570021        0.049755954411
       0.204905686710        0.127468046934       -0.272655268583        0.143282421906
       0.590729288565       -0.240115111756        0.130070052965        0.199694658506
       2.729572160751       -0.000000063457        0.494826193805        0.331314674941
Diagonalize impurity H:
 
  +ETA --> fort.6
  10% |ETA: 0:00:00.521 @21 May 2019  10:48:41
  20% |ETA: 0:00:00.564
  31% |ETA: 0:00:00.695
  40% |ETA: 0:00:00.584
  50% |ETA: 0:00:00.732 @21 May 2019  10:48:41
  60% |ETA: 0:00:00.600
  70% |ETA: 0:00:00.925
  81% |ETA: 0:00:00.544
  90% |ETA: 0:00:00.587
 100% |ETA: 0:00:00.000
Total time [h:m:s.ms]:   0:00:00.357
#     i               E_i       exp(-(E-E0)/T)       Sect       Dim    Indices:
     1   -5.356530268180   1.000000000000E+00         30       735   3   5
Egs =     -5.356530268180   3   5
Z   =      1.000000000000
Get impurity Greens functions:
Get G_l1_s1
Total time [h:m:s.ms]:   0:00:00.017
Get G_l1_s2
Total time [h:m:s.ms]:   0:00:00.019
dens_ineq0001=    0.999472935345    0.999472935345
docc_ineq0001=    0.144837538098
mag _ineq0001=   -0.471459439648
Total time [h:m:s.ms]:   0:00:00.442
Get local Matsubara Green's function (no print)
Direct Inversion algorithm:
 
  +ETA --> fort.6
  10% |ETA: 0:00:00.770 @21 May 2019  10:48:41
  20% |ETA: 0:00:00.686
  30% |ETA: 0:00:00.598
  40% |ETA: 0:00:00.512
  50% |ETA: 0:00:00.855 @21 May 2019  10:48:42
  60% |ETA: 0:00:00.686
  70% |ETA: 0:00:00.514
  80% |ETA: 0:00:00.687
  90% |ETA: 0:00:00.690
 100% |ETA: 0:00:00.500
Total time [h:m:s.ms]:   0:00:00.866
Gloc matsubara: write spin-orbital diagonal elements. Split.
Store Gloc_l11_s1_iw_indx*.dat in Gloc_l11_s1_iw.tgz
Store Gloc_l11_s2_iw_indx*.dat in Gloc_l11_s2_iw.tgz
Updated impHloc:
chi^2|iter_ineq0001=    2.359546075E-07 |   171  <--  Orb1 Spin1
            #Ek_l1_s1              Vk_l1_s1             #Ek_l1_s2              Vk_l1_s2
      -0.681505292617        0.305046939025       -2.777310299286       -0.000420837637
      -0.230808214515        0.228597702881       -0.591521591401       -0.216974141779
      -0.113239249704        0.133910400289       -0.127532570021        0.049755954411
       0.223837807643        0.129015882277       -0.272655268583        0.143282421906
       0.612225707222       -0.235811034320        0.130070052965        0.199694658506
       2.729572160751       -0.000000063457        0.494826193805        0.331314674941
Updated impHloc:
chi^2|iter_ineq0001=    4.424356068E-06 |    59  <--  Orb1 Spin2
            #Ek_l1_s1              Vk_l1_s1             #Ek_l1_s2              Vk_l1_s2
      -0.681505292617        0.305046939025       -2.777310298602       -0.000395286524
      -0.230808214515        0.228597702881       -0.593177602727       -0.218906263799
      -0.113239249704        0.133910400289       -0.131821980168        0.042226039520
       0.223837807643        0.129015882277       -0.274068870543        0.136701947612
       0.612225707222       -0.235811034320        0.143028667599        0.208944136084
       2.729572160751       -0.000000063457        0.517324627855        0.333253715259
[1;91mmax error=[0m  2.1967312E-03
[1;91m    error=[0m  2.1967312E-03
[1;91mmin error=[0m  2.1967312E-03
=====================================
Total time [h:m:s.ms]:   0:00:01.968



-----DMFT-loop    8 (max:  100)-----
 0 SOLVES INEQ SITE: 0001
Updated impHloc:
            #Ek_l1_s1              Vk_l1_s1             #Ek_l1_s2              Vk_l1_s2
      -0.665362629352        0.305997849628       -2.777310298944       -0.000408062081
      -0.222640076303        0.223496034279       -0.592349597064       -0.217940202789
      -0.108096654955        0.131470788627       -0.129677275095        0.045990996965
       0.214371747177        0.128241964605       -0.273362069563        0.139992184759
       0.601477497893       -0.237963073038        0.136549360282        0.204319397295
       2.729572160751       -0.000000063457        0.506075410830        0.332284195100
Diagonalize impurity H:
 
  +ETA --> fort.6
  10% |ETA: 0:00:00.521 @21 May 2019  10:48:43
  20% |ETA: 0:00:00.564
  31% |ETA: 0:00:00.695
  40% |ETA: 0:00:00.584
  50% |ETA: 0:00:00.712 @21 May 2019  10:48:43
  60% |ETA: 0:00:00.594
  70% |ETA: 0:00:00.918
  81% |ETA: 0:00:00.542
  90% |ETA: 0:00:00.587
 100% |ETA: 0:00:00.000
Total time [h:m:s.ms]:   0:00:00.356
#     i               E_i       exp(-(E-E0)/T)       Sect       Dim    Indices:
     1   -5.390861744492   1.000000000000E+00         30       735   3   5
Egs =     -5.390861744492   3   5
Z   =      1.000000000000
Get impurity Greens functions:
Get G_l1_s1
Total time [h:m:s.ms]:   0:00:00.016
Get G_l1_s2
Total time [h:m:s.ms]:   0:00:00.020
dens_ineq0001=    0.999547299439    0.999547299439
docc_ineq0001=    0.144311105924
mag _ineq0001=   -0.478736750903
Total time [h:m:s.ms]:   0:00:00.442
Get local Matsubara Green's function (no print)
Direct Inversion algorithm:
 
  +ETA --> fort.6
  10% |ETA: 0:00:00.788 @21 May 2019  10:48:43
  20% |ETA: 0:00:00.686
  30% |ETA: 0:00:00.596
  40% |ETA: 0:00:00.507
  50% |ETA: 0:00:00.849 @21 May 2019  10:48:44
  60% |ETA: 0:00:00.682
  70% |ETA: 0:00:00.513
  80% |ETA: 0:00:00.685
  90% |ETA: 0:00:00.686
 100% |ETA: 0:00:00.***
Total time [h:m:s.ms]:   0:00:00.861
Gloc matsubara: write spin-orbital diagonal elements. Split.
Store Gloc_l11_s1_iw_indx*.dat in Gloc_l11_s1_iw.tgz
Store Gloc_l11_s2_iw_indx*.dat in Gloc_l11_s2_iw.tgz
Updated impHloc:
chi^2|iter_ineq0001=    2.807700928E-07 |    47  <--  Orb1 Spin1
            #Ek_l1_s1              Vk_l1_s1             #Ek_l1_s2              Vk_l1_s2
      -0.665681832270        0.307400421212       -2.777310298944       -0.000408062081
      -0.224976401773        0.227548966649       -0.592349597064       -0.217940202789
      -0.113658201055        0.129227438830       -0.129677275095        0.045990996965
       0.223450149134        0.124863697338       -0.273362069563        0.139992184759
       0.600042138770       -0.235386123317        0.136549360282        0.204319397295
       2.729572160751       -0.000000063457        0.506075410830        0.332284195100
Updated impHloc:
chi^2|iter_ineq0001=    4.174860978E-06 |    31  <--  Orb1 Spin2
            #Ek_l1_s1              Vk_l1_s1             #Ek_l1_s2              Vk_l1_s2
      -0.665681832270        0.307400421212       -2.777310298518       -0.000388100633
      -0.224976401773        0.227548966649       -0.594122753374       -0.219054030710
      -0.113658201055        0.129227438830       -0.133630839610        0.039836839013
       0.223450149134        0.124863697338       -0.273376336176        0.135510924063
       0.600042138770       -0.235386123317        0.145814340967        0.210588314322
       2.729572160751       -0.000000063457        0.520679648417        0.333463246897
[1;91mmax error=[0m  1.5087411E-03
[1;91m    error=[0m  1.5087411E-03
[1;91mmin error=[0m  1.5087411E-03
=====================================
Total time [h:m:s.ms]:   0:00:01.583



-----DMFT-loop    9 (max:  100)-----
 0 SOLVES INEQ SITE: 0001
Updated impHloc:
            #Ek_l1_s1              Vk_l1_s1             #Ek_l1_s2              Vk_l1_s2
      -0.665522230811        0.306699135420       -2.777310298731       -0.000398081357
      -0.223808239038        0.225522500464       -0.593236175219       -0.218497116749
      -0.110877428005        0.130349113728       -0.131654057352        0.042913917989
       0.218910948155        0.126552830972       -0.273369202870        0.137751554411
       0.600759818332       -0.236674598178        0.141181850624        0.207453855808
       2.729572160751       -0.000000063457        0.513377529623        0.332873720998
Diagonalize impurity H:
 
  +ETA --> fort.6
  10% |ETA: 0:00:00.521 @21 May 2019  10:48:44
  20% |ETA: 0:00:00.580
  31% |ETA: 0:00:00.721
  40% |ETA: 0:00:00.602
  50% |ETA: 0:00:00.732 @21 May 2019  10:48:45
  60% |ETA: 0:00:00.605
  70% |ETA: 0:00:00.932
  81% |ETA: 0:00:00.550
  90% |ETA: 0:00:00.590
 100% |ETA: 0:00:00.000
Total time [h:m:s.ms]:   0:00:00.359
#     i               E_i       exp(-(E-E0)/T)       Sect       Dim    Indices:
     1   -5.398449977733   1.000000000000E+00         30       735   3   5
Egs =     -5.398449977733   3   5
Z   =      1.000000000000
Get impurity Greens functions:
Get G_l1_s1
Total time [h:m:s.ms]:   0:00:00.017
Get G_l1_s2
Total time [h:m:s.ms]:   0:00:00.019
dens_ineq0001=    0.999589427765    0.999589427765
docc_ineq0001=    0.143920266327
mag _ineq0001=   -0.483790640935
Total time [h:m:s.ms]:   0:00:00.444
Get local Matsubara Green's function (no print)
Direct Inversion algorithm:
 
  +ETA --> fort.6
  10% |ETA: 0:00:00.761 @21 May 2019  10:48:45
  20% |ETA: 0:00:00.694
  30% |ETA: 0:00:00.612
  40% |ETA: 0:00:00.527
  50% |ETA: 0:00:00.877 @21 May 2019  10:48:45
  60% |ETA: 0:00:00.699
  70% |ETA: 0:00:00.522
  80% |ETA: 0:00:00.692
  90% |ETA: 0:00:00.701
 100% |ETA: 0:00:00.000
Total time [h:m:s.ms]:   0:00:00.877
Gloc matsubara: write spin-orbital diagonal elements. Split.
Store Gloc_l11_s1_iw_indx*.dat in Gloc_l11_s1_iw.tgz
Store Gloc_l11_s2_iw_indx*.dat in Gloc_l11_s2_iw.tgz
Updated impHloc:
chi^2|iter_ineq0001=    2.759115579E-07 |    86  <--  Orb1 Spin1
            #Ek_l1_s1              Vk_l1_s1             #Ek_l1_s2              Vk_l1_s2
      -0.666136519686        0.307272390218       -2.777310298731       -0.000398081357
      -0.226273892951        0.228942671473       -0.593236175219       -0.218497116749
      -0.114570435504        0.128597126833       -0.131654057352        0.042913917989
       0.225713605868        0.124115975570       -0.273369202870        0.137751554411
       0.600200910872       -0.234915633092        0.141181850624        0.207453855808
       2.729572160751       -0.000000063457        0.513377529623        0.332873720998
Updated impHloc:
chi^2|iter_ineq0001=    4.016715633E-06 |    46  <--  Orb1 Spin2
            #Ek_l1_s1              Vk_l1_s1             #Ek_l1_s2              Vk_l1_s2
      -0.666136519686        0.307272390218       -2.777310297980       -0.000377847800
      -0.226273892951        0.228942671473       -0.595502723189       -0.219896633067
      -0.114570435504        0.128597126833       -0.134922621435        0.038580529636
       0.225713605868        0.124115975570       -0.272449231584        0.133904873583
       0.600200910872       -0.234915633092        0.147735443018        0.211720483604
       2.729572160751       -0.000000063457        0.523213616130        0.333713335866
[1;91mmax error=[0m  1.0398576E-03
[1;91m    error=[0m  1.0398576E-03
[1;91mmin error=[0m  1.0398576E-03
=====================================
Total time [h:m:s.ms]:   0:00:01.737



-----DMFT-loop   10 (max:  100)-----
 0 SOLVES INEQ SITE: 0001
Updated impHloc:
            #Ek_l1_s1              Vk_l1_s1             #Ek_l1_s2              Vk_l1_s2
      -0.665829375249        0.306985762819       -2.777310298355       -0.000387964578
      -0.225041065994        0.227232585968       -0.594369449204       -0.219196874908
      -0.112723931755        0.129473120281       -0.133288339394        0.040747223813
       0.222312277011        0.125334403271       -0.272909217227        0.135828213997
       0.600480364602       -0.235795115635        0.144458646821        0.209587169706
       2.729572160751       -0.000000063457        0.518295572877        0.333293528432
Diagonalize impurity H:
 
  +ETA --> fort.6
  10% |ETA: 0:00:00.521 @21 May 2019  10:48:46
  20% |ETA: 0:00:00.580
  31% |ETA: 0:00:00.703
  40% |ETA: 0:00:00.590
  50% |ETA: 0:00:00.724 @21 May 2019  10:48:46
  60% |ETA: 0:00:00.600
  70% |ETA: 0:00:00.925
  81% |ETA: 0:00:00.546
  90% |ETA: 0:00:00.594
 100% |ETA: 0:00:00.000
Total time [h:m:s.ms]:   0:00:00.361
#     i               E_i       exp(-(E-E0)/T)       Sect       Dim    Indices:
     1   -5.404571240329   1.000000000000E+00         30       735   3   5
Egs =     -5.404571240329   3   5
Z   =      1.000000000000
Get impurity Greens functions:
Get G_l1_s1
Total time [h:m:s.ms]:   0:00:00.016
Get G_l1_s2
Total time [h:m:s.ms]:   0:00:00.020
dens_ineq0001=    0.999619491344    0.999619491344
docc_ineq0001=    0.143648486707
mag _ineq0001=   -0.487262817996
Total time [h:m:s.ms]:   0:00:00.447
Get local Matsubara Green's function (no print)
Direct Inversion algorithm:
 
  +ETA --> fort.6
  10% |ETA: 0:00:00.788 @21 May 2019  10:48:47
  20% |ETA: 0:00:00.698
  30% |ETA: 0:00:00.610
  40% |ETA: 0:00:00.522
  50% |ETA: 0:00:00.871 @21 May 2019  10:48:47
  60% |ETA: 0:00:00.695
  70% |ETA: 0:00:00.521
  80% |ETA: 0:00:00.694
  90% |ETA: 0:00:00.692
 100% |ETA: 0:00:00.000
Total time [h:m:s.ms]:   0:00:00.868
Gloc matsubara: write spin-orbital diagonal elements. Split.
Store Gloc_l11_s1_iw_indx*.dat in Gloc_l11_s1_iw.tgz
Store Gloc_l11_s2_iw_indx*.dat in Gloc_l11_s2_iw.tgz
Updated impHloc:
chi^2|iter_ineq0001=    2.733382291E-07 |    49  <--  Orb1 Spin1
            #Ek_l1_s1              Vk_l1_s1             #Ek_l1_s2              Vk_l1_s2
      -0.666573162708        0.307165009513       -2.777310298355       -0.000387964578
      -0.226997054794        0.229839179284       -0.594369449204       -0.219196874908
      -0.115276973325        0.128174923296       -0.133288339394        0.040747223813
       0.227283800120        0.123662834409       -0.272909217227        0.135828213997
       0.600305893036       -0.234447558186        0.144458646821        0.209587169706
       2.729572160751       -0.000000063457        0.518295572877        0.333293528432
Updated impHloc:
chi^2|iter_ineq0001=    3.946222992E-06 |    19  <--  Orb1 Spin2
            #Ek_l1_s1              Vk_l1_s1             #Ek_l1_s2              Vk_l1_s2
      -0.666573162708        0.307165009513       -2.777310298313       -0.000384480875
      -0.226997054794        0.229839179284       -0.594659347580       -0.218558253351
      -0.115276973325        0.128174923296       -0.134646202006        0.037464575513
       0.227283800120        0.123662834409       -0.273632557448        0.134136923925
       0.600305893036       -0.234447558186        0.148363854385        0.211205288301
       2.729572160751       -0.000000063457        0.519196006758        0.333576162722
[1;91mmax error=[0m  7.1308755E-04
[1;91m    error=[0m  7.1308755E-04
[1;91mmin error=[0m  7.1308755E-04
=====================================
Total time [h:m:s.ms]:   0:00:01.573



-----DMFT-loop   11 (max:  100)-----
 0 SOLVES INEQ SITE: 0001
Updated impHloc:
            #Ek_l1_s1              Vk_l1_s1             #Ek_l1_s2              Vk_l1_s2
      -0.666201268979        0.307075386166       -2.777310298334       -0.000386222727
      -0.226019060394        0.228535882626       -0.594514398392       -0.218877564130
      -0.114000452540        0.128824021788       -0.133967270700        0.039105899663
       0.224798038566        0.124498618840       -0.273270887338        0.134982568961
       0.600393128819       -0.235121336910        0.146411250603        0.210396229004
       2.729572160751       -0.000000063457        0.518745789817        0.333434845577
Diagonalize impurity H:
 
  +ETA --> fort.6
  10% |ETA: 0:00:00.521 @21 May 2019  10:48:48
  20% |ETA: 0:00:00.596
  31% |ETA: 0:00:00.721
  40% |ETA: 0:00:00.602
  50% |ETA: 0:00:00.736 @21 May 2019  10:48:48
  60% |ETA: 0:00:00.605
  70% |ETA: 0:00:00.935
  81% |ETA: 0:00:00.550
  90% |ETA: 0:00:00.595
 100% |ETA: 0:00:00.000
Total time [h:m:s.ms]:   0:00:00.361
#     i               E_i       exp(-(E-E0)/T)       Sect       Dim    Indices:
     1   -5.408494851993   1.000000000000E+00         30       735   3   5
Egs =     -5.408494851993   3   5
Z   =      1.000000000000
Get impurity Greens functions:
Get G_l1_s1
Total time [h:m:s.ms]:   0:00:00.018
Get G_l1_s2
Total time [h:m:s.ms]:   0:00:00.019
dens_ineq0001=    0.999641750943    0.999641750943
docc_ineq0001=    0.143447363446
mag _ineq0001=   -0.489656627417
Total time [h:m:s.ms]:   0:00:00.450
Get local Matsubara Green's function (no print)
Direct Inversion algorithm:
 
  +ETA --> fort.6
  10% |ETA: 0:00:00.788 @21 May 2019  10:48:48
  20% |ETA: 0:00:00.698
  30% |ETA: 0:00:00.605
  40% |ETA: 0:00:00.515
  50% |ETA: 0:00:00.855 @21 May 2019  10:48:49
  60% |ETA: 0:00:00.679
  70% |ETA: 0:00:00.508
  80% |ETA: 0:00:00.680
  90% |ETA: 0:00:00.683
 100% |ETA: 0:00:00.***
Total time [h:m:s.ms]:   0:00:00.856
Gloc matsubara: write spin-orbital diagonal elements. Split.
Store Gloc_l11_s1_iw_indx*.dat in Gloc_l11_s1_iw.tgz
Store Gloc_l11_s2_iw_indx*.dat in Gloc_l11_s2_iw.tgz
Updated impHloc:
chi^2|iter_ineq0001=    2.800205547E-07 |    12  <--  Orb1 Spin1
            #Ek_l1_s1              Vk_l1_s1             #Ek_l1_s2              Vk_l1_s2
      -0.665962906670        0.307949352654       -2.777310298334       -0.000386222727
      -0.226743659343        0.229661537283       -0.594514398392       -0.218877564130
      -0.116002832366        0.127998040089       -0.133967270700        0.039105899663
       0.226426167343        0.122147273883       -0.273270887338        0.134982568961
       0.600596466499       -0.235341735007        0.146411250603        0.210396229004
       2.729572160751       -0.000000063457        0.518745789817        0.333434845577
Updated impHloc:
chi^2|iter_ineq0001=    3.879325443E-06 |    17  <--  Orb1 Spin2
            #Ek_l1_s1              Vk_l1_s1             #Ek_l1_s2              Vk_l1_s2
      -0.665962906670        0.307949352654       -2.777310298252       -0.000380441704
      -0.226743659343        0.229661537283       -0.594796440663       -0.218293487464
      -0.116002832366        0.127998040089       -0.135530362773        0.036257962899
       0.226426167343        0.122147273883       -0.273308749528        0.134126889228
       0.600596466499       -0.235341735007        0.149492687978        0.212085647088
       2.729572160751       -0.000000063457        0.521401702467        0.333545088165
[1;91mmax error=[0m  4.8568267E-04
[1;91m    error=[0m  4.8568267E-04
[1;91mmin error=[0m  4.8568267E-04
=====================================
Total time [h:m:s.ms]:   0:00:01.471



-----DMFT-loop   12 (max:  100)-----
 0 SOLVES INEQ SITE: 0001
Updated impHloc:
            #Ek_l1_s1              Vk_l1_s1             #Ek_l1_s2              Vk_l1_s2
      -0.666082087824        0.307512369410       -2.777310298293       -0.000383332215
      -0.226381359869        0.229098709955       -0.594655419527       -0.218585525797
      -0.115001642453        0.128411030939       -0.134748816736        0.037681931281
       0.225612102954        0.123322946361       -0.273289818433        0.134554729094
       0.600494797659       -0.235231535959        0.147951969291        0.211240938046
       2.729572160751       -0.000000063457        0.520073746142        0.333489966871
Diagonalize impurity H:
 
  +ETA --> fort.6
  10% |ETA: 0:00:00.521 @21 May 2019  10:48:49
  20% |ETA: 0:00:00.596
  31% |ETA: 0:00:00.721
  40% |ETA: 0:00:00.608
  50% |ETA: 0:00:00.748 @21 May 2019  10:48:49
  60% |ETA: 0:00:00.620
  70% |ETA: 0:00:00.959
  81% |ETA: 0:00:00.566
  90% |ETA: 0:00:00.612
 100% |ETA: 0:00:00.000
Total time [h:m:s.ms]:   0:00:00.372
#     i               E_i       exp(-(E-E0)/T)       Sect       Dim    Indices:
     1   -5.410833893602   1.000000000000E+00         30       735   3   5
Egs =     -5.410833893602   3   5
Z   =      1.000000000000
Get impurity Greens functions:
Get G_l1_s1
Total time [h:m:s.ms]:   0:00:00.018
Get G_l1_s2
Total time [h:m:s.ms]:   0:00:00.020
dens_ineq0001=    0.999676948920    0.999676948920
docc_ineq0001=    0.143320305600
mag _ineq0001=   -0.491323914331
Total time [h:m:s.ms]:   0:00:00.461
Get local Matsubara Green's function (no print)
Direct Inversion algorithm:
 
  +ETA --> fort.6
  10% |ETA: 0:00:00.805 @21 May 2019  10:48:50
  20% |ETA: 0:00:00.725
  30% |ETA: 0:00:00.626
  40% |ETA: 0:00:00.527
  50% |ETA: 0:00:00.869 @21 May 2019  10:48:50
  60% |ETA: 0:00:00.690
  70% |ETA: 0:00:00.513
  80% |ETA: 0:00:00.683
  90% |ETA: 0:00:00.681
 100% |ETA: 0:00:00.***
Total time [h:m:s.ms]:   0:00:00.856
Gloc matsubara: write spin-orbital diagonal elements. Split.
Store Gloc_l11_s1_iw_indx*.dat in Gloc_l11_s1_iw.tgz
Store Gloc_l11_s2_iw_indx*.dat in Gloc_l11_s2_iw.tgz
Updated impHloc:
chi^2|iter_ineq0001=    2.704875796E-07 |    17  <--  Orb1 Spin1
            #Ek_l1_s1              Vk_l1_s1             #Ek_l1_s2              Vk_l1_s2
      -0.666980013546        0.307121546209       -2.777310298293       -0.000383332215
      -0.227817479166        0.230869418463       -0.594655419527       -0.218585525797
      -0.116089453351        0.127642770973       -0.134748816736        0.037681931281
       0.229057111325        0.122983441107       -0.273289818433        0.134554729094
       0.600417459789       -0.234119249995        0.147951969291        0.211240938046
       2.729572160751       -0.000000063457        0.520073746142        0.333489966871
Updated impHloc:
chi^2|iter_ineq0001=    3.851052154E-06 |     7  <--  Orb1 Spin2
            #Ek_l1_s1              Vk_l1_s1             #Ek_l1_s2              Vk_l1_s2
      -0.666980013546        0.307121546209       -2.777310298265       -0.000383377269
      -0.227817479166        0.230869418463       -0.594829506851       -0.218722775151
      -0.116089453351        0.127642770973       -0.135052053514        0.036314125530
       0.229057111325        0.122983441107       -0.274041713026        0.133361633662
       0.600417459789       -0.234119249995        0.149683033807        0.211686568233
       2.729572160751       -0.000000063457        0.519769708708        0.333871488615
[1;91mmax error=[0m  3.4017746E-04
[1;91m    error=[0m  3.4017746E-04
[1;91mmin error=[0m  3.4017746E-04
=====================================
Total time [h:m:s.ms]:   0:00:01.475



-----DMFT-loop   13 (max:  100)-----
 0 SOLVES INEQ SITE: 0001
Updated impHloc:
            #Ek_l1_s1              Vk_l1_s1             #Ek_l1_s2              Vk_l1_s2
      -0.666531050685        0.307316957809       -2.777310298279       -0.000383354742
      -0.227099419517        0.229984064209       -0.594742463189       -0.218654150474
      -0.115545547902        0.128026900956       -0.134900435125        0.036998028405
       0.227334607140        0.123153193734       -0.273665765729        0.133958181378
       0.600456128724       -0.234675392977        0.148817501549        0.211463753140
       2.729572160751       -0.000000063457        0.519921727425        0.333680727743
Diagonalize impurity H:
 
  +ETA --> fort.6
  10% |ETA: 0:00:00.521 @21 May 2019  10:48:51
  20% |ETA: 0:00:00.549
  31% |ETA: 0:00:00.686
  40% |ETA: 0:00:00.578
  50% |ETA: 0:00:00.724 @21 May 2019  10:48:51
  60% |ETA: 0:00:00.600
  70% |ETA: 0:00:00.928
  81% |ETA: 0:00:00.546
  90% |ETA: 0:00:00.592
 100% |ETA: 0:00:00.000
Total time [h:m:s.ms]:   0:00:00.359
#     i               E_i       exp(-(E-E0)/T)       Sect       Dim    Indices:
     1   -5.413208001704   1.000000000000E+00         30       735   3   5
Egs =     -5.413208001704   3   5
Z   =      1.000000000000
Get impurity Greens functions:
Get G_l1_s1
Total time [h:m:s.ms]:   0:00:00.017
Get G_l1_s2
Total time [h:m:s.ms]:   0:00:00.019
dens_ineq0001=    0.999676312523    0.999676312523
docc_ineq0001=    0.143218893700
mag _ineq0001=   -0.492459445076
Total time [h:m:s.ms]:   0:00:00.446
Get local Matsubara Green's function (no print)
Direct Inversion algorithm:
 
  +ETA --> fort.6
  10% |ETA: 0:00:00.770 @21 May 2019  10:48:51
  20% |ETA: 0:00:00.686
  30% |ETA: 0:00:00.603
  40% |ETA: 0:00:00.528
  50% |ETA: 0:00:00.877 @21 May 2019  10:48:52
  60% |ETA: 0:00:00.698
  70% |ETA: 0:00:00.522
  80% |ETA: 0:00:00.697
  90% |ETA: 0:00:00.698
 100% |ETA: 0:00:00.000
Total time [h:m:s.ms]:   0:00:00.877
Gloc matsubara: write spin-orbital diagonal elements. Split.
Store Gloc_l11_s1_iw_indx*.dat in Gloc_l11_s1_iw.tgz
Store Gloc_l11_s2_iw_indx*.dat in Gloc_l11_s2_iw.tgz
Updated impHloc:
chi^2|iter_ineq0001=    2.742390888E-07 |    10  <--  Orb1 Spin1
            #Ek_l1_s1              Vk_l1_s1             #Ek_l1_s2              Vk_l1_s2
      -0.666448232477        0.307755871989       -2.777310298279       -0.000383354742
      -0.227492868972        0.230523170439       -0.594742463189       -0.218654150474
      -0.116493463955        0.127613452691       -0.134900435125        0.036998028405
       0.228163307640        0.121995837530       -0.273665765729        0.133958181378
       0.600575337389       -0.234785947691        0.148817501549        0.211463753140
       2.729572160751       -0.000000063457        0.519921727425        0.333680727743
Updated impHloc:
chi^2|iter_ineq0001=    3.828064467E-06 |     7  <--  Orb1 Spin2
            #Ek_l1_s1              Vk_l1_s1             #Ek_l1_s2              Vk_l1_s2
      -0.666448232477        0.307755871989       -2.777310298264       -0.000383313044
      -0.227492868972        0.230523170439       -0.594867274064       -0.218747126375
      -0.116493463955        0.127613452691       -0.135117942416        0.036037822929
       0.228163307640        0.121995837530       -0.274185457748        0.133122526150
       0.600575337389       -0.234785947691        0.150024239773        0.211779206872
       2.729572160751       -0.000000063457        0.519750000398        0.333942369045
[1;91mmax error=[0m  2.3008370E-04
[1;91m    error=[0m  2.3008370E-04
[1;91mmin error=[0m  2.3008370E-04
=====================================
Total time [h:m:s.ms]:   0:00:01.462



-----DMFT-loop   14 (max:  100)-----
 0 SOLVES INEQ SITE: 0001
Updated impHloc:
            #Ek_l1_s1              Vk_l1_s1             #Ek_l1_s2              Vk_l1_s2
      -0.666489641581        0.307536414899       -2.777310298272       -0.000383333893
      -0.227296144244        0.230253617324       -0.594804868627       -0.218700638425
      -0.116019505929        0.127820176823       -0.135009188770        0.036517925667
       0.227748957390        0.122574515632       -0.273925611739        0.133540353764
       0.600515733057       -0.234730670334        0.149420870661        0.211621480006
       2.729572160751       -0.000000063457        0.519835863911        0.333811548394
Diagonalize impurity H:
 
  +ETA --> fort.6
  10% |ETA: 0:00:00.521 @21 May 2019  10:48:52
  20% |ETA: 0:00:00.580
  31% |ETA: 0:00:00.712
  40% |ETA: 0:00:00.596
  50% |ETA: 0:00:00.728 @21 May 2019  10:48:52
  60% |ETA: 0:00:00.602
  70% |ETA: 0:00:00.932
  81% |ETA: 0:00:00.548
  90% |ETA: 0:00:00.592
 100% |ETA: 0:00:00.000
Total time [h:m:s.ms]:   0:00:00.360
#     i               E_i       exp(-(E-E0)/T)       Sect       Dim    Indices:
     1   -5.414345878719   1.000000000000E+00         30       735   3   5
Egs =     -5.414345878719   3   5
Z   =      1.000000000000
Get impurity Greens functions:
Get G_l1_s1
Total time [h:m:s.ms]:   0:00:00.017
Get G_l1_s2
Total time [h:m:s.ms]:   0:00:00.021
dens_ineq0001=    0.999681539278    0.999681539278
docc_ineq0001=    0.143155549227
mag _ineq0001=   -0.493237068208
Total time [h:m:s.ms]:   0:00:00.447
Get local Matsubara Green's function (no print)
Direct Inversion algorithm:
 
  +ETA --> fort.6
  10% |ETA: 0:00:00.761 @21 May 2019  10:48:53
  20% |ETA: 0:00:00.678
  30% |ETA: 0:00:00.601
  40% |ETA: 0:00:00.516
  50% |ETA: 0:00:00.861 @21 May 2019  10:48:53
  60% |ETA: 0:00:00.688
  70% |ETA: 0:00:00.517
  80% |ETA: 0:00:00.690
  90% |ETA: 0:00:00.689
 100% |ETA: 0:00:00.***
Total time [h:m:s.ms]:   0:00:00.861
Gloc matsubara: write spin-orbital diagonal elements. Split.
Store Gloc_l11_s1_iw_indx*.dat in Gloc_l11_s1_iw.tgz
Store Gloc_l11_s2_iw_indx*.dat in Gloc_l11_s2_iw.tgz
Updated impHloc:
chi^2|iter_ineq0001=    2.746577636E-07 |    10  <--  Orb1 Spin1
            #Ek_l1_s1              Vk_l1_s1             #Ek_l1_s2              Vk_l1_s2
      -0.666451866885        0.307831176016       -2.777310298272       -0.000383333893
      -0.227591728575        0.230638313027       -0.594804868627       -0.218700638425
      -0.116667395079        0.127526610285       -0.135009188770        0.036517925667
       0.228361949363        0.121782801373       -0.273925611739        0.133540353764
       0.600600199629       -0.234796599591        0.149420870661        0.211621480006
       2.729572160751       -0.000000063457        0.519835863911        0.333811548394
Updated impHloc:
chi^2|iter_ineq0001=    3.812482246E-06 |     7  <--  Orb1 Spin2
            #Ek_l1_s1              Vk_l1_s1             #Ek_l1_s2              Vk_l1_s2
      -0.666451866885        0.307831176016       -2.777310298257       -0.000383215051
      -0.227591728575        0.230638313027       -0.594894219517       -0.218763982447
      -0.116667395079        0.127526610285       -0.135168545548        0.035842023556
       0.228361949363        0.121782801373       -0.274281089468        0.132959617270
       0.600600199629       -0.234796599591        0.150262394957        0.211847651682
       2.729572160751       -0.000000063457        0.519757354059        0.333991146600
[1;91mmax error=[0m  1.5844016E-04
[1;91m    error=[0m  1.5844016E-04
[1;91mmin error=[0m  1.5844016E-04
=====================================
Total time [h:m:s.ms]:   0:00:01.443



-----DMFT-loop   15 (max:  100)-----
 0 SOLVES INEQ SITE: 0001
Updated impHloc:
            #Ek_l1_s1              Vk_l1_s1             #Ek_l1_s2              Vk_l1_s2
      -0.666470754233        0.307683795458       -2.777310298264       -0.000383274472
      -0.227443936410        0.230445965176       -0.594849544072       -0.218732310436
      -0.116343450504        0.127673393554       -0.135088867159        0.036179974612
       0.228055453376        0.122178658503       -0.274103350603        0.133249985517
       0.600557966343       -0.234763634962        0.149841632809        0.211734565844
       2.729572160751       -0.000000063457        0.519796608985        0.333901347497
Diagonalize impurity H:
 
  +ETA --> fort.6
  10% |ETA: 0:00:00.781 @21 May 2019  10:48:54
  20% |ETA: 0:00:00.721
  31% |ETA: 0:00:00.800
  40% |ETA: 0:00:00.660
  50% |ETA: 0:00:00.780 @21 May 2019  10:48:54
  60% |ETA: 0:00:00.635
  70% |ETA: 0:00:00.982
  81% |ETA: 0:00:00.577
  90% |ETA: 0:00:00.620
 100% |ETA: 0:00:00.000
Total time [h:m:s.ms]:   0:00:00.378
#     i               E_i       exp(-(E-E0)/T)       Sect       Dim    Indices:
     1   -5.415152521032   1.000000000000E+00         30       735   3   5
Egs =     -5.415152521032   3   5
Z   =      1.000000000000
Get impurity Greens functions:
Get G_l1_s1
Total time [h:m:s.ms]:   0:00:00.017
Get G_l1_s2
Total time [h:m:s.ms]:   0:00:00.020
dens_ineq0001=    0.999684777096    0.999684777096
docc_ineq0001=    0.143110882260
mag _ineq0001=   -0.493777299357
Total time [h:m:s.ms]:   0:00:00.467
Get local Matsubara Green's function (no print)
Direct Inversion algorithm:
 
  +ETA --> fort.6
  10% |ETA: 0:00:00.796 @21 May 2019  10:48:54
  20% |ETA: 0:00:00.710
  30% |ETA: 0:00:00.617
  40% |ETA: 0:00:00.525
  50% |ETA: 0:00:00.885 @21 May 2019  10:48:54
  60% |ETA: 0:00:00.704
  70% |ETA: 0:00:00.525
  80% |ETA: 0:00:00.702
  90% |ETA: 0:00:00.702
 100% |ETA: 0:00:00.000
Total time [h:m:s.ms]:   0:00:00.879
Gloc matsubara: write spin-orbital diagonal elements. Split.
Store Gloc_l11_s1_iw_indx*.dat in Gloc_l11_s1_iw.tgz
Store Gloc_l11_s2_iw_indx*.dat in Gloc_l11_s2_iw.tgz
Updated impHloc:
chi^2|iter_ineq0001=    2.674739923E-07 |    13  <--  Orb1 Spin1
            #Ek_l1_s1              Vk_l1_s1             #Ek_l1_s2              Vk_l1_s2
      -0.667854474825        0.307130965623       -2.777310298264       -0.000383274472
      -0.228372314720        0.231491097279       -0.594849544072       -0.218732310436
      -0.116626714836        0.127401292381       -0.135088867159        0.036179974612
       0.230274501878        0.122778236089       -0.274103350603        0.133249985517
       0.600829117359       -0.233754901271        0.149841632809        0.211734565844
       2.729572160751       -0.000000063457        0.519796608985        0.333901347497
Updated impHloc:
chi^2|iter_ineq0001=    3.801625314E-06 |     7  <--  Orb1 Spin2
            #Ek_l1_s1              Vk_l1_s1             #Ek_l1_s2              Vk_l1_s2
      -0.667854474825        0.307130965623       -2.777310298252       -0.000383115664
      -0.228372314720        0.231491097279       -0.594914089530       -0.218777767776
      -0.116626714836        0.127401292381       -0.135209861835        0.035698788023
       0.230274501878        0.122778236089       -0.274344433592        0.132848418749
       0.600829117359       -0.233754901271        0.150431683810        0.211901549460
       2.729572160751       -0.000000063457        0.519785590027        0.334023685328
[1;91mmax error=[0m  1.0974590E-04
[1;91m    error=[0m  1.0974590E-04
[1;91mmin error=[0m  1.0974590E-04
=====================================
Total time [h:m:s.ms]:   0:00:01.492



-----DMFT-loop   16 (max:  100)-----
 0 SOLVES INEQ SITE: 0001
Updated impHloc:
            #Ek_l1_s1              Vk_l1_s1             #Ek_l1_s2              Vk_l1_s2
      -0.667162614529        0.307407380540       -2.777310298258       -0.000383195068
      -0.227908125565        0.230968531227       -0.594881816801       -0.218755039106
      -0.116485082670        0.127537342968       -0.135149364497        0.035939381317
       0.229164977627        0.122478447296       -0.274223892098        0.133049202133
       0.600693541851       -0.234259268117        0.150136658310        0.211818057652
       2.729572160751       -0.000000063457        0.519791099506        0.333962516413
Diagonalize impurity H:
 
  +ETA --> fort.6
  10% |ETA: 0:00:00.521 @21 May 2019  10:48:55
  20% |ETA: 0:00:00.580
  31% |ETA: 0:00:00.712
  40% |ETA: 0:00:00.596
  50% |ETA: 0:00:00.732 @21 May 2019  10:48:55
  60% |ETA: 0:00:00.605
  70% |ETA: 0:00:00.935
  81% |ETA: 0:00:00.552
  90% |ETA: 0:00:00.595
 100% |ETA: 0:00:00.000
Total time [h:m:s.ms]:   0:00:00.361
#     i               E_i       exp(-(E-E0)/T)       Sect       Dim    Indices:
     1   -5.416648622085   1.000000000000E+00         30       735   3   5
Egs =     -5.416648622085   3   5
Z   =      1.000000000000
Get impurity Greens functions:
Get G_l1_s1
Total time [h:m:s.ms]:   0:00:00.016
Get G_l1_s2
Total time [h:m:s.ms]:   0:00:00.020
dens_ineq0001=    0.999675715240    0.999675715240
docc_ineq0001=    0.143066701881
mag _ineq0001=   -0.494176422577
Total time [h:m:s.ms]:   0:00:00.448
Get local Matsubara Green's function (no print)
Direct Inversion algorithm:
 
  +ETA --> fort.6
  10% |ETA: 0:00:00.805 @21 May 2019  10:48:56
  20% |ETA: 0:00:00.714
  30% |ETA: 0:00:00.614
  40% |ETA: 0:00:00.527
  50% |ETA: 0:00:00.879 @21 May 2019  10:48:56
  60% |ETA: 0:00:00.699
  70% |ETA: 0:00:00.522
  80% |ETA: 0:00:00.693
  90% |ETA: 0:00:00.690
 100% |ETA: 0:00:00.000
Total time [h:m:s.ms]:   0:00:00.869
Gloc matsubara: write spin-orbital diagonal elements. Split.
Store Gloc_l11_s1_iw_indx*.dat in Gloc_l11_s1_iw.tgz
Store Gloc_l11_s2_iw_indx*.dat in Gloc_l11_s2_iw.tgz
Updated impHloc:
chi^2|iter_ineq0001=    2.692988787E-07 |    10  <--  Orb1 Spin1
            #Ek_l1_s1              Vk_l1_s1             #Ek_l1_s2              Vk_l1_s2
      -0.667181731745        0.307567197322       -2.777310298258       -0.000383195068
      -0.228082798012        0.231163435473       -0.594881816801       -0.218755039106
      -0.116792250328        0.127394071807       -0.135149364497        0.035939381317
       0.229512559574        0.122074708667       -0.274223892098        0.133049202133
       0.600764335226       -0.234350835177        0.150136658310        0.211818057652
       2.729572160751       -0.000000063457        0.519791099506        0.333962516413
Updated impHloc:
chi^2|iter_ineq0001=    3.764200073E-06 |     9  <--  Orb1 Spin2
            #Ek_l1_s1              Vk_l1_s1             #Ek_l1_s2              Vk_l1_s2
      -0.667181731745        0.307567197322       -2.777310298436       -0.000374045481
      -0.228082798012        0.231163435473       -0.595199891128       -0.218882502813
      -0.116792250328        0.127394071807       -0.136358300379        0.034596043176
       0.229512559574        0.122074708667       -0.273491228018        0.133217015944
       0.600764335226       -0.234350835177        0.151080359136        0.212981113760
       2.729572160751       -0.000000063457        0.524419396562        0.334156932816
[1;91mmax error=[0m  7.8723633E-05
[1;91m    error=[0m  7.8723633E-05
[1;91mmin error=[0m  7.8723633E-05
=====================================
Total time [h:m:s.ms]:   0:00:01.474



-----DMFT-loop   17 (max:  100)-----
 0 SOLVES INEQ SITE: 0001
Updated impHloc:
            #Ek_l1_s1              Vk_l1_s1             #Ek_l1_s2              Vk_l1_s2
      -0.667172173137        0.307487288931       -2.777310298347       -0.000378620274
      -0.227995461788        0.231065983350       -0.595040853965       -0.218818770959
      -0.116638666499        0.127465707387       -0.135753832438        0.035267712247
       0.229338768601        0.122276577981       -0.273857560058        0.133133109039
       0.600728938538       -0.234305051647        0.150608508723        0.212399585706
       2.729572160751       -0.000000063457        0.522105248034        0.334059724614
Diagonalize impurity H:
 
  +ETA --> fort.6
  10% |ETA: 0:00:00.521 @21 May 2019  10:48:57
  20% |ETA: 0:00:00.596
  31% |ETA: 0:00:00.739
  40% |ETA: 0:00:00.619
  50% |ETA: 0:00:00.760 @21 May 2019  10:48:57
  60% |ETA: 0:00:00.633
  70% |ETA: 0:00:00.996
  81% |ETA: 0:00:00.596
  90% |ETA: 0:00:00.645
 100% |ETA: 0:00:00.000
Total time [h:m:s.ms]:   0:00:00.392
#     i               E_i       exp(-(E-E0)/T)       Sect       Dim    Indices:
     1   -5.417407143920   1.000000000000E+00         30       735   3   5
Egs =     -5.417407143920   3   5
Z   =      1.000000000000
Get impurity Greens functions:
Get G_l1_s1
Total time [h:m:s.ms]:   0:00:00.022
Get G_l1_s2
Total time [h:m:s.ms]:   0:00:00.023
dens_ineq0001=    0.999695302006    0.999695302006
docc_ineq0001=    0.143050774271
mag _ineq0001=   -0.494497035173
Total time [h:m:s.ms]:   0:00:00.501
Get local Matsubara Green's function (no print)
Direct Inversion algorithm:
 
  +ETA --> fort.6
  10% |ETA: 0:00:00.849 @21 May 2019  10:48:57
  20% |ETA: 0:00:00.729
  30% |ETA: 0:00:00.633
  40% |ETA: 0:00:00.539
  50% |ETA: 0:00:00.950 @21 May 2019  10:48:57
  60% |ETA: 0:00:00.783
  70% |ETA: 0:00:00.580
  80% |ETA: 0:00:00.766
  90% |ETA: 0:00:00.758
 100% |ETA: 0:00:00.000
Total time [h:m:s.ms]:   0:00:00.940
Gloc matsubara: write spin-orbital diagonal elements. Split.
Store Gloc_l11_s1_iw_indx*.dat in Gloc_l11_s1_iw.tgz
Store Gloc_l11_s2_iw_indx*.dat in Gloc_l11_s2_iw.tgz
Updated impHloc:
chi^2|iter_ineq0001=    2.699359621E-07 |     7  <--  Orb1 Spin1
            #Ek_l1_s1              Vk_l1_s1             #Ek_l1_s2              Vk_l1_s2
      -0.667163915889        0.307553008278       -2.777310298347       -0.000378620274
      -0.228059186451        0.231204395194       -0.595040853965       -0.218818770959
      -0.116905975572        0.127370536435       -0.135753832438        0.035267712247
       0.229524266435        0.121986785155       -0.273857560058        0.133133109039
       0.600772328430       -0.234300778427        0.150608508723        0.212399585706
       2.729572160751       -0.000000063457        0.522105248034        0.334059724614
Updated impHloc:
chi^2|iter_ineq0001=    3.762870712E-06 |     7  <--  Orb1 Spin2
            #Ek_l1_s1              Vk_l1_s1             #Ek_l1_s2              Vk_l1_s2
      -0.667163915889        0.307553008278       -2.777310298332       -0.000378419223
      -0.228059186451        0.231204395194       -0.595101632829       -0.218835906653
      -0.116905975572        0.127370536435       -0.135799806721        0.035076354668
       0.229524266435        0.121986785155       -0.273952153446        0.132890568573
       0.600772328430       -0.234300778427        0.150963010089        0.212538821084
       2.729572160751       -0.000000063457        0.522104083165        0.334055264522
[1;91mmax error=[0m  6.7230988E-05
[1;91m    error=[0m  6.7230988E-05
[1;91mmin error=[0m  6.7230988E-05
=====================================
Total time [h:m:s.ms]:   0:00:01.583



-----DMFT-loop   18 (max:  100)-----
 0 SOLVES INEQ SITE: 0001
Updated impHloc:
            #Ek_l1_s1              Vk_l1_s1             #Ek_l1_s2              Vk_l1_s2
      -0.667168044513        0.307520148605       -2.777310298340       -0.000378519749
      -0.228027324119        0.231135189272       -0.595071243397       -0.218827338806
      -0.116772321035        0.127418121911       -0.135776819579        0.035172033458
       0.229431517518        0.122131681568       -0.273904856752        0.133011838806
       0.600750633484       -0.234302915037        0.150785759406        0.212469203395
       2.729572160751       -0.000000063457        0.522104665600        0.334057494568
Diagonalize impurity H:
 
  +ETA --> fort.6
  10% |ETA: 0:00:00.521 @21 May 2019  10:48:58
  20% |ETA: 0:00:00.612
  31% |ETA: 0:00:00.739
  40% |ETA: 0:00:00.619
  50% |ETA: 0:00:00.752 @21 May 2019  10:48:58
  60% |ETA: 0:00:00.615
  70% |ETA: 0:00:00.949
  81% |ETA: 0:00:00.559
  90% |ETA: 0:00:00.602
 100% |ETA: 0:00:00.000
Total time [h:m:s.ms]:   0:00:00.365
#     i               E_i       exp(-(E-E0)/T)       Sect       Dim    Indices:
     1   -5.417674945741   1.000000000000E+00         30       735   3   5
Egs =     -5.417674945741   3   5
Z   =      1.000000000000
Get impurity Greens functions:
Get G_l1_s1
Total time [h:m:s.ms]:   0:00:00.017
Get G_l1_s2
Total time [h:m:s.ms]:   0:00:00.020
dens_ineq0001=    0.999697433964    0.999697433964
docc_ineq0001=    0.143034294950
mag _ineq0001=   -0.494687407189
Total time [h:m:s.ms]:   0:00:00.452
Get local Matsubara Green's function (no print)
Direct Inversion algorithm:
 
  +ETA --> fort.6
  10% |ETA: 0:00:00.770 @21 May 2019  10:48:59
  20% |ETA: 0:00:00.690
  30% |ETA: 0:00:00.610
  40% |ETA: 0:00:00.527
  50% |ETA: 0:00:00.873 @21 May 2019  10:48:59
  60% |ETA: 0:00:00.695
  70% |ETA: 0:00:00.519
  80% |ETA: 0:00:00.693
  90% |ETA: 0:00:00.695
 100% |ETA: 0:00:00.000
Total time [h:m:s.ms]:   0:00:00.872
Gloc matsubara: write spin-orbital diagonal elements. Split.
Store Gloc_l11_s1_iw_indx*.dat in Gloc_l11_s1_iw.tgz
Store Gloc_l11_s2_iw_indx*.dat in Gloc_l11_s2_iw.tgz
Updated impHloc:
chi^2|iter_ineq0001=    2.574564611E-07 |    18  <--  Orb1 Spin1
            #Ek_l1_s1              Vk_l1_s1             #Ek_l1_s2              Vk_l1_s2
      -0.672003827503        0.306393922167       -2.777310298340       -0.000378519749
      -0.229935096108        0.232801027478       -0.595071243397       -0.218827338806
      -0.116755021773        0.127613855406       -0.135776819579        0.035172033458
       0.232954462452        0.124078538291       -0.273904856752        0.133011838806
       0.603136197109       -0.232930452512        0.150785759406        0.212469203395
       2.729572160751       -0.000000063457        0.522104665600        0.334057494568
Updated impHloc:
chi^2|iter_ineq0001=    3.758570994E-06 |     7  <--  Orb1 Spin2
            #Ek_l1_s1              Vk_l1_s1             #Ek_l1_s2              Vk_l1_s2
      -0.672003827503        0.306393922167       -2.777310298330       -0.000378354069
      -0.229935096108        0.232801027478       -0.595124723936       -0.218847376540
      -0.116755021773        0.127613855406       -0.135813907566        0.035042193173
       0.232954462452        0.124078538291       -0.273958476873        0.132834335493
       0.603136197109       -0.232930452512        0.151040782907        0.212582270242
       2.729572160751       -0.000000063457        0.522140509444        0.334043792282
[1;91mmax error=[0m  3.8370653E-05
[1;91m    error=[0m  3.8370653E-05
[1;91mmin error=[0m  3.8370653E-05
=====================================
Total time [h:m:s.ms]:   0:00:01.489



-----DMFT-loop   19 (max:  100)-----
 0 SOLVES INEQ SITE: 0001
Updated impHloc:
            #Ek_l1_s1              Vk_l1_s1             #Ek_l1_s2              Vk_l1_s2
      -0.669585936008        0.306957035386       -2.777310298335       -0.000378436909
      -0.228981210114        0.231968108375       -0.595097983666       -0.218837357673
      -0.116763671404        0.127515988659       -0.135795363573        0.035107113315
       0.231192989985        0.123105109930       -0.273931666812        0.132923087149
       0.601943415297       -0.233616683774        0.150913271156        0.212525736818
       2.729572160751       -0.000000063457        0.522122587522        0.334050643425
Diagonalize impurity H:
 
  +ETA --> fort.6
  10% |ETA: 0:00:00.521 @21 May 2019  10:49:00
  20% |ETA: 0:00:00.564
  31% |ETA: 0:00:00.695
  40% |ETA: 0:00:00.590
  50% |ETA: 0:00:00.728 @21 May 2019  10:49:00
  60% |ETA: 0:00:00.605
  70% |ETA: 0:00:00.939
  81% |ETA: 0:00:00.555
  90% |ETA: 0:00:00.607
 100% |ETA: 0:00:00.000
Total time [h:m:s.ms]:   0:00:00.368
#     i               E_i       exp(-(E-E0)/T)       Sect       Dim    Indices:
     1   -5.421096901196   1.000000000000E+00         30       735   3   5
Egs =     -5.421096901196   3   5
Z   =      1.000000000000
Get impurity Greens functions:
Get G_l1_s1
Total time [h:m:s.ms]:   0:00:00.020
Get G_l1_s2
Total time [h:m:s.ms]:   0:00:00.021
dens_ineq0001=    0.999686820890    0.999686820890
docc_ineq0001=    0.143010572151
mag _ineq0001=   -0.494848294330
Total time [h:m:s.ms]:   0:00:00.462
Get local Matsubara Green's function (no print)
Direct Inversion algorithm:
 
  +ETA --> fort.6
  10% |ETA: 0:00:00.788 @21 May 2019  10:49:00
  20% |ETA: 0:00:00.698
  30% |ETA: 0:00:00.612
  40% |ETA: 0:00:00.527
  50% |ETA: 0:00:00.871 @21 May 2019  10:49:00
  60% |ETA: 0:00:00.691
  70% |ETA: 0:00:00.515
  80% |ETA: 0:00:00.682
  90% |ETA: 0:00:00.679
 100% |ETA: 0:00:00.000
Total time [h:m:s.ms]:   0:00:00.849
Gloc matsubara: write spin-orbital diagonal elements. Split.
Store Gloc_l11_s1_iw_indx*.dat in Gloc_l11_s1_iw.tgz
Store Gloc_l11_s2_iw_indx*.dat in Gloc_l11_s2_iw.tgz
Updated impHloc:
chi^2|iter_ineq0001=    1.855397779E-07 |    55  <--  Orb1 Spin1
            #Ek_l1_s1              Vk_l1_s1             #Ek_l1_s2              Vk_l1_s2
      -0.693635811106        0.304057414684       -2.777310298335       -0.000378436909
      -0.238068982698        0.235731633551       -0.595097983666       -0.218837357673
      -0.118557610934        0.132737718888       -0.135795363573        0.035107113315
       0.236245566483        0.127623754456       -0.273931666812        0.132923087149
       0.621922340154       -0.233331724099        0.150913271156        0.212525736818
       2.729572160751       -0.000000063457        0.522122587522        0.334050643425
Updated impHloc:
chi^2|iter_ineq0001=    3.746315756E-06 |    13  <--  Orb1 Spin2
            #Ek_l1_s1              Vk_l1_s1             #Ek_l1_s2              Vk_l1_s2
      -0.693635811106        0.304057414684       -2.777310298122       -0.000374869329
      -0.238068982698        0.235731633551       -0.595472611601       -0.219057407446
      -0.118557610934        0.132737718888       -0.135974087733        0.035152039841
       0.236245566483        0.127623754456       -0.273563747483        0.132557488089
       0.621922340154       -0.233331724099        0.151302137679        0.212961693952
       2.729572160751       -0.000000063457        0.523278947243        0.333940389949
[1;91mmax error=[0m  3.0858086E-05
[1;91m    error=[0m  3.0858086E-05
[1;91mmin error=[0m  3.0858086E-05
=====================================
Total time [h:m:s.ms]:   0:00:01.588



-----DMFT-loop   20 (max:  100)-----
 0 SOLVES INEQ SITE: 0001
Updated impHloc:
            #Ek_l1_s1              Vk_l1_s1             #Ek_l1_s2              Vk_l1_s2
      -0.681610873557        0.305507225035       -2.777310298228       -0.000376653119
      -0.233525096406        0.233849870963       -0.595285297634       -0.218947382560
      -0.117660641169        0.130126853773       -0.135884725653        0.035129576578
       0.233719278234        0.125364432193       -0.273747707148        0.132740287619
       0.611932877725       -0.233474203936        0.151107704418        0.212743715385
       2.729572160751       -0.000000063457        0.522700767382        0.333995516687
Diagonalize impurity H:
 
  +ETA --> fort.6
  10% |ETA: 0:00:00.521 @21 May 2019  10:49:01
  20% |ETA: 0:00:00.564
  31% |ETA: 0:00:00.686
  40% |ETA: 0:00:00.572
  50% |ETA: 0:00:00.708 @21 May 2019  10:49:01
  60% |ETA: 0:00:00.582
  70% |ETA: 0:00:00.905
  81% |ETA: 0:00:00.533
  90% |ETA: 0:00:00.577
 100% |ETA: 0:00:00.000
Total time [h:m:s.ms]:   0:00:00.350
#     i               E_i       exp(-(E-E0)/T)       Sect       Dim    Indices:
     1   -5.438860377005   1.000000000000E+00         30       735   3   5
Egs =     -5.438860377005   3   5
Z   =      1.000000000000
Get impurity Greens functions:
Get G_l1_s1
Total time [h:m:s.ms]:   0:00:00.016
Get G_l1_s2
Total time [h:m:s.ms]:   0:00:00.020
dens_ineq0001=    0.999680862111    0.999680862111
docc_ineq0001=    0.142999889472
mag _ineq0001=   -0.494991197947
Total time [h:m:s.ms]:   0:00:00.436
Get local Matsubara Green's function (no print)
Direct Inversion algorithm:
 
  +ETA --> fort.6
  10% |ETA: 0:00:00.753 @21 May 2019  10:49:02
  20% |ETA: 0:00:00.662
  30% |ETA: 0:00:00.582
  40% |ETA: 0:00:00.998
  50% |ETA: 0:00:00.831 @21 May 2019  10:49:02
  60% |ETA: 0:00:00.666
  70% |ETA: 0:00:00.504
  80% |ETA: 0:00:00.675
  90% |ETA: 0:00:00.674
 100% |ETA: 0:00:00.000
Total time [h:m:s.ms]:   0:00:00.845
Gloc matsubara: write spin-orbital diagonal elements. Split.
Store Gloc_l11_s1_iw_indx*.dat in Gloc_l11_s1_iw.tgz
Store Gloc_l11_s2_iw_indx*.dat in Gloc_l11_s2_iw.tgz
Updated impHloc:
chi^2|iter_ineq0001=    1.450567586E-07 |   102  <--  Orb1 Spin1
            #Ek_l1_s1              Vk_l1_s1             #Ek_l1_s2              Vk_l1_s2
      -0.711419756503        0.299477077291       -2.777310298228       -0.000376653119
      -0.253391793695        0.235430191247       -0.595285297634       -0.218947382560
      -0.123608073350        0.145197345682       -0.135884725653        0.035129576578
       0.241722311214        0.132166533939       -0.273747707148        0.132740287619
       0.638290378707       -0.232002402888        0.151107704418        0.212743715385
       2.729572160751       -0.000000063457        0.522700767382        0.333995516687
Updated impHloc:
chi^2|iter_ineq0001=    3.748033002E-06 |     4  <--  Orb1 Spin2
            #Ek_l1_s1              Vk_l1_s1             #Ek_l1_s2              Vk_l1_s2
      -0.711419756503        0.299477077291       -2.777310298233       -0.000376450839
      -0.253391793695        0.235430191247       -0.595324288729       -0.218998586833
      -0.123608073350        0.145197345682       -0.135923870862        0.035026611071
       0.241722311214        0.132166533939       -0.273780070310        0.132637496080
       0.638290378707       -0.232002402888        0.151225322656        0.212797640571
       2.729572160751       -0.000000063457        0.522768253158        0.334034376643
[1;91mmax error=[0m  2.9142819E-05
[1;91m    error=[0m  2.9142819E-05
[1;91mmin error=[0m  2.9142819E-05
=====================================
Total time [h:m:s.ms]:   0:00:01.664



-----DMFT-loop   21 (max:  100)-----
 0 SOLVES INEQ SITE: 0001
Updated impHloc:
            #Ek_l1_s1              Vk_l1_s1             #Ek_l1_s2              Vk_l1_s2
      -0.696515315030        0.302492151163       -2.777310298231       -0.000376551979
      -0.243458445050        0.234640031105       -0.595304793181       -0.218972984696
      -0.120634357259        0.137662099728       -0.135904298257        0.035078093824
       0.237720794724        0.128765483066       -0.273763888729        0.132688891850
       0.625111628216       -0.232738303412        0.151166513537        0.212770677978
       2.729572160751       -0.000000063457        0.522734510270        0.334014946665
Diagonalize impurity H:
 
  +ETA --> fort.6
  10% |ETA: 0:00:00.521 @21 May 2019  10:49:03
  20% |ETA: 0:00:00.580
  31% |ETA: 0:00:00.712
  40% |ETA: 0:00:00.590
  50% |ETA: 0:00:00.728 @21 May 2019  10:49:03
  60% |ETA: 0:00:00.600
  70% |ETA: 0:00:00.939
  81% |ETA: 0:00:00.553
  90% |ETA: 0:00:00.597
 100% |ETA: 0:00:00.000
Total time [h:m:s.ms]:   0:00:00.362
#     i               E_i       exp(-(E-E0)/T)       Sect       Dim    Indices:
     1   -5.466825494209   1.000000000000E+00         30       735   3   5
Egs =     -5.466825494209   3   5
Z   =      1.000000000000
Get impurity Greens functions:
Get G_l1_s1
Total time [h:m:s.ms]:   0:00:00.019
Get G_l1_s2
Total time [h:m:s.ms]:   0:00:00.020
dens_ineq0001=    0.999620547250    0.999620547250
docc_ineq0001=    0.142943994054
mag _ineq0001=   -0.495234348937
Total time [h:m:s.ms]:   0:00:00.453
Get local Matsubara Green's function (no print)
Direct Inversion algorithm:
 
  +ETA --> fort.6
  10% |ETA: 0:00:00.779 @21 May 2019  10:49:03
  20% |ETA: 0:00:00.678
  30% |ETA: 0:00:00.589
  40% |ETA: 0:00:00.509
  50% |ETA: 0:00:00.851 @21 May 2019  10:49:04
  60% |ETA: 0:00:00.680
  70% |ETA: 0:00:00.507
  80% |ETA: 0:00:00.674
  90% |ETA: 0:00:00.676
 100% |ETA: 0:00:00.000
Total time [h:m:s.ms]:   0:00:00.847
Gloc matsubara: write spin-orbital diagonal elements. Split.
Store Gloc_l11_s1_iw_indx*.dat in Gloc_l11_s1_iw.tgz
Store Gloc_l11_s2_iw_indx*.dat in Gloc_l11_s2_iw.tgz
Updated impHloc:
chi^2|iter_ineq0001=    1.710881573E-07 |     9  <--  Orb1 Spin1
            #Ek_l1_s1              Vk_l1_s1             #Ek_l1_s2              Vk_l1_s2
      -0.696647056019        0.302540153956       -2.777310298231       -0.000376551979
      -0.243286173610        0.234720247873       -0.595304793181       -0.218972984696
      -0.120837156990        0.137811094289       -0.135904298257        0.035078093824
       0.237758809157        0.128786753022       -0.273763888729        0.132688891850
       0.625125614859       -0.232678368310        0.151166513537        0.212770677978
       2.729572160751       -0.000000063457        0.522734510270        0.334014946665
Updated impHloc:
chi^2|iter_ineq0001=    3.748111388E-06 |     4  <--  Orb1 Spin2
            #Ek_l1_s1              Vk_l1_s1             #Ek_l1_s2              Vk_l1_s2
      -0.696647056019        0.302540153956       -2.777310298230       -0.000376507656
      -0.243286173610        0.234720247873       -0.595322145834       -0.218913483337
      -0.120837156990        0.137811094289       -0.135912351625        0.035026110663
       0.237758809157        0.128786753022       -0.273786763435        0.132590787103
       0.625125614859       -0.232678368310        0.151201334466        0.212783037010
       2.729572160751       -0.000000063457        0.522740577832        0.334055757648
[1;91mmax error=[0m  5.5691043E-05
[1;91m    error=[0m  5.5691043E-05
[1;91mmin error=[0m  5.5691043E-05
=====================================
Total time [h:m:s.ms]:   0:00:01.431



-----DMFT-loop   22 (max:  100)-----
 0 SOLVES INEQ SITE: 0001
Updated impHloc:
            #Ek_l1_s1              Vk_l1_s1             #Ek_l1_s2              Vk_l1_s2
      -0.696581185525        0.302516152559       -2.777310298231       -0.000376529818
      -0.243372309330        0.234680139489       -0.595313469508       -0.218943234017
      -0.120735757124        0.137736597008       -0.135908324941        0.035052102244
       0.237739801940        0.128776118044       -0.273775326082        0.132639839476
       0.625118621538       -0.232708335861        0.151183924001        0.212776857494
       2.729572160751       -0.000000063457        0.522737544051        0.334035352156
Diagonalize impurity H:
 
  +ETA --> fort.6
  10% |ETA: 0:00:00.521 @21 May 2019  10:49:04
  20% |ETA: 0:00:00.627
  31% |ETA: 0:00:00.748
  40% |ETA: 0:00:00.619
  50% |ETA: 0:00:00.752 @21 May 2019  10:49:04
  60% |ETA: 0:00:00.620
  70% |ETA: 0:00:00.955
  81% |ETA: 0:00:00.561
  90% |ETA: 0:00:00.609
 100% |ETA: 0:00:00.000
Total time [h:m:s.ms]:   0:00:00.369
#     i               E_i       exp(-(E-E0)/T)       Sect       Dim    Indices:
     1   -5.466995910686   1.000000000000E+00         30       735   3   5
Egs =     -5.466995910686   3   5
Z   =      1.000000000000
Get impurity Greens functions:
Get G_l1_s1
Total time [h:m:s.ms]:   0:00:00.017
Get G_l1_s2
Total time [h:m:s.ms]:   0:00:00.020
dens_ineq0001=    0.999652190607    0.999652190607
docc_ineq0001=    0.142969076695
mag _ineq0001=   -0.495206424310
Total time [h:m:s.ms]:   0:00:00.458
Get local Matsubara Green's function (no print)
Direct Inversion algorithm:
 
  +ETA --> fort.6
  10% |ETA: 0:00:00.814 @21 May 2019  10:49:05
  20% |ETA: 0:00:00.714
  30% |ETA: 0:00:00.614
  40% |ETA: 0:00:00.522
  50% |ETA: 0:00:00.883 @21 May 2019  10:49:05
  60% |ETA: 0:00:00.712
  70% |ETA: 0:00:00.536
  80% |ETA: 0:00:00.712
  90% |ETA: 0:00:00.709
 100% |ETA: 0:00:00.500
Total time [h:m:s.ms]:   0:00:00.886
Gloc matsubara: write spin-orbital diagonal elements. Split.
Store Gloc_l11_s1_iw_indx*.dat in Gloc_l11_s1_iw.tgz
Store Gloc_l11_s2_iw_indx*.dat in Gloc_l11_s2_iw.tgz
Updated impHloc:
chi^2|iter_ineq0001=    1.699622990E-07 |    11  <--  Orb1 Spin1
            #Ek_l1_s1              Vk_l1_s1             #Ek_l1_s2              Vk_l1_s2
      -0.697183347527        0.302790867699       -2.777310298231       -0.000376529818
      -0.243197101426        0.234516873258       -0.595313469508       -0.218943234017
      -0.120956892155        0.137995294145       -0.135908324941        0.035052102244
       0.238023428178        0.128868129704       -0.273775326082        0.132639839476
       0.625180843130       -0.232691829269        0.151183924001        0.212776857494
       2.729572160751       -0.000000063457        0.522737544051        0.334035352156
Updated impHloc:
chi^2|iter_ineq0001=    3.745455333E-06 |     5  <--  Orb1 Spin2
            #Ek_l1_s1              Vk_l1_s1             #Ek_l1_s2              Vk_l1_s2
      -0.697183347527        0.302790867699       -2.777310298202       -0.000376276816
      -0.243197101426        0.234516873258       -0.595360593918       -0.219044296501
      -0.120956892155        0.137995294145       -0.135957915184        0.034952984219
       0.238023428178        0.128868129704       -0.273792945629        0.132560569661
       0.625180843130       -0.232691829269        0.151269738923        0.212841590455
       2.729572160751       -0.000000063457        0.522854239899        0.334045483647
[1;91mmax error=[0m  1.5356906E-05
[1;91m    error=[0m  1.5356906E-05
[1;91mmin error=[0m  1.5356906E-05
=====================================
Total time [h:m:s.ms]:   0:00:01.480



-----DMFT-loop   23 (max:  100)-----
 0 SOLVES INEQ SITE: 0001
Updated impHloc:
            #Ek_l1_s1              Vk_l1_s1             #Ek_l1_s2              Vk_l1_s2
      -0.696882266526        0.302653510129       -2.777310298216       -0.000376403317
      -0.243284705378        0.234598506374       -0.595337031713       -0.218993765259
      -0.120846324640        0.137865945577       -0.135933120062        0.035002543231
       0.237881615059        0.128822123874       -0.273784135856        0.132600204568
       0.625149732334       -0.232700082565        0.151226831462        0.212809223975
       2.729572160751       -0.000000063457        0.522795891975        0.334040417902
Diagonalize impurity H:
 
  +ETA --> fort.6
  10% |ETA: 0:00:00.521 @21 May 2019  10:49:06
  20% |ETA: 0:00:00.580
  31% |ETA: 0:00:00.721
  40% |ETA: 0:00:00.602
  50% |ETA: 0:00:00.744 @21 May 2019  10:49:06
  60% |ETA: 0:00:00.617
  70% |ETA: 0:00:00.952
  81% |ETA: 0:00:00.561
  90% |ETA: 0:00:00.604
 100% |ETA: 0:00:00.000
Total time [h:m:s.ms]:   0:00:00.367
#     i               E_i       exp(-(E-E0)/T)       Sect       Dim    Indices:
     1   -5.467438718925   1.000000000000E+00         30       735   3   5
Egs =     -5.467438718925   3   5
Z   =      1.000000000000
Get impurity Greens functions:
Get G_l1_s1
Total time [h:m:s.ms]:   0:00:00.017
Get G_l1_s2
Total time [h:m:s.ms]:   0:00:00.019
dens_ineq0001=    0.999666323593    0.999666323593
docc_ineq0001=    0.142983010259
mag _ineq0001=   -0.495190963700
Total time [h:m:s.ms]:   0:00:00.452
Get local Matsubara Green's function (no print)
Direct Inversion algorithm:
 
  +ETA --> fort.6
  10% |ETA: 0:00:00.761 @21 May 2019  10:49:06
  20% |ETA: 0:00:00.666
  30% |ETA: 0:00:00.587
  40% |ETA: 0:00:00.513
  50% |ETA: 0:00:00.859 @21 May 2019  10:49:07
  60% |ETA: 0:00:00.683
  70% |ETA: 0:00:00.510
  80% |ETA: 0:00:00.678
  90% |ETA: 0:00:00.676
 100% |ETA: 0:00:00.000
Total time [h:m:s.ms]:   0:00:00.845
Gloc matsubara: write spin-orbital diagonal elements. Split.
Store Gloc_l11_s1_iw_indx*.dat in Gloc_l11_s1_iw.tgz
Store Gloc_l11_s2_iw_indx*.dat in Gloc_l11_s2_iw.tgz
Updated impHloc:
chi^2|iter_ineq0001=    1.701732106E-07 |     5  <--  Orb1 Spin1
            #Ek_l1_s1              Vk_l1_s1             #Ek_l1_s2              Vk_l1_s2
      -0.696890098525        0.302645005725       -2.777310298216       -0.000376403317
      -0.243253693617        0.234647464756       -0.595337031713       -0.218993765259
      -0.120879583381        0.137901307665       -0.135933120062        0.035002543231
       0.237911816287        0.128795839912       -0.273784135856        0.132600204568
       0.625155551207       -0.232723668678        0.151226831462        0.212809223975
       2.729572160751       -0.000000063457        0.522795891975        0.334040417902
Updated impHloc:
chi^2|iter_ineq0001=    3.720337385E-06 |    13  <--  Orb1 Spin2
            #Ek_l1_s1              Vk_l1_s1             #Ek_l1_s2              Vk_l1_s2
      -0.696890098525        0.302645005725       -2.777310298306       -0.000364276224
      -0.243253693617        0.234647464756       -0.597186050703       -0.220471198403
      -0.120879583381        0.137901307665       -0.137119504607        0.035075600074
       0.237911816287        0.128795839912       -0.271634040778        0.131492494410
       0.625155551207       -0.232723668678        0.152049868239        0.214251099096
       2.729572160751       -0.000000063457        0.528730761514        0.334129497935
[1;93mmax error=[0m  7.3990248E-06
[1;93m    error=[0m  7.3990248E-06
[1;93mmin error=[0m  7.3990248E-06
=====================================
Total time [h:m:s.ms]:   0:00:01.440



-----DMFT-loop   24 (max:  100)-----
 0 SOLVES INEQ SITE: 0001
Updated impHloc:
            #Ek_l1_s1              Vk_l1_s1             #Ek_l1_s2              Vk_l1_s2
      -0.696886182525        0.302649257927       -2.777310298261       -0.000370339771
      -0.243269199498        0.234622985565       -0.596261541208       -0.219732481831
      -0.120862954010        0.137883626621       -0.136526312335        0.035039071653
       0.237896715673        0.128808981893       -0.272709088317        0.132046349489
       0.625152641770       -0.232711875621        0.151638349850        0.213530161535
       2.729572160751       -0.000000063457        0.525763326744        0.334084957918
Diagonalize impurity H:
 
  +ETA --> fort.6
  10% |ETA: 0:00:00.521 @21 May 2019  10:49:07
  20% |ETA: 0:00:00.580
  31% |ETA: 0:00:00.695
  40% |ETA: 0:00:00.578
  50% |ETA: 0:00:00.720 @21 May 2019  10:49:07
  60% |ETA: 0:00:00.592
  70% |ETA: 0:00:00.918
  81% |ETA: 0:00:00.540
  90% |ETA: 0:00:00.584
 100% |ETA: 0:00:00.000
Total time [h:m:s.ms]:   0:00:00.354
#     i               E_i       exp(-(E-E0)/T)       Sect       Dim    Indices:
     1   -5.468030603002   1.000000000000E+00         30       735   3   5
Egs =     -5.468030603002   3   5
Z   =      1.000000000000
Get impurity Greens functions:
Get G_l1_s1
Total time [h:m:s.ms]:   0:00:00.017
Get G_l1_s2
Total time [h:m:s.ms]:   0:00:00.019
dens_ineq0001=    0.999685674963    0.999685674963
docc_ineq0001=    0.142998113306
mag _ineq0001=   -0.495213672949
Total time [h:m:s.ms]:   0:00:00.439
Get local Matsubara Green's function (no print)
Direct Inversion algorithm:
 
  +ETA --> fort.6
  10% |ETA: 0:00:00.788 @21 May 2019  10:49:08
  20% |ETA: 0:00:00.698
  30% |ETA: 0:00:00.605
  40% |ETA: 0:00:00.512
  50% |ETA: 0:00:00.849 @21 May 2019  10:49:08
  60% |ETA: 0:00:00.680
  70% |ETA: 0:00:00.509
  80% |ETA: 0:00:00.678
  90% |ETA: 0:00:00.677
 100% |ETA: 0:00:00.000
Total time [h:m:s.ms]:   0:00:00.850
Gloc matsubara: write spin-orbital diagonal elements. Split.
Store Gloc_l11_s1_iw_indx*.dat in Gloc_l11_s1_iw.tgz
Store Gloc_l11_s2_iw_indx*.dat in Gloc_l11_s2_iw.tgz
Updated impHloc:
chi^2|iter_ineq0001=    1.702215730E-07 |     4  <--  Orb1 Spin1
            #Ek_l1_s1              Vk_l1_s1             #Ek_l1_s2              Vk_l1_s2
      -0.696893141861        0.302648280704       -2.777310298261       -0.000370339771
      -0.243252013412        0.234655736864       -0.596261541208       -0.219732481831
      -0.120881994754        0.137907188769       -0.136526312335        0.035039071653
       0.237920485159        0.128784034894       -0.272709088317        0.132046349489
       0.625157832372       -0.232723004683        0.151638349850        0.213530161535
       2.729572160751       -0.000000063457        0.525763326744        0.334084957918
Updated impHloc:
chi^2|iter_ineq0001=    3.722873166E-06 |     3  <--  Orb1 Spin2
            #Ek_l1_s1              Vk_l1_s1             #Ek_l1_s2              Vk_l1_s2
      -0.696893141861        0.302648280704       -2.777310298260       -0.000370313777
      -0.243252013412        0.234655736864       -0.596266166815       -0.219724471793
      -0.120881994754        0.137907188769       -0.136529174022        0.035032913885
       0.237920485159        0.128784034894       -0.272707896913        0.132033309999
       0.625157832372       -0.232723004683        0.151671044977        0.213523485596
       2.729572160751       -0.000000063457        0.525764826821        0.334101207843
[1;91mmax error=[0m  1.4823197E-05
[1;91m    error=[0m  1.4823197E-05
[1;91mmin error=[0m  1.4823197E-05
=====================================
Total time [h:m:s.ms]:   0:00:01.402



-----DMFT-loop   25 (max:  100)-----
 0 SOLVES INEQ SITE: 0001
Updated impHloc:
            #Ek_l1_s1              Vk_l1_s1             #Ek_l1_s2              Vk_l1_s2
      -0.696889662193        0.302648769316       -2.777310298261       -0.000370326774
      -0.243260606455        0.234639361214       -0.596263854011       -0.219728476812
      -0.120872474382        0.137895407695       -0.136527743179        0.035035992769
       0.237908600416        0.128796508393       -0.272708492615        0.132039829744
       0.625155237071       -0.232717440152        0.151654697414        0.213526823566
       2.729572160751       -0.000000063457        0.525764076782        0.334093082881
Diagonalize impurity H:
 
  +ETA --> fort.6
  10% |ETA: 0:00:00.521 @21 May 2019  10:49:09
  20% |ETA: 0:00:00.564
  31% |ETA: 0:00:00.695
  40% |ETA: 0:00:00.584
  50% |ETA: 0:00:00.712 @21 May 2019  10:49:09
  60% |ETA: 0:00:00.587
  70% |ETA: 0:00:00.911
  81% |ETA: 0:00:00.537
  90% |ETA: 0:00:00.580
 100% |ETA: 0:00:00.000
Total time [h:m:s.ms]:   0:00:00.353
#     i               E_i       exp(-(E-E0)/T)       Sect       Dim    Indices:
     1   -5.468050195856   1.000000000000E+00         30       735   3   5
Egs =     -5.468050195856   3   5
Z   =      1.000000000000
Get impurity Greens functions:
Get G_l1_s1
Total time [h:m:s.ms]:   0:00:00.017
Get G_l1_s2
Total time [h:m:s.ms]:   0:00:00.019
dens_ineq0001=    0.999696559305    0.999696559305
docc_ineq0001=    0.143004641618
mag _ineq0001=   -0.495216009981
Total time [h:m:s.ms]:   0:00:00.437
Get local Matsubara Green's function (no print)
Direct Inversion algorithm:
 
  +ETA --> fort.6
  10% |ETA: 0:00:00.761 @21 May 2019  10:49:09
  20% |ETA: 0:00:00.666
  30% |ETA: 0:00:00.580
  40% |ETA: 0:00:00.506
  50% |ETA: 0:00:00.851 @21 May 2019  10:49:09
  60% |ETA: 0:00:00.679
  70% |ETA: 0:00:00.507
  80% |ETA: 0:00:00.677
  90% |ETA: 0:00:00.676
 100% |ETA: 0:00:00.000
Total time [h:m:s.ms]:   0:00:00.847
Gloc matsubara: write spin-orbital diagonal elements. Split.
Store Gloc_l11_s1_iw_indx*.dat in Gloc_l11_s1_iw.tgz
Store Gloc_l11_s2_iw_indx*.dat in Gloc_l11_s2_iw.tgz
Updated impHloc:
chi^2|iter_ineq0001=    1.699891810E-07 |     7  <--  Orb1 Spin1
            #Ek_l1_s1              Vk_l1_s1             #Ek_l1_s2              Vk_l1_s2
      -0.697054745743        0.302685861460       -2.777310298261       -0.000370326774
      -0.243302990709        0.234655745193       -0.596263854011       -0.219728476812
      -0.120873974944        0.137938450533       -0.136527743179        0.035035992769
       0.238009765768        0.128789543661       -0.272708492615        0.132039829744
       0.625201145590       -0.232757990964        0.151654697414        0.213526823566
       2.729572160751       -0.000000063457        0.525764076782        0.334093082881
Updated impHloc:
chi^2|iter_ineq0001=    3.722114490E-06 |     3  <--  Orb1 Spin2
            #Ek_l1_s1              Vk_l1_s1             #Ek_l1_s2              Vk_l1_s2
      -0.697054745743        0.302685861460       -2.777310298260       -0.000370300372
      -0.243302990709        0.234655745193       -0.596267581303       -0.219726345726
      -0.120873974944        0.137938450533       -0.136530456263        0.035032937320
       0.238009765768        0.128789543661       -0.272705708193        0.132033820406
       0.625201145590       -0.232757990964        0.151679590709        0.213521447868
       2.729572160751       -0.000000063457        0.525766235964        0.334103735252
[1;93mmax error=[0m  5.7423523E-06
[1;93m    error=[0m  5.7423523E-06
[1;93mmin error=[0m  5.7423523E-06
=====================================
Total time [h:m:s.ms]:   0:00:01.404



-----DMFT-loop   26 (max:  100)-----
 0 SOLVES INEQ SITE: 0001
Updated impHloc:
            #Ek_l1_s1              Vk_l1_s1             #Ek_l1_s2              Vk_l1_s2
      -0.696972203968        0.302667315388       -2.777310298260       -0.000370313573
      -0.243281798582        0.234647553203       -0.596265717657       -0.219727411269
      -0.120873224663        0.137916929114       -0.136529099721        0.035034465044
       0.237959183092        0.128793026027       -0.272707100404        0.132036825075
       0.625178191331       -0.232737715558        0.151667144061        0.213524135717
       2.729572160751       -0.000000063457        0.525765156373        0.334098409067
Diagonalize impurity H:
 
  +ETA --> fort.6
  10% |ETA: 0:00:00.521 @21 May 2019  10:49:10
  20% |ETA: 0:00:00.564
  31% |ETA: 0:00:00.703
  40% |ETA: 0:00:00.584
  50% |ETA: 0:00:00.716 @21 May 2019  10:49:10
  60% |ETA: 0:00:00.589
  70% |ETA: 0:00:00.915
  81% |ETA: 0:00:00.539
  90% |ETA: 0:00:00.587
 100% |ETA: 0:00:00.000
Total time [h:m:s.ms]:   0:00:00.357
#     i               E_i       exp(-(E-E0)/T)       Sect       Dim    Indices:
     1   -5.468170058059   1.000000000000E+00         30       735   3   5
Egs =     -5.468170058059   3   5
Z   =      1.000000000000
Get impurity Greens functions:
Get G_l1_s1
Total time [h:m:s.ms]:   0:00:00.017
Get G_l1_s2
Total time [h:m:s.ms]:   0:00:00.020
dens_ineq0001=    0.999704068853    0.999704068853
docc_ineq0001=    0.143009317764
mag _ineq0001=   -0.495219217571
Total time [h:m:s.ms]:   0:00:00.442
Get local Matsubara Green's function (no print)
Direct Inversion algorithm:
 
  +ETA --> fort.6
  10% |ETA: 0:00:00.761 @21 May 2019  10:49:11
  20% |ETA: 0:00:00.678
  30% |ETA: 0:00:00.603
  40% |ETA: 0:00:00.518
  50% |ETA: 0:00:00.859 @21 May 2019  10:49:11
  60% |ETA: 0:00:00.680
  70% |ETA: 0:00:00.508
  80% |ETA: 0:00:00.675
  90% |ETA: 0:00:00.673
 100% |ETA: 0:00:00.000
Total time [h:m:s.ms]:   0:00:00.843
Gloc matsubara: write spin-orbital diagonal elements. Split.
Store Gloc_l11_s1_iw_indx*.dat in Gloc_l11_s1_iw.tgz
Store Gloc_l11_s2_iw_indx*.dat in Gloc_l11_s2_iw.tgz
Updated impHloc:
chi^2|iter_ineq0001=    1.696592228E-07 |     7  <--  Orb1 Spin1
            #Ek_l1_s1              Vk_l1_s1             #Ek_l1_s2              Vk_l1_s2
      -0.697313022476        0.302619894511       -2.777310298260       -0.000370313573
      -0.243299889523        0.234664038970       -0.596265717657       -0.219727411269
      -0.120937029678        0.138003567929       -0.136529099721        0.035034465044
       0.238008267805        0.128852739505       -0.272707100404        0.132036825075
       0.625289093777       -0.232650933682        0.151667144061        0.213524135717
       2.729572160751       -0.000000063457        0.525765156373        0.334098409067
Updated impHloc:
chi^2|iter_ineq0001=    3.721570693E-06 |     3  <--  Orb1 Spin2
            #Ek_l1_s1              Vk_l1_s1             #Ek_l1_s2              Vk_l1_s2
      -0.697313022476        0.302619894511       -2.777310298261       -0.000370285139
      -0.243299889523        0.234664038970       -0.596269493151       -0.219728415747
      -0.120937029678        0.138003567929       -0.136532115159        0.035032616920
       0.238008267805        0.128852739505       -0.272703136175        0.132033805778
       0.625289093777       -0.232650933682        0.151686291766        0.213520721369
       2.729572160751       -0.000000063457        0.525768126391        0.334105926474
[1;92mmax error=[0m  3.9148413E-06
[1;92m    error=[0m  3.9148413E-06
[1;92mmin error=[0m  3.9148413E-06
=====================================
Total time [h:m:s.ms]:   0:00:01.404


Get local Realaxis Green's function (no print)
Direct Inversion algorithm:
 
  +ETA --> fort.6
  10% |ETA: 0:00:00.770 @21 May 2019  10:49:11
  20% |ETA: 0:00:00.670
  30% |ETA: 0:00:00.582
  40% |ETA: 0:00:00.995
  50% |ETA: 0:00:00.827 @21 May 2019  10:49:12
  60% |ETA: 0:00:00.658
  70% |ETA: 0:00:00.986
  80% |ETA: 0:00:00.661
  90% |ETA: 0:00:00.664
 100% |ETA: 0:00:00.***
Total time [h:m:s.ms]:   0:00:00.418
Gloc real: write spin-orbital diagonal elements. Split.
Store Gloc_l11_s1_realw_indx*.dat in Gloc_l11_s1_realw.tgz
Store Gloc_l11_s2_realw_indx*.dat in Gloc_l11_s2_realw.tgz
