---------------MPI----------------
rank:     0 of      1 alive
----------------------------------

 warning scalar in parse_cmd array:   ULOC
 expecting a comma separated list of:            5
 wrong dimensions parsing variable:   ULOC
 expecting a comma separated list of:            5
SCIFOR VERSION (GIT): f51d8963e73e1a7f5e05ca328195b114bbdf41ec
Timestamp: +21 May 2019  10:50:30.212
 
CODE VERSION: 30030ed680c7b62ac87f0fc221aa358a61913d81
Timestamp: +21 May 2019  10:50:30.212
 
store size =10240Kb
 Using Neel symmetry to refold BZ
 Using Nineq sites=           1
 Symmetries used are:
 (site=2,l,s)=(site=1,l,-s)
 Using Nk_total=361
Using Reciprocal Lattice vectors:
bk_x = [  3.1416 -3.1416  0.0000]
bk_y = [  0.0000  6.2832  0.0000]
bk_z = [  0.0000  0.0000  6.2832]
Get local Realaxis Green's function (no print)
Direct Inversion algorithm:
 
  +ETA --> fort.6
  10% |ETA: 0:00:00.945 @21 May 2019  10:50:30
  20% |ETA: 0:00:00.820
  30% |ETA: 0:00:00.712
  40% |ETA: 0:00:00.606
  50% |ETA: 0:00:00.501 @21 May 2019  10:50:30
  60% |ETA: 0:00:00.798
  70% |ETA: 0:00:00.595
  80% |ETA: 0:00:00.792
  90% |ETA: 0:00:00.791
 100% |ETA: 0:00:00.500
Total time [h:m:s.ms]:   0:00:00.991
dos_Hk real: write spin-orbital diagonal elements.
 Solving model along the path:
Point1: [ 0.0000 0.0000 0.0000]
Point2: [ 3.1416 0.0000 0.0000]
Point3: [ 3.1416 3.1416 0.0000]
Point4: [ 0.0000 0.0000 0.0000]
INIT SOLVER FOR _ineq0001
Summary:
--------------------------------------------
# of levels/spin      =               7
Total size            =              14
# of impurities       =               1
# of bath/impurity    =               6
# of Bath levels/spin =               6
Number of sectors     =              64
Ns_Orb                =               7
Ns_Ud                 =               1
Largest Sector(s)     =       35        35                1225
--------------------------------------------
Required Lanc_nstates_total=1 => set T=0 calculation
Lanczos ZERO temperature calculation:
Updated impHloc:
Reading bath from filehamiltonian_ineq0001.restart
there are        6 lines in +hamiltonian_ineq0001.restart

-----DMFT-loop    1 (max:  100)-----
 0 SOLVES INEQ SITE: 0001
Updated impHloc:
            #Ek_l1_s1              Vk_l1_s1             #Ek_l1_s2              Vk_l1_s2
      -0.713705308517        0.314325545789       -3.077310301274       -0.000053260502
      -0.174153590367        0.260338686397       -0.850732280402       -0.141141759408
      -0.033493386596        0.122192678584       -0.328624329576        0.058818291039
       0.404696483381        0.122616536968       -0.527228024783        0.159425741017
       0.783215013667       -0.192435389270        0.081898110004        0.223953398718
       3.029572160751       -0.000000063457        0.499502412319        0.348456715104
Diagonalize impurity H:
 
  +ETA --> fort.6
  10% |ETA: 0:00:00.521 @21 May 2019  10:50:33
  20% |ETA: 0:00:00.580
  31% |ETA: 0:00:00.721
  40% |ETA: 0:00:00.596
  50% |ETA: 0:00:00.724 @21 May 2019  10:50:33
  60% |ETA: 0:00:00.592
  70% |ETA: 0:00:00.918
  81% |ETA: 0:00:00.540
  90% |ETA: 0:00:00.589
 100% |ETA: 0:00:00.000
Total time [h:m:s.ms]:   0:00:00.357
#     i               E_i       exp(-(E-E0)/T)       Sect       Dim    Indices:
     1   -6.445410131914   1.000000000000E+00         30       735   3   5
Egs =     -6.445410131914   3   5
Z   =      1.000000000000
Get impurity Greens functions:
Get G_l1_s1
Total time [h:m:s.ms]:   0:00:00.017
Get G_l1_s2
Total time [h:m:s.ms]:   0:00:00.021
dens_ineq0001=    0.999759007079    0.999759007079
docc_ineq0001=    0.114967131314
mag _ineq0001=   -0.502870011275
Total time [h:m:s.ms]:   0:00:00.446
Get local Matsubara Green's function (no print)
Direct Inversion algorithm:
 
  +ETA --> fort.6
  10% |ETA: 0:00:00.770 @21 May 2019  10:50:33
  20% |ETA: 0:00:00.678
  30% |ETA: 0:00:00.594
  40% |ETA: 0:00:00.509
  50% |ETA: 0:00:00.851 @21 May 2019  10:50:34
  60% |ETA: 0:00:00.682
  70% |ETA: 0:00:00.511
  80% |ETA: 0:00:00.680
  90% |ETA: 0:00:00.679
 100% |ETA: 0:00:00.000
Total time [h:m:s.ms]:   0:00:00.849
Gloc matsubara: write spin-orbital diagonal elements. Split.
Store Gloc_l11_s1_iw_indx*.dat in Gloc_l11_s1_iw.tgz
Store Gloc_l11_s2_iw_indx*.dat in Gloc_l11_s2_iw.tgz
Updated impHloc:
chi^2|iter_ineq0001=    3.956948067E-07 |   326  <--  Orb1 Spin1
            #Ek_l1_s1              Vk_l1_s1             #Ek_l1_s2              Vk_l1_s2
      -0.820053254593        0.305523758078       -3.077310301274       -0.000053260502
      -0.243682446623        0.243366773266       -0.850732280402       -0.141141759408
      -0.120176972344        0.132911033246       -0.328624329576        0.058818291039
       0.264256371204        0.148886943452       -0.527228024783        0.159425741017
       0.743064831898       -0.193793415257        0.081898110004        0.223953398718
       3.029572160751       -0.000000063457        0.499502412319        0.348456715104
Updated impHloc:
chi^2|iter_ineq0001=    5.686334657E-06 |   119  <--  Orb1 Spin2
            #Ek_l1_s1              Vk_l1_s1             #Ek_l1_s2              Vk_l1_s2
      -0.820053254593        0.305523758078       -3.077310301369       -0.000027546257
      -0.243682446623        0.243366773266       -0.846374319278       -0.114801288404
      -0.120176972344        0.132911033246       -0.240211128952        0.122416901008
       0.264256371204        0.148886943452       -0.500554175529        0.163982087232
       0.743064831898       -0.193793415257        0.160145269103        0.226835978240
       3.029572160751       -0.000000063457        0.602854819998        0.329283374372
[1;91mmax error=[0m  1.0000000E+00
[1;91m    error=[0m  1.0000000E+00
[1;91mmin error=[0m  1.0000000E+00
=====================================
Total time [h:m:s.ms]:   0:00:02.500



-----DMFT-loop    2 (max:  100)-----
 0 SOLVES INEQ SITE: 0001
Updated impHloc:
            #Ek_l1_s1              Vk_l1_s1             #Ek_l1_s2              Vk_l1_s2
      -0.820053254593        0.305523758078       -3.077310301369       -0.000027546257
      -0.243682446623        0.243366773266       -0.846374319278       -0.114801288404
      -0.120176972344        0.132911033246       -0.240211128952        0.122416901008
       0.264256371204        0.148886943452       -0.500554175529        0.163982087232
       0.743064831898       -0.193793415257        0.160145269103        0.226835978240
       3.029572160751       -0.000000063457        0.602854819998        0.329283374372
Diagonalize impurity H:
 
  +ETA --> fort.6
  10% |ETA: 0:00:00.521 @21 May 2019  10:50:35
  20% |ETA: 0:00:00.596
  31% |ETA: 0:00:00.721
  40% |ETA: 0:00:00.602
  50% |ETA: 0:00:00.744 @21 May 2019  10:50:35
  60% |ETA: 0:00:00.605
  70% |ETA: 0:00:00.935
  81% |ETA: 0:00:00.548
  90% |ETA: 0:00:00.592
 100% |ETA: 0:00:00.000
Total time [h:m:s.ms]:   0:00:00.359
#     i               E_i       exp(-(E-E0)/T)       Sect       Dim    Indices:
     1   -6.540765903681   1.000000000000E+00         30       735   3   5
Egs =     -6.540765903681   3   5
Z   =      1.000000000000
Get impurity Greens functions:
Get G_l1_s1
Total time [h:m:s.ms]:   0:00:00.017
Get G_l1_s2
Total time [h:m:s.ms]:   0:00:00.020
dens_ineq0001=    0.999886772753    0.999886772753
docc_ineq0001=    0.100741749363
mag _ineq0001=   -0.630442609511
Total time [h:m:s.ms]:   0:00:00.444
Get local Matsubara Green's function (no print)
Direct Inversion algorithm:
 
  +ETA --> fort.6
  10% |ETA: 0:00:00.753 @21 May 2019  10:50:36
  20% |ETA: 0:00:00.670
  30% |ETA: 0:00:00.589
  40% |ETA: 0:00:00.502
  50% |ETA: 0:00:00.833 @21 May 2019  10:50:36
  60% |ETA: 0:00:00.670
  70% |ETA: 0:00:00.504
  80% |ETA: 0:00:00.672
  90% |ETA: 0:00:00.673
 100% |ETA: 0:00:00.000
Total time [h:m:s.ms]:   0:00:00.847
Gloc matsubara: write spin-orbital diagonal elements. Split.
Store Gloc_l11_s1_iw_indx*.dat in Gloc_l11_s1_iw.tgz
Store Gloc_l11_s2_iw_indx*.dat in Gloc_l11_s2_iw.tgz
Updated impHloc:
chi^2|iter_ineq0001=    1.572775277E-07 |   214  <--  Orb1 Spin1
            #Ek_l1_s1              Vk_l1_s1             #Ek_l1_s2              Vk_l1_s2
      -0.894729262485        0.319809079594       -3.077310301369       -0.000027546257
      -0.271539375821        0.254609849723       -0.846374319278       -0.114801288404
      -0.132578686332        0.131028584068       -0.240211128952        0.122416901008
       0.290394849524        0.129823131355       -0.500554175529        0.163982087232
       0.735350777487       -0.181920307734        0.160145269103        0.226835978240
       3.029572160751       -0.000000063457        0.602854819998        0.329283374372
Updated impHloc:
chi^2|iter_ineq0001=    4.656303596E-06 |    75  <--  Orb1 Spin2
            #Ek_l1_s1              Vk_l1_s1             #Ek_l1_s2              Vk_l1_s2
      -0.894729262485        0.319809079594       -3.077310301369       -0.000026760019
      -0.271539375821        0.254609849723       -0.844921047753       -0.097426249768
      -0.132578686332        0.131028584068       -0.262208685762        0.098973215022
       0.290394849524        0.129823131355       -0.495486369769        0.158852528501
       0.735350777487       -0.181920307734        0.176738494958        0.226668830299
       3.029572160751       -0.000000063457        0.631710005768        0.344918533008
[1;91mmax error=[0m  1.9269463E-02
[1;91m    error=[0m  1.9269463E-02
[1;91mmin error=[0m  1.9269463E-02
=====================================
Total time [h:m:s.ms]:   0:00:02.085



-----DMFT-loop    3 (max:  100)-----
 0 SOLVES INEQ SITE: 0001
Updated impHloc:
            #Ek_l1_s1              Vk_l1_s1             #Ek_l1_s2              Vk_l1_s2
      -0.857391258539        0.312666418836       -3.077310301369       -0.000027153138
      -0.257610911222        0.248988311494       -0.845647683516       -0.106113769086
      -0.126377829338        0.131969808657       -0.251209907357        0.110695058015
       0.277325610364        0.139355037404       -0.498020272649        0.161417307866
       0.739207804693       -0.187856861495        0.168441882031        0.226752404269
       3.029572160751       -0.000000063457        0.617282412883        0.337100953690
Diagonalize impurity H:
 
  +ETA --> fort.6
  10% |ETA: 0:00:00.521 @21 May 2019  10:50:37
  20% |ETA: 0:00:00.580
  31% |ETA: 0:00:00.730
  40% |ETA: 0:00:00.613
  50% |ETA: 0:00:00.740 @21 May 2019  10:50:38
  60% |ETA: 0:00:00.612
  70% |ETA: 0:00:00.945
  81% |ETA: 0:00:00.555
  90% |ETA: 0:00:00.600
 100% |ETA: 0:00:00.000
Total time [h:m:s.ms]:   0:00:00.365
#     i               E_i       exp(-(E-E0)/T)       Sect       Dim    Indices:
     1   -6.607110623684   1.000000000000E+00         30       735   3   5
Egs =     -6.607110623684   3   5
Z   =      1.000000000000
Get impurity Greens functions:
Get G_l1_s1
Total time [h:m:s.ms]:   0:00:00.017
Get G_l1_s2
Total time [h:m:s.ms]:   0:00:00.020
dens_ineq0001=    0.999894757502    0.999894757502
docc_ineq0001=    0.099056973943
mag _ineq0001=   -0.648404218844
Total time [h:m:s.ms]:   0:00:00.454
Get local Matsubara Green's function (no print)
Direct Inversion algorithm:
 
  +ETA --> fort.6
  10% |ETA: 0:00:00.761 @21 May 2019  10:50:38
  20% |ETA: 0:00:00.674
  30% |ETA: 0:00:00.584
  40% |ETA: 0:00:00.502
  50% |ETA: 0:00:00.839 @21 May 2019  10:50:38
  60% |ETA: 0:00:00.672
  70% |ETA: 0:00:00.512
  80% |ETA: 0:00:00.685
  90% |ETA: 0:00:00.684
 100% |ETA: 0:00:00.000
Total time [h:m:s.ms]:   0:00:00.854
Gloc matsubara: write spin-orbital diagonal elements. Split.
Store Gloc_l11_s1_iw_indx*.dat in Gloc_l11_s1_iw.tgz
Store Gloc_l11_s2_iw_indx*.dat in Gloc_l11_s2_iw.tgz
Updated impHloc:
chi^2|iter_ineq0001=    2.159657702E-07 |    47  <--  Orb1 Spin1
            #Ek_l1_s1              Vk_l1_s1             #Ek_l1_s2              Vk_l1_s2
      -0.862221697659        0.323033352346       -3.077310301369       -0.000027153138
      -0.268656197031        0.254194557439       -0.845647683516       -0.106113769086
      -0.131871821966        0.124003534317       -0.251209907357        0.110695058015
       0.304659765978        0.127820137619       -0.498020272649        0.161417307866
       0.733758517873       -0.177488248522        0.168441882031        0.226752404269
       3.029572160751       -0.000000063457        0.617282412883        0.337100953690
Updated impHloc:
chi^2|iter_ineq0001=    4.548248557E-06 |    52  <--  Orb1 Spin2
            #Ek_l1_s1              Vk_l1_s1             #Ek_l1_s2              Vk_l1_s2
      -0.862221697659        0.323033352346       -3.077310301386       -0.000022104255
      -0.268656197031        0.254194557439       -0.844520317022       -0.096588269273
      -0.131871821966        0.124003534317       -0.267222739096        0.090297506685
       0.304659765978        0.127820137619       -0.495535093128        0.160744400035
       0.733758517873       -0.177488248522        0.180213001207        0.226391625924
       3.029572160751       -0.000000063457        0.636930544428        0.348605946271
[1;91mmax error=[0m  3.5639859E-03
[1;91m    error=[0m  3.5639859E-03
[1;91mmin error=[0m  3.5639859E-03
=====================================
Total time [h:m:s.ms]:   0:00:01.631



-----DMFT-loop    4 (max:  100)-----
 0 SOLVES INEQ SITE: 0001
Updated impHloc:
            #Ek_l1_s1              Vk_l1_s1             #Ek_l1_s2              Vk_l1_s2
      -0.859806478099        0.317849885591       -3.077310301377       -0.000024628696
      -0.263133554126        0.251591434466       -0.845084000269       -0.101351019180
      -0.129124825652        0.127986671487       -0.259216323227        0.100496282350
       0.290992688171        0.133587587511       -0.496777682889        0.161080853951
       0.736483161283       -0.182672555009        0.174327441619        0.226572015097
       3.029572160751       -0.000000063457        0.627106478655        0.342853449980
Diagonalize impurity H:
 
  +ETA --> fort.6
  10% |ETA: 0:00:00.521 @21 May 2019  10:50:39
  20% |ETA: 0:00:00.596
  31% |ETA: 0:00:00.730
  40% |ETA: 0:00:00.602
  50% |ETA: 0:00:00.724 @21 May 2019  10:50:39
  60% |ETA: 0:00:00.592
  70% |ETA: 0:00:00.915
  81% |ETA: 0:00:00.539
  90% |ETA: 0:00:00.584
 100% |ETA: 0:00:00.000
Total time [h:m:s.ms]:   0:00:00.354
#     i               E_i       exp(-(E-E0)/T)       Sect       Dim    Indices:
     1   -6.624891530298   1.000000000000E+00         30       735   3   5
Egs =     -6.624891530298   3   5
Z   =      1.000000000000
Get impurity Greens functions:
Get G_l1_s1
Total time [h:m:s.ms]:   0:00:00.017
Get G_l1_s2
Total time [h:m:s.ms]:   0:00:00.020
dens_ineq0001=    0.999876791241    0.999876791241
docc_ineq0001=    0.098034174696
mag _ineq0001=   -0.659138193598
Total time [h:m:s.ms]:   0:00:00.438
Get local Matsubara Green's function (no print)
Direct Inversion algorithm:
 
  +ETA --> fort.6
  10% |ETA: 0:00:00.761 @21 May 2019  10:50:39
  20% |ETA: 0:00:00.678
  30% |ETA: 0:00:00.591
  40% |ETA: 0:00:00.507
  50% |ETA: 0:00:00.845 @21 May 2019  10:50:40
  60% |ETA: 0:00:00.674
  70% |ETA: 0:00:00.503
  80% |ETA: 0:00:00.669
  90% |ETA: 0:00:00.668
 100% |ETA: 0:00:00.***
Total time [h:m:s.ms]:   0:00:00.835
Gloc matsubara: write spin-orbital diagonal elements. Split.
Store Gloc_l11_s1_iw_indx*.dat in Gloc_l11_s1_iw.tgz
Store Gloc_l11_s2_iw_indx*.dat in Gloc_l11_s2_iw.tgz
Updated impHloc:
chi^2|iter_ineq0001=    2.066543860E-07 |    55  <--  Orb1 Spin1
            #Ek_l1_s1              Vk_l1_s1             #Ek_l1_s2              Vk_l1_s2
      -0.866183644876        0.323643070266       -3.077310301377       -0.000024628696
      -0.272503703988        0.256248949599       -0.845084000269       -0.101351019180
      -0.132300248056        0.122682557692       -0.259216323227        0.100496282350
       0.316698862059        0.127465191795       -0.496777682889        0.161080853951
       0.730329003645       -0.173949707067        0.174327441619        0.226572015097
       3.029572160751       -0.000000063457        0.627106478655        0.342853449980
Updated impHloc:
chi^2|iter_ineq0001=    4.491533137E-06 |    77  <--  Orb1 Spin2
            #Ek_l1_s1              Vk_l1_s1             #Ek_l1_s2              Vk_l1_s2
      -0.866183644876        0.323643070266       -3.077310301362       -0.000008310320
      -0.272503703988        0.256248949599       -0.844337401372       -0.096749571020
      -0.132300248056        0.122682557692       -0.268976719567        0.084972417392
       0.316698862059        0.127465191795       -0.496551123584        0.160955332503
       0.730329003645       -0.173949707067        0.181770158160        0.225408208721
       3.029572160751       -0.000000063457        0.636931009724        0.350877695163
[1;91mmax error=[0m  2.1622953E-03
[1;91m    error=[0m  2.1622953E-03
[1;91mmin error=[0m  2.1622953E-03
=====================================
Total time [h:m:s.ms]:   0:00:01.679



-----DMFT-loop    5 (max:  100)-----
 0 SOLVES INEQ SITE: 0001
Updated impHloc:
            #Ek_l1_s1              Vk_l1_s1             #Ek_l1_s2              Vk_l1_s2
      -0.862995061487        0.320746477928       -3.077310301370       -0.000016469508
      -0.267818629057        0.253920192033       -0.844710700820       -0.099050295100
      -0.130712536854        0.125334614590       -0.264096521397        0.092734349871
       0.303845775115        0.130526389653       -0.496664403236        0.161018093227
       0.733406082464       -0.178311131038        0.178048799889        0.225990111909
       3.029572160751       -0.000000063457        0.632018744190        0.346865572572
Diagonalize impurity H:
 
  +ETA --> fort.6
  10% |ETA: 0:00:00.521 @21 May 2019  10:50:41
  20% |ETA: 0:00:00.564
  31% |ETA: 0:00:00.703
  40% |ETA: 0:00:00.584
  50% |ETA: 0:00:00.712 @21 May 2019  10:50:41
  60% |ETA: 0:00:00.587
  70% |ETA: 0:00:00.908
  81% |ETA: 0:00:00.537
  90% |ETA: 0:00:00.582
 100% |ETA: 0:00:00.000
Total time [h:m:s.ms]:   0:00:00.354
#     i               E_i       exp(-(E-E0)/T)       Sect       Dim    Indices:
     1   -6.639430926448   1.000000000000E+00         30       735   3   5
Egs =     -6.639430926448   3   5
Z   =      1.000000000000
Get impurity Greens functions:
Get G_l1_s1
Total time [h:m:s.ms]:   0:00:00.018
Get G_l1_s2
Total time [h:m:s.ms]:   0:00:00.020
dens_ineq0001=    0.999851368763    0.999851368763
docc_ineq0001=    0.097396892229
mag _ineq0001=   -0.665707997847
Total time [h:m:s.ms]:   0:00:00.439
Get local Matsubara Green's function (no print)
Direct Inversion algorithm:
 
  +ETA --> fort.6
  10% |ETA: 0:00:00.779 @21 May 2019  10:50:41
  20% |ETA: 0:00:00.698
  30% |ETA: 0:00:00.603
  40% |ETA: 0:00:00.513
  50% |ETA: 0:00:00.851 @21 May 2019  10:50:42
  60% |ETA: 0:00:00.675
  70% |ETA: 0:00:00.503
  80% |ETA: 0:00:00.673
  90% |ETA: 0:00:00.674
 100% |ETA: 0:00:00.000
Total time [h:m:s.ms]:   0:00:00.843
Gloc matsubara: write spin-orbital diagonal elements. Split.
Store Gloc_l11_s1_iw_indx*.dat in Gloc_l11_s1_iw.tgz
Store Gloc_l11_s2_iw_indx*.dat in Gloc_l11_s2_iw.tgz
Updated impHloc:
chi^2|iter_ineq0001=    1.994937538E-07 |    70  <--  Orb1 Spin1
            #Ek_l1_s1              Vk_l1_s1             #Ek_l1_s2              Vk_l1_s2
      -0.868936894731        0.323632828649       -3.077310301370       -0.000016469508
      -0.276532159100        0.257380278442       -0.844710700820       -0.099050295100
      -0.133105606165        0.123248603475       -0.264096521397        0.092734349871
       0.321035055968        0.125543022149       -0.496664403236        0.161018093227
       0.729606375528       -0.173785800238        0.178048799889        0.225990111909
       3.029572160751       -0.000000063457        0.632018744190        0.346865572572
Updated impHloc:
chi^2|iter_ineq0001=    4.480739848E-06 |    32  <--  Orb1 Spin2
            #Ek_l1_s1              Vk_l1_s1             #Ek_l1_s2              Vk_l1_s2
      -0.868936894731        0.323632828649       -3.077310301371       -0.000016042127
      -0.276532159100        0.257380278442       -0.844700165296       -0.099888635271
      -0.133105606165        0.123248603475       -0.268633968098        0.081793500424
       0.321035055968        0.125543022149       -0.498594189950        0.159792460670
       0.729606375528       -0.173785800238        0.181844751350        0.223470243741
       3.029572160751       -0.000000063457        0.632080541094        0.352729876471
[1;91mmax error=[0m  1.3374551E-03
[1;91m    error=[0m  1.3374551E-03
[1;91mmin error=[0m  1.3374551E-03
=====================================
Total time [h:m:s.ms]:   0:00:01.621



-----DMFT-loop    6 (max:  100)-----
 0 SOLVES INEQ SITE: 0001
Updated impHloc:
            #Ek_l1_s1              Vk_l1_s1             #Ek_l1_s2              Vk_l1_s2
      -0.865965978109        0.322189653289       -3.077310301370       -0.000016255818
      -0.272175394079        0.255650235237       -0.844705433058       -0.099469465186
      -0.131909071510        0.124291609032       -0.266365244747        0.087263925147
       0.312440415541        0.128034705901       -0.497629296593        0.160405276948
       0.731506228996       -0.176048465638        0.179946775620        0.224730177825
       3.029572160751       -0.000000063457        0.632049642642        0.349797724521
Diagonalize impurity H:
 
  +ETA --> fort.6
  10% |ETA: 0:00:00.521 @21 May 2019  10:50:42
  20% |ETA: 0:00:00.580
  31% |ETA: 0:00:00.712
  40% |ETA: 0:00:00.596
  50% |ETA: 0:00:00.724 @21 May 2019  10:50:42
  60% |ETA: 0:00:00.592
  70% |ETA: 0:00:00.915
  81% |ETA: 0:00:00.539
  90% |ETA: 0:00:00.584
 100% |ETA: 0:00:00.000
Total time [h:m:s.ms]:   0:00:00.355
#     i               E_i       exp(-(E-E0)/T)       Sect       Dim    Indices:
     1   -6.651674637241   1.000000000000E+00         30       735   3   5
Egs =     -6.651674637241   3   5
Z   =      1.000000000000
Get impurity Greens functions:
Get G_l1_s1
Total time [h:m:s.ms]:   0:00:00.017
Get G_l1_s2
Total time [h:m:s.ms]:   0:00:00.021
dens_ineq0001=    0.999821559001    0.999821559001
docc_ineq0001=    0.097009104764
mag _ineq0001=   -0.669706711736
Total time [h:m:s.ms]:   0:00:00.441
Get local Matsubara Green's function (no print)
Direct Inversion algorithm:
 
  +ETA --> fort.6
  10% |ETA: 0:00:00.761 @21 May 2019  10:50:43
  20% |ETA: 0:00:00.682
  30% |ETA: 0:00:00.598
  40% |ETA: 0:00:00.512
  50% |ETA: 0:00:00.853 @21 May 2019  10:50:43
  60% |ETA: 0:00:00.682
  70% |ETA: 0:00:00.509
  80% |ETA: 0:00:00.678
  90% |ETA: 0:00:00.677
 100% |ETA: 0:00:00.000
Total time [h:m:s.ms]:   0:00:00.848
Gloc matsubara: write spin-orbital diagonal elements. Split.
Store Gloc_l11_s1_iw_indx*.dat in Gloc_l11_s1_iw.tgz
Store Gloc_l11_s2_iw_indx*.dat in Gloc_l11_s2_iw.tgz
Updated impHloc:
chi^2|iter_ineq0001=    2.213700180E-07 |    32  <--  Orb1 Spin1
            #Ek_l1_s1              Vk_l1_s1             #Ek_l1_s2              Vk_l1_s2
      -0.865398010800        0.325358407010       -3.077310301370       -0.000016255818
      -0.276143802688        0.257088083112       -0.844705433058       -0.099469465186
      -0.132968780664        0.121938042810       -0.266365244747        0.087263925147
       0.316565142514        0.121189866224       -0.497629296593        0.160405276948
       0.731770847310       -0.177328939350        0.179946775620        0.224730177825
       3.029572160751       -0.000000063457        0.632049642642        0.349797724521
Updated impHloc:
chi^2|iter_ineq0001=    4.456456148E-06 |    22  <--  Orb1 Spin2
            #Ek_l1_s1              Vk_l1_s1             #Ek_l1_s2              Vk_l1_s2
      -0.865398010800        0.325358407010       -3.077310301368       -0.000017889060
      -0.276143802688        0.257088083112       -0.844684779007       -0.100129824755
      -0.132968780664        0.121938042810       -0.269473509540        0.079686158800
       0.316565142514        0.121189866224       -0.499046219388        0.159714039949
       0.731770847310       -0.177328939350        0.182335272429        0.222999678513
       3.029572160751       -0.000000063457        0.632130783203        0.353666039716
[1;91mmax error=[0m  8.2379524E-04
[1;91m    error=[0m  8.2379524E-04
[1;91mmin error=[0m  8.2379524E-04
=====================================
Total time [h:m:s.ms]:   0:00:01.511



-----DMFT-loop    7 (max:  100)-----
 0 SOLVES INEQ SITE: 0001
Updated impHloc:
            #Ek_l1_s1              Vk_l1_s1             #Ek_l1_s2              Vk_l1_s2
      -0.865681994454        0.323774030149       -3.077310301369       -0.000017072439
      -0.274159598383        0.256369159175       -0.844695106032       -0.099799644970
      -0.132438926087        0.123114825921       -0.267919377143        0.083475041973
       0.314502779028        0.124612286062       -0.498337757991        0.160059658449
       0.731638538153       -0.176688702494        0.181141024024        0.223864928169
       3.029572160751       -0.000000063457        0.632090212922        0.351731882118
Diagonalize impurity H:
 
  +ETA --> fort.6
  10% |ETA: 0:00:00.521 @21 May 2019  10:50:44
  20% |ETA: 0:00:00.596
  31% |ETA: 0:00:00.721
  40% |ETA: 0:00:00.596
  50% |ETA: 0:00:00.716 @21 May 2019  10:50:44
  60% |ETA: 0:00:00.584
  70% |ETA: 0:00:00.905
  81% |ETA: 0:00:00.533
  90% |ETA: 0:00:00.576
 100% |ETA: 0:00:00.000
Total time [h:m:s.ms]:   0:00:00.350
#     i               E_i       exp(-(E-E0)/T)       Sect       Dim    Indices:
     1   -6.656565598120   1.000000000000E+00         30       735   3   5
Egs =     -6.656565598120   3   5
Z   =      1.000000000000
Get impurity Greens functions:
Get G_l1_s1
Total time [h:m:s.ms]:   0:00:00.017
Get G_l1_s2
Total time [h:m:s.ms]:   0:00:00.020
dens_ineq0001=    0.999819058895    0.999819058895
docc_ineq0001=    0.096786278175
mag _ineq0001=   -0.672175162049
Total time [h:m:s.ms]:   0:00:00.435
Get local Matsubara Green's function (no print)
Direct Inversion algorithm:
 
  +ETA --> fort.6
  10% |ETA: 0:00:00.753 @21 May 2019  10:50:44
  20% |ETA: 0:00:00.662
  30% |ETA: 0:00:00.577
  40% |ETA: 0:00:00.995
  50% |ETA: 0:00:00.835 @21 May 2019  10:50:45
  60% |ETA: 0:00:00.671
  70% |ETA: 0:00:00.502
  80% |ETA: 0:00:00.669
  90% |ETA: 0:00:00.668
 100% |ETA: 0:00:00.000
Total time [h:m:s.ms]:   0:00:00.834
Gloc matsubara: write spin-orbital diagonal elements. Split.
Store Gloc_l11_s1_iw_indx*.dat in Gloc_l11_s1_iw.tgz
Store Gloc_l11_s2_iw_indx*.dat in Gloc_l11_s2_iw.tgz
Updated impHloc:
chi^2|iter_ineq0001=    2.263789267E-07 |    26  <--  Orb1 Spin1
            #Ek_l1_s1              Vk_l1_s1             #Ek_l1_s2              Vk_l1_s2
      -0.865325755049        0.325808140998       -3.077310301369       -0.000017072439
      -0.276884424220        0.257321958705       -0.844695106032       -0.099799644970
      -0.132990058333        0.121586272656       -0.267919377143        0.083475041973
       0.317414876757        0.120018472634       -0.498337757991        0.160059658449
       0.731795602294       -0.177723143781        0.181141024024        0.223864928169
       3.029572160751       -0.000000063457        0.632090212922        0.351731882118
Updated impHloc:
chi^2|iter_ineq0001=    4.440502864E-06 |    16  <--  Orb1 Spin2
            #Ek_l1_s1              Vk_l1_s1             #Ek_l1_s2              Vk_l1_s2
      -0.865325755049        0.325808140998       -3.077310301371       -0.000017160746
      -0.276884424220        0.257321958705       -0.844670369165       -0.100164106792
      -0.132990058333        0.121586272656       -0.269941007481        0.078465407037
       0.317414876757        0.120018472634       -0.499290632100        0.159573457328
       0.731795602294       -0.177723143781        0.182634347845        0.222694112314
       3.029572160751       -0.000000063457        0.632208913860        0.354262273726
[1;91mmax error=[0m  5.1448434E-04
[1;91m    error=[0m  5.1448434E-04
[1;91mmin error=[0m  5.1448434E-04
=====================================
Total time [h:m:s.ms]:   0:00:01.462



-----DMFT-loop    8 (max:  100)-----
 0 SOLVES INEQ SITE: 0001
Updated impHloc:
            #Ek_l1_s1              Vk_l1_s1             #Ek_l1_s2              Vk_l1_s2
      -0.865503874752        0.324791085573       -3.077310301370       -0.000017116592
      -0.275522011302        0.256845558940       -0.844682737599       -0.099981875881
      -0.132714492210        0.122350549289       -0.268930192312        0.080970224505
       0.315958827892        0.122315379348       -0.498814195045        0.159816557888
       0.731717070223       -0.177205923138        0.181887685935        0.223279520242
       3.029572160751       -0.000000063457        0.632149563391        0.352997077922
Diagonalize impurity H:
 
  +ETA --> fort.6
  10% |ETA: 0:00:00.521 @21 May 2019  10:50:45
  20% |ETA: 0:00:00.580
  31% |ETA: 0:00:00.703
  40% |ETA: 0:00:00.590
  50% |ETA: 0:00:00.724 @21 May 2019  10:50:45
  60% |ETA: 0:00:00.592
  70% |ETA: 0:00:00.918
  81% |ETA: 0:00:00.540
  90% |ETA: 0:00:00.585
 100% |ETA: 0:00:00.000
Total time [h:m:s.ms]:   0:00:00.355
#     i               E_i       exp(-(E-E0)/T)       Sect       Dim    Indices:
     1   -6.659771254090   1.000000000000E+00         30       735   3   5
Egs =     -6.659771254090   3   5
Z   =      1.000000000000
Get impurity Greens functions:
Get G_l1_s1
Total time [h:m:s.ms]:   0:00:00.017
Get G_l1_s2
Total time [h:m:s.ms]:   0:00:00.020
dens_ineq0001=    0.999820532731    0.999820532731
docc_ineq0001=    0.096646286173
mag _ineq0001=   -0.673738076670
Total time [h:m:s.ms]:   0:00:00.439
Get local Matsubara Green's function (no print)
Direct Inversion algorithm:
 
  +ETA --> fort.6
  10% |ETA: 0:00:00.735 @21 May 2019  10:50:46
  20% |ETA: 0:00:00.658
  30% |ETA: 0:00:00.575
  40% |ETA: 0:00:00.983
  50% |ETA: 0:00:00.815 @21 May 2019  10:50:46
  60% |ETA: 0:00:00.652
  70% |ETA: 0:00:00.978
  80% |ETA: 0:00:00.652
  90% |ETA: 0:00:00.653
 100% |ETA: 0:00:00.000
Total time [h:m:s.ms]:   0:00:00.825
Gloc matsubara: write spin-orbital diagonal elements. Split.
Store Gloc_l11_s1_iw_indx*.dat in Gloc_l11_s1_iw.tgz
Store Gloc_l11_s2_iw_indx*.dat in Gloc_l11_s2_iw.tgz
Updated impHloc:
chi^2|iter_ineq0001=    2.294329229E-07 |    20  <--  Orb1 Spin1
            #Ek_l1_s1              Vk_l1_s1             #Ek_l1_s2              Vk_l1_s2
      -0.865310918301        0.326082965399       -3.077310301370       -0.000017116592
      -0.277358302036        0.257470484847       -0.844682737599       -0.099981875881
      -0.133029387764        0.121376163552       -0.268930192312        0.080970224505
       0.317964528820        0.119309912631       -0.498814195045        0.159816557888
       0.731795799720       -0.177900472944        0.181887685935        0.223279520242
       3.029572160751       -0.000000063457        0.632149563391        0.352997077922
Updated impHloc:
chi^2|iter_ineq0001=    4.438570202E-06 |    11  <--  Orb1 Spin2
            #Ek_l1_s1              Vk_l1_s1             #Ek_l1_s2              Vk_l1_s2
      -0.865310918301        0.326082965399       -3.077310301372       -0.000017303204
      -0.277358302036        0.257470484847       -0.844678933293       -0.100129752291
      -0.133029387764        0.121376163552       -0.270089582035        0.077836751707
       0.317964528820        0.119309912631       -0.499443004617        0.159236299920
       0.731795799720       -0.177900472944        0.183044461475        0.222749140890
       3.029572160751       -0.000000063457        0.632122543523        0.354252128808
[1;91mmax error=[0m  3.2634929E-04
[1;91m    error=[0m  3.2634929E-04
[1;91mmin error=[0m  3.2634929E-04
=====================================
Total time [h:m:s.ms]:   0:00:01.435



-----DMFT-loop    9 (max:  100)-----
 0 SOLVES INEQ SITE: 0001
Updated impHloc:
            #Ek_l1_s1              Vk_l1_s1             #Ek_l1_s2              Vk_l1_s2
      -0.865407396527        0.325437025486       -3.077310301371       -0.000017209898
      -0.276440156669        0.257158021894       -0.844680835446       -0.100055814086
      -0.132871939987        0.121863356420       -0.269509887173        0.079403488106
       0.316961678356        0.120812645990       -0.499128599831        0.159526428904
       0.731756434972       -0.177553198041        0.182466073705        0.223014330566
       3.029572160751       -0.000000063457        0.632136053457        0.353624603365
Diagonalize impurity H:
 
  +ETA --> fort.6
  10% |ETA: 0:00:00.521 @21 May 2019  10:50:47
  20% |ETA: 0:00:00.564
  31% |ETA: 0:00:00.695
  40% |ETA: 0:00:00.584
  50% |ETA: 0:00:00.820 @21 May 2019  10:50:47
  60% |ETA: 0:00:00.666
  70% |ETA: 0:00:00.506
  81% |ETA: 0:00:00.592
  90% |ETA: 0:00:00.632
 100% |ETA: 0:00:00.000
Total time [h:m:s.ms]:   0:00:00.384
#     i               E_i       exp(-(E-E0)/T)       Sect       Dim    Indices:
     1   -6.661779180211   1.000000000000E+00         30       735   3   5
Egs =     -6.661779180211   3   5
Z   =      1.000000000000
Get impurity Greens functions:
Get G_l1_s1
Total time [h:m:s.ms]:   0:00:00.018
Get G_l1_s2
Total time [h:m:s.ms]:   0:00:00.019
dens_ineq0001=    0.999826148631    0.999826148631
docc_ineq0001=    0.096555144632
mag _ineq0001=   -0.674731368375
Total time [h:m:s.ms]:   0:00:00.470
Get local Matsubara Green's function (no print)
Direct Inversion algorithm:
 
  +ETA --> fort.6
  10% |ETA: 0:00:00.753 @21 May 2019  10:50:47
  20% |ETA: 0:00:00.678
  30% |ETA: 0:00:00.594
  40% |ETA: 0:00:00.509
  50% |ETA: 0:00:00.847 @21 May 2019  10:50:48
  60% |ETA: 0:00:00.676
  70% |ETA: 0:00:00.505
  80% |ETA: 0:00:00.671
  90% |ETA: 0:00:00.671
 100% |ETA: 0:00:00.000
Total time [h:m:s.ms]:   0:00:00.843
Gloc matsubara: write spin-orbital diagonal elements. Split.
Store Gloc_l11_s1_iw_indx*.dat in Gloc_l11_s1_iw.tgz
Store Gloc_l11_s2_iw_indx*.dat in Gloc_l11_s2_iw.tgz
Updated impHloc:
chi^2|iter_ineq0001=    2.312892571E-07 |    16  <--  Orb1 Spin1
            #Ek_l1_s1              Vk_l1_s1             #Ek_l1_s2              Vk_l1_s2
      -0.865318723827        0.326262740614       -3.077310301371       -0.000017209898
      -0.277708434378        0.257578579842       -0.844680835446       -0.100055814086
      -0.133042334500        0.121252080846       -0.269509887173        0.079403488106
       0.318393056542        0.118865677947       -0.499128599831        0.159526428904
       0.731777722497       -0.178058471567        0.182466073705        0.223014330566
       3.029572160751       -0.000000063457        0.632136053457        0.353624603365
Updated impHloc:
chi^2|iter_ineq0001=    4.425068652E-06 |    11  <--  Orb1 Spin2
            #Ek_l1_s1              Vk_l1_s1             #Ek_l1_s2              Vk_l1_s2
      -0.865318723827        0.326262740614       -3.077310301377       -0.000015794089
      -0.277708434378        0.257578579842       -0.844645341382       -0.100435147582
      -0.133042334500        0.121252080846       -0.270676815365        0.076799706210
       0.318393056542        0.118865677947       -0.499639259240        0.159764022601
       0.731777722497       -0.178058471567        0.182943942642        0.222378082413
       3.029572160751       -0.000000063457        0.632240803372        0.354914559867
[1;91mmax error=[0m  2.0486936E-04
[1;91m    error=[0m  2.0486936E-04
[1;91mmin error=[0m  2.0486936E-04
=====================================
Total time [h:m:s.ms]:   0:00:01.474



-----DMFT-loop   10 (max:  100)-----
 0 SOLVES INEQ SITE: 0001
Updated impHloc:
            #Ek_l1_s1              Vk_l1_s1             #Ek_l1_s2              Vk_l1_s2
      -0.865363060177        0.325849883050       -3.077310301374       -0.000016501993
      -0.277074295524        0.257368300868       -0.844663088414       -0.100245480834
      -0.132957137243        0.121557718633       -0.270093351269        0.078101597158
       0.317677367449        0.119839161968       -0.499383929536        0.159645225752
       0.731767078734       -0.177805834804        0.182705008174        0.222696206490
       3.029572160751       -0.000000063457        0.632188428414        0.354269581616
Diagonalize impurity H:
 
  +ETA --> fort.6
  10% |ETA: 0:00:00.521 @21 May 2019  10:50:48
  20% |ETA: 0:00:00.564
  31% |ETA: 0:00:00.712
  40% |ETA: 0:00:00.590
  50% |ETA: 0:00:00.720 @21 May 2019  10:50:48
  60% |ETA: 0:00:00.589
  70% |ETA: 0:00:00.915
  81% |ETA: 0:00:00.537
  90% |ETA: 0:00:00.584
 100% |ETA: 0:00:00.000
Total time [h:m:s.ms]:   0:00:00.355
#     i               E_i       exp(-(E-E0)/T)       Sect       Dim    Indices:
     1   -6.663423959971   1.000000000000E+00         30       735   3   5
Egs =     -6.663423959971   3   5
Z   =      1.000000000000
Get impurity Greens functions:
Get G_l1_s1
Total time [h:m:s.ms]:   0:00:00.018
Get G_l1_s2
Total time [h:m:s.ms]:   0:00:00.019
dens_ineq0001=    0.999820109619    0.999820109619
docc_ineq0001=    0.096500652498
mag _ineq0001=   -0.675349382982
Total time [h:m:s.ms]:   0:00:00.440
Get local Matsubara Green's function (no print)
Direct Inversion algorithm:
 
  +ETA --> fort.6
  10% |ETA: 0:00:00.744 @21 May 2019  10:50:49
  20% |ETA: 0:00:00.662
  30% |ETA: 0:00:00.577
  40% |ETA: 0:00:00.995
  50% |ETA: 0:00:00.831 @21 May 2019  10:50:49
  60% |ETA: 0:00:00.662
  70% |ETA: 0:00:00.988
  80% |ETA: 0:00:00.662
  90% |ETA: 0:00:00.665
 100% |ETA: 0:00:00.500
Total time [h:m:s.ms]:   0:00:00.837
Gloc matsubara: write spin-orbital diagonal elements. Split.
Store Gloc_l11_s1_iw_indx*.dat in Gloc_l11_s1_iw.tgz
Store Gloc_l11_s2_iw_indx*.dat in Gloc_l11_s2_iw.tgz
Updated impHloc:
chi^2|iter_ineq0001=    2.319934034E-07 |    13  <--  Orb1 Spin1
            #Ek_l1_s1              Vk_l1_s1             #Ek_l1_s2              Vk_l1_s2
      -0.865354897642        0.326351710729       -3.077310301374       -0.000016501993
      -0.277927772027        0.257640835356       -0.844663088414       -0.100245480834
      -0.133068726845        0.121192476304       -0.270093351269        0.078101597158
       0.318683691643        0.118605388761       -0.499383929536        0.159645225752
       0.731751960519       -0.178091920643        0.182705008174        0.222696206490
       3.029572160751       -0.000000063457        0.632188428414        0.354269581616
Updated impHloc:
chi^2|iter_ineq0001=    4.418454717E-06 |     9  <--  Orb1 Spin2
            #Ek_l1_s1              Vk_l1_s1             #Ek_l1_s2              Vk_l1_s2
      -0.865354897642        0.326351710729       -3.077310301375       -0.000015776715
      -0.277927772027        0.257640835356       -0.844627202484       -0.100371110181
      -0.133068726845        0.121192476304       -0.270840779691        0.076478607440
       0.318683691643        0.118605388761       -0.499667175056        0.159787454688
       0.731751960519       -0.178091920643        0.182944335640        0.222222049787
       3.029572160751       -0.000000063457        0.632346838671        0.355189038001
[1;91mmax error=[0m  1.3147317E-04
[1;91m    error=[0m  1.3147317E-04
[1;91mmin error=[0m  1.3147317E-04
=====================================
Total time [h:m:s.ms]:   0:00:01.422



-----DMFT-loop   11 (max:  100)-----
 0 SOLVES INEQ SITE: 0001
Updated impHloc:
            #Ek_l1_s1              Vk_l1_s1             #Ek_l1_s2              Vk_l1_s2
      -0.865358978910        0.326100796890       -3.077310301374       -0.000016139354
      -0.277501033775        0.257504568112       -0.844645145449       -0.100308295508
      -0.133012932044        0.121375097468       -0.270467065480        0.077290102299
       0.318180529546        0.119222275365       -0.499525552296        0.159716340220
       0.731759519626       -0.177948877723        0.182824671907        0.222459128138
       3.029572160751       -0.000000063457        0.632267633543        0.354729309808
Diagonalize impurity H:
 
  +ETA --> fort.6
  10% |ETA: 0:00:00.521 @21 May 2019  10:50:50
  20% |ETA: 0:00:00.580
  31% |ETA: 0:00:00.721
  40% |ETA: 0:00:00.596
  50% |ETA: 0:00:00.728 @21 May 2019  10:50:50
  60% |ETA: 0:00:00.597
  70% |ETA: 0:00:00.928
  81% |ETA: 0:00:00.548
  90% |ETA: 0:00:00.595
 100% |ETA: 0:00:00.000
Total time [h:m:s.ms]:   0:00:00.362
#     i               E_i       exp(-(E-E0)/T)       Sect       Dim    Indices:
     1   -6.664497229568   1.000000000000E+00         30       735   3   5
Egs =     -6.664497229568   3   5
Z   =      1.000000000000
Get impurity Greens functions:
Get G_l1_s1
Total time [h:m:s.ms]:   0:00:00.019
Get G_l1_s2
Total time [h:m:s.ms]:   0:00:00.021
dens_ineq0001=    0.999816732622    0.999816732622
docc_ineq0001=    0.096464862746
mag _ineq0001=   -0.675753381561
Total time [h:m:s.ms]:   0:00:00.452
Get local Matsubara Green's function (no print)
Direct Inversion algorithm:
 
  +ETA --> fort.6
  10% |ETA: 0:00:00.796 @21 May 2019  10:50:50
  20% |ETA: 0:00:00.706
  30% |ETA: 0:00:00.619
  40% |ETA: 0:00:00.522
  50% |ETA: 0:00:00.863 @21 May 2019  10:50:50
  60% |ETA: 0:00:00.698
  70% |ETA: 0:00:00.518
  80% |ETA: 0:00:00.690
  90% |ETA: 0:00:00.689
 100% |ETA: 0:00:00.000
Total time [h:m:s.ms]:   0:00:00.863
Gloc matsubara: write spin-orbital diagonal elements. Split.
Store Gloc_l11_s1_iw_indx*.dat in Gloc_l11_s1_iw.tgz
Store Gloc_l11_s2_iw_indx*.dat in Gloc_l11_s2_iw.tgz
Updated impHloc:
chi^2|iter_ineq0001=    1.912304179E-07 |    32  <--  Orb1 Spin1
            #Ek_l1_s1              Vk_l1_s1             #Ek_l1_s2              Vk_l1_s2
      -0.873137454614        0.323647615186       -3.077310301374       -0.000016139354
      -0.283829776727        0.258522912648       -0.844645145449       -0.100308295508
      -0.135116922455        0.125451596358       -0.270467065480        0.077290102299
       0.331076715280        0.123529991092       -0.499525552296        0.159716340220
       0.727210530026       -0.172424218892        0.182824671907        0.222459128138
       3.029572160751       -0.000000063457        0.632267633543        0.354729309808
Updated impHloc:
chi^2|iter_ineq0001=    4.422333825E-06 |     4  <--  Orb1 Spin2
            #Ek_l1_s1              Vk_l1_s1             #Ek_l1_s2              Vk_l1_s2
      -0.873137454614        0.323647615186       -3.077310301374       -0.000016134033
      -0.283829776727        0.258522912648       -0.844655853408       -0.100131500790
      -0.135116922455        0.125451596358       -0.270544927780        0.076798175012
       0.331076715280        0.123529991092       -0.499618458415        0.159214108416
       0.727210530026       -0.172424218892        0.183118226783        0.222321008248
       3.029572160751       -0.000000063457        0.632279613395        0.354987014525
[1;91mmax error=[0m  8.5774071E-05
[1;91m    error=[0m  8.5774071E-05
[1;91mmin error=[0m  8.5774071E-05
=====================================
Total time [h:m:s.ms]:   0:00:01.500



-----DMFT-loop   12 (max:  100)-----
 0 SOLVES INEQ SITE: 0001
Updated impHloc:
            #Ek_l1_s1              Vk_l1_s1             #Ek_l1_s2              Vk_l1_s2
      -0.869248216762        0.324874206038       -3.077310301374       -0.000016136694
      -0.280665405251        0.258013740380       -0.844650499429       -0.100219898149
      -0.134064927250        0.123413346913       -0.270505996630        0.077044138655
       0.324628622413        0.121376133228       -0.499572005356        0.159465224318
       0.729485024826       -0.175186548308        0.182971449345        0.222390068193
       3.029572160751       -0.000000063457        0.632273623469        0.354858162167
Diagonalize impurity H:
 
  +ETA --> fort.6
  10% |ETA: 0:00:00.521 @21 May 2019  10:50:51
  20% |ETA: 0:00:00.564
  31% |ETA: 0:00:00.703
  40% |ETA: 0:00:00.584
  50% |ETA: 0:00:00.716 @21 May 2019  10:50:51
  60% |ETA: 0:00:00.587
  70% |ETA: 0:00:00.911
  81% |ETA: 0:00:00.535
  90% |ETA: 0:00:00.597
 100% |ETA: 0:00:00.000
Total time [h:m:s.ms]:   0:00:00.363
#     i               E_i       exp(-(E-E0)/T)       Sect       Dim    Indices:
     1   -6.672591781185   1.000000000000E+00         30       735   3   5
Egs =     -6.672591781185   3   5
Z   =      1.000000000000
Get impurity Greens functions:
Get G_l1_s1
Total time [h:m:s.ms]:   0:00:00.017
Get G_l1_s2
Total time [h:m:s.ms]:   0:00:00.020
dens_ineq0001=    0.999792942561    0.999792942561
docc_ineq0001=    0.096401677479
mag _ineq0001=   -0.676106237670
Total time [h:m:s.ms]:   0:00:00.447
Get local Matsubara Green's function (no print)
Direct Inversion algorithm:
 
  +ETA --> fort.6
  10% |ETA: 0:00:00.770 @21 May 2019  10:50:52
  20% |ETA: 0:00:00.682
  30% |ETA: 0:00:00.591
  40% |ETA: 0:00:00.502
  50% |ETA: 0:00:00.831 @21 May 2019  10:50:52
  60% |ETA: 0:00:00.666
  70% |ETA: 0:00:00.501
  80% |ETA: 0:00:00.668
  90% |ETA: 0:00:00.667
 100% |ETA: 0:00:00.***
Total time [h:m:s.ms]:   0:00:00.835
Gloc matsubara: write spin-orbital diagonal elements. Split.
Store Gloc_l11_s1_iw_indx*.dat in Gloc_l11_s1_iw.tgz
Store Gloc_l11_s2_iw_indx*.dat in Gloc_l11_s2_iw.tgz
Updated impHloc:
chi^2|iter_ineq0001=    2.007911020E-07 |    12  <--  Orb1 Spin1
            #Ek_l1_s1              Vk_l1_s1             #Ek_l1_s2              Vk_l1_s2
      -0.869319216904        0.325069757084       -3.077310301374       -0.000016136694
      -0.281092502516        0.258128962008       -0.844650499429       -0.100219898149
      -0.134130467369        0.123318564150       -0.270505996630        0.077044138655
       0.325060794538        0.120813395444       -0.499572005356        0.159465224318
       0.729502248687       -0.175365278653        0.182971449345        0.222390068193
       3.029572160751       -0.000000063457        0.632273623469        0.354858162167
Updated impHloc:
chi^2|iter_ineq0001=    4.423784778E-06 |     4  <--  Orb1 Spin2
            #Ek_l1_s1              Vk_l1_s1             #Ek_l1_s2              Vk_l1_s2
      -0.869319216904        0.325069757084       -3.077310301374       -0.000016177076
      -0.281092502516        0.258128962008       -0.844657045725       -0.100105905473
      -0.134130467369        0.123318564150       -0.270568746465        0.076694339281
       0.325060794538        0.120813395444       -0.499638073440        0.159136297347
       0.729502248687       -0.175365278653        0.183149640457        0.222296595590
       3.029572160751       -0.000000063457        0.632285124006        0.355028322092
[1;91mmax error=[0m  6.3175582E-05
[1;91m    error=[0m  6.3175582E-05
[1;91mmin error=[0m  6.3175582E-05
=====================================
Total time [h:m:s.ms]:   0:00:01.416



-----DMFT-loop   13 (max:  100)-----
 0 SOLVES INEQ SITE: 0001
Updated impHloc:
            #Ek_l1_s1              Vk_l1_s1             #Ek_l1_s2              Vk_l1_s2
      -0.869283716833        0.324971981561       -3.077310301374       -0.000016156885
      -0.280878953884        0.258071351194       -0.844653772577       -0.100162901811
      -0.134097697309        0.123365955531       -0.270537371548        0.076869238968
       0.324844708475        0.121094764336       -0.499605039398        0.159300760832
       0.729493636757       -0.175275913480        0.183060544901        0.222343331892
       3.029572160751       -0.000000063457        0.632279373737        0.354943242129
Diagonalize impurity H:
 
  +ETA --> fort.6
  10% |ETA: 0:00:00.521 @21 May 2019  10:50:52
  20% |ETA: 0:00:00.564
  31% |ETA: 0:00:00.703
  40% |ETA: 0:00:00.590
  50% |ETA: 0:00:00.716 @21 May 2019  10:50:53
  60% |ETA: 0:00:00.587
  70% |ETA: 0:00:00.908
  81% |ETA: 0:00:00.535
  90% |ETA: 0:00:00.584
 100% |ETA: 0:00:00.000
Total time [h:m:s.ms]:   0:00:00.355
#     i               E_i       exp(-(E-E0)/T)       Sect       Dim    Indices:
     1   -6.672951977815   1.000000000000E+00         30       735   3   5
Egs =     -6.672951977815   3   5
Z   =      1.000000000000
Get impurity Greens functions:
Get G_l1_s1
Total time [h:m:s.ms]:   0:00:00.018
Get G_l1_s2
Total time [h:m:s.ms]:   0:00:00.020
dens_ineq0001=    0.999799282354    0.999799282354
docc_ineq0001=    0.096385622789
mag _ineq0001=   -0.676285981039
Total time [h:m:s.ms]:   0:00:00.441
Get local Matsubara Green's function (no print)
Direct Inversion algorithm:
 
  +ETA --> fort.6
  10% |ETA: 0:00:00.753 @21 May 2019  10:50:53
  20% |ETA: 0:00:00.658
  30% |ETA: 0:00:00.577
  40% |ETA: 0:00:00.500
  50% |ETA: 0:00:00.839 @21 May 2019  10:50:53
  60% |ETA: 0:00:00.668
  70% |ETA: 0:00:00.998
  80% |ETA: 0:00:00.662
  90% |ETA: 0:00:00.661
 100% |ETA: 0:00:00.500
Total time [h:m:s.ms]:   0:00:00.827
Gloc matsubara: write spin-orbital diagonal elements. Split.
Store Gloc_l11_s1_iw_indx*.dat in Gloc_l11_s1_iw.tgz
Store Gloc_l11_s2_iw_indx*.dat in Gloc_l11_s2_iw.tgz
Updated impHloc:
chi^2|iter_ineq0001=    2.023185437E-07 |     4  <--  Orb1 Spin1
            #Ek_l1_s1              Vk_l1_s1             #Ek_l1_s2              Vk_l1_s2
      -0.869280917270        0.325082282033       -3.077310301374       -0.000016156885
      -0.280977525739        0.258091294969       -0.844653772577       -0.100162901811
      -0.134180332676        0.123271329295       -0.270537371548        0.076869238968
       0.324902085178        0.120822480518       -0.499605039398        0.159300760832
       0.729515316311       -0.175119068030        0.183060544901        0.222343331892
       3.029572160751       -0.000000063457        0.632279373737        0.354943242129
Updated impHloc:
chi^2|iter_ineq0001=    4.412307394E-06 |     8  <--  Orb1 Spin2
            #Ek_l1_s1              Vk_l1_s1             #Ek_l1_s2              Vk_l1_s2
      -0.869280917270        0.325082282033       -3.077310301372       -0.000017127726
      -0.280977525739        0.258091294969       -0.844608440048       -0.100351462417
      -0.134180332676        0.123271329295       -0.271089708526        0.075943624886
       0.324902085178        0.120822480518       -0.499745004318        0.159817444253
       0.729515316311       -0.175119068030        0.183041256286        0.222123370567
       3.029572160751       -0.000000063457        0.632410974687        0.355386784051
[1;91mmax error=[0m  3.5922609E-05
[1;91m    error=[0m  3.5922609E-05
[1;91mmin error=[0m  3.5922609E-05
=====================================
Total time [h:m:s.ms]:   0:00:01.396



-----DMFT-loop   14 (max:  100)-----
 0 SOLVES INEQ SITE: 0001
Updated impHloc:
            #Ek_l1_s1              Vk_l1_s1             #Ek_l1_s2              Vk_l1_s2
      -0.869282317051        0.325027131797       -3.077310301373       -0.000016642305
      -0.280928239811        0.258081323082       -0.844631106312       -0.100257182114
      -0.134139014993        0.123318642413       -0.270813540037        0.076406431927
       0.324873396827        0.120958622427       -0.499675021858        0.159559102543
       0.729504476534       -0.175197490755        0.183050900593        0.222233351229
       3.029572160751       -0.000000063457        0.632345174212        0.355165013090
Diagonalize impurity H:
 
  +ETA --> fort.6
  10% |ETA: 0:00:00.781 @21 May 2019  10:50:54
  20% |ETA: 0:00:00.596
  31% |ETA: 0:00:00.756
  40% |ETA: 0:00:00.631
  50% |ETA: 0:00:00.764 @21 May 2019  10:50:54
  60% |ETA: 0:00:00.623
  70% |ETA: 0:00:00.959
  81% |ETA: 0:00:00.564
  90% |ETA: 0:00:00.609
 100% |ETA: 0:00:00.000
Total time [h:m:s.ms]:   0:00:00.370
#     i               E_i       exp(-(E-E0)/T)       Sect       Dim    Indices:
     1   -6.673404248092   1.000000000000E+00         30       735   3   5
Egs =     -6.673404248092   3   5
Z   =      1.000000000000
Get impurity Greens functions:
Get G_l1_s1
Total time [h:m:s.ms]:   0:00:00.018
Get G_l1_s2
Total time [h:m:s.ms]:   0:00:00.019
dens_ineq0001=    0.999786187565    0.999786187565
docc_ineq0001=    0.096371644661
mag _ineq0001=   -0.676390015088
Total time [h:m:s.ms]:   0:00:00.455
Get local Matsubara Green's function (no print)
Direct Inversion algorithm:
 
  +ETA --> fort.6
  10% |ETA: 0:00:00.744 @21 May 2019  10:50:54
  20% |ETA: 0:00:00.674
  30% |ETA: 0:00:00.591
  40% |ETA: 0:00:00.500
  50% |ETA: 0:00:00.829 @21 May 2019  10:50:55
  60% |ETA: 0:00:00.664
  70% |ETA: 0:00:00.501
  80% |ETA: 0:00:00.669
  90% |ETA: 0:00:00.670
 100% |ETA: 0:00:00.***
Total time [h:m:s.ms]:   0:00:00.841
Gloc matsubara: write spin-orbital diagonal elements. Split.
Store Gloc_l11_s1_iw_indx*.dat in Gloc_l11_s1_iw.tgz
Store Gloc_l11_s2_iw_indx*.dat in Gloc_l11_s2_iw.tgz
Updated impHloc:
chi^2|iter_ineq0001=    2.027072869E-07 |     4  <--  Orb1 Spin1
            #Ek_l1_s1              Vk_l1_s1             #Ek_l1_s2              Vk_l1_s2
      -0.869282115020        0.325098522857       -3.077310301373       -0.000016642305
      -0.280998651813        0.258091363567       -0.844631106312       -0.100257182114
      -0.134187493352        0.123257748857       -0.270813540037        0.076406431927
       0.324916847372        0.120779980153       -0.499675021858        0.159559102543
       0.729518173059       -0.175103890944        0.183050900593        0.222233351229
       3.029572160751       -0.000000063457        0.632345174212        0.355165013090
Updated impHloc:
chi^2|iter_ineq0001=    4.409871453E-06 |     7  <--  Orb1 Spin2
            #Ek_l1_s1              Vk_l1_s1             #Ek_l1_s2              Vk_l1_s2
      -0.869282115020        0.325098522857       -3.077310301370       -0.000015577699
      -0.280998651813        0.258091363567       -0.844585911351       -0.100260291461
      -0.134187493352        0.123257748857       -0.271192931399        0.075834642591
       0.324916847372        0.120779980153       -0.499715852362        0.159910167360
       0.729518173059       -0.175103890944        0.183031295203        0.222087308127
       3.029572160751       -0.000000063457        0.632505444469        0.355478238978
[1;91mmax error=[0m  2.2685465E-05
[1;91m    error=[0m  2.2685465E-05
[1;91mmin error=[0m  2.2685465E-05
=====================================
Total time [h:m:s.ms]:   0:00:01.422



-----DMFT-loop   15 (max:  100)-----
 0 SOLVES INEQ SITE: 0001
Updated impHloc:
            #Ek_l1_s1              Vk_l1_s1             #Ek_l1_s2              Vk_l1_s2
      -0.869282216036        0.325062827327       -3.077310301372       -0.000016110002
      -0.280963445812        0.258086343325       -0.844608508832       -0.100258736787
      -0.134163254172        0.123288195635       -0.271003235718        0.076120537259
       0.324895122099        0.120869301290       -0.499695437110        0.159734634951
       0.729511324796       -0.175150690850        0.183041097898        0.222160329678
       3.029572160751       -0.000000063457        0.632425309341        0.355321626034
Diagonalize impurity H:
 
  +ETA --> fort.6
  10% |ETA: 0:00:00.521 @21 May 2019  10:50:55
  20% |ETA: 0:00:00.580
  31% |ETA: 0:00:00.712
  40% |ETA: 0:00:00.596
  50% |ETA: 0:00:00.716 @21 May 2019  10:50:55
  60% |ETA: 0:00:00.584
  70% |ETA: 0:00:00.905
  81% |ETA: 0:00:00.533
  90% |ETA: 0:00:00.579
 100% |ETA: 0:00:00.000
Total time [h:m:s.ms]:   0:00:00.352
#     i               E_i       exp(-(E-E0)/T)       Sect       Dim    Indices:
     1   -6.673678426148   1.000000000000E+00         30       735   3   5
Egs =     -6.673678426148   3   5
Z   =      1.000000000000
Get impurity Greens functions:
Get G_l1_s1
Total time [h:m:s.ms]:   0:00:00.017
Get G_l1_s2
Total time [h:m:s.ms]:   0:00:00.019
dens_ineq0001=    0.999777834705    0.999777834705
docc_ineq0001=    0.096362249028
mag _ineq0001=   -0.676461438029
Total time [h:m:s.ms]:   0:00:00.436
Get local Matsubara Green's function (no print)
Direct Inversion algorithm:
 
  +ETA --> fort.6
  10% |ETA: 0:00:00.744 @21 May 2019  10:50:56
  20% |ETA: 0:00:00.650
  30% |ETA: 0:00:00.571
  40% |ETA: 0:00:00.995
  50% |ETA: 0:00:00.835 @21 May 2019  10:50:56
  60% |ETA: 0:00:00.671
  70% |ETA: 0:00:00.502
  80% |ETA: 0:00:00.667
  90% |ETA: 0:00:00.666
 100% |ETA: 0:00:00.000
Total time [h:m:s.ms]:   0:00:00.834
Gloc matsubara: write spin-orbital diagonal elements. Split.
Store Gloc_l11_s1_iw_indx*.dat in Gloc_l11_s1_iw.tgz
Store Gloc_l11_s2_iw_indx*.dat in Gloc_l11_s2_iw.tgz
Updated impHloc:
chi^2|iter_ineq0001=    2.012400877E-07 |     7  <--  Orb1 Spin1
            #Ek_l1_s1              Vk_l1_s1             #Ek_l1_s2              Vk_l1_s2
      -0.869331847445        0.325176128976       -3.077310301372       -0.000016110002
      -0.281229523240        0.258133009167       -0.844608508832       -0.100258736787
      -0.134107989108        0.123284289957       -0.271003235718        0.076120537259
       0.325134576832        0.120685692652       -0.499695437110        0.159734634951
       0.729506460923       -0.175348040970        0.183041097898        0.222160329678
       3.029572160751       -0.000000063457        0.632425309341        0.355321626034
Updated impHloc:
chi^2|iter_ineq0001=    4.407588812E-06 |     6  <--  Orb1 Spin2
            #Ek_l1_s1              Vk_l1_s1             #Ek_l1_s2              Vk_l1_s2
      -0.869331847445        0.325176128976       -3.077310301366       -0.000016964705
      -0.281229523240        0.258133009167       -0.844545123423       -0.100097602041
      -0.134107989108        0.123284289957       -0.271366327710        0.075674835226
       0.325134576832        0.120685692652       -0.499656466507        0.160088086636
       0.729506460923       -0.175348040970        0.183052145998        0.222104826872
       3.029572160751       -0.000000063457        0.632650032941        0.355512028994
[1;91mmax error=[0m  1.5493380E-05
[1;91m    error=[0m  1.5493380E-05
[1;91mmin error=[0m  1.5493380E-05
=====================================
Total time [h:m:s.ms]:   0:00:01.398



-----DMFT-loop   16 (max:  100)-----
 0 SOLVES INEQ SITE: 0001
Updated impHloc:
            #Ek_l1_s1              Vk_l1_s1             #Ek_l1_s2              Vk_l1_s2
      -0.869307031740        0.325119478151       -3.077310301369       -0.000016537354
      -0.281096484526        0.258109676246       -0.844576816127       -0.100178169414
      -0.134135621640        0.123286242796       -0.271184781714        0.075897686242
       0.325014849466        0.120777496971       -0.499675951808        0.159911360794
       0.729508892860       -0.175249365910        0.183046621948        0.222132578275
       3.029572160751       -0.000000063457        0.632537671141        0.355416827514
Diagonalize impurity H:
 
  +ETA --> fort.6
  10% |ETA: 0:00:00.521 @21 May 2019  10:50:57
  20% |ETA: 0:00:00.564
  31% |ETA: 0:00:00.712
  40% |ETA: 0:00:00.590
  50% |ETA: 0:00:00.720 @21 May 2019  10:50:57
  60% |ETA: 0:00:00.589
  70% |ETA: 0:00:00.911
  81% |ETA: 0:00:00.537
  90% |ETA: 0:00:00.580
 100% |ETA: 0:00:00.000
Total time [h:m:s.ms]:   0:00:00.353
#     i               E_i       exp(-(E-E0)/T)       Sect       Dim    Indices:
     1   -6.673979818255   1.000000000000E+00         30       735   3   5
Egs =     -6.673979818255   3   5
Z   =      1.000000000000
Get impurity Greens functions:
Get G_l1_s1
Total time [h:m:s.ms]:   0:00:00.017
Get G_l1_s2
Total time [h:m:s.ms]:   0:00:00.019
dens_ineq0001=    0.999776992796    0.999776992796
docc_ineq0001=    0.096362141951
mag _ineq0001=   -0.676499124050
Total time [h:m:s.ms]:   0:00:00.437
Get local Matsubara Green's function (no print)
Direct Inversion algorithm:
 
  +ETA --> fort.6
  10% |ETA: 0:00:00.753 @21 May 2019  10:50:57
  20% |ETA: 0:00:00.658
  30% |ETA: 0:00:00.584
  40% |ETA: 0:00:00.503
  50% |ETA: 0:00:00.841 @21 May 2019  10:50:58
  60% |ETA: 0:00:00.667
  70% |ETA: 0:00:00.995
  80% |ETA: 0:00:00.661
  90% |ETA: 0:00:00.661
 100% |ETA: 0:00:00.500
Total time [h:m:s.ms]:   0:00:00.831
Gloc matsubara: write spin-orbital diagonal elements. Split.
Store Gloc_l11_s1_iw_indx*.dat in Gloc_l11_s1_iw.tgz
Store Gloc_l11_s2_iw_indx*.dat in Gloc_l11_s2_iw.tgz
Updated impHloc:
chi^2|iter_ineq0001=    2.008910946E-07 |     7  <--  Orb1 Spin1
            #Ek_l1_s1              Vk_l1_s1             #Ek_l1_s2              Vk_l1_s2
      -0.869389298448        0.325106854160       -3.077310301369       -0.000016537354
      -0.281259116234        0.258165980826       -0.844576816127       -0.100178169414
      -0.134181996412        0.123315921022       -0.271184781714        0.075897686242
       0.325228900523        0.120628630018       -0.499675951808        0.159911360794
       0.729502840503       -0.175405503927        0.183046621948        0.222132578275
       3.029572160751       -0.000000063457        0.632537671141        0.355416827514
Updated impHloc:
chi^2|iter_ineq0001=    4.407307887E-06 |     4  <--  Orb1 Spin2
            #Ek_l1_s1              Vk_l1_s1             #Ek_l1_s2              Vk_l1_s2
      -0.869389298448        0.325106854160       -3.077310301369       -0.000016495472
      -0.281259116234        0.258165980826       -0.844572802525       -0.100129915043
      -0.134181996412        0.123315921022       -0.271210722291        0.075830161767
       0.325228900523        0.120628630018       -0.499676360605        0.159868469699
       0.729502840503       -0.175405503927        0.183080728045        0.222117710532
       3.029572160751       -0.000000063457        0.632559363714        0.355445735340
[1;91mmax error=[0m  1.0001663E-05
[1;91m    error=[0m  1.0001663E-05
[1;91mmin error=[0m  1.0001663E-05
=====================================
Total time [h:m:s.ms]:   0:00:01.393



-----DMFT-loop   17 (max:  100)-----
 0 SOLVES INEQ SITE: 0001
Updated impHloc:
            #Ek_l1_s1              Vk_l1_s1             #Ek_l1_s2              Vk_l1_s2
      -0.869348165094        0.325113166156       -3.077310301369       -0.000016516413
      -0.281177800380        0.258137828536       -0.844574809326       -0.100154042229
      -0.134158809026        0.123301081909       -0.271197752002        0.075863924005
       0.325121874994        0.120703063495       -0.499676156206        0.159889915246
       0.729505866681       -0.175327434918        0.183063674996        0.222125144404
       3.029572160751       -0.000000063457        0.632548517427        0.355431281427
Diagonalize impurity H:
 
  +ETA --> fort.6
  10% |ETA: 0:00:00.521 @21 May 2019  10:50:58
  20% |ETA: 0:00:00.612
  31% |ETA: 0:00:00.739
  40% |ETA: 0:00:00.619
  50% |ETA: 0:00:00.752 @21 May 2019  10:50:58
  60% |ETA: 0:00:00.615
  70% |ETA: 0:00:00.952
  81% |ETA: 0:00:00.561
  90% |ETA: 0:00:00.607
 100% |ETA: 0:00:00.000
Total time [h:m:s.ms]:   0:00:00.369
#     i               E_i       exp(-(E-E0)/T)       Sect       Dim    Indices:
     1   -6.674140817318   1.000000000000E+00         30       735   3   5
Egs =     -6.674140817318   3   5
Z   =      1.000000000000
Get impurity Greens functions:
Get G_l1_s1
Total time [h:m:s.ms]:   0:00:00.016
Get G_l1_s2
Total time [h:m:s.ms]:   0:00:00.020
dens_ineq0001=    0.999780653341    0.999780653341
docc_ineq0001=    0.096361615367
mag _ineq0001=   -0.676525626364
Total time [h:m:s.ms]:   0:00:00.454
Get local Matsubara Green's function (no print)
Direct Inversion algorithm:
 
  +ETA --> fort.6
  10% |ETA: 0:00:00.761 @21 May 2019  10:50:59
  20% |ETA: 0:00:00.674
  30% |ETA: 0:00:00.591
  40% |ETA: 0:00:00.506
  50% |ETA: 0:00:00.845 @21 May 2019  10:50:59
  60% |ETA: 0:00:00.678
  70% |ETA: 0:00:00.508
  80% |ETA: 0:00:00.674
  90% |ETA: 0:00:00.673
 100% |ETA: 0:00:00.***
Total time [h:m:s.ms]:   0:00:00.841
Gloc matsubara: write spin-orbital diagonal elements. Split.
Store Gloc_l11_s1_iw_indx*.dat in Gloc_l11_s1_iw.tgz
Store Gloc_l11_s2_iw_indx*.dat in Gloc_l11_s2_iw.tgz
Updated impHloc:
chi^2|iter_ineq0001=    1.764315037E-07 |    26  <--  Orb1 Spin1
            #Ek_l1_s1              Vk_l1_s1             #Ek_l1_s2              Vk_l1_s2
      -0.876692999508        0.323252371271       -3.077310301369       -0.000016516413
      -0.286924470345        0.258251663716       -0.844574809326       -0.100154042229
      -0.136656720678        0.128147499419       -0.271197752002        0.075863924005
       0.328860445254        0.122097231525       -0.499676156206        0.159889915246
       0.728710281104       -0.173905365281        0.183063674996        0.222125144404
       3.029572160751       -0.000000063457        0.632548517427        0.355431281427
Updated impHloc:
chi^2|iter_ineq0001=    4.401969486E-06 |     6  <--  Orb1 Spin2
            #Ek_l1_s1              Vk_l1_s1             #Ek_l1_s2              Vk_l1_s2
      -0.876692999508        0.323252371271       -3.077310301327       -0.000032279435
      -0.286924470345        0.258251663716       -0.844310029003       -0.098927019531
      -0.136656720678        0.128147499419       -0.272131227999        0.075219105173
       0.328860445254        0.122097231525       -0.499190773020        0.160894768868
       0.728710281104       -0.173905365281        0.183137769583        0.222240871476
       3.029572160751       -0.000000063457        0.633501083002        0.355577694038
[1;93mmax error=[0m  5.9237643E-06
[1;93m    error=[0m  5.9237643E-06
[1;93mmin error=[0m  5.9237643E-06
=====================================
Total time [h:m:s.ms]:   0:00:01.477



-----DMFT-loop   18 (max:  100)-----
 0 SOLVES INEQ SITE: 0001
Updated impHloc:
            #Ek_l1_s1              Vk_l1_s1             #Ek_l1_s2              Vk_l1_s2
      -0.873020582301        0.324182768713       -3.077310301348       -0.000024397924
      -0.284051135363        0.258194746126       -0.844442419165       -0.099540530880
      -0.135407764852        0.125724290664       -0.271664490001        0.075541514589
       0.326991160124        0.121400147510       -0.499433464613        0.160392342057
       0.729108073893       -0.174616400100        0.183100722290        0.222183007940
       3.029572160751       -0.000000063457        0.633024800215        0.355504487733
Diagonalize impurity H:
 
  +ETA --> fort.6
  10% |ETA: 0:00:00.521 @21 May 2019  10:51:00
  20% |ETA: 0:00:00.580
  31% |ETA: 0:00:00.721
  40% |ETA: 0:00:00.602
  50% |ETA: 0:00:00.736 @21 May 2019  10:51:00
  60% |ETA: 0:00:00.600
  70% |ETA: 0:00:00.932
  81% |ETA: 0:00:00.548
  90% |ETA: 0:00:00.592
 100% |ETA: 0:00:00.000
Total time [h:m:s.ms]:   0:00:00.360
#     i               E_i       exp(-(E-E0)/T)       Sect       Dim    Indices:
     1   -6.682034861661   1.000000000000E+00         30       735   3   5
Egs =     -6.682034861661   3   5
Z   =      1.000000000000
Get impurity Greens functions:
Get G_l1_s1
Total time [h:m:s.ms]:   0:00:00.017
Get G_l1_s2
Total time [h:m:s.ms]:   0:00:00.020
dens_ineq0001=    0.999769311116    0.999769311116
docc_ineq0001=    0.096349189610
mag _ineq0001=   -0.676576393570
Total time [h:m:s.ms]:   0:00:00.444
Get local Matsubara Green's function (no print)
Direct Inversion algorithm:
 
  +ETA --> fort.6
  10% |ETA: 0:00:00.744 @21 May 2019  10:51:00
  20% |ETA: 0:00:00.654
  30% |ETA: 0:00:00.573
  40% |ETA: 0:00:00.995
  50% |ETA: 0:00:00.839 @21 May 2019  10:51:00
  60% |ETA: 0:00:00.671
  70% |ETA: 0:00:00.501
  80% |ETA: 0:00:00.665
  90% |ETA: 0:00:00.664
 100% |ETA: 0:00:00.500
Total time [h:m:s.ms]:   0:00:00.831
Gloc matsubara: write spin-orbital diagonal elements. Split.
Store Gloc_l11_s1_iw_indx*.dat in Gloc_l11_s1_iw.tgz
Store Gloc_l11_s2_iw_indx*.dat in Gloc_l11_s2_iw.tgz
Updated impHloc:
chi^2|iter_ineq0001=    1.872358889E-07 |     4  <--  Orb1 Spin1
            #Ek_l1_s1              Vk_l1_s1             #Ek_l1_s2              Vk_l1_s2
      -0.873027963694        0.324197158490       -3.077310301348       -0.000024397924
      -0.284065241024        0.258203629731       -0.844442419165       -0.099540530880
      -0.135417141830        0.125722867331       -0.271664490001        0.075541514589
       0.326997147001        0.121364830998       -0.499433464613        0.160392342057
       0.729111493326       -0.174590393173        0.183100722290        0.222183007940
       3.029572160751       -0.000000063457        0.633024800215        0.355504487733
Updated impHloc:
chi^2|iter_ineq0001=    4.401145636E-06 |     6  <--  Orb1 Spin2
            #Ek_l1_s1              Vk_l1_s1             #Ek_l1_s2              Vk_l1_s2
      -0.873027963694        0.324197158490       -3.077310301340       -0.000028310222
      -0.284065241024        0.258203629731       -0.844385260697       -0.099062260678
      -0.135417141830        0.125722867331       -0.271705821519        0.075625828034
       0.326997147001        0.121364830998       -0.499267782433        0.160329497247
       0.729111493326       -0.174590393173        0.183243231820        0.222329488706
       3.029572160751       -0.000000063457        0.633187912967        0.355335666918
[1;92mmax error=[0m  9.8606908E-06
[1;92m    error=[0m  9.8606908E-06
[1;92mmin error=[0m  9.8606908E-06
=====================================
Total time [h:m:s.ms]:   0:00:01.401


Get local Realaxis Green's function (no print)
Direct Inversion algorithm:
 
  +ETA --> fort.6
  10% |ETA: 0:00:00.735 @21 May 2019  10:51:01
  20% |ETA: 0:00:00.654
  30% |ETA: 0:00:00.568
  40% |ETA: 0:00:00.977
  50% |ETA: 0:00:00.811 @21 May 2019  10:51:01
  60% |ETA: 0:00:00.647
  70% |ETA: 0:00:00.973
  80% |ETA: 0:00:00.649
  90% |ETA: 0:00:00.648
 100% |ETA: 0:00:00.000
Total time [h:m:s.ms]:   0:00:00.406
Gloc real: write spin-orbital diagonal elements. Split.
Store Gloc_l11_s1_realw_indx*.dat in Gloc_l11_s1_realw.tgz
Store Gloc_l11_s2_realw_indx*.dat in Gloc_l11_s2_realw.tgz
